<?xml version="1.0" encoding="UTF-8"?>
<testsuite xmlns:xsi="http://www.w3.org/2001/XMLSchema-instance" xsi:noNamespaceSchemaLocation="https://maven.apache.org/surefire/maven-surefire-plugin/xsd/surefire-test-report.xsd" name="codingblackfemales.collection.intrusive.IntrusiveLinkedListTest" time="0.07" tests="4" errors="0" skipped="0" failures="0">
  <properties>
[...]
</properties>
  <testcase name="testSimpleOps" classname="codingblackfemales.collection.intrusive.IntrusiveLinkedListTest" time="0.005"/>
  <testcase name="testFirstNodeIsAlwaysCorrect" classname="codingblackfemales.collection.intrusive.IntrusiveLinkedListTest" time="0.005"/>
  <testcase name="testChangeLast" classname="codingblackfemales.collection.intrusive.IntrusiveLinkedListTest" time="0.004"/>
  <testcase name="testChangeFirst" classname="codingblackfemales.collection.intrusive.IntrusiveLinkedListTest" time="0.001"/>
</testsuite>