<?xml version="1.0" encoding="UTF-8"?>
<testsuite xmlns:xsi="http://www.w3.org/2001/XMLSchema-instance" xsi:noNamespaceSchemaLocation="https://maven.apache.org/surefire/maven-surefire-plugin/xsd/surefire-test-report-3.0.xsd" version="3.0" name="codingblackfemales.gettingstarted.MyAlgoTest" time="0.626" tests="1" errors="0" skipped="0" failures="0">
  <properties>
[...]
</properties>
  <testcase name="testDispatchThroughSequencer" classname="codingblackfemales.gettingstarted.MyAlgoTest" time="0.093">
    <system-out><![CDATA[20:12:47.553 [main] INFO  c.sequencer.consumer.LoggingConsumer - [1] 
|----BID-----|
   101 @ 100
   200 @ 110
  5000 @ 115
|----ASK-----|
    100 @ 98
    200 @ 95
    300 @ 91

20:12:47.558 [main] DEBUG c.service.MarketDataService - [ALGO] BID: price:100 quantity:101
20:12:47.560 [main] DEBUG c.service.MarketDataService - [ALGO] BID: price:110 quantity:200
20:12:47.560 [main] DEBUG c.service.MarketDataService - [ALGO] BID: price:115 quantity:5000
20:12:47.561 [main] DEBUG c.service.MarketDataService - [ALGO] ASK: price:98 quantity:100
20:12:47.561 [main] DEBUG c.service.MarketDataService - [ALGO] ASK: price:95 quantity:200
20:12:47.561 [main] DEBUG c.service.MarketDataService - [ALGO] ASK: price:91 quantity:300
20:12:47.561 [main] INFO  c.gettingstarted.MyAlgoLogic - [MyAlgologic] In Algo Logic....
20:12:47.570 [main] INFO  c.gettingstarted.MyAlgoLogic - [MyAlgologic] Algo Sees Book as:
|----BID-----||----ASK----|
   101 @ 100    100 @ 98
   200 @ 110    200 @ 95
  5000 @ 115    300 @ 91
|------------||-----------|

20:12:47.582 [main] INFO  c.gettingstarted.MyAlgoLogic - [MyAlgoLogic] Have:0 children, want 3, joining passive side of book with: 75 @ 100
20:12:47.589 [main] INFO  c.container.Actioner - [ALGO] Actioner, sending action:CreateChildOrder(side=BUY,quantity=75,price=100)
20:12:47.590 [main] INFO  c.sequencer.consumer.LoggingConsumer - [2] [CreateOrder](sbeTemplateId=4|sbeSchemaId=2|sbeSchemaVersion=0|sbeBlockLength=33):instrumentId=0|price=100|quantity=75|side=BUY|orderId=2
20:12:47.590 [main] INFO  c.gettingstarted.MyAlgoLogic - [MyAlgologic] In Algo Logic....
20:12:47.591 [main] INFO  c.gettingstarted.MyAlgoLogic - [MyAlgologic] Algo Sees Book as:
|----BID-----||----ASK----|
   101 @ 100    100 @ 98
   200 @ 110    200 @ 95
  5000 @ 115    300 @ 91
|------------||-----------|

20:12:47.591 [main] INFO  c.gettingstarted.MyAlgoLogic - [MyAlgoLogic] Have:1 children, want 3, joining passive side of book with: 75 @ 100
20:12:47.592 [main] INFO  c.container.Actioner - [ALGO] Actioner, sending action:CreateChildOrder(side=BUY,quantity=75,price=100)
20:12:47.592 [main] INFO  c.sequencer.consumer.LoggingConsumer - [3] [CreateOrder](sbeTemplateId=4|sbeSchemaId=2|sbeSchemaVersion=0|sbeBlockLength=33):instrumentId=0|price=100|quantity=75|side=BUY|orderId=3
20:12:47.592 [main] INFO  c.gettingstarted.MyAlgoLogic - [MyAlgologic] In Algo Logic....
20:12:47.593 [main] INFO  c.gettingstarted.MyAlgoLogic - [MyAlgologic] Algo Sees Book as:
|----BID-----||----ASK----|
   101 @ 100    100 @ 98
   200 @ 110    200 @ 95
  5000 @ 115    300 @ 91
|------------||-----------|

20:12:47.593 [main] INFO  c.gettingstarted.MyAlgoLogic - [MyAlgoLogic] Have:2 children, want 3, joining passive side of book with: 75 @ 100
20:12:47.593 [main] INFO  c.container.Actioner - [ALGO] Actioner, sending action:CreateChildOrder(side=BUY,quantity=75,price=100)
20:12:47.593 [main] INFO  c.sequencer.consumer.LoggingConsumer - [4] [CreateOrder](sbeTemplateId=4|sbeSchemaId=2|sbeSchemaVersion=0|sbeBlockLength=33):instrumentId=0|price=100|quantity=75|side=BUY|orderId=4
20:12:47.594 [main] INFO  c.gettingstarted.MyAlgoLogic - [MyAlgologic] In Algo Logic....
20:12:47.594 [main] INFO  c.gettingstarted.MyAlgoLogic - [MyAlgologic] Algo Sees Book as:
|----BID-----||----ASK----|
   101 @ 100    100 @ 98
   200 @ 110    200 @ 95
  5000 @ 115    300 @ 91
|------------||-----------|

20:12:47.595 [main] INFO  c.gettingstarted.MyAlgoLogic - [MyAlgologic] Have:3 children, want 3, done.
]]></system-out>
  </testcase>
</testsuite>