<?xml version="1.0" encoding="UTF-8"?>
<testsuite xmlns:xsi="http://www.w3.org/2001/XMLSchema-instance" xsi:noNamespaceSchemaLocation="https://maven.apache.org/surefire/maven-surefire-plugin/xsd/surefire-test-report-3.0.xsd" version="3.0" name="codingblackfemales.gettingstarted.MyAlgoBackTest" time="0.08" tests="1" errors="0" skipped="0" failures="0">
  <properties>
[...]
</properties>
  <testcase name="testExampleBackTest" classname="codingblackfemales.gettingstarted.MyAlgoBackTest" time="0.061">
    <system-out><![CDATA[20:12:47.631 [main] INFO  c.sequencer.consumer.LoggingConsumer - [1] 
|----BID-----|
    100 @ 98
    200 @ 95
    300 @ 91
|----ASK-----|
   101 @ 100
   200 @ 110
  5000 @ 115
  5600 @ 119

20:12:47.631 [main] INFO  c.orderbook.OrderBook - [ORDERBOOK] Processing Mkt Data Update
20:12:47.632 [main] DEBUG c.orderbook.OrderBook - [ORDERBOOK] ASK: Adding orderMktData(price=98,quantity=100)
20:12:47.632 [main] DEBUG c.orderbook.OrderBook - [ORDERBOOK] ASK: Adding orderMktData(price=95,quantity=200)
20:12:47.632 [main] DEBUG c.orderbook.OrderBook - [ORDERBOOK] ASK: Adding orderMktData(price=91,quantity=300)
20:12:47.632 [main] DEBUG c.orderbook.OrderBook - [ORDERBOOK] ASK: Adding orderMktData(price=100,quantity=101)
20:12:47.632 [main] DEBUG c.orderbook.OrderBook - [ORDERBOOK] ASK: Adding orderMktData(price=110,quantity=200)
20:12:47.632 [main] DEBUG c.orderbook.OrderBook - [ORDERBOOK] ASK: Adding orderMktData(price=115,quantity=5000)
20:12:47.632 [main] DEBUG c.orderbook.OrderBook - [ORDERBOOK] ASK: Adding orderMktData(price=119,quantity=5600)
20:12:47.632 [main] DEBUG c.service.MarketDataService - [ALGO] BID: price:98 quantity:100
20:12:47.633 [main] DEBUG c.service.MarketDataService - [ALGO] BID: price:95 quantity:200
20:12:47.633 [main] DEBUG c.service.MarketDataService - [ALGO] BID: price:91 quantity:300
20:12:47.633 [main] DEBUG c.service.MarketDataService - [ALGO] ASK: price:100 quantity:101
20:12:47.633 [main] DEBUG c.service.MarketDataService - [ALGO] ASK: price:110 quantity:200
20:12:47.633 [main] DEBUG c.service.MarketDataService - [ALGO] ASK: price:115 quantity:5000
20:12:47.633 [main] DEBUG c.service.MarketDataService - [ALGO] ASK: price:119 quantity:5600
20:12:47.633 [main] INFO  c.gettingstarted.MyAlgoLogic - [MyAlgologic] In Algo Logic....
20:12:47.634 [main] INFO  c.gettingstarted.MyAlgoLogic - [MyAlgologic] Algo Sees Book as:
|----BID-----||----ASK----|
    100 @ 98   101 @ 100
    200 @ 95   200 @ 110
    300 @ 91  5000 @ 115
          -   5600 @ 119
|------------||-----------|

20:12:47.634 [main] INFO  c.gettingstarted.MyAlgoLogic - [MyAlgoLogic] Have:0 children, want 3, joining passive side of book with: 75 @ 98
20:12:47.634 [main] INFO  c.container.Actioner - [ALGO] Actioner, sending action:CreateChildOrder(side=BUY,quantity=75,price=98)
20:12:47.634 [main] INFO  c.sequencer.consumer.LoggingConsumer - [2] [CreateOrder](sbeTemplateId=4|sbeSchemaId=2|sbeSchemaVersion=0|sbeBlockLength=33):instrumentId=0|price=98|quantity=75|side=BUY|orderId=2
20:12:47.639 [main] INFO  c.orderbook.OrderBook - [ORDERBOOK] Adding passive limit order to BID bookLimit(side=BUY,orderId=2,price=98,quantity=75)
20:12:47.639 [main] INFO  c.o.visitor.MutatingAddOrderVisitor - [ORDERBOOK] + MktData(price=98,quantity=100)
20:12:47.639 [main] DEBUG c.o.v.ReadOnlyMarketDataChannelPublishVisitor - Bid Side Size: 3
20:12:47.640 [main] DEBUG c.o.v.ReadOnlyMarketDataChannelPublishVisitor - Adding Mkt Data Msg BID: Price=98 Qty=175
20:12:47.641 [main] DEBUG c.o.v.ReadOnlyMarketDataChannelPublishVisitor - Adding Mkt Data Msg BID: Price=95 Qty=200
20:12:47.642 [main] DEBUG c.o.v.ReadOnlyMarketDataChannelPublishVisitor - Adding Mkt Data Msg BID: Price=91 Qty=300
20:12:47.642 [main] DEBUG c.o.v.ReadOnlyMarketDataChannelPublishVisitor - Ask Side Size: 4
20:12:47.643 [main] DEBUG c.o.v.ReadOnlyMarketDataChannelPublishVisitor - Adding Mkt Data Msg ASK: Price=100 Qty=101
20:12:47.643 [main] DEBUG c.o.v.ReadOnlyMarketDataChannelPublishVisitor - Adding Mkt Data Msg ASK: Price=110 Qty=200
20:12:47.643 [main] DEBUG c.o.v.ReadOnlyMarketDataChannelPublishVisitor - Adding Mkt Data Msg ASK: Price=115 Qty=5000
20:12:47.643 [main] DEBUG c.o.v.ReadOnlyMarketDataChannelPublishVisitor - Adding Mkt Data Msg ASK: Price=119 Qty=5600
20:12:47.643 [main] INFO  c.o.channel.MarketDataChannel - [ORDERBOOK] Sending market data update...
20:12:47.644 [main] INFO  c.sequencer.consumer.LoggingConsumer - [3] 
|----BID-----|
    175 @ 98
    200 @ 95
    300 @ 91
|----ASK-----|
   101 @ 100
   200 @ 110
  5000 @ 115
  5600 @ 119

20:12:47.644 [main] DEBUG c.service.MarketDataService - [ALGO] BID: price:98 quantity:175
20:12:47.644 [main] DEBUG c.service.MarketDataService - [ALGO] BID: price:95 quantity:200
20:12:47.644 [main] DEBUG c.service.MarketDataService - [ALGO] BID: price:91 quantity:300
20:12:47.644 [main] DEBUG c.service.MarketDataService - [ALGO] ASK: price:100 quantity:101
20:12:47.644 [main] DEBUG c.service.MarketDataService - [ALGO] ASK: price:110 quantity:200
20:12:47.644 [main] DEBUG c.service.MarketDataService - [ALGO] ASK: price:115 quantity:5000
20:12:47.644 [main] DEBUG c.service.MarketDataService - [ALGO] ASK: price:119 quantity:5600
20:12:47.644 [main] INFO  c.gettingstarted.MyAlgoLogic - [MyAlgologic] In Algo Logic....
20:12:47.645 [main] INFO  c.gettingstarted.MyAlgoLogic - [MyAlgologic] Algo Sees Book as:
|----BID-----||----ASK----|
    175 @ 98   101 @ 100
    200 @ 95   200 @ 110
    300 @ 91  5000 @ 115
          -   5600 @ 119
|------------||-----------|

20:12:47.645 [main] INFO  c.gettingstarted.MyAlgoLogic - [MyAlgoLogic] Have:1 children, want 3, joining passive side of book with: 75 @ 98
20:12:47.645 [main] INFO  c.container.Actioner - [ALGO] Actioner, sending action:CreateChildOrder(side=BUY,quantity=75,price=98)
20:12:47.645 [main] INFO  c.sequencer.consumer.LoggingConsumer - [4] [CreateOrder](sbeTemplateId=4|sbeSchemaId=2|sbeSchemaVersion=0|sbeBlockLength=33):instrumentId=0|price=98|quantity=75|side=BUY|orderId=3
20:12:47.645 [main] INFO  c.orderbook.OrderBook - [ORDERBOOK] Adding passive limit order to BID bookLimit(side=BUY,orderId=3,price=98,quantity=75)
20:12:47.645 [main] INFO  c.o.visitor.MutatingAddOrderVisitor - [ORDERBOOK] + Limit(side=BUY,orderId=2,price=98,quantity=75)
20:12:47.646 [main] DEBUG c.o.v.ReadOnlyMarketDataChannelPublishVisitor - Bid Side Size: 3
20:12:47.646 [main] DEBUG c.o.v.ReadOnlyMarketDataChannelPublishVisitor - Adding Mkt Data Msg BID: Price=98 Qty=250
20:12:47.646 [main] DEBUG c.o.v.ReadOnlyMarketDataChannelPublishVisitor - Adding Mkt Data Msg BID: Price=95 Qty=200
20:12:47.646 [main] DEBUG c.o.v.ReadOnlyMarketDataChannelPublishVisitor - Adding Mkt Data Msg BID: Price=91 Qty=300
20:12:47.646 [main] DEBUG c.o.v.ReadOnlyMarketDataChannelPublishVisitor - Ask Side Size: 4
20:12:47.646 [main] DEBUG c.o.v.ReadOnlyMarketDataChannelPublishVisitor - Adding Mkt Data Msg ASK: Price=100 Qty=101
20:12:47.646 [main] DEBUG c.o.v.ReadOnlyMarketDataChannelPublishVisitor - Adding Mkt Data Msg ASK: Price=110 Qty=200
20:12:47.646 [main] DEBUG c.o.v.ReadOnlyMarketDataChannelPublishVisitor - Adding Mkt Data Msg ASK: Price=115 Qty=5000
20:12:47.646 [main] DEBUG c.o.v.ReadOnlyMarketDataChannelPublishVisitor - Adding Mkt Data Msg ASK: Price=119 Qty=5600
20:12:47.646 [main] INFO  c.o.channel.MarketDataChannel - [ORDERBOOK] Sending market data update...
20:12:47.647 [main] INFO  c.sequencer.consumer.LoggingConsumer - [5] 
|----BID-----|
    250 @ 98
    200 @ 95
    300 @ 91
|----ASK-----|
   101 @ 100
   200 @ 110
  5000 @ 115
  5600 @ 119

20:12:47.647 [main] DEBUG c.service.MarketDataService - [ALGO] BID: price:98 quantity:250
20:12:47.647 [main] DEBUG c.service.MarketDataService - [ALGO] BID: price:95 quantity:200
20:12:47.647 [main] DEBUG c.service.MarketDataService - [ALGO] BID: price:91 quantity:300
20:12:47.647 [main] DEBUG c.service.MarketDataService - [ALGO] ASK: price:100 quantity:101
20:12:47.647 [main] DEBUG c.service.MarketDataService - [ALGO] ASK: price:110 quantity:200
20:12:47.647 [main] DEBUG c.service.MarketDataService - [ALGO] ASK: price:115 quantity:5000
20:12:47.647 [main] DEBUG c.service.MarketDataService - [ALGO] ASK: price:119 quantity:5600
20:12:47.648 [main] INFO  c.gettingstarted.MyAlgoLogic - [MyAlgologic] In Algo Logic....
20:12:47.648 [main] INFO  c.gettingstarted.MyAlgoLogic - [MyAlgologic] Algo Sees Book as:
|----BID-----||----ASK----|
    250 @ 98   101 @ 100
    200 @ 95   200 @ 110
    300 @ 91  5000 @ 115
          -   5600 @ 119
|------------||-----------|

20:12:47.649 [main] INFO  c.gettingstarted.MyAlgoLogic - [MyAlgoLogic] Have:2 children, want 3, joining passive side of book with: 75 @ 98
20:12:47.649 [main] INFO  c.container.Actioner - [ALGO] Actioner, sending action:CreateChildOrder(side=BUY,quantity=75,price=98)
20:12:47.649 [main] INFO  c.sequencer.consumer.LoggingConsumer - [6] [CreateOrder](sbeTemplateId=4|sbeSchemaId=2|sbeSchemaVersion=0|sbeBlockLength=33):instrumentId=0|price=98|quantity=75|side=BUY|orderId=4
20:12:47.649 [main] INFO  c.orderbook.OrderBook - [ORDERBOOK] Adding passive limit order to BID bookLimit(side=BUY,orderId=4,price=98,quantity=75)
20:12:47.649 [main] INFO  c.o.visitor.MutatingAddOrderVisitor - [ORDERBOOK] + Limit(side=BUY,orderId=3,price=98,quantity=75)
20:12:47.649 [main] DEBUG c.o.v.ReadOnlyMarketDataChannelPublishVisitor - Bid Side Size: 3
20:12:47.649 [main] DEBUG c.o.v.ReadOnlyMarketDataChannelPublishVisitor - Adding Mkt Data Msg BID: Price=98 Qty=325
20:12:47.649 [main] DEBUG c.o.v.ReadOnlyMarketDataChannelPublishVisitor - Adding Mkt Data Msg BID: Price=95 Qty=200
20:12:47.650 [main] DEBUG c.o.v.ReadOnlyMarketDataChannelPublishVisitor - Adding Mkt Data Msg BID: Price=91 Qty=300
20:12:47.650 [main] DEBUG c.o.v.ReadOnlyMarketDataChannelPublishVisitor - Ask Side Size: 4
20:12:47.650 [main] DEBUG c.o.v.ReadOnlyMarketDataChannelPublishVisitor - Adding Mkt Data Msg ASK: Price=100 Qty=101
20:12:47.650 [main] DEBUG c.o.v.ReadOnlyMarketDataChannelPublishVisitor - Adding Mkt Data Msg ASK: Price=110 Qty=200
20:12:47.650 [main] DEBUG c.o.v.ReadOnlyMarketDataChannelPublishVisitor - Adding Mkt Data Msg ASK: Price=115 Qty=5000
20:12:47.650 [main] DEBUG c.o.v.ReadOnlyMarketDataChannelPublishVisitor - Adding Mkt Data Msg ASK: Price=119 Qty=5600
20:12:47.650 [main] INFO  c.o.channel.MarketDataChannel - [ORDERBOOK] Sending market data update...
20:12:47.650 [main] INFO  c.sequencer.consumer.LoggingConsumer - [7] 
|----BID-----|
    325 @ 98
    200 @ 95
    300 @ 91
|----ASK-----|
   101 @ 100
   200 @ 110
  5000 @ 115
  5600 @ 119

20:12:47.650 [main] DEBUG c.service.MarketDataService - [ALGO] BID: price:98 quantity:325
20:12:47.650 [main] DEBUG c.service.MarketDataService - [ALGO] BID: price:95 quantity:200
20:12:47.651 [main] DEBUG c.service.MarketDataService - [ALGO] BID: price:91 quantity:300
20:12:47.651 [main] DEBUG c.service.MarketDataService - [ALGO] ASK: price:100 quantity:101
20:12:47.651 [main] DEBUG c.service.MarketDataService - [ALGO] ASK: price:110 quantity:200
20:12:47.651 [main] DEBUG c.service.MarketDataService - [ALGO] ASK: price:115 quantity:5000
20:12:47.651 [main] DEBUG c.service.MarketDataService - [ALGO] ASK: price:119 quantity:5600
20:12:47.651 [main] INFO  c.gettingstarted.MyAlgoLogic - [MyAlgologic] In Algo Logic....
20:12:47.652 [main] INFO  c.gettingstarted.MyAlgoLogic - [MyAlgologic] Algo Sees Book as:
|----BID-----||----ASK----|
    325 @ 98   101 @ 100
    200 @ 95   200 @ 110
    300 @ 91  5000 @ 115
          -   5600 @ 119
|------------||-----------|

20:12:47.652 [main] INFO  c.gettingstarted.MyAlgoLogic - [MyAlgologic] Have:3 children, want 3, done.
20:12:47.652 [main] INFO  c.sequencer.consumer.LoggingConsumer - [8] 
|----BID-----|
    100 @ 95
    200 @ 93
    300 @ 91
|----ASK-----|
    501 @ 98
   200 @ 101
  5000 @ 110
  5600 @ 119

20:12:47.653 [main] INFO  c.orderbook.OrderBook - [ORDERBOOK] Processing Mkt Data Update
20:12:47.653 [main] INFO  c.o.v.MutatingRemoveAllMarketDataOrdersVisitor - [ORDERBOOK] Removing market data order:MktData(price=98,quantity=100)
20:12:47.653 [main] INFO  c.o.v.MutatingRemoveAllMarketDataOrdersVisitor - [ORDERBOOK] Removing market data order:MktData(price=95,quantity=200)
20:12:47.657 [main] INFO  c.o.v.MutatingRemoveAllMarketDataOrdersVisitor - [ORDERBOOK] Removing level:95
20:12:47.657 [main] INFO  c.o.v.MutatingRemoveAllMarketDataOrdersVisitor - [ORDERBOOK] Removing market data order:MktData(price=91,quantity=300)
20:12:47.657 [main] INFO  c.o.v.MutatingRemoveAllMarketDataOrdersVisitor - [ORDERBOOK] Removing level:91
20:12:47.658 [main] DEBUG c.orderbook.OrderBook - [ORDERBOOK] ASK: Adding orderMktData(price=95,quantity=100)
20:12:47.658 [main] DEBUG c.orderbook.OrderBook - [ORDERBOOK] ASK: Adding orderMktData(price=93,quantity=200)
20:12:47.658 [main] DEBUG c.orderbook.OrderBook - [ORDERBOOK] ASK: Adding orderMktData(price=91,quantity=300)
20:12:47.658 [main] INFO  c.o.v.MutatingRemoveAllMarketDataOrdersVisitor - [ORDERBOOK] Removing market data order:MktData(price=100,quantity=101)
20:12:47.658 [main] INFO  c.o.v.MutatingRemoveAllMarketDataOrdersVisitor - [ORDERBOOK] Removing level:100
20:12:47.658 [main] INFO  c.o.v.MutatingRemoveAllMarketDataOrdersVisitor - [ORDERBOOK] Removing market data order:MktData(price=110,quantity=200)
20:12:47.658 [main] INFO  c.o.v.MutatingRemoveAllMarketDataOrdersVisitor - [ORDERBOOK] Removing level:110
20:12:47.658 [main] INFO  c.o.v.MutatingRemoveAllMarketDataOrdersVisitor - [ORDERBOOK] Removing market data order:MktData(price=115,quantity=5000)
20:12:47.658 [main] INFO  c.o.v.MutatingRemoveAllMarketDataOrdersVisitor - [ORDERBOOK] Removing level:115
20:12:47.658 [main] INFO  c.o.v.MutatingRemoveAllMarketDataOrdersVisitor - [ORDERBOOK] Removing market data order:MktData(price=119,quantity=5600)
20:12:47.658 [main] INFO  c.o.v.MutatingRemoveAllMarketDataOrdersVisitor - [ORDERBOOK] Removing level:119
20:12:47.659 [main] DEBUG c.orderbook.OrderBook - [ORDERBOOK] ASK: Adding orderMktData(price=98,quantity=501)
20:12:47.660 [main] INFO  c.o.v.MutatingMatchOneMarketDataOrderVisitor - [ORDERBOOK] visiting LevelOrderBookLevel(price=98,quantity=325)
20:12:47.662 [main] INFO  c.o.v.MutatingMatchOneMarketDataOrderVisitor - [ORDERBOOK] Have found order we can match:Limit(side=BUY,orderId=2,price=98,quantity=75)(MktData(price=98,quantity=501))
20:12:47.663 [main] INFO  c.o.v.MutatingMatchOneMarketDataOrderVisitor - Filled:75@98
20:12:47.672 [main] INFO  c.o.v.MutatingMatchOneMarketDataOrderVisitor - [ORDERBOOK] Filled 75@98 for order:Limit(side=BUY,orderId=2,price=98,quantity=75)
20:12:47.674 [main] INFO  c.orderbook.channel.OrderChannel - [ORDERBOOK] publishing fill to stream: [FillOrder](sbeTemplateId=10|sbeSchemaId=2|sbeSchemaVersion=0|sbeBlockLength=24):orderId=2|quantity=75|price=98
20:12:47.675 [main] INFO  c.sequencer.consumer.LoggingConsumer - [9] [FillOrder](sbeTemplateId=10|sbeSchemaId=2|sbeSchemaVersion=0|sbeBlockLength=24):orderId=2|quantity=75|price=98
20:12:47.680 [main] INFO  c.gettingstarted.MyAlgoLogic - [MyAlgologic] In Algo Logic....
20:12:47.680 [main] INFO  c.gettingstarted.MyAlgoLogic - [MyAlgologic] Algo Sees Book as:
|----BID-----||----ASK----|
    325 @ 98   101 @ 100
    200 @ 95   200 @ 110
    300 @ 91  5000 @ 115
          -   5600 @ 119
|------------||-----------|

20:12:47.680 [main] INFO  c.gettingstarted.MyAlgoLogic - [MyAlgologic] Have:3 children, want 3, done.
20:12:47.680 [main] INFO  c.o.v.MutatingMatchOneMarketDataOrderVisitor - [ORDERBOOK] Have found order we can match:Limit(side=BUY,orderId=3,price=98,quantity=75)(MktData(price=98,quantity=501))
20:12:47.680 [main] INFO  c.o.v.MutatingMatchOneMarketDataOrderVisitor - Filled:75@98
20:12:47.681 [main] INFO  c.o.v.MutatingMatchOneMarketDataOrderVisitor - [ORDERBOOK] Filled 75@98 for order:Limit(side=BUY,orderId=3,price=98,quantity=75)
20:12:47.681 [main] INFO  c.orderbook.channel.OrderChannel - [ORDERBOOK] publishing fill to stream: [FillOrder](sbeTemplateId=10|sbeSchemaId=2|sbeSchemaVersion=0|sbeBlockLength=24):orderId=3|quantity=75|price=98
20:12:47.681 [main] INFO  c.sequencer.consumer.LoggingConsumer - [10] [FillOrder](sbeTemplateId=10|sbeSchemaId=2|sbeSchemaVersion=0|sbeBlockLength=24):orderId=3|quantity=75|price=98
20:12:47.681 [main] INFO  c.gettingstarted.MyAlgoLogic - [MyAlgologic] In Algo Logic....
20:12:47.681 [main] INFO  c.gettingstarted.MyAlgoLogic - [MyAlgologic] Algo Sees Book as:
|----BID-----||----ASK----|
    325 @ 98   101 @ 100
    200 @ 95   200 @ 110
    300 @ 91  5000 @ 115
          -   5600 @ 119
|------------||-----------|

20:12:47.681 [main] INFO  c.gettingstarted.MyAlgoLogic - [MyAlgologic] Have:3 children, want 3, done.
20:12:47.681 [main] INFO  c.o.v.MutatingMatchOneMarketDataOrderVisitor - [ORDERBOOK] Have found order we can match:Limit(side=BUY,orderId=4,price=98,quantity=75)(MktData(price=98,quantity=501))
20:12:47.681 [main] INFO  c.o.v.MutatingMatchOneMarketDataOrderVisitor - Filled:75@98
20:12:47.682 [main] INFO  c.o.v.MutatingMatchOneMarketDataOrderVisitor - [ORDERBOOK] Filled 75@98 for order:Limit(side=BUY,orderId=4,price=98,quantity=75)
20:12:47.682 [main] INFO  c.orderbook.channel.OrderChannel - [ORDERBOOK] publishing fill to stream: [FillOrder](sbeTemplateId=10|sbeSchemaId=2|sbeSchemaVersion=0|sbeBlockLength=24):orderId=4|quantity=75|price=98
20:12:47.682 [main] INFO  c.sequencer.consumer.LoggingConsumer - [11] [FillOrder](sbeTemplateId=10|sbeSchemaId=2|sbeSchemaVersion=0|sbeBlockLength=24):orderId=4|quantity=75|price=98
20:12:47.682 [main] INFO  c.gettingstarted.MyAlgoLogic - [MyAlgologic] In Algo Logic....
20:12:47.682 [main] INFO  c.gettingstarted.MyAlgoLogic - [MyAlgologic] Algo Sees Book as:
|----BID-----||----ASK----|
    325 @ 98   101 @ 100
    200 @ 95   200 @ 110
    300 @ 91  5000 @ 115
          -   5600 @ 119
|------------||-----------|

20:12:47.682 [main] INFO  c.gettingstarted.MyAlgoLogic - [MyAlgologic] Have:3 children, want 3, done.
20:12:47.682 [main] INFO  c.o.v.MutatingMatchOneMarketDataOrderVisitor - [ORDERBOOK] visiting LevelOrderBookLevel(price=91,quantity=600)
20:12:47.683 [main] INFO  c.o.v.MutatingMatchOneMarketDataOrderVisitor - [ORDERBOOK] Can't match order:MktData(price=91,quantity=300)(MktData(price=98,quantity=501))
20:12:47.683 [main] DEBUG c.orderbook.OrderBook - [ORDERBOOK] ASK: Adding orderMktData(price=101,quantity=200)
20:12:47.683 [main] DEBUG c.orderbook.OrderBook - [ORDERBOOK] ASK: Adding orderMktData(price=110,quantity=5000)
20:12:47.683 [main] DEBUG c.orderbook.OrderBook - [ORDERBOOK] ASK: Adding orderMktData(price=119,quantity=5600)
20:12:47.683 [main] DEBUG c.service.MarketDataService - [ALGO] BID: price:95 quantity:100
20:12:47.683 [main] DEBUG c.service.MarketDataService - [ALGO] BID: price:93 quantity:200
20:12:47.683 [main] DEBUG c.service.MarketDataService - [ALGO] BID: price:91 quantity:300
20:12:47.683 [main] DEBUG c.service.MarketDataService - [ALGO] ASK: price:98 quantity:501
20:12:47.683 [main] DEBUG c.service.MarketDataService - [ALGO] ASK: price:101 quantity:200
20:12:47.683 [main] DEBUG c.service.MarketDataService - [ALGO] ASK: price:110 quantity:5000
20:12:47.684 [main] DEBUG c.service.MarketDataService - [ALGO] ASK: price:119 quantity:5600
20:12:47.684 [main] INFO  c.gettingstarted.MyAlgoLogic - [MyAlgologic] In Algo Logic....
20:12:47.684 [main] INFO  c.gettingstarted.MyAlgoLogic - [MyAlgologic] Algo Sees Book as:
|----BID-----||----ASK----|
    100 @ 95    501 @ 98
    200 @ 93   200 @ 101
    300 @ 91  5000 @ 110
          -   5600 @ 119
|------------||-----------|

20:12:47.684 [main] INFO  c.gettingstarted.MyAlgoLogic - [MyAlgologic] Have:3 children, want 3, done.
20:12:47.687 [main] INFO  c.algo.AddCancelAlgoLogic - [ADDCANCELALGO] Cancelling order:codingblackfemales.sotw.ChildOrder@6a78afa0
20:12:47.689 [main] INFO  c.algo.AddCancelAlgoLogic - This records the cancelled orders:CancelChildOrder(codingblackfemales.sotw.ChildOrder@6a78afa0)
]]></system-out>
  </testcase>
</testsuite>