-------------------------------------------------------------------------------
Test set: codingblackfemales.gettingstarted.MyAlgoBackTest
-------------------------------------------------------------------------------
Tests run: 1, Failures: 0, Errors: 1, Skipped: 0, Time elapsed: 0.507 s <<< FAILURE! -- in codingblackfemales.gettingstarted.MyAlgoBackTest
codingblackfemales.gettingstarted.MyAlgoBackTest.testExampleBackTest -- Time elapsed: 0.080 s <<< ERROR!
java.lang.NullPointerException: Cannot read field "quantity" because "level" is null
	at codingblackfemales.util.Util.orderBookToString(Util.java:36)
	at codingblackfemales.gettingstarted.MyAlgoLogic.evaluate(MyAlgoLogic.java:34)
	at codingblackfemales.container.AlgoContainer.runAlgoLogic(AlgoContainer.java:57)
	at codingblackfemales.container.AlgoContainer.onMessage(AlgoContainer.java:49)
	at codingblackfemales.sequencer.net.TestNetwork.dispatch(TestNetwork.java:15)
	at codingblackfemales.sequencer.DefaultSequencer.dispatchToNetwork(DefaultSequencer.java:95)
	at codingblackfemales.sequencer.DefaultSequencer.sequenceAndDispatchMessage(DefaultSequencer.java:91)
	at codingblackfemales.sequencer.DefaultSequencer.onCommand(DefaultSequencer.java:50)
	at codingblackfemales.orderbook.channel.MarketDataChannel.publish(MarketDataChannel.java:20)
	at codingblackfemales.orderbook.OrderBook.publishBook(OrderBook.java:188)
	at codingblackfemales.orderbook.OrderBook.onLimitOrder(OrderBook.java:174)
	at codingblackfemales.orderbook.consumer.OrderBookInboundOrderConsumer.onCreateOrder(OrderBookInboundOrderConsumer.java:24)
	at codingblackfemales.sequencer.event.OrderEventListener.onMessage(OrderEventListener.java:33)
	at codingblackfemales.sequencer.net.TestNetwork.dispatch(TestNetwork.java:15)
	at codingblackfemales.sequencer.DefaultSequencer.dispatchToNetwork(DefaultSequencer.java:95)
	at codingblackfemales.sequencer.DefaultSequencer.sequenceAndDispatchMessage(DefaultSequencer.java:91)
	at codingblackfemales.sequencer.DefaultSequencer.onCommand(DefaultSequencer.java:47)
	at codingblackfemales.action.CreateChildOrder.apply(CreateChildOrder.java:47)
	at codingblackfemales.container.Actioner.processAction(Actioner.java:20)
	at codingblackfemales.container.AlgoContainer.runAlgoLogic(AlgoContainer.java:62)
	at codingblackfemales.container.AlgoContainer.onMessage(AlgoContainer.java:49)
	at codingblackfemales.sequencer.net.TestNetwork.dispatch(TestNetwork.java:15)
	at codingblackfemales.sequencer.DefaultSequencer.dispatchToNetwork(DefaultSequencer.java:95)
	at codingblackfemales.sequencer.DefaultSequencer.sequenceAndDispatchMessage(DefaultSequencer.java:91)
	at codingblackfemales.sequencer.DefaultSequencer.onCommand(DefaultSequencer.java:50)
	at codingblackfemales.orderbook.channel.OrderChannel.publishFill(OrderChannel.java:40)
	at codingblackfemales.orderbook.visitor.MutatingMatchOneOrderVisitor.publishFill(MutatingMatchOneOrderVisitor.java:79)
	at codingblackfemales.orderbook.visitor.MutatingMatchOneOrderVisitor.visitOrder(MutatingMatchOneOrderVisitor.java:52)
	at codingblackfemales.orderbook.order.DefaultOrderFlyweight.accept(DefaultOrderFlyweight.java:12)
	at codingblackfemales.orderbook.OrderBookLevel.accept(OrderBookLevel.java:67)
	at codingblackfemales.orderbook.OrderBookSide.visitOneLevel(OrderBookSide.java:67)
	at codingblackfemales.orderbook.OrderBookSide.accept(OrderBookSide.java:42)
	at codingblackfemales.orderbook.OrderBook.matchOrder(OrderBook.java:142)
	at codingblackfemales.orderbook.OrderBook.onLimitOrder(OrderBook.java:169)
	at codingblackfemales.orderbook.consumer.OrderBookInboundOrderConsumer.onCreateOrder(OrderBookInboundOrderConsumer.java:24)
	at codingblackfemales.sequencer.event.OrderEventListener.onMessage(OrderEventListener.java:33)
	at codingblackfemales.sequencer.net.TestNetwork.dispatch(TestNetwork.java:15)
	at codingblackfemales.sequencer.DefaultSequencer.dispatchToNetwork(DefaultSequencer.java:95)
	at codingblackfemales.sequencer.DefaultSequencer.sequenceAndDispatchMessage(DefaultSequencer.java:91)
	at codingblackfemales.sequencer.DefaultSequencer.onCommand(DefaultSequencer.java:47)
	at codingblackfemales.action.CreateChildOrder.apply(CreateChildOrder.java:47)
	at codingblackfemales.container.Actioner.processAction(Actioner.java:20)
	at codingblackfemales.container.AlgoContainer.runAlgoLogic(AlgoContainer.java:62)
	at codingblackfemales.container.AlgoContainer.onMessage(AlgoContainer.java:49)
	at codingblackfemales.sequencer.net.TestNetwork.dispatch(TestNetwork.java:15)
	at codingblackfemales.sequencer.DefaultSequencer.dispatchToNetwork(DefaultSequencer.java:95)
	at codingblackfemales.sequencer.DefaultSequencer.sequenceAndDispatchMessage(DefaultSequencer.java:91)
	at codingblackfemales.sequencer.DefaultSequencer.onCommand(DefaultSequencer.java:50)
	at codingblackfemales.orderbook.channel.MarketDataChannel.publish(MarketDataChannel.java:20)
	at codingblackfemales.orderbook.OrderBook.publishBook(OrderBook.java:188)
	at codingblackfemales.orderbook.OrderBook.onLimitOrder(OrderBook.java:174)
	at codingblackfemales.orderbook.consumer.OrderBookInboundOrderConsumer.onCreateOrder(OrderBookInboundOrderConsumer.java:24)
	at codingblackfemales.sequencer.event.OrderEventListener.onMessage(OrderEventListener.java:33)
	at codingblackfemales.sequencer.net.TestNetwork.dispatch(TestNetwork.java:15)
	at codingblackfemales.sequencer.DefaultSequencer.dispatchToNetwork(DefaultSequencer.java:95)
	at codingblackfemales.sequencer.DefaultSequencer.sequenceAndDispatchMessage(DefaultSequencer.java:91)
	at codingblackfemales.sequencer.DefaultSequencer.onCommand(DefaultSequencer.java:47)
	at codingblackfemales.action.CreateChildOrder.apply(CreateChildOrder.java:47)
	at codingblackfemales.container.Actioner.processAction(Actioner.java:20)
	at codingblackfemales.container.AlgoContainer.runAlgoLogic(AlgoContainer.java:62)
	at codingblackfemales.container.AlgoContainer.onMessage(AlgoContainer.java:49)
	at codingblackfemales.sequencer.net.TestNetwork.dispatch(TestNetwork.java:15)
	at codingblackfemales.sequencer.DefaultSequencer.dispatchToNetwork(DefaultSequencer.java:95)
	at codingblackfemales.sequencer.DefaultSequencer.sequenceAndDispatchMessage(DefaultSequencer.java:91)
	at codingblackfemales.sequencer.DefaultSequencer.onCommand(DefaultSequencer.java:50)
	at codingblackfemales.orderbook.channel.OrderChannel.publishFill(OrderChannel.java:40)
	at codingblackfemales.orderbook.visitor.MutatingMatchOneOrderVisitor.publishFill(MutatingMatchOneOrderVisitor.java:79)
	at codingblackfemales.orderbook.visitor.MutatingMatchOneOrderVisitor.visitOrder(MutatingMatchOneOrderVisitor.java:52)
	at codingblackfemales.orderbook.order.DefaultOrderFlyweight.accept(DefaultOrderFlyweight.java:12)
	at codingblackfemales.orderbook.OrderBookLevel.accept(OrderBookLevel.java:67)
	at codingblackfemales.orderbook.OrderBookSide.visitOneLevel(OrderBookSide.java:67)
	at codingblackfemales.orderbook.OrderBookSide.accept(OrderBookSide.java:42)
	at codingblackfemales.orderbook.OrderBook.matchOrder(OrderBook.java:142)
	at codingblackfemales.orderbook.OrderBook.onLimitOrder(OrderBook.java:169)
	at codingblackfemales.orderbook.consumer.OrderBookInboundOrderConsumer.onCreateOrder(OrderBookInboundOrderConsumer.java:24)
	at codingblackfemales.sequencer.event.OrderEventListener.onMessage(OrderEventListener.java:33)
	at codingblackfemales.sequencer.net.TestNetwork.dispatch(TestNetwork.java:15)
	at codingblackfemales.sequencer.DefaultSequencer.dispatchToNetwork(DefaultSequencer.java:95)
	at codingblackfemales.sequencer.DefaultSequencer.sequenceAndDispatchMessage(DefaultSequencer.java:91)
	at codingblackfemales.sequencer.DefaultSequencer.onCommand(DefaultSequencer.java:47)
	at codingblackfemales.action.CreateChildOrder.apply(CreateChildOrder.java:47)
	at codingblackfemales.container.Actioner.processAction(Actioner.java:20)
	at codingblackfemales.container.AlgoContainer.runAlgoLogic(AlgoContainer.java:62)
	at codingblackfemales.container.AlgoContainer.onMessage(AlgoContainer.java:49)
	at codingblackfemales.sequencer.net.TestNetwork.dispatch(TestNetwork.java:15)
	at codingblackfemales.sequencer.DefaultSequencer.dispatchToNetwork(DefaultSequencer.java:95)
	at codingblackfemales.sequencer.DefaultSequencer.sequenceAndDispatchMessage(DefaultSequencer.java:91)
	at codingblackfemales.sequencer.DefaultSequencer.onCommand(DefaultSequencer.java:50)
	at codingblackfemales.orderbook.channel.MarketDataChannel.publish(MarketDataChannel.java:20)
	at codingblackfemales.orderbook.OrderBook.publishBook(OrderBook.java:188)
	at codingblackfemales.orderbook.OrderBook.onLimitOrder(OrderBook.java:174)
	at codingblackfemales.orderbook.consumer.OrderBookInboundOrderConsumer.onCreateOrder(OrderBookInboundOrderConsumer.java:24)
	at codingblackfemales.sequencer.event.OrderEventListener.onMessage(OrderEventListener.java:33)
	at codingblackfemales.sequencer.net.TestNetwork.dispatch(TestNetwork.java:15)
	at codingblackfemales.sequencer.DefaultSequencer.dispatchToNetwork(DefaultSequencer.java:95)
	at codingblackfemales.sequencer.DefaultSequencer.sequenceAndDispatchMessage(DefaultSequencer.java:91)
	at codingblackfemales.sequencer.DefaultSequencer.onCommand(DefaultSequencer.java:47)
	at codingblackfemales.action.CreateChildOrder.apply(CreateChildOrder.java:47)
	at codingblackfemales.container.Actioner.processAction(Actioner.java:20)
	at codingblackfemales.container.AlgoContainer.runAlgoLogic(AlgoContainer.java:62)
	at codingblackfemales.container.AlgoContainer.onMessage(AlgoContainer.java:49)
	at codingblackfemales.sequencer.net.TestNetwork.dispatch(TestNetwork.java:15)
	at codingblackfemales.sequencer.DefaultSequencer.dispatchToNetwork(DefaultSequencer.java:95)
	at codingblackfemales.sequencer.DefaultSequencer.sequenceAndDispatchMessage(DefaultSequencer.java:91)
	at codingblackfemales.sequencer.DefaultSequencer.onCommand(DefaultSequencer.java:50)
	at codingblackfemales.orderbook.channel.OrderChannel.publishFill(OrderChannel.java:40)
	at codingblackfemales.orderbook.visitor.MutatingMatchOneOrderVisitor.publishFill(MutatingMatchOneOrderVisitor.java:79)
	at codingblackfemales.orderbook.visitor.MutatingMatchOneOrderVisitor.visitOrder(MutatingMatchOneOrderVisitor.java:52)
	at codingblackfemales.orderbook.order.DefaultOrderFlyweight.accept(DefaultOrderFlyweight.java:12)
	at codingblackfemales.orderbook.OrderBookLevel.accept(OrderBookLevel.java:67)
	at codingblackfemales.orderbook.OrderBookSide.visitOneLevel(OrderBookSide.java:67)
	at codingblackfemales.orderbook.OrderBookSide.accept(OrderBookSide.java:42)
	at codingblackfemales.orderbook.OrderBook.matchOrder(OrderBook.java:142)
	at codingblackfemales.orderbook.OrderBook.onLimitOrder(OrderBook.java:169)
	at codingblackfemales.orderbook.consumer.OrderBookInboundOrderConsumer.onCreateOrder(OrderBookInboundOrderConsumer.java:24)
	at codingblackfemales.sequencer.event.OrderEventListener.onMessage(OrderEventListener.java:33)
	at codingblackfemales.sequencer.net.TestNetwork.dispatch(TestNetwork.java:15)
	at codingblackfemales.sequencer.DefaultSequencer.dispatchToNetwork(DefaultSequencer.java:95)
	at codingblackfemales.sequencer.DefaultSequencer.sequenceAndDispatchMessage(DefaultSequencer.java:91)
	at codingblackfemales.sequencer.DefaultSequencer.onCommand(DefaultSequencer.java:47)
	at codingblackfemales.action.CreateChildOrder.apply(CreateChildOrder.java:47)
	at codingblackfemales.container.Actioner.processAction(Actioner.java:20)
	at codingblackfemales.container.AlgoContainer.runAlgoLogic(AlgoContainer.java:62)
	at codingblackfemales.container.AlgoContainer.onMessage(AlgoContainer.java:49)
	at codingblackfemales.sequencer.net.TestNetwork.dispatch(TestNetwork.java:15)
	at codingblackfemales.sequencer.DefaultSequencer.dispatchToNetwork(DefaultSequencer.java:95)
	at codingblackfemales.sequencer.DefaultSequencer.sequenceAndDispatchMessage(DefaultSequencer.java:91)
	at codingblackfemales.sequencer.DefaultSequencer.onCommand(DefaultSequencer.java:50)
	at codingblackfemales.orderbook.channel.MarketDataChannel.publish(MarketDataChannel.java:20)
	at codingblackfemales.orderbook.OrderBook.publishBook(OrderBook.java:188)
	at codingblackfemales.orderbook.OrderBook.onLimitOrder(OrderBook.java:174)
	at codingblackfemales.orderbook.consumer.OrderBookInboundOrderConsumer.onCreateOrder(OrderBookInboundOrderConsumer.java:24)
	at codingblackfemales.sequencer.event.OrderEventListener.onMessage(OrderEventListener.java:33)
	at codingblackfemales.sequencer.net.TestNetwork.dispatch(TestNetwork.java:15)
	at codingblackfemales.sequencer.DefaultSequencer.dispatchToNetwork(DefaultSequencer.java:95)
	at codingblackfemales.sequencer.DefaultSequencer.sequenceAndDispatchMessage(DefaultSequencer.java:91)
	at codingblackfemales.sequencer.DefaultSequencer.onCommand(DefaultSequencer.java:47)
	at codingblackfemales.action.CreateChildOrder.apply(CreateChildOrder.java:47)
	at codingblackfemales.container.Actioner.processAction(Actioner.java:20)
	at codingblackfemales.container.AlgoContainer.runAlgoLogic(AlgoContainer.java:62)
	at codingblackfemales.container.AlgoContainer.onMessage(AlgoContainer.java:49)
	at codingblackfemales.sequencer.net.TestNetwork.dispatch(TestNetwork.java:15)
	at codingblackfemales.sequencer.DefaultSequencer.dispatchToNetwork(DefaultSequencer.java:95)
	at codingblackfemales.sequencer.DefaultSequencer.sequenceAndDispatchMessage(DefaultSequencer.java:91)
	at codingblackfemales.sequencer.DefaultSequencer.onCommand(DefaultSequencer.java:50)
	at codingblackfemales.orderbook.channel.OrderChannel.publishFill(OrderChannel.java:40)
	at codingblackfemales.orderbook.visitor.MutatingMatchOneOrderVisitor.publishFill(MutatingMatchOneOrderVisitor.java:79)
	at codingblackfemales.orderbook.visitor.MutatingMatchOneOrderVisitor.visitOrder(MutatingMatchOneOrderVisitor.java:52)
	at codingblackfemales.orderbook.order.DefaultOrderFlyweight.accept(DefaultOrderFlyweight.java:12)
	at codingblackfemales.orderbook.OrderBookLevel.accept(OrderBookLevel.java:67)
	at codingblackfemales.orderbook.OrderBookSide.visitOneLevel(OrderBookSide.java:67)
	at codingblackfemales.orderbook.OrderBookSide.accept(OrderBookSide.java:42)
	at codingblackfemales.orderbook.OrderBook.matchOrder(OrderBook.java:142)
	at codingblackfemales.orderbook.OrderBook.onLimitOrder(OrderBook.java:169)
	at codingblackfemales.orderbook.consumer.OrderBookInboundOrderConsumer.onCreateOrder(OrderBookInboundOrderConsumer.java:24)
	at codingblackfemales.sequencer.event.OrderEventListener.onMessage(OrderEventListener.java:33)
	at codingblackfemales.sequencer.net.TestNetwork.dispatch(TestNetwork.java:15)
	at codingblackfemales.sequencer.DefaultSequencer.dispatchToNetwork(DefaultSequencer.java:95)
	at codingblackfemales.sequencer.DefaultSequencer.sequenceAndDispatchMessage(DefaultSequencer.java:91)
	at codingblackfemales.sequencer.DefaultSequencer.onCommand(DefaultSequencer.java:47)
	at codingblackfemales.action.CreateChildOrder.apply(CreateChildOrder.java:47)
	at codingblackfemales.container.Actioner.processAction(Actioner.java:20)
	at codingblackfemales.container.AlgoContainer.runAlgoLogic(AlgoContainer.java:62)
	at codingblackfemales.container.AlgoContainer.onMessage(AlgoContainer.java:49)
	at codingblackfemales.sequencer.net.TestNetwork.dispatch(TestNetwork.java:15)
	at codingblackfemales.sequencer.DefaultSequencer.dispatchToNetwork(DefaultSequencer.java:95)
	at codingblackfemales.sequencer.DefaultSequencer.sequenceAndDispatchMessage(DefaultSequencer.java:91)
	at codingblackfemales.sequencer.DefaultSequencer.onCommand(DefaultSequencer.java:50)
	at codingblackfemales.sequencer.marketdata.SequencerTestCase.send(SequencerTestCase.java:17)
	at codingblackfemales.gettingstarted.MyAlgoBackTest.testExampleBackTest(MyAlgoBackTest.java:41)
	at java.base/jdk.internal.reflect.NativeMethodAccessorImpl.invoke0(Native Method)
	at java.base/jdk.internal.reflect.NativeMethodAccessorImpl.invoke(NativeMethodAccessorImpl.java:77)
	at java.base/jdk.internal.reflect.DelegatingMethodAccessorImpl.invoke(DelegatingMethodAccessorImpl.java:43)
	at java.base/java.lang.reflect.Method.invoke(Method.java:568)
	at org.junit.runners.model.FrameworkMethod$1.runReflectiveCall(FrameworkMethod.java:47)
	at org.junit.internal.runners.model.ReflectiveCallable.run(ReflectiveCallable.java:12)
	at org.junit.runners.model.FrameworkMethod.invokeExplosively(FrameworkMethod.java:44)
	at org.junit.internal.runners.statements.InvokeMethod.evaluate(InvokeMethod.java:17)
	at org.junit.runners.ParentRunner.runLeaf(ParentRunner.java:271)
	at org.junit.runners.BlockJUnit4ClassRunner.runChild(BlockJUnit4ClassRunner.java:70)
	at org.junit.runners.BlockJUnit4ClassRunner.runChild(BlockJUnit4ClassRunner.java:50)
	at org.junit.runners.ParentRunner$3.run(ParentRunner.java:238)
	at org.junit.runners.ParentRunner$1.schedule(ParentRunner.java:63)
	at org.junit.runners.ParentRunner.runChildren(ParentRunner.java:236)
	at org.junit.runners.ParentRunner.access$000(ParentRunner.java:53)
	at org.junit.runners.ParentRunner$2.evaluate(ParentRunner.java:229)
	at org.junit.runners.ParentRunner.run(ParentRunner.java:309)
	at org.apache.maven.surefire.junit4.JUnit4Provider.execute(JUnit4Provider.java:316)
	at org.apache.maven.surefire.junit4.JUnit4Provider.executeWithRerun(JUnit4Provider.java:240)
	at org.apache.maven.surefire.junit4.JUnit4Provider.executeTestSet(JUnit4Provider.java:214)
	at org.apache.maven.surefire.junit4.JUnit4Provider.invoke(JUnit4Provider.java:155)
	at org.apache.maven.surefire.booter.ForkedBooter.runSuitesInProcess(ForkedBooter.java:385)
	at org.apache.maven.surefire.booter.ForkedBooter.execute(ForkedBooter.java:162)
	at org.apache.maven.surefire.booter.ForkedBooter.run(ForkedBooter.java:507)
	at org.apache.maven.surefire.booter.ForkedBooter.main(ForkedBooter.java:495)

