<?xml version="1.0" encoding="UTF-8"?>
<testsuite xmlns:xsi="http://www.w3.org/2001/XMLSchema-instance" xsi:noNamespaceSchemaLocation="https://maven.apache.org/surefire/maven-surefire-plugin/xsd/surefire-test-report-3.0.xsd" version="3.0" name="codingblackfemales.gettingstarted.MyAlgoTest" time="0.317" tests="5" errors="0" skipped="0" failures="0">
  <properties>
[...]
</properties>
  <testcase name="noActionTest" classname="codingblackfemales.gettingstarted.MyAlgoTest" time="0.131">
    <system-out><![CDATA[19:07:23.225 [main] INFO  c.sequencer.consumer.LoggingConsumer - [1] 
|----BID-----|
   101 @ 100
|----ASK-----|
    100 @ 98

19:07:23.225 [main] DEBUG c.service.MarketDataService - [ALGO] BID: price:100 quantity:101
19:07:23.225 [main] DEBUG c.service.MarketDataService - [ALGO] ASK: price:98 quantity:100
19:07:23.225 [main] INFO  c.gettingstarted.MyAlgoLogic - [MYALGO] The state of the order book is:
|----BID-----||----ASK----|
   101 @ 100    100 @ 98
|------------||-----------|

19:07:23.225 [main] INFO  c.gettingstarted.MyAlgoLogic - [MYALGO] Algo Sees SheZa
19:07:23.225 [main] INFO  c.gettingstarted.MyAlgoLogic - [MYALGO] Algo Sees Book as:
|----BID-----||----ASK----|
   101 @ 100    100 @ 98
|------------||-----------|

19:07:23.225 [main] INFO  c.gettingstarted.MyAlgoLogic - [MYALGO] Have:0 children, want 45. Adding order for101@100
total order count is 0
19:07:23.225 [main] INFO  c.container.Actioner - [ALGO] Actioner, sending action:CreateChildOrder(side=BUY,quantity=101,price=100)
19:07:23.225 [main] INFO  c.sequencer.consumer.LoggingConsumer - [2] [CreateOrder](sbeTemplateId=4|sbeSchemaId=2|sbeSchemaVersion=0|sbeBlockLength=33):instrumentId=0|price=100|quantity=101|side=BUY|orderId=2
19:07:23.225 [main] INFO  c.gettingstarted.MyAlgoLogic - [MYALGO] The state of the order book is:
|----BID-----||----ASK----|
   101 @ 100    100 @ 98
|------------||-----------|

19:07:23.225 [main] INFO  c.gettingstarted.MyAlgoLogic - [MYALGO] Algo Sees SheZa
19:07:23.225 [main] INFO  c.gettingstarted.MyAlgoLogic - [MYALGO] Algo Sees Book as:
|----BID-----||----ASK----|
   101 @ 100    100 @ 98
|------------||-----------|

19:07:23.225 [main] INFO  c.gettingstarted.MyAlgoLogic - [MYALGO] Have:1 children, want 45. Adding order for101@100
total order count is 1
19:07:23.225 [main] INFO  c.container.Actioner - [ALGO] Actioner, sending action:CreateChildOrder(side=BUY,quantity=101,price=100)
19:07:23.225 [main] INFO  c.sequencer.consumer.LoggingConsumer - [3] [CreateOrder](sbeTemplateId=4|sbeSchemaId=2|sbeSchemaVersion=0|sbeBlockLength=33):instrumentId=0|price=100|quantity=101|side=BUY|orderId=3
19:07:23.225 [main] INFO  c.gettingstarted.MyAlgoLogic - [MYALGO] The state of the order book is:
|----BID-----||----ASK----|
   101 @ 100    100 @ 98
|------------||-----------|

19:07:23.225 [main] INFO  c.gettingstarted.MyAlgoLogic - [MYALGO] Algo Sees SheZa
19:07:23.225 [main] INFO  c.gettingstarted.MyAlgoLogic - [MYALGO] Algo Sees Book as:
|----BID-----||----ASK----|
   101 @ 100    100 @ 98
|------------||-----------|

19:07:23.225 [main] INFO  c.gettingstarted.MyAlgoLogic - [MYALGO] Have:2 children, want 45. Adding order for101@100
total order count is 2
19:07:23.225 [main] INFO  c.container.Actioner - [ALGO] Actioner, sending action:CreateChildOrder(side=BUY,quantity=101,price=100)
19:07:23.225 [main] INFO  c.sequencer.consumer.LoggingConsumer - [4] [CreateOrder](sbeTemplateId=4|sbeSchemaId=2|sbeSchemaVersion=0|sbeBlockLength=33):instrumentId=0|price=100|quantity=101|side=BUY|orderId=4
19:07:23.225 [main] INFO  c.gettingstarted.MyAlgoLogic - [MYALGO] The state of the order book is:
|----BID-----||----ASK----|
   101 @ 100    100 @ 98
|------------||-----------|

19:07:23.225 [main] INFO  c.gettingstarted.MyAlgoLogic - [MYALGO] Algo Sees SheZa
19:07:23.225 [main] INFO  c.gettingstarted.MyAlgoLogic - [MYALGO] Algo Sees Book as:
|----BID-----||----ASK----|
   101 @ 100    100 @ 98
|------------||-----------|

19:07:23.225 [main] INFO  c.gettingstarted.MyAlgoLogic - [MYALGO] Have:3 children, want 45. Adding order for101@100
total order count is 3
19:07:23.225 [main] INFO  c.container.Actioner - [ALGO] Actioner, sending action:CreateChildOrder(side=BUY,quantity=101,price=100)
19:07:23.225 [main] INFO  c.sequencer.consumer.LoggingConsumer - [5] [CreateOrder](sbeTemplateId=4|sbeSchemaId=2|sbeSchemaVersion=0|sbeBlockLength=33):instrumentId=0|price=100|quantity=101|side=BUY|orderId=5
19:07:23.225 [main] INFO  c.gettingstarted.MyAlgoLogic - [MYALGO] The state of the order book is:
|----BID-----||----ASK----|
   101 @ 100    100 @ 98
|------------||-----------|

19:07:23.225 [main] INFO  c.gettingstarted.MyAlgoLogic - [MYALGO] Algo Sees SheZa
19:07:23.225 [main] INFO  c.gettingstarted.MyAlgoLogic - [MYALGO] Algo Sees Book as:
|----BID-----||----ASK----|
   101 @ 100    100 @ 98
|------------||-----------|

19:07:23.225 [main] INFO  c.gettingstarted.MyAlgoLogic - [MYALGO] Have:4 children, want 45. Adding order for101@100
total order count is 4
19:07:23.225 [main] INFO  c.container.Actioner - [ALGO] Actioner, sending action:CreateChildOrder(side=BUY,quantity=101,price=100)
19:07:23.225 [main] INFO  c.sequencer.consumer.LoggingConsumer - [6] [CreateOrder](sbeTemplateId=4|sbeSchemaId=2|sbeSchemaVersion=0|sbeBlockLength=33):instrumentId=0|price=100|quantity=101|side=BUY|orderId=6
19:07:23.225 [main] INFO  c.gettingstarted.MyAlgoLogic - [MYALGO] The state of the order book is:
|----BID-----||----ASK----|
   101 @ 100    100 @ 98
|------------||-----------|

19:07:23.225 [main] INFO  c.gettingstarted.MyAlgoLogic - [MYALGO] Algo Sees SheZa
19:07:23.225 [main] INFO  c.gettingstarted.MyAlgoLogic - [MYALGO] Algo Sees Book as:
|----BID-----||----ASK----|
   101 @ 100    100 @ 98
|------------||-----------|

19:07:23.225 [main] INFO  c.gettingstarted.MyAlgoLogic - [MYALGO] Have:5 children, want 45. Adding order for101@100
total order count is 5
19:07:23.225 [main] INFO  c.container.Actioner - [ALGO] Actioner, sending action:CreateChildOrder(side=BUY,quantity=101,price=100)
19:07:23.225 [main] INFO  c.sequencer.consumer.LoggingConsumer - [7] [CreateOrder](sbeTemplateId=4|sbeSchemaId=2|sbeSchemaVersion=0|sbeBlockLength=33):instrumentId=0|price=100|quantity=101|side=BUY|orderId=7
19:07:23.225 [main] INFO  c.gettingstarted.MyAlgoLogic - [MYALGO] The state of the order book is:
|----BID-----||----ASK----|
   101 @ 100    100 @ 98
|------------||-----------|

19:07:23.225 [main] INFO  c.gettingstarted.MyAlgoLogic - [MYALGO] Algo Sees SheZa
19:07:23.225 [main] INFO  c.gettingstarted.MyAlgoLogic - [MYALGO] Algo Sees Book as:
|----BID-----||----ASK----|
   101 @ 100    100 @ 98
|------------||-----------|

19:07:23.225 [main] INFO  c.gettingstarted.MyAlgoLogic - [MYALGO] Have:6 children, want 45. Adding order for101@100
total order count is 6
19:07:23.225 [main] INFO  c.container.Actioner - [ALGO] Actioner, sending action:CreateChildOrder(side=BUY,quantity=101,price=100)
19:07:23.225 [main] INFO  c.sequencer.consumer.LoggingConsumer - [8] [CreateOrder](sbeTemplateId=4|sbeSchemaId=2|sbeSchemaVersion=0|sbeBlockLength=33):instrumentId=0|price=100|quantity=101|side=BUY|orderId=8
19:07:23.225 [main] INFO  c.gettingstarted.MyAlgoLogic - [MYALGO] The state of the order book is:
|----BID-----||----ASK----|
   101 @ 100    100 @ 98
|------------||-----------|

19:07:23.225 [main] INFO  c.gettingstarted.MyAlgoLogic - [MYALGO] Algo Sees SheZa
19:07:23.225 [main] INFO  c.gettingstarted.MyAlgoLogic - [MYALGO] Algo Sees Book as:
|----BID-----||----ASK----|
   101 @ 100    100 @ 98
|------------||-----------|

19:07:23.225 [main] INFO  c.gettingstarted.MyAlgoLogic - [MYALGO] Have:7 children, want 45. Adding order for101@100
total order count is 7
19:07:23.225 [main] INFO  c.container.Actioner - [ALGO] Actioner, sending action:CreateChildOrder(side=BUY,quantity=101,price=100)
19:07:23.225 [main] INFO  c.sequencer.consumer.LoggingConsumer - [9] [CreateOrder](sbeTemplateId=4|sbeSchemaId=2|sbeSchemaVersion=0|sbeBlockLength=33):instrumentId=0|price=100|quantity=101|side=BUY|orderId=9
19:07:23.225 [main] INFO  c.gettingstarted.MyAlgoLogic - [MYALGO] The state of the order book is:
|----BID-----||----ASK----|
   101 @ 100    100 @ 98
|------------||-----------|

19:07:23.225 [main] INFO  c.gettingstarted.MyAlgoLogic - [MYALGO] Algo Sees SheZa
19:07:23.225 [main] INFO  c.gettingstarted.MyAlgoLogic - [MYALGO] Algo Sees Book as:
|----BID-----||----ASK----|
   101 @ 100    100 @ 98
|------------||-----------|

19:07:23.225 [main] INFO  c.gettingstarted.MyAlgoLogic - [MYALGO] Have:8 children, want 45. Adding order for101@100
total order count is 8
19:07:23.225 [main] INFO  c.container.Actioner - [ALGO] Actioner, sending action:CreateChildOrder(side=BUY,quantity=101,price=100)
19:07:23.225 [main] INFO  c.sequencer.consumer.LoggingConsumer - [10] [CreateOrder](sbeTemplateId=4|sbeSchemaId=2|sbeSchemaVersion=0|sbeBlockLength=33):instrumentId=0|price=100|quantity=101|side=BUY|orderId=10
19:07:23.225 [main] INFO  c.gettingstarted.MyAlgoLogic - [MYALGO] The state of the order book is:
|----BID-----||----ASK----|
   101 @ 100    100 @ 98
|------------||-----------|

19:07:23.225 [main] INFO  c.gettingstarted.MyAlgoLogic - [MYALGO] Algo Sees SheZa
19:07:23.225 [main] INFO  c.gettingstarted.MyAlgoLogic - [MYALGO] Algo Sees Book as:
|----BID-----||----ASK----|
   101 @ 100    100 @ 98
|------------||-----------|

19:07:23.225 [main] INFO  c.gettingstarted.MyAlgoLogic - [MYALGO] Have:9 children, want 45. Adding order for101@100
total order count is 9
19:07:23.225 [main] INFO  c.container.Actioner - [ALGO] Actioner, sending action:CreateChildOrder(side=BUY,quantity=101,price=100)
19:07:23.229 [main] INFO  c.sequencer.consumer.LoggingConsumer - [11] [CreateOrder](sbeTemplateId=4|sbeSchemaId=2|sbeSchemaVersion=0|sbeBlockLength=33):instrumentId=0|price=100|quantity=101|side=BUY|orderId=11
19:07:23.229 [main] INFO  c.gettingstarted.MyAlgoLogic - [MYALGO] The state of the order book is:
|----BID-----||----ASK----|
   101 @ 100    100 @ 98
|------------||-----------|

19:07:23.229 [main] INFO  c.gettingstarted.MyAlgoLogic - [MYALGO] Algo Sees SheZa
19:07:23.229 [main] INFO  c.gettingstarted.MyAlgoLogic - [MYALGO] Algo Sees Book as:
|----BID-----||----ASK----|
   101 @ 100    100 @ 98
|------------||-----------|

19:07:23.229 [main] INFO  c.gettingstarted.MyAlgoLogic - [MYALGO] Have:10 children, want 45. Adding order for101@100
total order count is 10
19:07:23.229 [main] INFO  c.container.Actioner - [ALGO] Actioner, sending action:CreateChildOrder(side=BUY,quantity=101,price=100)
19:07:23.229 [main] INFO  c.sequencer.consumer.LoggingConsumer - [12] [CreateOrder](sbeTemplateId=4|sbeSchemaId=2|sbeSchemaVersion=0|sbeBlockLength=33):instrumentId=0|price=100|quantity=101|side=BUY|orderId=12
19:07:23.229 [main] INFO  c.gettingstarted.MyAlgoLogic - [MYALGO] The state of the order book is:
|----BID-----||----ASK----|
   101 @ 100    100 @ 98
|------------||-----------|

19:07:23.229 [main] INFO  c.gettingstarted.MyAlgoLogic - [MYALGO] Algo Sees SheZa
19:07:23.229 [main] INFO  c.gettingstarted.MyAlgoLogic - [MYALGO] Algo Sees Book as:
|----BID-----||----ASK----|
   101 @ 100    100 @ 98
|------------||-----------|

19:07:23.229 [main] INFO  c.gettingstarted.MyAlgoLogic - [MYALGO] Have:11 children, want 45. Adding order for101@100
total order count is 11
19:07:23.229 [main] INFO  c.container.Actioner - [ALGO] Actioner, sending action:CreateChildOrder(side=BUY,quantity=101,price=100)
19:07:23.229 [main] INFO  c.sequencer.consumer.LoggingConsumer - [13] [CreateOrder](sbeTemplateId=4|sbeSchemaId=2|sbeSchemaVersion=0|sbeBlockLength=33):instrumentId=0|price=100|quantity=101|side=BUY|orderId=13
19:07:23.229 [main] INFO  c.gettingstarted.MyAlgoLogic - [MYALGO] The state of the order book is:
|----BID-----||----ASK----|
   101 @ 100    100 @ 98
|------------||-----------|

19:07:23.229 [main] INFO  c.gettingstarted.MyAlgoLogic - [MYALGO] Algo Sees SheZa
19:07:23.229 [main] INFO  c.gettingstarted.MyAlgoLogic - [MYALGO] Algo Sees Book as:
|----BID-----||----ASK----|
   101 @ 100    100 @ 98
|------------||-----------|

19:07:23.230 [main] INFO  c.gettingstarted.MyAlgoLogic - [MYALGO] Have:12 children, want 45. Adding order for101@100
total order count is 12
19:07:23.230 [main] INFO  c.container.Actioner - [ALGO] Actioner, sending action:CreateChildOrder(side=BUY,quantity=101,price=100)
19:07:23.230 [main] INFO  c.sequencer.consumer.LoggingConsumer - [14] [CreateOrder](sbeTemplateId=4|sbeSchemaId=2|sbeSchemaVersion=0|sbeBlockLength=33):instrumentId=0|price=100|quantity=101|side=BUY|orderId=14
19:07:23.230 [main] INFO  c.gettingstarted.MyAlgoLogic - [MYALGO] The state of the order book is:
|----BID-----||----ASK----|
   101 @ 100    100 @ 98
|------------||-----------|

19:07:23.230 [main] INFO  c.gettingstarted.MyAlgoLogic - [MYALGO] Algo Sees SheZa
19:07:23.230 [main] INFO  c.gettingstarted.MyAlgoLogic - [MYALGO] Algo Sees Book as:
|----BID-----||----ASK----|
   101 @ 100    100 @ 98
|------------||-----------|

19:07:23.230 [main] INFO  c.gettingstarted.MyAlgoLogic - [MYALGO] Have:13 children, want 45. Adding order for101@100
total order count is 13
19:07:23.230 [main] INFO  c.container.Actioner - [ALGO] Actioner, sending action:CreateChildOrder(side=BUY,quantity=101,price=100)
19:07:23.230 [main] INFO  c.sequencer.consumer.LoggingConsumer - [15] [CreateOrder](sbeTemplateId=4|sbeSchemaId=2|sbeSchemaVersion=0|sbeBlockLength=33):instrumentId=0|price=100|quantity=101|side=BUY|orderId=15
19:07:23.230 [main] INFO  c.gettingstarted.MyAlgoLogic - [MYALGO] The state of the order book is:
|----BID-----||----ASK----|
   101 @ 100    100 @ 98
|------------||-----------|

19:07:23.230 [main] INFO  c.gettingstarted.MyAlgoLogic - [MYALGO] Algo Sees SheZa
19:07:23.230 [main] INFO  c.gettingstarted.MyAlgoLogic - [MYALGO] Algo Sees Book as:
|----BID-----||----ASK----|
   101 @ 100    100 @ 98
|------------||-----------|

19:07:23.230 [main] INFO  c.gettingstarted.MyAlgoLogic - [MYALGO] Have:14 children, want 45. Adding order for101@100
total order count is 14
19:07:23.230 [main] INFO  c.container.Actioner - [ALGO] Actioner, sending action:CreateChildOrder(side=BUY,quantity=101,price=100)
19:07:23.230 [main] INFO  c.sequencer.consumer.LoggingConsumer - [16] [CreateOrder](sbeTemplateId=4|sbeSchemaId=2|sbeSchemaVersion=0|sbeBlockLength=33):instrumentId=0|price=100|quantity=101|side=BUY|orderId=16
19:07:23.230 [main] INFO  c.gettingstarted.MyAlgoLogic - [MYALGO] The state of the order book is:
|----BID-----||----ASK----|
   101 @ 100    100 @ 98
|------------||-----------|

19:07:23.230 [main] INFO  c.gettingstarted.MyAlgoLogic - [MYALGO] Algo Sees SheZa
19:07:23.230 [main] INFO  c.gettingstarted.MyAlgoLogic - [MYALGO] Algo Sees Book as:
|----BID-----||----ASK----|
   101 @ 100    100 @ 98
|------------||-----------|

19:07:23.230 [main] INFO  c.gettingstarted.MyAlgoLogic - [MYALGO] Have:15 children, want 45. Adding order for101@100
total order count is 15
19:07:23.230 [main] INFO  c.container.Actioner - [ALGO] Actioner, sending action:CreateChildOrder(side=BUY,quantity=101,price=100)
19:07:23.230 [main] INFO  c.sequencer.consumer.LoggingConsumer - [17] [CreateOrder](sbeTemplateId=4|sbeSchemaId=2|sbeSchemaVersion=0|sbeBlockLength=33):instrumentId=0|price=100|quantity=101|side=BUY|orderId=17
19:07:23.230 [main] INFO  c.gettingstarted.MyAlgoLogic - [MYALGO] The state of the order book is:
|----BID-----||----ASK----|
   101 @ 100    100 @ 98
|------------||-----------|

19:07:23.230 [main] INFO  c.gettingstarted.MyAlgoLogic - [MYALGO] Algo Sees SheZa
19:07:23.230 [main] INFO  c.gettingstarted.MyAlgoLogic - [MYALGO] Algo Sees Book as:
|----BID-----||----ASK----|
   101 @ 100    100 @ 98
|------------||-----------|

19:07:23.230 [main] INFO  c.gettingstarted.MyAlgoLogic - [MYALGO] Have:16 children, want 45. Adding order for101@100
total order count is 16
19:07:23.230 [main] INFO  c.container.Actioner - [ALGO] Actioner, sending action:CreateChildOrder(side=BUY,quantity=101,price=100)
19:07:23.230 [main] INFO  c.sequencer.consumer.LoggingConsumer - [18] [CreateOrder](sbeTemplateId=4|sbeSchemaId=2|sbeSchemaVersion=0|sbeBlockLength=33):instrumentId=0|price=100|quantity=101|side=BUY|orderId=18
19:07:23.230 [main] INFO  c.gettingstarted.MyAlgoLogic - [MYALGO] The state of the order book is:
|----BID-----||----ASK----|
   101 @ 100    100 @ 98
|------------||-----------|

19:07:23.230 [main] INFO  c.gettingstarted.MyAlgoLogic - [MYALGO] Algo Sees SheZa
19:07:23.230 [main] INFO  c.gettingstarted.MyAlgoLogic - [MYALGO] Algo Sees Book as:
|----BID-----||----ASK----|
   101 @ 100    100 @ 98
|------------||-----------|

19:07:23.230 [main] INFO  c.gettingstarted.MyAlgoLogic - [MYALGO] Have:17 children, want 45. Adding order for101@100
total order count is 17
19:07:23.230 [main] INFO  c.container.Actioner - [ALGO] Actioner, sending action:CreateChildOrder(side=BUY,quantity=101,price=100)
19:07:23.230 [main] INFO  c.sequencer.consumer.LoggingConsumer - [19] [CreateOrder](sbeTemplateId=4|sbeSchemaId=2|sbeSchemaVersion=0|sbeBlockLength=33):instrumentId=0|price=100|quantity=101|side=BUY|orderId=19
19:07:23.230 [main] INFO  c.gettingstarted.MyAlgoLogic - [MYALGO] The state of the order book is:
|----BID-----||----ASK----|
   101 @ 100    100 @ 98
|------------||-----------|

19:07:23.230 [main] INFO  c.gettingstarted.MyAlgoLogic - [MYALGO] Algo Sees SheZa
19:07:23.230 [main] INFO  c.gettingstarted.MyAlgoLogic - [MYALGO] Algo Sees Book as:
|----BID-----||----ASK----|
   101 @ 100    100 @ 98
|------------||-----------|

19:07:23.230 [main] INFO  c.gettingstarted.MyAlgoLogic - [MYALGO] Have:18 children, want 45. Adding order for101@100
total order count is 18
19:07:23.230 [main] INFO  c.container.Actioner - [ALGO] Actioner, sending action:CreateChildOrder(side=BUY,quantity=101,price=100)
19:07:23.230 [main] INFO  c.sequencer.consumer.LoggingConsumer - [20] [CreateOrder](sbeTemplateId=4|sbeSchemaId=2|sbeSchemaVersion=0|sbeBlockLength=33):instrumentId=0|price=100|quantity=101|side=BUY|orderId=20
19:07:23.230 [main] INFO  c.gettingstarted.MyAlgoLogic - [MYALGO] The state of the order book is:
|----BID-----||----ASK----|
   101 @ 100    100 @ 98
|------------||-----------|

19:07:23.230 [main] INFO  c.gettingstarted.MyAlgoLogic - [MYALGO] Algo Sees SheZa
19:07:23.230 [main] INFO  c.gettingstarted.MyAlgoLogic - [MYALGO] Algo Sees Book as:
|----BID-----||----ASK----|
   101 @ 100    100 @ 98
|------------||-----------|

19:07:23.230 [main] INFO  c.gettingstarted.MyAlgoLogic - [MYALGO] Have:19 children, want 45. Adding order for101@100
total order count is 19
19:07:23.230 [main] INFO  c.container.Actioner - [ALGO] Actioner, sending action:CreateChildOrder(side=BUY,quantity=101,price=100)
19:07:23.230 [main] INFO  c.sequencer.consumer.LoggingConsumer - [21] [CreateOrder](sbeTemplateId=4|sbeSchemaId=2|sbeSchemaVersion=0|sbeBlockLength=33):instrumentId=0|price=100|quantity=101|side=BUY|orderId=21
19:07:23.230 [main] INFO  c.gettingstarted.MyAlgoLogic - [MYALGO] The state of the order book is:
|----BID-----||----ASK----|
   101 @ 100    100 @ 98
|------------||-----------|

19:07:23.230 [main] INFO  c.gettingstarted.MyAlgoLogic - [MYALGO] Algo Sees SheZa
19:07:23.233 [main] INFO  c.gettingstarted.MyAlgoLogic - [MYALGO] Algo Sees Book as:
|----BID-----||----ASK----|
   101 @ 100    100 @ 98
|------------||-----------|

19:07:23.233 [main] INFO  c.gettingstarted.MyAlgoLogic - [MYALGO] Have:20 children, want 45. Adding order for101@100
total order count is 20
19:07:23.233 [main] INFO  c.container.Actioner - [ALGO] Actioner, sending action:CreateChildOrder(side=BUY,quantity=101,price=100)
19:07:23.233 [main] INFO  c.sequencer.consumer.LoggingConsumer - [22] [CreateOrder](sbeTemplateId=4|sbeSchemaId=2|sbeSchemaVersion=0|sbeBlockLength=33):instrumentId=0|price=100|quantity=101|side=BUY|orderId=22
19:07:23.233 [main] INFO  c.gettingstarted.MyAlgoLogic - [MYALGO] The state of the order book is:
|----BID-----||----ASK----|
   101 @ 100    100 @ 98
|------------||-----------|

19:07:23.233 [main] INFO  c.gettingstarted.MyAlgoLogic - [MYALGO] Algo Sees SheZa
19:07:23.233 [main] INFO  c.gettingstarted.MyAlgoLogic - [MYALGO] Algo Sees Book as:
|----BID-----||----ASK----|
   101 @ 100    100 @ 98
|------------||-----------|

19:07:23.233 [main] INFO  c.gettingstarted.MyAlgoLogic - [MYALGO] Have:21 children, want 45. Adding order for101@100
total order count is 21
19:07:23.233 [main] INFO  c.container.Actioner - [ALGO] Actioner, sending action:CreateChildOrder(side=BUY,quantity=101,price=100)
19:07:23.233 [main] INFO  c.sequencer.consumer.LoggingConsumer - [23] [CreateOrder](sbeTemplateId=4|sbeSchemaId=2|sbeSchemaVersion=0|sbeBlockLength=33):instrumentId=0|price=100|quantity=101|side=BUY|orderId=23
19:07:23.233 [main] INFO  c.gettingstarted.MyAlgoLogic - [MYALGO] The state of the order book is:
|----BID-----||----ASK----|
   101 @ 100    100 @ 98
|------------||-----------|

19:07:23.233 [main] INFO  c.gettingstarted.MyAlgoLogic - [MYALGO] Algo Sees SheZa
19:07:23.233 [main] INFO  c.gettingstarted.MyAlgoLogic - [MYALGO] Algo Sees Book as:
|----BID-----||----ASK----|
   101 @ 100    100 @ 98
|------------||-----------|

19:07:23.233 [main] INFO  c.gettingstarted.MyAlgoLogic - [MYALGO] Have:22 children, want 45. Adding order for101@100
total order count is 22
19:07:23.233 [main] INFO  c.container.Actioner - [ALGO] Actioner, sending action:CreateChildOrder(side=BUY,quantity=101,price=100)
19:07:23.233 [main] INFO  c.sequencer.consumer.LoggingConsumer - [24] [CreateOrder](sbeTemplateId=4|sbeSchemaId=2|sbeSchemaVersion=0|sbeBlockLength=33):instrumentId=0|price=100|quantity=101|side=BUY|orderId=24
19:07:23.233 [main] INFO  c.gettingstarted.MyAlgoLogic - [MYALGO] The state of the order book is:
|----BID-----||----ASK----|
   101 @ 100    100 @ 98
|------------||-----------|

19:07:23.233 [main] INFO  c.gettingstarted.MyAlgoLogic - [MYALGO] Algo Sees SheZa
19:07:23.233 [main] INFO  c.gettingstarted.MyAlgoLogic - [MYALGO] Algo Sees Book as:
|----BID-----||----ASK----|
   101 @ 100    100 @ 98
|------------||-----------|

19:07:23.233 [main] INFO  c.gettingstarted.MyAlgoLogic - [MYALGO] Have:23 children, want 45. Adding order for101@100
total order count is 23
19:07:23.233 [main] INFO  c.container.Actioner - [ALGO] Actioner, sending action:CreateChildOrder(side=BUY,quantity=101,price=100)
19:07:23.233 [main] INFO  c.sequencer.consumer.LoggingConsumer - [25] [CreateOrder](sbeTemplateId=4|sbeSchemaId=2|sbeSchemaVersion=0|sbeBlockLength=33):instrumentId=0|price=100|quantity=101|side=BUY|orderId=25
19:07:23.233 [main] INFO  c.gettingstarted.MyAlgoLogic - [MYALGO] The state of the order book is:
|----BID-----||----ASK----|
   101 @ 100    100 @ 98
|------------||-----------|

19:07:23.233 [main] INFO  c.gettingstarted.MyAlgoLogic - [MYALGO] Algo Sees SheZa
19:07:23.233 [main] INFO  c.gettingstarted.MyAlgoLogic - [MYALGO] Algo Sees Book as:
|----BID-----||----ASK----|
   101 @ 100    100 @ 98
|------------||-----------|

19:07:23.233 [main] INFO  c.gettingstarted.MyAlgoLogic - [MYALGO] Have:24 children, want 45. Adding order for101@100
total order count is 24
19:07:23.233 [main] INFO  c.container.Actioner - [ALGO] Actioner, sending action:CreateChildOrder(side=BUY,quantity=101,price=100)
19:07:23.233 [main] INFO  c.sequencer.consumer.LoggingConsumer - [26] [CreateOrder](sbeTemplateId=4|sbeSchemaId=2|sbeSchemaVersion=0|sbeBlockLength=33):instrumentId=0|price=100|quantity=101|side=BUY|orderId=26
19:07:23.233 [main] INFO  c.gettingstarted.MyAlgoLogic - [MYALGO] The state of the order book is:
|----BID-----||----ASK----|
   101 @ 100    100 @ 98
|------------||-----------|

19:07:23.233 [main] INFO  c.gettingstarted.MyAlgoLogic - [MYALGO] Algo Sees SheZa
19:07:23.233 [main] INFO  c.gettingstarted.MyAlgoLogic - [MYALGO] Algo Sees Book as:
|----BID-----||----ASK----|
   101 @ 100    100 @ 98
|------------||-----------|

19:07:23.233 [main] INFO  c.gettingstarted.MyAlgoLogic - [MYALGO] Have:25 children, want 45. Adding order for101@100
total order count is 25
19:07:23.233 [main] INFO  c.container.Actioner - [ALGO] Actioner, sending action:CreateChildOrder(side=BUY,quantity=101,price=100)
19:07:23.233 [main] INFO  c.sequencer.consumer.LoggingConsumer - [27] [CreateOrder](sbeTemplateId=4|sbeSchemaId=2|sbeSchemaVersion=0|sbeBlockLength=33):instrumentId=0|price=100|quantity=101|side=BUY|orderId=27
19:07:23.233 [main] INFO  c.gettingstarted.MyAlgoLogic - [MYALGO] The state of the order book is:
|----BID-----||----ASK----|
   101 @ 100    100 @ 98
|------------||-----------|

19:07:23.233 [main] INFO  c.gettingstarted.MyAlgoLogic - [MYALGO] Algo Sees SheZa
19:07:23.233 [main] INFO  c.gettingstarted.MyAlgoLogic - [MYALGO] Algo Sees Book as:
|----BID-----||----ASK----|
   101 @ 100    100 @ 98
|------------||-----------|

19:07:23.234 [main] INFO  c.gettingstarted.MyAlgoLogic - [MYALGO] Have:26 children, want 45. Adding order for101@100
total order count is 26
19:07:23.234 [main] INFO  c.container.Actioner - [ALGO] Actioner, sending action:CreateChildOrder(side=BUY,quantity=101,price=100)
19:07:23.234 [main] INFO  c.sequencer.consumer.LoggingConsumer - [28] [CreateOrder](sbeTemplateId=4|sbeSchemaId=2|sbeSchemaVersion=0|sbeBlockLength=33):instrumentId=0|price=100|quantity=101|side=BUY|orderId=28
19:07:23.234 [main] INFO  c.gettingstarted.MyAlgoLogic - [MYALGO] The state of the order book is:
|----BID-----||----ASK----|
   101 @ 100    100 @ 98
|------------||-----------|

19:07:23.234 [main] INFO  c.gettingstarted.MyAlgoLogic - [MYALGO] Algo Sees SheZa
19:07:23.234 [main] INFO  c.gettingstarted.MyAlgoLogic - [MYALGO] Algo Sees Book as:
|----BID-----||----ASK----|
   101 @ 100    100 @ 98
|------------||-----------|

19:07:23.234 [main] INFO  c.gettingstarted.MyAlgoLogic - [MYALGO] Have:27 children, want 45. Adding order for101@100
total order count is 27
19:07:23.234 [main] INFO  c.container.Actioner - [ALGO] Actioner, sending action:CreateChildOrder(side=BUY,quantity=101,price=100)
19:07:23.234 [main] INFO  c.sequencer.consumer.LoggingConsumer - [29] [CreateOrder](sbeTemplateId=4|sbeSchemaId=2|sbeSchemaVersion=0|sbeBlockLength=33):instrumentId=0|price=100|quantity=101|side=BUY|orderId=29
19:07:23.234 [main] INFO  c.gettingstarted.MyAlgoLogic - [MYALGO] The state of the order book is:
|----BID-----||----ASK----|
   101 @ 100    100 @ 98
|------------||-----------|

19:07:23.234 [main] INFO  c.gettingstarted.MyAlgoLogic - [MYALGO] Algo Sees SheZa
19:07:23.234 [main] INFO  c.gettingstarted.MyAlgoLogic - [MYALGO] Algo Sees Book as:
|----BID-----||----ASK----|
   101 @ 100    100 @ 98
|------------||-----------|

19:07:23.234 [main] INFO  c.gettingstarted.MyAlgoLogic - [MYALGO] Have:28 children, want 45. Adding order for101@100
total order count is 28
19:07:23.234 [main] INFO  c.container.Actioner - [ALGO] Actioner, sending action:CreateChildOrder(side=BUY,quantity=101,price=100)
19:07:23.234 [main] INFO  c.sequencer.consumer.LoggingConsumer - [30] [CreateOrder](sbeTemplateId=4|sbeSchemaId=2|sbeSchemaVersion=0|sbeBlockLength=33):instrumentId=0|price=100|quantity=101|side=BUY|orderId=30
19:07:23.234 [main] INFO  c.gettingstarted.MyAlgoLogic - [MYALGO] The state of the order book is:
|----BID-----||----ASK----|
   101 @ 100    100 @ 98
|------------||-----------|

19:07:23.234 [main] INFO  c.gettingstarted.MyAlgoLogic - [MYALGO] Algo Sees SheZa
19:07:23.234 [main] INFO  c.gettingstarted.MyAlgoLogic - [MYALGO] Algo Sees Book as:
|----BID-----||----ASK----|
   101 @ 100    100 @ 98
|------------||-----------|

19:07:23.234 [main] INFO  c.gettingstarted.MyAlgoLogic - [MYALGO] Have:29 children, want 45. Adding order for101@100
total order count is 29
19:07:23.234 [main] INFO  c.container.Actioner - [ALGO] Actioner, sending action:CreateChildOrder(side=BUY,quantity=101,price=100)
19:07:23.234 [main] INFO  c.sequencer.consumer.LoggingConsumer - [31] [CreateOrder](sbeTemplateId=4|sbeSchemaId=2|sbeSchemaVersion=0|sbeBlockLength=33):instrumentId=0|price=100|quantity=101|side=BUY|orderId=31
19:07:23.234 [main] INFO  c.gettingstarted.MyAlgoLogic - [MYALGO] The state of the order book is:
|----BID-----||----ASK----|
   101 @ 100    100 @ 98
|------------||-----------|

19:07:23.234 [main] INFO  c.gettingstarted.MyAlgoLogic - [MYALGO] Algo Sees SheZa
19:07:23.234 [main] INFO  c.gettingstarted.MyAlgoLogic - [MYALGO] Algo Sees Book as:
|----BID-----||----ASK----|
   101 @ 100    100 @ 98
|------------||-----------|

19:07:23.234 [main] INFO  c.gettingstarted.MyAlgoLogic - [MYALGO] Have:30 children, want 45. Adding order for101@100
total order count is 30
19:07:23.234 [main] INFO  c.container.Actioner - [ALGO] Actioner, sending action:CreateChildOrder(side=BUY,quantity=101,price=100)
19:07:23.234 [main] INFO  c.sequencer.consumer.LoggingConsumer - [32] [CreateOrder](sbeTemplateId=4|sbeSchemaId=2|sbeSchemaVersion=0|sbeBlockLength=33):instrumentId=0|price=100|quantity=101|side=BUY|orderId=32
19:07:23.234 [main] INFO  c.gettingstarted.MyAlgoLogic - [MYALGO] The state of the order book is:
|----BID-----||----ASK----|
   101 @ 100    100 @ 98
|------------||-----------|

19:07:23.234 [main] INFO  c.gettingstarted.MyAlgoLogic - [MYALGO] Algo Sees SheZa
19:07:23.234 [main] INFO  c.gettingstarted.MyAlgoLogic - [MYALGO] Algo Sees Book as:
|----BID-----||----ASK----|
   101 @ 100    100 @ 98
|------------||-----------|

19:07:23.234 [main] INFO  c.gettingstarted.MyAlgoLogic - [MYALGO] Have:31 children, want 45. Adding order for101@100
total order count is 31
19:07:23.234 [main] INFO  c.container.Actioner - [ALGO] Actioner, sending action:CreateChildOrder(side=BUY,quantity=101,price=100)
19:07:23.234 [main] INFO  c.sequencer.consumer.LoggingConsumer - [33] [CreateOrder](sbeTemplateId=4|sbeSchemaId=2|sbeSchemaVersion=0|sbeBlockLength=33):instrumentId=0|price=100|quantity=101|side=BUY|orderId=33
19:07:23.234 [main] INFO  c.gettingstarted.MyAlgoLogic - [MYALGO] The state of the order book is:
|----BID-----||----ASK----|
   101 @ 100    100 @ 98
|------------||-----------|

19:07:23.234 [main] INFO  c.gettingstarted.MyAlgoLogic - [MYALGO] Algo Sees SheZa
19:07:23.234 [main] INFO  c.gettingstarted.MyAlgoLogic - [MYALGO] Algo Sees Book as:
|----BID-----||----ASK----|
   101 @ 100    100 @ 98
|------------||-----------|

19:07:23.234 [main] INFO  c.gettingstarted.MyAlgoLogic - [MYALGO] Have:32 children, want 45. Adding order for101@100
total order count is 32
19:07:23.234 [main] INFO  c.container.Actioner - [ALGO] Actioner, sending action:CreateChildOrder(side=BUY,quantity=101,price=100)
19:07:23.234 [main] INFO  c.sequencer.consumer.LoggingConsumer - [34] [CreateOrder](sbeTemplateId=4|sbeSchemaId=2|sbeSchemaVersion=0|sbeBlockLength=33):instrumentId=0|price=100|quantity=101|side=BUY|orderId=34
19:07:23.234 [main] INFO  c.gettingstarted.MyAlgoLogic - [MYALGO] The state of the order book is:
|----BID-----||----ASK----|
   101 @ 100    100 @ 98
|------------||-----------|

19:07:23.234 [main] INFO  c.gettingstarted.MyAlgoLogic - [MYALGO] Algo Sees SheZa
19:07:23.234 [main] INFO  c.gettingstarted.MyAlgoLogic - [MYALGO] Algo Sees Book as:
|----BID-----||----ASK----|
   101 @ 100    100 @ 98
|------------||-----------|

19:07:23.234 [main] INFO  c.gettingstarted.MyAlgoLogic - [MYALGO] Have:33 children, want 45. Adding order for101@100
total order count is 33
19:07:23.234 [main] INFO  c.container.Actioner - [ALGO] Actioner, sending action:CreateChildOrder(side=BUY,quantity=101,price=100)
19:07:23.234 [main] INFO  c.sequencer.consumer.LoggingConsumer - [35] [CreateOrder](sbeTemplateId=4|sbeSchemaId=2|sbeSchemaVersion=0|sbeBlockLength=33):instrumentId=0|price=100|quantity=101|side=BUY|orderId=35
19:07:23.234 [main] INFO  c.gettingstarted.MyAlgoLogic - [MYALGO] The state of the order book is:
|----BID-----||----ASK----|
   101 @ 100    100 @ 98
|------------||-----------|

19:07:23.234 [main] INFO  c.gettingstarted.MyAlgoLogic - [MYALGO] Algo Sees SheZa
19:07:23.234 [main] INFO  c.gettingstarted.MyAlgoLogic - [MYALGO] Algo Sees Book as:
|----BID-----||----ASK----|
   101 @ 100    100 @ 98
|------------||-----------|

19:07:23.234 [main] INFO  c.gettingstarted.MyAlgoLogic - [MYALGO] Have:34 children, want 45. Adding order for101@100
total order count is 34
19:07:23.234 [main] INFO  c.container.Actioner - [ALGO] Actioner, sending action:CreateChildOrder(side=BUY,quantity=101,price=100)
19:07:23.234 [main] INFO  c.sequencer.consumer.LoggingConsumer - [36] [CreateOrder](sbeTemplateId=4|sbeSchemaId=2|sbeSchemaVersion=0|sbeBlockLength=33):instrumentId=0|price=100|quantity=101|side=BUY|orderId=36
19:07:23.234 [main] INFO  c.gettingstarted.MyAlgoLogic - [MYALGO] The state of the order book is:
|----BID-----||----ASK----|
   101 @ 100    100 @ 98
|------------||-----------|

19:07:23.234 [main] INFO  c.gettingstarted.MyAlgoLogic - [MYALGO] Algo Sees SheZa
19:07:23.234 [main] INFO  c.gettingstarted.MyAlgoLogic - [MYALGO] Algo Sees Book as:
|----BID-----||----ASK----|
   101 @ 100    100 @ 98
|------------||-----------|

19:07:23.234 [main] INFO  c.gettingstarted.MyAlgoLogic - [MYALGO] Have:35 children, want 45. Adding order for101@100
total order count is 35
19:07:23.234 [main] INFO  c.container.Actioner - [ALGO] Actioner, sending action:CreateChildOrder(side=BUY,quantity=101,price=100)
19:07:23.234 [main] INFO  c.sequencer.consumer.LoggingConsumer - [37] [CreateOrder](sbeTemplateId=4|sbeSchemaId=2|sbeSchemaVersion=0|sbeBlockLength=33):instrumentId=0|price=100|quantity=101|side=BUY|orderId=37
19:07:23.234 [main] INFO  c.gettingstarted.MyAlgoLogic - [MYALGO] The state of the order book is:
|----BID-----||----ASK----|
   101 @ 100    100 @ 98
|------------||-----------|

19:07:23.234 [main] INFO  c.gettingstarted.MyAlgoLogic - [MYALGO] Algo Sees SheZa
19:07:23.234 [main] INFO  c.gettingstarted.MyAlgoLogic - [MYALGO] Algo Sees Book as:
|----BID-----||----ASK----|
   101 @ 100    100 @ 98
|------------||-----------|

19:07:23.234 [main] INFO  c.gettingstarted.MyAlgoLogic - [MYALGO] Have:36 children, want 45. Adding order for101@100
total order count is 36
19:07:23.234 [main] INFO  c.container.Actioner - [ALGO] Actioner, sending action:CreateChildOrder(side=BUY,quantity=101,price=100)
19:07:23.234 [main] INFO  c.sequencer.consumer.LoggingConsumer - [38] [CreateOrder](sbeTemplateId=4|sbeSchemaId=2|sbeSchemaVersion=0|sbeBlockLength=33):instrumentId=0|price=100|quantity=101|side=BUY|orderId=38
19:07:23.234 [main] INFO  c.gettingstarted.MyAlgoLogic - [MYALGO] The state of the order book is:
|----BID-----||----ASK----|
   101 @ 100    100 @ 98
|------------||-----------|

19:07:23.234 [main] INFO  c.gettingstarted.MyAlgoLogic - [MYALGO] Algo Sees SheZa
19:07:23.234 [main] INFO  c.gettingstarted.MyAlgoLogic - [MYALGO] Algo Sees Book as:
|----BID-----||----ASK----|
   101 @ 100    100 @ 98
|------------||-----------|

19:07:23.234 [main] INFO  c.gettingstarted.MyAlgoLogic - [MYALGO] Have:37 children, want 45. Adding order for101@100
total order count is 37
19:07:23.234 [main] INFO  c.container.Actioner - [ALGO] Actioner, sending action:CreateChildOrder(side=BUY,quantity=101,price=100)
19:07:23.234 [main] INFO  c.sequencer.consumer.LoggingConsumer - [39] [CreateOrder](sbeTemplateId=4|sbeSchemaId=2|sbeSchemaVersion=0|sbeBlockLength=33):instrumentId=0|price=100|quantity=101|side=BUY|orderId=39
19:07:23.234 [main] INFO  c.gettingstarted.MyAlgoLogic - [MYALGO] The state of the order book is:
|----BID-----||----ASK----|
   101 @ 100    100 @ 98
|------------||-----------|

19:07:23.234 [main] INFO  c.gettingstarted.MyAlgoLogic - [MYALGO] Algo Sees SheZa
19:07:23.234 [main] INFO  c.gettingstarted.MyAlgoLogic - [MYALGO] Algo Sees Book as:
|----BID-----||----ASK----|
   101 @ 100    100 @ 98
|------------||-----------|

19:07:23.234 [main] INFO  c.gettingstarted.MyAlgoLogic - [MYALGO] Have:38 children, want 45. Adding order for101@100
total order count is 38
19:07:23.234 [main] INFO  c.container.Actioner - [ALGO] Actioner, sending action:CreateChildOrder(side=BUY,quantity=101,price=100)
19:07:23.234 [main] INFO  c.sequencer.consumer.LoggingConsumer - [40] [CreateOrder](sbeTemplateId=4|sbeSchemaId=2|sbeSchemaVersion=0|sbeBlockLength=33):instrumentId=0|price=100|quantity=101|side=BUY|orderId=40
19:07:23.234 [main] INFO  c.gettingstarted.MyAlgoLogic - [MYALGO] The state of the order book is:
|----BID-----||----ASK----|
   101 @ 100    100 @ 98
|------------||-----------|

19:07:23.234 [main] INFO  c.gettingstarted.MyAlgoLogic - [MYALGO] Algo Sees SheZa
19:07:23.234 [main] INFO  c.gettingstarted.MyAlgoLogic - [MYALGO] Algo Sees Book as:
|----BID-----||----ASK----|
   101 @ 100    100 @ 98
|------------||-----------|

19:07:23.234 [main] INFO  c.gettingstarted.MyAlgoLogic - [MYALGO] Have:39 children, want 45. Adding order for101@100
total order count is 39
19:07:23.234 [main] INFO  c.container.Actioner - [ALGO] Actioner, sending action:CreateChildOrder(side=BUY,quantity=101,price=100)
19:07:23.234 [main] INFO  c.sequencer.consumer.LoggingConsumer - [41] [CreateOrder](sbeTemplateId=4|sbeSchemaId=2|sbeSchemaVersion=0|sbeBlockLength=33):instrumentId=0|price=100|quantity=101|side=BUY|orderId=41
19:07:23.234 [main] INFO  c.gettingstarted.MyAlgoLogic - [MYALGO] The state of the order book is:
|----BID-----||----ASK----|
   101 @ 100    100 @ 98
|------------||-----------|

19:07:23.234 [main] INFO  c.gettingstarted.MyAlgoLogic - [MYALGO] Algo Sees SheZa
19:07:23.234 [main] INFO  c.gettingstarted.MyAlgoLogic - [MYALGO] Algo Sees Book as:
|----BID-----||----ASK----|
   101 @ 100    100 @ 98
|------------||-----------|

19:07:23.234 [main] INFO  c.gettingstarted.MyAlgoLogic - [MYALGO] Have:40 children, want 45. Adding order for101@100
total order count is 40
19:07:23.234 [main] INFO  c.container.Actioner - [ALGO] Actioner, sending action:CreateChildOrder(side=BUY,quantity=101,price=100)
19:07:23.234 [main] INFO  c.sequencer.consumer.LoggingConsumer - [42] [CreateOrder](sbeTemplateId=4|sbeSchemaId=2|sbeSchemaVersion=0|sbeBlockLength=33):instrumentId=0|price=100|quantity=101|side=BUY|orderId=42
19:07:23.234 [main] INFO  c.gettingstarted.MyAlgoLogic - [MYALGO] The state of the order book is:
|----BID-----||----ASK----|
   101 @ 100    100 @ 98
|------------||-----------|

19:07:23.234 [main] INFO  c.gettingstarted.MyAlgoLogic - [MYALGO] Algo Sees SheZa
19:07:23.234 [main] INFO  c.gettingstarted.MyAlgoLogic - [MYALGO] Algo Sees Book as:
|----BID-----||----ASK----|
   101 @ 100    100 @ 98
|------------||-----------|

19:07:23.234 [main] INFO  c.gettingstarted.MyAlgoLogic - [MYALGO] Have:41 children, want 45. Adding order for101@100
total order count is 41
19:07:23.234 [main] INFO  c.container.Actioner - [ALGO] Actioner, sending action:CreateChildOrder(side=BUY,quantity=101,price=100)
19:07:23.234 [main] INFO  c.sequencer.consumer.LoggingConsumer - [43] [CreateOrder](sbeTemplateId=4|sbeSchemaId=2|sbeSchemaVersion=0|sbeBlockLength=33):instrumentId=0|price=100|quantity=101|side=BUY|orderId=43
19:07:23.234 [main] INFO  c.gettingstarted.MyAlgoLogic - [MYALGO] The state of the order book is:
|----BID-----||----ASK----|
   101 @ 100    100 @ 98
|------------||-----------|

19:07:23.234 [main] INFO  c.gettingstarted.MyAlgoLogic - [MYALGO] Algo Sees SheZa
19:07:23.234 [main] INFO  c.gettingstarted.MyAlgoLogic - [MYALGO] Algo Sees Book as:
|----BID-----||----ASK----|
   101 @ 100    100 @ 98
|------------||-----------|

19:07:23.234 [main] INFO  c.gettingstarted.MyAlgoLogic - [MYALGO] Have:42 children, want 45. Adding order for101@100
total order count is 42
19:07:23.234 [main] INFO  c.container.Actioner - [ALGO] Actioner, sending action:CreateChildOrder(side=BUY,quantity=101,price=100)
19:07:23.234 [main] INFO  c.sequencer.consumer.LoggingConsumer - [44] [CreateOrder](sbeTemplateId=4|sbeSchemaId=2|sbeSchemaVersion=0|sbeBlockLength=33):instrumentId=0|price=100|quantity=101|side=BUY|orderId=44
19:07:23.234 [main] INFO  c.gettingstarted.MyAlgoLogic - [MYALGO] The state of the order book is:
|----BID-----||----ASK----|
   101 @ 100    100 @ 98
|------------||-----------|

19:07:23.234 [main] INFO  c.gettingstarted.MyAlgoLogic - [MYALGO] Algo Sees SheZa
19:07:23.234 [main] INFO  c.gettingstarted.MyAlgoLogic - [MYALGO] Algo Sees Book as:
|----BID-----||----ASK----|
   101 @ 100    100 @ 98
|------------||-----------|

19:07:23.234 [main] INFO  c.gettingstarted.MyAlgoLogic - [MYALGO] Have:43 children, want 45. Adding order for101@100
total order count is 43
19:07:23.234 [main] INFO  c.container.Actioner - [ALGO] Actioner, sending action:CreateChildOrder(side=BUY,quantity=101,price=100)
19:07:23.234 [main] INFO  c.sequencer.consumer.LoggingConsumer - [45] [CreateOrder](sbeTemplateId=4|sbeSchemaId=2|sbeSchemaVersion=0|sbeBlockLength=33):instrumentId=0|price=100|quantity=101|side=BUY|orderId=45
19:07:23.234 [main] INFO  c.gettingstarted.MyAlgoLogic - [MYALGO] The state of the order book is:
|----BID-----||----ASK----|
   101 @ 100    100 @ 98
|------------||-----------|

19:07:23.234 [main] INFO  c.gettingstarted.MyAlgoLogic - [MYALGO] Algo Sees SheZa
19:07:23.234 [main] INFO  c.gettingstarted.MyAlgoLogic - [MYALGO] Algo Sees Book as:
|----BID-----||----ASK----|
   101 @ 100    100 @ 98
|------------||-----------|

19:07:23.234 [main] INFO  c.gettingstarted.MyAlgoLogic - [MYALGO] Have:44 children, want 45. Adding order for101@100
total order count is 44
19:07:23.234 [main] INFO  c.container.Actioner - [ALGO] Actioner, sending action:CreateChildOrder(side=BUY,quantity=101,price=100)
19:07:23.234 [main] INFO  c.sequencer.consumer.LoggingConsumer - [46] [CreateOrder](sbeTemplateId=4|sbeSchemaId=2|sbeSchemaVersion=0|sbeBlockLength=33):instrumentId=0|price=100|quantity=101|side=BUY|orderId=46
19:07:23.234 [main] INFO  c.gettingstarted.MyAlgoLogic - [MYALGO] The state of the order book is:
|----BID-----||----ASK----|
   101 @ 100    100 @ 98
|------------||-----------|

19:07:23.234 [main] INFO  c.gettingstarted.MyAlgoLogic - [MYALGO] Algo Sees SheZa
19:07:23.234 [main] INFO  c.gettingstarted.MyAlgoLogic - [MYALGO] Algo Sees Book as:
|----BID-----||----ASK----|
   101 @ 100    100 @ 98
|------------||-----------|

19:07:23.234 [main] INFO  c.gettingstarted.MyAlgoLogic - [MYALGO] Have:45 children, want 5, done.
19:07:23.234 [main] INFO  c.gettingstarted.MyAlgoLogic - [MYALGO] active orders are 45
19:07:23.234 [main] INFO  c.gettingstarted.MyAlgoLogic - [MYALGO] Cancelling order:codingblackfemales.sotw.ChildOrder@6ff29830
19:07:23.234 [main] INFO  c.gettingstarted.MyAlgoLogic - [MYALGO] option is present, number of active orders are 45
19:07:23.234 [main] INFO  c.container.Actioner - [ALGO] Actioner, sending action:CancelChildOrder(codingblackfemales.sotw.ChildOrder@6ff29830)
19:07:23.234 [main] INFO  c.sequencer.consumer.LoggingConsumer - [47] [CancelOrder](sbeTemplateId=5|sbeSchemaId=2|sbeSchemaVersion=0|sbeBlockLength=8):orderId=2
19:07:23.234 [main] INFO  c.gettingstarted.MyAlgoLogic - [MYALGO] The state of the order book is:
|----BID-----||----ASK----|
   101 @ 100    100 @ 98
|------------||-----------|

19:07:23.234 [main] INFO  c.gettingstarted.MyAlgoLogic - [MYALGO] Algo Sees SheZa
19:07:23.234 [main] INFO  c.gettingstarted.MyAlgoLogic - [MYALGO] Algo Sees Book as:
|----BID-----||----ASK----|
   101 @ 100    100 @ 98
|------------||-----------|

19:07:23.234 [main] INFO  c.gettingstarted.MyAlgoLogic - [MYALGO] Have:44 children, want 5, done.
19:07:23.234 [main] INFO  c.gettingstarted.MyAlgoLogic - [MYALGO] active orders are 44
19:07:23.234 [main] INFO  c.gettingstarted.MyAlgoLogic - [MYALGO] Cancelling order:codingblackfemales.sotw.ChildOrder@6a2b953e
19:07:23.234 [main] INFO  c.gettingstarted.MyAlgoLogic - [MYALGO] option is present, number of active orders are 44
19:07:23.234 [main] INFO  c.container.Actioner - [ALGO] Actioner, sending action:CancelChildOrder(codingblackfemales.sotw.ChildOrder@6a2b953e)
19:07:23.234 [main] INFO  c.sequencer.consumer.LoggingConsumer - [48] [CancelOrder](sbeTemplateId=5|sbeSchemaId=2|sbeSchemaVersion=0|sbeBlockLength=8):orderId=3
19:07:23.234 [main] INFO  c.gettingstarted.MyAlgoLogic - [MYALGO] The state of the order book is:
|----BID-----||----ASK----|
   101 @ 100    100 @ 98
|------------||-----------|

19:07:23.234 [main] INFO  c.gettingstarted.MyAlgoLogic - [MYALGO] Algo Sees SheZa
19:07:23.234 [main] INFO  c.gettingstarted.MyAlgoLogic - [MYALGO] Algo Sees Book as:
|----BID-----||----ASK----|
   101 @ 100    100 @ 98
|------------||-----------|

19:07:23.234 [main] INFO  c.gettingstarted.MyAlgoLogic - [MYALGO] Have:43 children, want 5, done.
19:07:23.234 [main] INFO  c.gettingstarted.MyAlgoLogic - [MYALGO] active orders are 43
19:07:23.234 [main] INFO  c.gettingstarted.MyAlgoLogic - [MYALGO] Cancelling order:codingblackfemales.sotw.ChildOrder@313b2ea6
19:07:23.234 [main] INFO  c.gettingstarted.MyAlgoLogic - [MYALGO] option is present, number of active orders are 43
19:07:23.234 [main] INFO  c.container.Actioner - [ALGO] Actioner, sending action:CancelChildOrder(codingblackfemales.sotw.ChildOrder@313b2ea6)
19:07:23.234 [main] INFO  c.sequencer.consumer.LoggingConsumer - [49] [CancelOrder](sbeTemplateId=5|sbeSchemaId=2|sbeSchemaVersion=0|sbeBlockLength=8):orderId=4
19:07:23.234 [main] INFO  c.gettingstarted.MyAlgoLogic - [MYALGO] The state of the order book is:
|----BID-----||----ASK----|
   101 @ 100    100 @ 98
|------------||-----------|

19:07:23.234 [main] INFO  c.gettingstarted.MyAlgoLogic - [MYALGO] Algo Sees SheZa
19:07:23.234 [main] INFO  c.gettingstarted.MyAlgoLogic - [MYALGO] Algo Sees Book as:
|----BID-----||----ASK----|
   101 @ 100    100 @ 98
|------------||-----------|

19:07:23.234 [main] INFO  c.gettingstarted.MyAlgoLogic - [MYALGO] Have:42 children, want 5, done.
19:07:23.234 [main] INFO  c.gettingstarted.MyAlgoLogic - [MYALGO] active orders are 42
19:07:23.234 [main] INFO  c.gettingstarted.MyAlgoLogic - [MYALGO] Cancelling order:codingblackfemales.sotw.ChildOrder@2f465398
19:07:23.234 [main] INFO  c.gettingstarted.MyAlgoLogic - [MYALGO] option is present, number of active orders are 42
19:07:23.234 [main] INFO  c.container.Actioner - [ALGO] Actioner, sending action:CancelChildOrder(codingblackfemales.sotw.ChildOrder@2f465398)
19:07:23.234 [main] INFO  c.sequencer.consumer.LoggingConsumer - [50] [CancelOrder](sbeTemplateId=5|sbeSchemaId=2|sbeSchemaVersion=0|sbeBlockLength=8):orderId=5
19:07:23.234 [main] INFO  c.gettingstarted.MyAlgoLogic - [MYALGO] The state of the order book is:
|----BID-----||----ASK----|
   101 @ 100    100 @ 98
|------------||-----------|

19:07:23.234 [main] INFO  c.gettingstarted.MyAlgoLogic - [MYALGO] Algo Sees SheZa
19:07:23.234 [main] INFO  c.gettingstarted.MyAlgoLogic - [MYALGO] Algo Sees Book as:
|----BID-----||----ASK----|
   101 @ 100    100 @ 98
|------------||-----------|

19:07:23.234 [main] INFO  c.gettingstarted.MyAlgoLogic - [MYALGO] Have:41 children, want 5, done.
19:07:23.234 [main] INFO  c.gettingstarted.MyAlgoLogic - [MYALGO] active orders are 41
19:07:23.234 [main] INFO  c.gettingstarted.MyAlgoLogic - [MYALGO] Cancelling order:codingblackfemales.sotw.ChildOrder@548e6d58
19:07:23.234 [main] INFO  c.gettingstarted.MyAlgoLogic - [MYALGO] option is present, number of active orders are 41
19:07:23.234 [main] INFO  c.container.Actioner - [ALGO] Actioner, sending action:CancelChildOrder(codingblackfemales.sotw.ChildOrder@548e6d58)
19:07:23.234 [main] INFO  c.sequencer.consumer.LoggingConsumer - [51] [CancelOrder](sbeTemplateId=5|sbeSchemaId=2|sbeSchemaVersion=0|sbeBlockLength=8):orderId=6
19:07:23.234 [main] INFO  c.gettingstarted.MyAlgoLogic - [MYALGO] The state of the order book is:
|----BID-----||----ASK----|
   101 @ 100    100 @ 98
|------------||-----------|

19:07:23.234 [main] INFO  c.gettingstarted.MyAlgoLogic - [MYALGO] Algo Sees SheZa
19:07:23.234 [main] INFO  c.gettingstarted.MyAlgoLogic - [MYALGO] Algo Sees Book as:
|----BID-----||----ASK----|
   101 @ 100    100 @ 98
|------------||-----------|

19:07:23.234 [main] INFO  c.gettingstarted.MyAlgoLogic - [MYALGO] Have:40 children, want 5, done.
19:07:23.234 [main] INFO  c.gettingstarted.MyAlgoLogic - [MYALGO] active orders are 40
19:07:23.234 [main] INFO  c.gettingstarted.MyAlgoLogic - [MYALGO] Cancelling order:codingblackfemales.sotw.ChildOrder@623a8092
19:07:23.234 [main] INFO  c.gettingstarted.MyAlgoLogic - [MYALGO] option is present, number of active orders are 40
19:07:23.234 [main] INFO  c.container.Actioner - [ALGO] Actioner, sending action:CancelChildOrder(codingblackfemales.sotw.ChildOrder@623a8092)
19:07:23.234 [main] INFO  c.sequencer.consumer.LoggingConsumer - [52] [CancelOrder](sbeTemplateId=5|sbeSchemaId=2|sbeSchemaVersion=0|sbeBlockLength=8):orderId=7
19:07:23.234 [main] INFO  c.gettingstarted.MyAlgoLogic - [MYALGO] The state of the order book is:
|----BID-----||----ASK----|
   101 @ 100    100 @ 98
|------------||-----------|

19:07:23.234 [main] INFO  c.gettingstarted.MyAlgoLogic - [MYALGO] Algo Sees SheZa
19:07:23.234 [main] INFO  c.gettingstarted.MyAlgoLogic - [MYALGO] Algo Sees Book as:
|----BID-----||----ASK----|
   101 @ 100    100 @ 98
|------------||-----------|

19:07:23.234 [main] INFO  c.gettingstarted.MyAlgoLogic - [MYALGO] Have:39 children, want 5, done.
19:07:23.234 [main] INFO  c.gettingstarted.MyAlgoLogic - [MYALGO] active orders are 39
19:07:23.234 [main] INFO  c.gettingstarted.MyAlgoLogic - [MYALGO] Cancelling order:codingblackfemales.sotw.ChildOrder@a1cdc6d
19:07:23.234 [main] INFO  c.gettingstarted.MyAlgoLogic - [MYALGO] option is present, number of active orders are 39
19:07:23.234 [main] INFO  c.container.Actioner - [ALGO] Actioner, sending action:CancelChildOrder(codingblackfemales.sotw.ChildOrder@a1cdc6d)
19:07:23.234 [main] INFO  c.sequencer.consumer.LoggingConsumer - [53] [CancelOrder](sbeTemplateId=5|sbeSchemaId=2|sbeSchemaVersion=0|sbeBlockLength=8):orderId=8
19:07:23.234 [main] INFO  c.gettingstarted.MyAlgoLogic - [MYALGO] The state of the order book is:
|----BID-----||----ASK----|
   101 @ 100    100 @ 98
|------------||-----------|

19:07:23.234 [main] INFO  c.gettingstarted.MyAlgoLogic - [MYALGO] Algo Sees SheZa
19:07:23.234 [main] INFO  c.gettingstarted.MyAlgoLogic - [MYALGO] Algo Sees Book as:
|----BID-----||----ASK----|
   101 @ 100    100 @ 98
|------------||-----------|

19:07:23.234 [main] INFO  c.gettingstarted.MyAlgoLogic - [MYALGO] Have:38 children, want 5, done.
19:07:23.234 [main] INFO  c.gettingstarted.MyAlgoLogic - [MYALGO] active orders are 38
19:07:23.234 [main] INFO  c.gettingstarted.MyAlgoLogic - [MYALGO] Cancelling order:codingblackfemales.sotw.ChildOrder@175b9425
19:07:23.234 [main] INFO  c.gettingstarted.MyAlgoLogic - [MYALGO] option is present, number of active orders are 38
19:07:23.234 [main] INFO  c.container.Actioner - [ALGO] Actioner, sending action:CancelChildOrder(codingblackfemales.sotw.ChildOrder@175b9425)
19:07:23.234 [main] INFO  c.sequencer.consumer.LoggingConsumer - [54] [CancelOrder](sbeTemplateId=5|sbeSchemaId=2|sbeSchemaVersion=0|sbeBlockLength=8):orderId=9
19:07:23.234 [main] INFO  c.gettingstarted.MyAlgoLogic - [MYALGO] The state of the order book is:
|----BID-----||----ASK----|
   101 @ 100    100 @ 98
|------------||-----------|

19:07:23.234 [main] INFO  c.gettingstarted.MyAlgoLogic - [MYALGO] Algo Sees SheZa
19:07:23.234 [main] INFO  c.gettingstarted.MyAlgoLogic - [MYALGO] Algo Sees Book as:
|----BID-----||----ASK----|
   101 @ 100    100 @ 98
|------------||-----------|

19:07:23.234 [main] INFO  c.gettingstarted.MyAlgoLogic - [MYALGO] Have:37 children, want 5, done.
19:07:23.234 [main] INFO  c.gettingstarted.MyAlgoLogic - [MYALGO] active orders are 37
19:07:23.234 [main] INFO  c.gettingstarted.MyAlgoLogic - [MYALGO] Cancelling order:codingblackfemales.sotw.ChildOrder@3098cf3b
19:07:23.234 [main] INFO  c.gettingstarted.MyAlgoLogic - [MYALGO] option is present, number of active orders are 37
19:07:23.234 [main] INFO  c.container.Actioner - [ALGO] Actioner, sending action:CancelChildOrder(codingblackfemales.sotw.ChildOrder@3098cf3b)
19:07:23.234 [main] INFO  c.sequencer.consumer.LoggingConsumer - [55] [CancelOrder](sbeTemplateId=5|sbeSchemaId=2|sbeSchemaVersion=0|sbeBlockLength=8):orderId=10
19:07:23.234 [main] INFO  c.gettingstarted.MyAlgoLogic - [MYALGO] The state of the order book is:
|----BID-----||----ASK----|
   101 @ 100    100 @ 98
|------------||-----------|

19:07:23.234 [main] INFO  c.gettingstarted.MyAlgoLogic - [MYALGO] Algo Sees SheZa
19:07:23.234 [main] INFO  c.gettingstarted.MyAlgoLogic - [MYALGO] Algo Sees Book as:
|----BID-----||----ASK----|
   101 @ 100    100 @ 98
|------------||-----------|

19:07:23.234 [main] INFO  c.gettingstarted.MyAlgoLogic - [MYALGO] Have:36 children, want 5, done.
19:07:23.234 [main] INFO  c.gettingstarted.MyAlgoLogic - [MYALGO] active orders are 36
19:07:23.234 [main] INFO  c.gettingstarted.MyAlgoLogic - [MYALGO] Cancelling order:codingblackfemales.sotw.ChildOrder@610f7aa
19:07:23.234 [main] INFO  c.gettingstarted.MyAlgoLogic - [MYALGO] option is present, number of active orders are 36
19:07:23.234 [main] INFO  c.container.Actioner - [ALGO] Actioner, sending action:CancelChildOrder(codingblackfemales.sotw.ChildOrder@610f7aa)
19:07:23.234 [main] INFO  c.sequencer.consumer.LoggingConsumer - [56] [CancelOrder](sbeTemplateId=5|sbeSchemaId=2|sbeSchemaVersion=0|sbeBlockLength=8):orderId=11
19:07:23.234 [main] INFO  c.gettingstarted.MyAlgoLogic - [MYALGO] The state of the order book is:
|----BID-----||----ASK----|
   101 @ 100    100 @ 98
|------------||-----------|

19:07:23.234 [main] INFO  c.gettingstarted.MyAlgoLogic - [MYALGO] Algo Sees SheZa
19:07:23.234 [main] INFO  c.gettingstarted.MyAlgoLogic - [MYALGO] Algo Sees Book as:
|----BID-----||----ASK----|
   101 @ 100    100 @ 98
|------------||-----------|

19:07:23.234 [main] INFO  c.gettingstarted.MyAlgoLogic - [MYALGO] Have:35 children, want 5, done.
19:07:23.234 [main] INFO  c.gettingstarted.MyAlgoLogic - [MYALGO] active orders are 35
19:07:23.234 [main] INFO  c.gettingstarted.MyAlgoLogic - [MYALGO] Cancelling order:codingblackfemales.sotw.ChildOrder@6a03bcb1
19:07:23.234 [main] INFO  c.gettingstarted.MyAlgoLogic - [MYALGO] option is present, number of active orders are 35
19:07:23.234 [main] INFO  c.container.Actioner - [ALGO] Actioner, sending action:CancelChildOrder(codingblackfemales.sotw.ChildOrder@6a03bcb1)
19:07:23.234 [main] INFO  c.sequencer.consumer.LoggingConsumer - [57] [CancelOrder](sbeTemplateId=5|sbeSchemaId=2|sbeSchemaVersion=0|sbeBlockLength=8):orderId=12
19:07:23.234 [main] INFO  c.gettingstarted.MyAlgoLogic - [MYALGO] The state of the order book is:
|----BID-----||----ASK----|
   101 @ 100    100 @ 98
|------------||-----------|

19:07:23.234 [main] INFO  c.gettingstarted.MyAlgoLogic - [MYALGO] Algo Sees SheZa
19:07:23.234 [main] INFO  c.gettingstarted.MyAlgoLogic - [MYALGO] Algo Sees Book as:
|----BID-----||----ASK----|
   101 @ 100    100 @ 98
|------------||-----------|

19:07:23.234 [main] INFO  c.gettingstarted.MyAlgoLogic - [MYALGO] Have:34 children, want 5, done.
19:07:23.234 [main] INFO  c.gettingstarted.MyAlgoLogic - [MYALGO] active orders are 34
19:07:23.234 [main] INFO  c.gettingstarted.MyAlgoLogic - [MYALGO] Cancelling order:codingblackfemales.sotw.ChildOrder@21b2e768
19:07:23.234 [main] INFO  c.gettingstarted.MyAlgoLogic - [MYALGO] option is present, number of active orders are 34
19:07:23.234 [main] INFO  c.container.Actioner - [ALGO] Actioner, sending action:CancelChildOrder(codingblackfemales.sotw.ChildOrder@21b2e768)
19:07:23.234 [main] INFO  c.sequencer.consumer.LoggingConsumer - [58] [CancelOrder](sbeTemplateId=5|sbeSchemaId=2|sbeSchemaVersion=0|sbeBlockLength=8):orderId=13
19:07:23.234 [main] INFO  c.gettingstarted.MyAlgoLogic - [MYALGO] The state of the order book is:
|----BID-----||----ASK----|
   101 @ 100    100 @ 98
|------------||-----------|

19:07:23.234 [main] INFO  c.gettingstarted.MyAlgoLogic - [MYALGO] Algo Sees SheZa
19:07:23.234 [main] INFO  c.gettingstarted.MyAlgoLogic - [MYALGO] Algo Sees Book as:
|----BID-----||----ASK----|
   101 @ 100    100 @ 98
|------------||-----------|

19:07:23.234 [main] INFO  c.gettingstarted.MyAlgoLogic - [MYALGO] Have:33 children, want 5, done.
19:07:23.234 [main] INFO  c.gettingstarted.MyAlgoLogic - [MYALGO] active orders are 33
19:07:23.234 [main] INFO  c.gettingstarted.MyAlgoLogic - [MYALGO] Cancelling order:codingblackfemales.sotw.ChildOrder@57250572
19:07:23.234 [main] INFO  c.gettingstarted.MyAlgoLogic - [MYALGO] option is present, number of active orders are 33
19:07:23.234 [main] INFO  c.container.Actioner - [ALGO] Actioner, sending action:CancelChildOrder(codingblackfemales.sotw.ChildOrder@57250572)
19:07:23.234 [main] INFO  c.sequencer.consumer.LoggingConsumer - [59] [CancelOrder](sbeTemplateId=5|sbeSchemaId=2|sbeSchemaVersion=0|sbeBlockLength=8):orderId=14
19:07:23.234 [main] INFO  c.gettingstarted.MyAlgoLogic - [MYALGO] The state of the order book is:
|----BID-----||----ASK----|
   101 @ 100    100 @ 98
|------------||-----------|

19:07:23.234 [main] INFO  c.gettingstarted.MyAlgoLogic - [MYALGO] Algo Sees SheZa
19:07:23.234 [main] INFO  c.gettingstarted.MyAlgoLogic - [MYALGO] Algo Sees Book as:
|----BID-----||----ASK----|
   101 @ 100    100 @ 98
|------------||-----------|

19:07:23.234 [main] INFO  c.gettingstarted.MyAlgoLogic - [MYALGO] Have:32 children, want 5, done.
19:07:23.234 [main] INFO  c.gettingstarted.MyAlgoLogic - [MYALGO] active orders are 32
19:07:23.234 [main] INFO  c.gettingstarted.MyAlgoLogic - [MYALGO] Cancelling order:codingblackfemales.sotw.ChildOrder@5609159b
19:07:23.234 [main] INFO  c.gettingstarted.MyAlgoLogic - [MYALGO] option is present, number of active orders are 32
19:07:23.234 [main] INFO  c.container.Actioner - [ALGO] Actioner, sending action:CancelChildOrder(codingblackfemales.sotw.ChildOrder@5609159b)
19:07:23.234 [main] INFO  c.sequencer.consumer.LoggingConsumer - [60] [CancelOrder](sbeTemplateId=5|sbeSchemaId=2|sbeSchemaVersion=0|sbeBlockLength=8):orderId=15
19:07:23.234 [main] INFO  c.gettingstarted.MyAlgoLogic - [MYALGO] The state of the order book is:
|----BID-----||----ASK----|
   101 @ 100    100 @ 98
|------------||-----------|

19:07:23.234 [main] INFO  c.gettingstarted.MyAlgoLogic - [MYALGO] Algo Sees SheZa
19:07:23.234 [main] INFO  c.gettingstarted.MyAlgoLogic - [MYALGO] Algo Sees Book as:
|----BID-----||----ASK----|
   101 @ 100    100 @ 98
|------------||-----------|

19:07:23.234 [main] INFO  c.gettingstarted.MyAlgoLogic - [MYALGO] Have:31 children, want 5, done.
19:07:23.234 [main] INFO  c.gettingstarted.MyAlgoLogic - [MYALGO] active orders are 31
19:07:23.234 [main] INFO  c.gettingstarted.MyAlgoLogic - [MYALGO] Cancelling order:codingblackfemales.sotw.ChildOrder@2118cddf
19:07:23.234 [main] INFO  c.gettingstarted.MyAlgoLogic - [MYALGO] option is present, number of active orders are 31
19:07:23.234 [main] INFO  c.container.Actioner - [ALGO] Actioner, sending action:CancelChildOrder(codingblackfemales.sotw.ChildOrder@2118cddf)
19:07:23.234 [main] INFO  c.sequencer.consumer.LoggingConsumer - [61] [CancelOrder](sbeTemplateId=5|sbeSchemaId=2|sbeSchemaVersion=0|sbeBlockLength=8):orderId=16
19:07:23.234 [main] INFO  c.gettingstarted.MyAlgoLogic - [MYALGO] The state of the order book is:
|----BID-----||----ASK----|
   101 @ 100    100 @ 98
|------------||-----------|

19:07:23.234 [main] INFO  c.gettingstarted.MyAlgoLogic - [MYALGO] Algo Sees SheZa
19:07:23.234 [main] INFO  c.gettingstarted.MyAlgoLogic - [MYALGO] Algo Sees Book as:
|----BID-----||----ASK----|
   101 @ 100    100 @ 98
|------------||-----------|

19:07:23.234 [main] INFO  c.gettingstarted.MyAlgoLogic - [MYALGO] Have:30 children, want 5, done.
19:07:23.234 [main] INFO  c.gettingstarted.MyAlgoLogic - [MYALGO] active orders are 30
19:07:23.234 [main] INFO  c.gettingstarted.MyAlgoLogic - [MYALGO] Cancelling order:codingblackfemales.sotw.ChildOrder@17a7f733
19:07:23.234 [main] INFO  c.gettingstarted.MyAlgoLogic - [MYALGO] option is present, number of active orders are 30
19:07:23.234 [main] INFO  c.container.Actioner - [ALGO] Actioner, sending action:CancelChildOrder(codingblackfemales.sotw.ChildOrder@17a7f733)
19:07:23.234 [main] INFO  c.sequencer.consumer.LoggingConsumer - [62] [CancelOrder](sbeTemplateId=5|sbeSchemaId=2|sbeSchemaVersion=0|sbeBlockLength=8):orderId=17
19:07:23.234 [main] INFO  c.gettingstarted.MyAlgoLogic - [MYALGO] The state of the order book is:
|----BID-----||----ASK----|
   101 @ 100    100 @ 98
|------------||-----------|

19:07:23.234 [main] INFO  c.gettingstarted.MyAlgoLogic - [MYALGO] Algo Sees SheZa
19:07:23.234 [main] INFO  c.gettingstarted.MyAlgoLogic - [MYALGO] Algo Sees Book as:
|----BID-----||----ASK----|
   101 @ 100    100 @ 98
|------------||-----------|

19:07:23.234 [main] INFO  c.gettingstarted.MyAlgoLogic - [MYALGO] Have:29 children, want 5, done.
19:07:23.234 [main] INFO  c.gettingstarted.MyAlgoLogic - [MYALGO] active orders are 29
19:07:23.234 [main] INFO  c.gettingstarted.MyAlgoLogic - [MYALGO] Cancelling order:codingblackfemales.sotw.ChildOrder@68567e20
19:07:23.234 [main] INFO  c.gettingstarted.MyAlgoLogic - [MYALGO] option is present, number of active orders are 29
19:07:23.234 [main] INFO  c.container.Actioner - [ALGO] Actioner, sending action:CancelChildOrder(codingblackfemales.sotw.ChildOrder@68567e20)
19:07:23.234 [main] INFO  c.sequencer.consumer.LoggingConsumer - [63] [CancelOrder](sbeTemplateId=5|sbeSchemaId=2|sbeSchemaVersion=0|sbeBlockLength=8):orderId=18
19:07:23.234 [main] INFO  c.gettingstarted.MyAlgoLogic - [MYALGO] The state of the order book is:
|----BID-----||----ASK----|
   101 @ 100    100 @ 98
|------------||-----------|

19:07:23.234 [main] INFO  c.gettingstarted.MyAlgoLogic - [MYALGO] Algo Sees SheZa
19:07:23.234 [main] INFO  c.gettingstarted.MyAlgoLogic - [MYALGO] Algo Sees Book as:
|----BID-----||----ASK----|
   101 @ 100    100 @ 98
|------------||-----------|

19:07:23.234 [main] INFO  c.gettingstarted.MyAlgoLogic - [MYALGO] Have:28 children, want 5, done.
19:07:23.234 [main] INFO  c.gettingstarted.MyAlgoLogic - [MYALGO] active orders are 28
19:07:23.234 [main] INFO  c.gettingstarted.MyAlgoLogic - [MYALGO] Cancelling order:codingblackfemales.sotw.ChildOrder@76ed1b7c
19:07:23.234 [main] INFO  c.gettingstarted.MyAlgoLogic - [MYALGO] option is present, number of active orders are 28
19:07:23.234 [main] INFO  c.container.Actioner - [ALGO] Actioner, sending action:CancelChildOrder(codingblackfemales.sotw.ChildOrder@76ed1b7c)
19:07:23.234 [main] INFO  c.sequencer.consumer.LoggingConsumer - [64] [CancelOrder](sbeTemplateId=5|sbeSchemaId=2|sbeSchemaVersion=0|sbeBlockLength=8):orderId=19
19:07:23.234 [main] INFO  c.gettingstarted.MyAlgoLogic - [MYALGO] The state of the order book is:
|----BID-----||----ASK----|
   101 @ 100    100 @ 98
|------------||-----------|

19:07:23.234 [main] INFO  c.gettingstarted.MyAlgoLogic - [MYALGO] Algo Sees SheZa
19:07:23.234 [main] INFO  c.gettingstarted.MyAlgoLogic - [MYALGO] Algo Sees Book as:
|----BID-----||----ASK----|
   101 @ 100    100 @ 98
|------------||-----------|

19:07:23.234 [main] INFO  c.gettingstarted.MyAlgoLogic - [MYALGO] Have:27 children, want 5, done.
19:07:23.234 [main] INFO  c.gettingstarted.MyAlgoLogic - [MYALGO] active orders are 27
19:07:23.234 [main] INFO  c.gettingstarted.MyAlgoLogic - [MYALGO] Cancelling order:codingblackfemales.sotw.ChildOrder@11fc564b
19:07:23.234 [main] INFO  c.gettingstarted.MyAlgoLogic - [MYALGO] option is present, number of active orders are 27
19:07:23.234 [main] INFO  c.container.Actioner - [ALGO] Actioner, sending action:CancelChildOrder(codingblackfemales.sotw.ChildOrder@11fc564b)
19:07:23.234 [main] INFO  c.sequencer.consumer.LoggingConsumer - [65] [CancelOrder](sbeTemplateId=5|sbeSchemaId=2|sbeSchemaVersion=0|sbeBlockLength=8):orderId=20
19:07:23.234 [main] INFO  c.gettingstarted.MyAlgoLogic - [MYALGO] The state of the order book is:
|----BID-----||----ASK----|
   101 @ 100    100 @ 98
|------------||-----------|

19:07:23.234 [main] INFO  c.gettingstarted.MyAlgoLogic - [MYALGO] Algo Sees SheZa
19:07:23.234 [main] INFO  c.gettingstarted.MyAlgoLogic - [MYALGO] Algo Sees Book as:
|----BID-----||----ASK----|
   101 @ 100    100 @ 98
|------------||-----------|

19:07:23.234 [main] INFO  c.gettingstarted.MyAlgoLogic - [MYALGO] Have:26 children, want 5, done.
19:07:23.234 [main] INFO  c.gettingstarted.MyAlgoLogic - [MYALGO] active orders are 26
19:07:23.234 [main] INFO  c.gettingstarted.MyAlgoLogic - [MYALGO] Cancelling order:codingblackfemales.sotw.ChildOrder@394a2528
19:07:23.234 [main] INFO  c.gettingstarted.MyAlgoLogic - [MYALGO] option is present, number of active orders are 26
19:07:23.234 [main] INFO  c.container.Actioner - [ALGO] Actioner, sending action:CancelChildOrder(codingblackfemales.sotw.ChildOrder@394a2528)
19:07:23.234 [main] INFO  c.sequencer.consumer.LoggingConsumer - [66] [CancelOrder](sbeTemplateId=5|sbeSchemaId=2|sbeSchemaVersion=0|sbeBlockLength=8):orderId=21
19:07:23.234 [main] INFO  c.gettingstarted.MyAlgoLogic - [MYALGO] The state of the order book is:
|----BID-----||----ASK----|
   101 @ 100    100 @ 98
|------------||-----------|

19:07:23.234 [main] INFO  c.gettingstarted.MyAlgoLogic - [MYALGO] Algo Sees SheZa
19:07:23.234 [main] INFO  c.gettingstarted.MyAlgoLogic - [MYALGO] Algo Sees Book as:
|----BID-----||----ASK----|
   101 @ 100    100 @ 98
|------------||-----------|

19:07:23.234 [main] INFO  c.gettingstarted.MyAlgoLogic - [MYALGO] Have:25 children, want 5, done.
19:07:23.234 [main] INFO  c.gettingstarted.MyAlgoLogic - [MYALGO] active orders are 25
19:07:23.234 [main] INFO  c.gettingstarted.MyAlgoLogic - [MYALGO] Cancelling order:codingblackfemales.sotw.ChildOrder@6236eb5f
19:07:23.234 [main] INFO  c.gettingstarted.MyAlgoLogic - [MYALGO] option is present, number of active orders are 25
19:07:23.234 [main] INFO  c.container.Actioner - [ALGO] Actioner, sending action:CancelChildOrder(codingblackfemales.sotw.ChildOrder@6236eb5f)
19:07:23.234 [main] INFO  c.sequencer.consumer.LoggingConsumer - [67] [CancelOrder](sbeTemplateId=5|sbeSchemaId=2|sbeSchemaVersion=0|sbeBlockLength=8):orderId=22
19:07:23.234 [main] INFO  c.gettingstarted.MyAlgoLogic - [MYALGO] The state of the order book is:
|----BID-----||----ASK----|
   101 @ 100    100 @ 98
|------------||-----------|

19:07:23.234 [main] INFO  c.gettingstarted.MyAlgoLogic - [MYALGO] Algo Sees SheZa
19:07:23.234 [main] INFO  c.gettingstarted.MyAlgoLogic - [MYALGO] Algo Sees Book as:
|----BID-----||----ASK----|
   101 @ 100    100 @ 98
|------------||-----------|

19:07:23.234 [main] INFO  c.gettingstarted.MyAlgoLogic - [MYALGO] Have:24 children, want 5, done.
19:07:23.234 [main] INFO  c.gettingstarted.MyAlgoLogic - [MYALGO] active orders are 24
19:07:23.234 [main] INFO  c.gettingstarted.MyAlgoLogic - [MYALGO] Cancelling order:codingblackfemales.sotw.ChildOrder@7c1e2a9e
19:07:23.234 [main] INFO  c.gettingstarted.MyAlgoLogic - [MYALGO] option is present, number of active orders are 24
19:07:23.234 [main] INFO  c.container.Actioner - [ALGO] Actioner, sending action:CancelChildOrder(codingblackfemales.sotw.ChildOrder@7c1e2a9e)
19:07:23.234 [main] INFO  c.sequencer.consumer.LoggingConsumer - [68] [CancelOrder](sbeTemplateId=5|sbeSchemaId=2|sbeSchemaVersion=0|sbeBlockLength=8):orderId=23
19:07:23.234 [main] INFO  c.gettingstarted.MyAlgoLogic - [MYALGO] The state of the order book is:
|----BID-----||----ASK----|
   101 @ 100    100 @ 98
|------------||-----------|

19:07:23.234 [main] INFO  c.gettingstarted.MyAlgoLogic - [MYALGO] Algo Sees SheZa
19:07:23.234 [main] INFO  c.gettingstarted.MyAlgoLogic - [MYALGO] Algo Sees Book as:
|----BID-----||----ASK----|
   101 @ 100    100 @ 98
|------------||-----------|

19:07:23.234 [main] INFO  c.gettingstarted.MyAlgoLogic - [MYALGO] Have:23 children, want 5, done.
19:07:23.234 [main] INFO  c.gettingstarted.MyAlgoLogic - [MYALGO] active orders are 23
19:07:23.234 [main] INFO  c.gettingstarted.MyAlgoLogic - [MYALGO] Cancelling order:codingblackfemales.sotw.ChildOrder@fa36558
19:07:23.234 [main] INFO  c.gettingstarted.MyAlgoLogic - [MYALGO] option is present, number of active orders are 23
19:07:23.234 [main] INFO  c.container.Actioner - [ALGO] Actioner, sending action:CancelChildOrder(codingblackfemales.sotw.ChildOrder@fa36558)
19:07:23.234 [main] INFO  c.sequencer.consumer.LoggingConsumer - [69] [CancelOrder](sbeTemplateId=5|sbeSchemaId=2|sbeSchemaVersion=0|sbeBlockLength=8):orderId=24
19:07:23.234 [main] INFO  c.gettingstarted.MyAlgoLogic - [MYALGO] The state of the order book is:
|----BID-----||----ASK----|
   101 @ 100    100 @ 98
|------------||-----------|

19:07:23.234 [main] INFO  c.gettingstarted.MyAlgoLogic - [MYALGO] Algo Sees SheZa
19:07:23.234 [main] INFO  c.gettingstarted.MyAlgoLogic - [MYALGO] Algo Sees Book as:
|----BID-----||----ASK----|
   101 @ 100    100 @ 98
|------------||-----------|

19:07:23.234 [main] INFO  c.gettingstarted.MyAlgoLogic - [MYALGO] Have:22 children, want 5, done.
19:07:23.234 [main] INFO  c.gettingstarted.MyAlgoLogic - [MYALGO] active orders are 22
19:07:23.234 [main] INFO  c.gettingstarted.MyAlgoLogic - [MYALGO] Cancelling order:codingblackfemales.sotw.ChildOrder@672872e1
19:07:23.234 [main] INFO  c.gettingstarted.MyAlgoLogic - [MYALGO] option is present, number of active orders are 22
19:07:23.234 [main] INFO  c.container.Actioner - [ALGO] Actioner, sending action:CancelChildOrder(codingblackfemales.sotw.ChildOrder@672872e1)
19:07:23.234 [main] INFO  c.sequencer.consumer.LoggingConsumer - [70] [CancelOrder](sbeTemplateId=5|sbeSchemaId=2|sbeSchemaVersion=0|sbeBlockLength=8):orderId=25
19:07:23.234 [main] INFO  c.gettingstarted.MyAlgoLogic - [MYALGO] The state of the order book is:
|----BID-----||----ASK----|
   101 @ 100    100 @ 98
|------------||-----------|

19:07:23.234 [main] INFO  c.gettingstarted.MyAlgoLogic - [MYALGO] Algo Sees SheZa
19:07:23.234 [main] INFO  c.gettingstarted.MyAlgoLogic - [MYALGO] Algo Sees Book as:
|----BID-----||----ASK----|
   101 @ 100    100 @ 98
|------------||-----------|

19:07:23.234 [main] INFO  c.gettingstarted.MyAlgoLogic - [MYALGO] Have:21 children, want 5, done.
19:07:23.234 [main] INFO  c.gettingstarted.MyAlgoLogic - [MYALGO] active orders are 21
19:07:23.234 [main] INFO  c.gettingstarted.MyAlgoLogic - [MYALGO] Cancelling order:codingblackfemales.sotw.ChildOrder@32910148
19:07:23.234 [main] INFO  c.gettingstarted.MyAlgoLogic - [MYALGO] option is present, number of active orders are 21
19:07:23.234 [main] INFO  c.container.Actioner - [ALGO] Actioner, sending action:CancelChildOrder(codingblackfemales.sotw.ChildOrder@32910148)
19:07:23.234 [main] INFO  c.sequencer.consumer.LoggingConsumer - [71] [CancelOrder](sbeTemplateId=5|sbeSchemaId=2|sbeSchemaVersion=0|sbeBlockLength=8):orderId=26
19:07:23.234 [main] INFO  c.gettingstarted.MyAlgoLogic - [MYALGO] The state of the order book is:
|----BID-----||----ASK----|
   101 @ 100    100 @ 98
|------------||-----------|

19:07:23.234 [main] INFO  c.gettingstarted.MyAlgoLogic - [MYALGO] Algo Sees SheZa
19:07:23.234 [main] INFO  c.gettingstarted.MyAlgoLogic - [MYALGO] Algo Sees Book as:
|----BID-----||----ASK----|
   101 @ 100    100 @ 98
|------------||-----------|

19:07:23.234 [main] INFO  c.gettingstarted.MyAlgoLogic - [MYALGO] Have:20 children, want 5, done.
19:07:23.234 [main] INFO  c.gettingstarted.MyAlgoLogic - [MYALGO] active orders are 20
19:07:23.234 [main] INFO  c.gettingstarted.MyAlgoLogic - [MYALGO] Cancelling order:codingblackfemales.sotw.ChildOrder@3f56875e
19:07:23.234 [main] INFO  c.gettingstarted.MyAlgoLogic - [MYALGO] option is present, number of active orders are 20
19:07:23.234 [main] INFO  c.container.Actioner - [ALGO] Actioner, sending action:CancelChildOrder(codingblackfemales.sotw.ChildOrder@3f56875e)
19:07:23.234 [main] INFO  c.sequencer.consumer.LoggingConsumer - [72] [CancelOrder](sbeTemplateId=5|sbeSchemaId=2|sbeSchemaVersion=0|sbeBlockLength=8):orderId=27
19:07:23.234 [main] INFO  c.gettingstarted.MyAlgoLogic - [MYALGO] The state of the order book is:
|----BID-----||----ASK----|
   101 @ 100    100 @ 98
|------------||-----------|

19:07:23.234 [main] INFO  c.gettingstarted.MyAlgoLogic - [MYALGO] Algo Sees SheZa
19:07:23.234 [main] INFO  c.gettingstarted.MyAlgoLogic - [MYALGO] Algo Sees Book as:
|----BID-----||----ASK----|
   101 @ 100    100 @ 98
|------------||-----------|

19:07:23.234 [main] INFO  c.gettingstarted.MyAlgoLogic - [MYALGO] Have:19 children, want 5, done.
19:07:23.234 [main] INFO  c.gettingstarted.MyAlgoLogic - [MYALGO] active orders are 19
19:07:23.234 [main] INFO  c.gettingstarted.MyAlgoLogic - [MYALGO] Cancelling order:codingblackfemales.sotw.ChildOrder@2b4bac49
19:07:23.234 [main] INFO  c.gettingstarted.MyAlgoLogic - [MYALGO] option is present, number of active orders are 19
19:07:23.234 [main] INFO  c.container.Actioner - [ALGO] Actioner, sending action:CancelChildOrder(codingblackfemales.sotw.ChildOrder@2b4bac49)
19:07:23.234 [main] INFO  c.sequencer.consumer.LoggingConsumer - [73] [CancelOrder](sbeTemplateId=5|sbeSchemaId=2|sbeSchemaVersion=0|sbeBlockLength=8):orderId=28
19:07:23.234 [main] INFO  c.gettingstarted.MyAlgoLogic - [MYALGO] The state of the order book is:
|----BID-----||----ASK----|
   101 @ 100    100 @ 98
|------------||-----------|

19:07:23.234 [main] INFO  c.gettingstarted.MyAlgoLogic - [MYALGO] Algo Sees SheZa
19:07:23.234 [main] INFO  c.gettingstarted.MyAlgoLogic - [MYALGO] Algo Sees Book as:
|----BID-----||----ASK----|
   101 @ 100    100 @ 98
|------------||-----------|

19:07:23.234 [main] INFO  c.gettingstarted.MyAlgoLogic - [MYALGO] Have:18 children, want 5, done.
19:07:23.234 [main] INFO  c.gettingstarted.MyAlgoLogic - [MYALGO] active orders are 18
19:07:23.234 [main] INFO  c.gettingstarted.MyAlgoLogic - [MYALGO] Cancelling order:codingblackfemales.sotw.ChildOrder@fd07cbb
19:07:23.234 [main] INFO  c.gettingstarted.MyAlgoLogic - [MYALGO] option is present, number of active orders are 18
19:07:23.234 [main] INFO  c.container.Actioner - [ALGO] Actioner, sending action:CancelChildOrder(codingblackfemales.sotw.ChildOrder@fd07cbb)
19:07:23.234 [main] INFO  c.sequencer.consumer.LoggingConsumer - [74] [CancelOrder](sbeTemplateId=5|sbeSchemaId=2|sbeSchemaVersion=0|sbeBlockLength=8):orderId=29
19:07:23.234 [main] INFO  c.gettingstarted.MyAlgoLogic - [MYALGO] The state of the order book is:
|----BID-----||----ASK----|
   101 @ 100    100 @ 98
|------------||-----------|

19:07:23.234 [main] INFO  c.gettingstarted.MyAlgoLogic - [MYALGO] Algo Sees SheZa
19:07:23.234 [main] INFO  c.gettingstarted.MyAlgoLogic - [MYALGO] Algo Sees Book as:
|----BID-----||----ASK----|
   101 @ 100    100 @ 98
|------------||-----------|

19:07:23.234 [main] INFO  c.gettingstarted.MyAlgoLogic - [MYALGO] Have:17 children, want 5, done.
19:07:23.234 [main] INFO  c.gettingstarted.MyAlgoLogic - [MYALGO] active orders are 17
19:07:23.234 [main] INFO  c.gettingstarted.MyAlgoLogic - [MYALGO] Cancelling order:codingblackfemales.sotw.ChildOrder@3571b748
19:07:23.234 [main] INFO  c.gettingstarted.MyAlgoLogic - [MYALGO] option is present, number of active orders are 17
19:07:23.234 [main] INFO  c.container.Actioner - [ALGO] Actioner, sending action:CancelChildOrder(codingblackfemales.sotw.ChildOrder@3571b748)
19:07:23.234 [main] INFO  c.sequencer.consumer.LoggingConsumer - [75] [CancelOrder](sbeTemplateId=5|sbeSchemaId=2|sbeSchemaVersion=0|sbeBlockLength=8):orderId=30
19:07:23.234 [main] INFO  c.gettingstarted.MyAlgoLogic - [MYALGO] The state of the order book is:
|----BID-----||----ASK----|
   101 @ 100    100 @ 98
|------------||-----------|

19:07:23.234 [main] INFO  c.gettingstarted.MyAlgoLogic - [MYALGO] Algo Sees SheZa
19:07:23.234 [main] INFO  c.gettingstarted.MyAlgoLogic - [MYALGO] Algo Sees Book as:
|----BID-----||----ASK----|
   101 @ 100    100 @ 98
|------------||-----------|

19:07:23.234 [main] INFO  c.gettingstarted.MyAlgoLogic - [MYALGO] Have:16 children, want 5, done.
19:07:23.234 [main] INFO  c.gettingstarted.MyAlgoLogic - [MYALGO] active orders are 16
19:07:23.234 [main] INFO  c.gettingstarted.MyAlgoLogic - [MYALGO] Cancelling order:codingblackfemales.sotw.ChildOrder@3e96bacf
19:07:23.234 [main] INFO  c.gettingstarted.MyAlgoLogic - [MYALGO] option is present, number of active orders are 16
19:07:23.234 [main] INFO  c.container.Actioner - [ALGO] Actioner, sending action:CancelChildOrder(codingblackfemales.sotw.ChildOrder@3e96bacf)
19:07:23.234 [main] INFO  c.sequencer.consumer.LoggingConsumer - [76] [CancelOrder](sbeTemplateId=5|sbeSchemaId=2|sbeSchemaVersion=0|sbeBlockLength=8):orderId=31
19:07:23.234 [main] INFO  c.gettingstarted.MyAlgoLogic - [MYALGO] The state of the order book is:
|----BID-----||----ASK----|
   101 @ 100    100 @ 98
|------------||-----------|

19:07:23.234 [main] INFO  c.gettingstarted.MyAlgoLogic - [MYALGO] Algo Sees SheZa
19:07:23.234 [main] INFO  c.gettingstarted.MyAlgoLogic - [MYALGO] Algo Sees Book as:
|----BID-----||----ASK----|
   101 @ 100    100 @ 98
|------------||-----------|

19:07:23.234 [main] INFO  c.gettingstarted.MyAlgoLogic - [MYALGO] Have:15 children, want 5, done.
19:07:23.234 [main] INFO  c.gettingstarted.MyAlgoLogic - [MYALGO] active orders are 15
19:07:23.234 [main] INFO  c.gettingstarted.MyAlgoLogic - [MYALGO] Cancelling order:codingblackfemales.sotw.ChildOrder@484970b0
19:07:23.234 [main] INFO  c.gettingstarted.MyAlgoLogic - [MYALGO] option is present, number of active orders are 15
19:07:23.234 [main] INFO  c.container.Actioner - [ALGO] Actioner, sending action:CancelChildOrder(codingblackfemales.sotw.ChildOrder@484970b0)
19:07:23.234 [main] INFO  c.sequencer.consumer.LoggingConsumer - [77] [CancelOrder](sbeTemplateId=5|sbeSchemaId=2|sbeSchemaVersion=0|sbeBlockLength=8):orderId=32
19:07:23.234 [main] INFO  c.gettingstarted.MyAlgoLogic - [MYALGO] The state of the order book is:
|----BID-----||----ASK----|
   101 @ 100    100 @ 98
|------------||-----------|

19:07:23.234 [main] INFO  c.gettingstarted.MyAlgoLogic - [MYALGO] Algo Sees SheZa
19:07:23.234 [main] INFO  c.gettingstarted.MyAlgoLogic - [MYALGO] Algo Sees Book as:
|----BID-----||----ASK----|
   101 @ 100    100 @ 98
|------------||-----------|

19:07:23.234 [main] INFO  c.gettingstarted.MyAlgoLogic - [MYALGO] Have:14 children, want 5, done.
19:07:23.234 [main] INFO  c.gettingstarted.MyAlgoLogic - [MYALGO] active orders are 14
19:07:23.234 [main] INFO  c.gettingstarted.MyAlgoLogic - [MYALGO] Cancelling order:codingblackfemales.sotw.ChildOrder@4470f8a6
19:07:23.234 [main] INFO  c.gettingstarted.MyAlgoLogic - [MYALGO] option is present, number of active orders are 14
19:07:23.234 [main] INFO  c.container.Actioner - [ALGO] Actioner, sending action:CancelChildOrder(codingblackfemales.sotw.ChildOrder@4470f8a6)
19:07:23.234 [main] INFO  c.sequencer.consumer.LoggingConsumer - [78] [CancelOrder](sbeTemplateId=5|sbeSchemaId=2|sbeSchemaVersion=0|sbeBlockLength=8):orderId=33
19:07:23.234 [main] INFO  c.gettingstarted.MyAlgoLogic - [MYALGO] The state of the order book is:
|----BID-----||----ASK----|
   101 @ 100    100 @ 98
|------------||-----------|

19:07:23.234 [main] INFO  c.gettingstarted.MyAlgoLogic - [MYALGO] Algo Sees SheZa
19:07:23.234 [main] INFO  c.gettingstarted.MyAlgoLogic - [MYALGO] Algo Sees Book as:
|----BID-----||----ASK----|
   101 @ 100    100 @ 98
|------------||-----------|

19:07:23.234 [main] INFO  c.gettingstarted.MyAlgoLogic - [MYALGO] Have:13 children, want 5, done.
19:07:23.234 [main] INFO  c.gettingstarted.MyAlgoLogic - [MYALGO] active orders are 13
19:07:23.234 [main] INFO  c.gettingstarted.MyAlgoLogic - [MYALGO] Cancelling order:codingblackfemales.sotw.ChildOrder@7c83dc97
19:07:23.234 [main] INFO  c.gettingstarted.MyAlgoLogic - [MYALGO] option is present, number of active orders are 13
19:07:23.234 [main] INFO  c.container.Actioner - [ALGO] Actioner, sending action:CancelChildOrder(codingblackfemales.sotw.ChildOrder@7c83dc97)
[...]
19:07:23.355 [main] INFO  c.gettingstarted.MyAlgoLogic - [MYALGO] option is present, number of active orders are 21
19:07:23.355 [main] INFO  c.container.Actioner - [ALGO] Actioner, sending action:CancelChildOrder(codingblackfemales.sotw.ChildOrder@73ee04c8)
19:07:23.355 [main] INFO  c.sequencer.consumer.LoggingConsumer - [71] [CancelOrder](sbeTemplateId=5|sbeSchemaId=2|sbeSchemaVersion=0|sbeBlockLength=8):orderId=26
19:07:23.355 [main] INFO  c.gettingstarted.MyAlgoLogic - [MYALGO] The state of the order book is:
|----BID-----||----ASK----|
   101 @ 100    100 @ 98
   200 @ 110    200 @ 95
  5000 @ 115    300 @ 91
|------------||-----------|

19:07:23.355 [main] INFO  c.gettingstarted.MyAlgoLogic - [MYALGO] Algo Sees SheZa
19:07:23.356 [main] INFO  c.gettingstarted.MyAlgoLogic - [MYALGO] Algo Sees Book as:
|----BID-----||----ASK----|
   101 @ 100    100 @ 98
   200 @ 110    200 @ 95
  5000 @ 115    300 @ 91
|------------||-----------|

19:07:23.356 [main] INFO  c.gettingstarted.MyAlgoLogic - [MYALGO] Have:20 children, want 5, done.
19:07:23.356 [main] INFO  c.gettingstarted.MyAlgoLogic - [MYALGO] active orders are 20
19:07:23.356 [main] INFO  c.gettingstarted.MyAlgoLogic - [MYALGO] Cancelling order:codingblackfemales.sotw.ChildOrder@7671cb68
19:07:23.356 [main] INFO  c.gettingstarted.MyAlgoLogic - [MYALGO] option is present, number of active orders are 20
19:07:23.356 [main] INFO  c.container.Actioner - [ALGO] Actioner, sending action:CancelChildOrder(codingblackfemales.sotw.ChildOrder@7671cb68)
19:07:23.356 [main] INFO  c.sequencer.consumer.LoggingConsumer - [72] [CancelOrder](sbeTemplateId=5|sbeSchemaId=2|sbeSchemaVersion=0|sbeBlockLength=8):orderId=27
19:07:23.356 [main] INFO  c.gettingstarted.MyAlgoLogic - [MYALGO] The state of the order book is:
|----BID-----||----ASK----|
   101 @ 100    100 @ 98
   200 @ 110    200 @ 95
  5000 @ 115    300 @ 91
|------------||-----------|

19:07:23.356 [main] INFO  c.gettingstarted.MyAlgoLogic - [MYALGO] Algo Sees SheZa
19:07:23.356 [main] INFO  c.gettingstarted.MyAlgoLogic - [MYALGO] Algo Sees Book as:
|----BID-----||----ASK----|
   101 @ 100    100 @ 98
   200 @ 110    200 @ 95
  5000 @ 115    300 @ 91
|------------||-----------|

19:07:23.356 [main] INFO  c.gettingstarted.MyAlgoLogic - [MYALGO] Have:19 children, want 5, done.
19:07:23.356 [main] INFO  c.gettingstarted.MyAlgoLogic - [MYALGO] active orders are 19
19:07:23.356 [main] INFO  c.gettingstarted.MyAlgoLogic - [MYALGO] Cancelling order:codingblackfemales.sotw.ChildOrder@49dc7102
19:07:23.356 [main] INFO  c.gettingstarted.MyAlgoLogic - [MYALGO] option is present, number of active orders are 19
19:07:23.356 [main] INFO  c.container.Actioner - [ALGO] Actioner, sending action:CancelChildOrder(codingblackfemales.sotw.ChildOrder@49dc7102)
19:07:23.356 [main] INFO  c.sequencer.consumer.LoggingConsumer - [73] [CancelOrder](sbeTemplateId=5|sbeSchemaId=2|sbeSchemaVersion=0|sbeBlockLength=8):orderId=28
19:07:23.357 [main] INFO  c.gettingstarted.MyAlgoLogic - [MYALGO] The state of the order book is:
|----BID-----||----ASK----|
   101 @ 100    100 @ 98
   200 @ 110    200 @ 95
  5000 @ 115    300 @ 91
|------------||-----------|

19:07:23.357 [main] INFO  c.gettingstarted.MyAlgoLogic - [MYALGO] Algo Sees SheZa
19:07:23.357 [main] INFO  c.gettingstarted.MyAlgoLogic - [MYALGO] Algo Sees Book as:
|----BID-----||----ASK----|
   101 @ 100    100 @ 98
   200 @ 110    200 @ 95
  5000 @ 115    300 @ 91
|------------||-----------|

19:07:23.357 [main] INFO  c.gettingstarted.MyAlgoLogic - [MYALGO] Have:18 children, want 5, done.
19:07:23.357 [main] INFO  c.gettingstarted.MyAlgoLogic - [MYALGO] active orders are 18
19:07:23.357 [main] INFO  c.gettingstarted.MyAlgoLogic - [MYALGO] Cancelling order:codingblackfemales.sotw.ChildOrder@6b8ca3c8
19:07:23.357 [main] INFO  c.gettingstarted.MyAlgoLogic - [MYALGO] option is present, number of active orders are 18
19:07:23.357 [main] INFO  c.container.Actioner - [ALGO] Actioner, sending action:CancelChildOrder(codingblackfemales.sotw.ChildOrder@6b8ca3c8)
19:07:23.357 [main] INFO  c.sequencer.consumer.LoggingConsumer - [74] [CancelOrder](sbeTemplateId=5|sbeSchemaId=2|sbeSchemaVersion=0|sbeBlockLength=8):orderId=29
19:07:23.357 [main] INFO  c.gettingstarted.MyAlgoLogic - [MYALGO] The state of the order book is:
|----BID-----||----ASK----|
   101 @ 100    100 @ 98
   200 @ 110    200 @ 95
  5000 @ 115    300 @ 91
|------------||-----------|

19:07:23.357 [main] INFO  c.gettingstarted.MyAlgoLogic - [MYALGO] Algo Sees SheZa
19:07:23.357 [main] INFO  c.gettingstarted.MyAlgoLogic - [MYALGO] Algo Sees Book as:
|----BID-----||----ASK----|
   101 @ 100    100 @ 98
   200 @ 110    200 @ 95
  5000 @ 115    300 @ 91
|------------||-----------|

19:07:23.357 [main] INFO  c.gettingstarted.MyAlgoLogic - [MYALGO] Have:17 children, want 5, done.
19:07:23.357 [main] INFO  c.gettingstarted.MyAlgoLogic - [MYALGO] active orders are 17
19:07:23.357 [main] INFO  c.gettingstarted.MyAlgoLogic - [MYALGO] Cancelling order:codingblackfemales.sotw.ChildOrder@68c72235
19:07:23.357 [main] INFO  c.gettingstarted.MyAlgoLogic - [MYALGO] option is present, number of active orders are 17
19:07:23.357 [main] INFO  c.container.Actioner - [ALGO] Actioner, sending action:CancelChildOrder(codingblackfemales.sotw.ChildOrder@68c72235)
19:07:23.357 [main] INFO  c.sequencer.consumer.LoggingConsumer - [75] [CancelOrder](sbeTemplateId=5|sbeSchemaId=2|sbeSchemaVersion=0|sbeBlockLength=8):orderId=30
19:07:23.357 [main] INFO  c.gettingstarted.MyAlgoLogic - [MYALGO] The state of the order book is:
|----BID-----||----ASK----|
   101 @ 100    100 @ 98
   200 @ 110    200 @ 95
  5000 @ 115    300 @ 91
|------------||-----------|

19:07:23.357 [main] INFO  c.gettingstarted.MyAlgoLogic - [MYALGO] Algo Sees SheZa
19:07:23.357 [main] INFO  c.gettingstarted.MyAlgoLogic - [MYALGO] Algo Sees Book as:
|----BID-----||----ASK----|
   101 @ 100    100 @ 98
   200 @ 110    200 @ 95
  5000 @ 115    300 @ 91
|------------||-----------|

19:07:23.357 [main] INFO  c.gettingstarted.MyAlgoLogic - [MYALGO] Have:16 children, want 5, done.
19:07:23.357 [main] INFO  c.gettingstarted.MyAlgoLogic - [MYALGO] active orders are 16
19:07:23.357 [main] INFO  c.gettingstarted.MyAlgoLogic - [MYALGO] Cancelling order:codingblackfemales.sotw.ChildOrder@10959ece
19:07:23.357 [main] INFO  c.gettingstarted.MyAlgoLogic - [MYALGO] option is present, number of active orders are 16
19:07:23.357 [main] INFO  c.container.Actioner - [ALGO] Actioner, sending action:CancelChildOrder(codingblackfemales.sotw.ChildOrder@10959ece)
19:07:23.357 [main] INFO  c.sequencer.consumer.LoggingConsumer - [76] [CancelOrder](sbeTemplateId=5|sbeSchemaId=2|sbeSchemaVersion=0|sbeBlockLength=8):orderId=31
19:07:23.357 [main] INFO  c.gettingstarted.MyAlgoLogic - [MYALGO] The state of the order book is:
|----BID-----||----ASK----|
   101 @ 100    100 @ 98
   200 @ 110    200 @ 95
  5000 @ 115    300 @ 91
|------------||-----------|

19:07:23.357 [main] INFO  c.gettingstarted.MyAlgoLogic - [MYALGO] Algo Sees SheZa
19:07:23.357 [main] INFO  c.gettingstarted.MyAlgoLogic - [MYALGO] Algo Sees Book as:
|----BID-----||----ASK----|
   101 @ 100    100 @ 98
   200 @ 110    200 @ 95
  5000 @ 115    300 @ 91
|------------||-----------|

19:07:23.357 [main] INFO  c.gettingstarted.MyAlgoLogic - [MYALGO] Have:15 children, want 5, done.
19:07:23.357 [main] INFO  c.gettingstarted.MyAlgoLogic - [MYALGO] active orders are 15
19:07:23.357 [main] INFO  c.gettingstarted.MyAlgoLogic - [MYALGO] Cancelling order:codingblackfemales.sotw.ChildOrder@3a6bb9bf
19:07:23.357 [main] INFO  c.gettingstarted.MyAlgoLogic - [MYALGO] option is present, number of active orders are 15
19:07:23.357 [main] INFO  c.container.Actioner - [ALGO] Actioner, sending action:CancelChildOrder(codingblackfemales.sotw.ChildOrder@3a6bb9bf)
19:07:23.358 [main] INFO  c.sequencer.consumer.LoggingConsumer - [77] [CancelOrder](sbeTemplateId=5|sbeSchemaId=2|sbeSchemaVersion=0|sbeBlockLength=8):orderId=32
19:07:23.358 [main] INFO  c.gettingstarted.MyAlgoLogic - [MYALGO] The state of the order book is:
|----BID-----||----ASK----|
   101 @ 100    100 @ 98
   200 @ 110    200 @ 95
  5000 @ 115    300 @ 91
|------------||-----------|

19:07:23.358 [main] INFO  c.gettingstarted.MyAlgoLogic - [MYALGO] Algo Sees SheZa
19:07:23.358 [main] INFO  c.gettingstarted.MyAlgoLogic - [MYALGO] Algo Sees Book as:
|----BID-----||----ASK----|
   101 @ 100    100 @ 98
   200 @ 110    200 @ 95
  5000 @ 115    300 @ 91
|------------||-----------|

19:07:23.358 [main] INFO  c.gettingstarted.MyAlgoLogic - [MYALGO] Have:14 children, want 5, done.
19:07:23.358 [main] INFO  c.gettingstarted.MyAlgoLogic - [MYALGO] active orders are 14
19:07:23.358 [main] INFO  c.gettingstarted.MyAlgoLogic - [MYALGO] Cancelling order:codingblackfemales.sotw.ChildOrder@34f7cfd9
19:07:23.358 [main] INFO  c.gettingstarted.MyAlgoLogic - [MYALGO] option is present, number of active orders are 14
19:07:23.358 [main] INFO  c.container.Actioner - [ALGO] Actioner, sending action:CancelChildOrder(codingblackfemales.sotw.ChildOrder@34f7cfd9)
19:07:23.358 [main] INFO  c.sequencer.consumer.LoggingConsumer - [78] [CancelOrder](sbeTemplateId=5|sbeSchemaId=2|sbeSchemaVersion=0|sbeBlockLength=8):orderId=33
19:07:23.358 [main] INFO  c.gettingstarted.MyAlgoLogic - [MYALGO] The state of the order book is:
|----BID-----||----ASK----|
   101 @ 100    100 @ 98
   200 @ 110    200 @ 95
  5000 @ 115    300 @ 91
|------------||-----------|

19:07:23.358 [main] INFO  c.gettingstarted.MyAlgoLogic - [MYALGO] Algo Sees SheZa
19:07:23.358 [main] INFO  c.gettingstarted.MyAlgoLogic - [MYALGO] Algo Sees Book as:
|----BID-----||----ASK----|
   101 @ 100    100 @ 98
   200 @ 110    200 @ 95
  5000 @ 115    300 @ 91
|------------||-----------|

19:07:23.358 [main] INFO  c.gettingstarted.MyAlgoLogic - [MYALGO] Have:13 children, want 5, done.
19:07:23.358 [main] INFO  c.gettingstarted.MyAlgoLogic - [MYALGO] active orders are 13
19:07:23.358 [main] INFO  c.gettingstarted.MyAlgoLogic - [MYALGO] Cancelling order:codingblackfemales.sotw.ChildOrder@65f095f8
19:07:23.358 [main] INFO  c.gettingstarted.MyAlgoLogic - [MYALGO] option is present, number of active orders are 13
19:07:23.358 [main] INFO  c.container.Actioner - [ALGO] Actioner, sending action:CancelChildOrder(codingblackfemales.sotw.ChildOrder@65f095f8)
19:07:23.358 [main] INFO  c.sequencer.consumer.LoggingConsumer - [79] [CancelOrder](sbeTemplateId=5|sbeSchemaId=2|sbeSchemaVersion=0|sbeBlockLength=8):orderId=34
19:07:23.358 [main] INFO  c.gettingstarted.MyAlgoLogic - [MYALGO] The state of the order book is:
|----BID-----||----ASK----|
   101 @ 100    100 @ 98
   200 @ 110    200 @ 95
  5000 @ 115    300 @ 91
|------------||-----------|

19:07:23.358 [main] INFO  c.gettingstarted.MyAlgoLogic - [MYALGO] Algo Sees SheZa
19:07:23.358 [main] INFO  c.gettingstarted.MyAlgoLogic - [MYALGO] Algo Sees Book as:
|----BID-----||----ASK----|
   101 @ 100    100 @ 98
   200 @ 110    200 @ 95
  5000 @ 115    300 @ 91
|------------||-----------|

19:07:23.358 [main] INFO  c.gettingstarted.MyAlgoLogic - [MYALGO] Have:12 children, want 5, done.
19:07:23.358 [main] INFO  c.gettingstarted.MyAlgoLogic - [MYALGO] active orders are 12
19:07:23.358 [main] INFO  c.gettingstarted.MyAlgoLogic - [MYALGO] Cancelling order:codingblackfemales.sotw.ChildOrder@59af0466
19:07:23.358 [main] INFO  c.gettingstarted.MyAlgoLogic - [MYALGO] option is present, number of active orders are 12
19:07:23.358 [main] INFO  c.container.Actioner - [ALGO] Actioner, sending action:CancelChildOrder(codingblackfemales.sotw.ChildOrder@59af0466)
19:07:23.358 [main] INFO  c.sequencer.consumer.LoggingConsumer - [80] [CancelOrder](sbeTemplateId=5|sbeSchemaId=2|sbeSchemaVersion=0|sbeBlockLength=8):orderId=35
19:07:23.358 [main] INFO  c.gettingstarted.MyAlgoLogic - [MYALGO] The state of the order book is:
|----BID-----||----ASK----|
   101 @ 100    100 @ 98
   200 @ 110    200 @ 95
  5000 @ 115    300 @ 91
|------------||-----------|

19:07:23.358 [main] INFO  c.gettingstarted.MyAlgoLogic - [MYALGO] Algo Sees SheZa
19:07:23.358 [main] INFO  c.gettingstarted.MyAlgoLogic - [MYALGO] Algo Sees Book as:
|----BID-----||----ASK----|
   101 @ 100    100 @ 98
   200 @ 110    200 @ 95
  5000 @ 115    300 @ 91
|------------||-----------|

19:07:23.358 [main] INFO  c.gettingstarted.MyAlgoLogic - [MYALGO] Have:11 children, want 5, done.
19:07:23.358 [main] INFO  c.gettingstarted.MyAlgoLogic - [MYALGO] active orders are 11
19:07:23.358 [main] INFO  c.gettingstarted.MyAlgoLogic - [MYALGO] Cancelling order:codingblackfemales.sotw.ChildOrder@3e6ef8ad
19:07:23.358 [main] INFO  c.gettingstarted.MyAlgoLogic - [MYALGO] option is present, number of active orders are 11
19:07:23.359 [main] INFO  c.container.Actioner - [ALGO] Actioner, sending action:CancelChildOrder(codingblackfemales.sotw.ChildOrder@3e6ef8ad)
19:07:23.359 [main] INFO  c.sequencer.consumer.LoggingConsumer - [81] [CancelOrder](sbeTemplateId=5|sbeSchemaId=2|sbeSchemaVersion=0|sbeBlockLength=8):orderId=36
19:07:23.359 [main] INFO  c.gettingstarted.MyAlgoLogic - [MYALGO] The state of the order book is:
|----BID-----||----ASK----|
   101 @ 100    100 @ 98
   200 @ 110    200 @ 95
  5000 @ 115    300 @ 91
|------------||-----------|

19:07:23.359 [main] INFO  c.gettingstarted.MyAlgoLogic - [MYALGO] Algo Sees SheZa
19:07:23.359 [main] INFO  c.gettingstarted.MyAlgoLogic - [MYALGO] Algo Sees Book as:
|----BID-----||----ASK----|
   101 @ 100    100 @ 98
   200 @ 110    200 @ 95
  5000 @ 115    300 @ 91
|------------||-----------|

19:07:23.359 [main] INFO  c.gettingstarted.MyAlgoLogic - [MYALGO] Have:10 children, want 5, done.
19:07:23.359 [main] INFO  c.gettingstarted.MyAlgoLogic - [MYALGO] active orders are 10
19:07:23.359 [main] INFO  c.gettingstarted.MyAlgoLogic - [MYALGO] Cancelling order:codingblackfemales.sotw.ChildOrder@346d61be
19:07:23.359 [main] INFO  c.gettingstarted.MyAlgoLogic - [MYALGO] option is present, number of active orders are 10
19:07:23.359 [main] INFO  c.container.Actioner - [ALGO] Actioner, sending action:CancelChildOrder(codingblackfemales.sotw.ChildOrder@346d61be)
19:07:23.359 [main] INFO  c.sequencer.consumer.LoggingConsumer - [82] [CancelOrder](sbeTemplateId=5|sbeSchemaId=2|sbeSchemaVersion=0|sbeBlockLength=8):orderId=37
19:07:23.359 [main] INFO  c.gettingstarted.MyAlgoLogic - [MYALGO] The state of the order book is:
|----BID-----||----ASK----|
   101 @ 100    100 @ 98
   200 @ 110    200 @ 95
  5000 @ 115    300 @ 91
|------------||-----------|

19:07:23.359 [main] INFO  c.gettingstarted.MyAlgoLogic - [MYALGO] Algo Sees SheZa
19:07:23.359 [main] INFO  c.gettingstarted.MyAlgoLogic - [MYALGO] Algo Sees Book as:
|----BID-----||----ASK----|
   101 @ 100    100 @ 98
   200 @ 110    200 @ 95
  5000 @ 115    300 @ 91
|------------||-----------|

19:07:23.359 [main] INFO  c.gettingstarted.MyAlgoLogic - [MYALGO] Have:9 children, want 5, done.
19:07:23.359 [main] INFO  c.gettingstarted.MyAlgoLogic - [MYALGO] active orders are 9
19:07:23.359 [main] INFO  c.gettingstarted.MyAlgoLogic - [MYALGO] Cancelling order:codingblackfemales.sotw.ChildOrder@55536d9e
19:07:23.359 [main] INFO  c.gettingstarted.MyAlgoLogic - [MYALGO] option is present, number of active orders are 9
19:07:23.359 [main] INFO  c.container.Actioner - [ALGO] Actioner, sending action:CancelChildOrder(codingblackfemales.sotw.ChildOrder@55536d9e)
19:07:23.359 [main] INFO  c.sequencer.consumer.LoggingConsumer - [83] [CancelOrder](sbeTemplateId=5|sbeSchemaId=2|sbeSchemaVersion=0|sbeBlockLength=8):orderId=38
19:07:23.359 [main] INFO  c.gettingstarted.MyAlgoLogic - [MYALGO] The state of the order book is:
|----BID-----||----ASK----|
   101 @ 100    100 @ 98
   200 @ 110    200 @ 95
  5000 @ 115    300 @ 91
|------------||-----------|

19:07:23.359 [main] INFO  c.gettingstarted.MyAlgoLogic - [MYALGO] Algo Sees SheZa
19:07:23.359 [main] INFO  c.gettingstarted.MyAlgoLogic - [MYALGO] Algo Sees Book as:
|----BID-----||----ASK----|
   101 @ 100    100 @ 98
   200 @ 110    200 @ 95
  5000 @ 115    300 @ 91
|------------||-----------|

19:07:23.359 [main] INFO  c.gettingstarted.MyAlgoLogic - [MYALGO] Have:8 children, want 5, done.
19:07:23.359 [main] INFO  c.gettingstarted.MyAlgoLogic - [MYALGO] active orders are 8
19:07:23.360 [main] INFO  c.gettingstarted.MyAlgoLogic - [MYALGO] Cancelling order:codingblackfemales.sotw.ChildOrder@747edf66
19:07:23.360 [main] INFO  c.gettingstarted.MyAlgoLogic - [MYALGO] option is present, number of active orders are 8
19:07:23.360 [main] INFO  c.container.Actioner - [ALGO] Actioner, sending action:CancelChildOrder(codingblackfemales.sotw.ChildOrder@747edf66)
19:07:23.360 [main] INFO  c.sequencer.consumer.LoggingConsumer - [84] [CancelOrder](sbeTemplateId=5|sbeSchemaId=2|sbeSchemaVersion=0|sbeBlockLength=8):orderId=39
19:07:23.360 [main] INFO  c.gettingstarted.MyAlgoLogic - [MYALGO] The state of the order book is:
|----BID-----||----ASK----|
   101 @ 100    100 @ 98
   200 @ 110    200 @ 95
  5000 @ 115    300 @ 91
|------------||-----------|

19:07:23.360 [main] INFO  c.gettingstarted.MyAlgoLogic - [MYALGO] Algo Sees SheZa
19:07:23.360 [main] INFO  c.gettingstarted.MyAlgoLogic - [MYALGO] Algo Sees Book as:
|----BID-----||----ASK----|
   101 @ 100    100 @ 98
   200 @ 110    200 @ 95
  5000 @ 115    300 @ 91
|------------||-----------|

19:07:23.360 [main] INFO  c.gettingstarted.MyAlgoLogic - [MYALGO] Have:7 children, want 5, done.
19:07:23.360 [main] INFO  c.gettingstarted.MyAlgoLogic - [MYALGO] active orders are 7
19:07:23.360 [main] INFO  c.gettingstarted.MyAlgoLogic - [MYALGO] Cancelling order:codingblackfemales.sotw.ChildOrder@3d1cfad4
19:07:23.360 [main] INFO  c.gettingstarted.MyAlgoLogic - [MYALGO] option is present, number of active orders are 7
19:07:23.360 [main] INFO  c.container.Actioner - [ALGO] Actioner, sending action:CancelChildOrder(codingblackfemales.sotw.ChildOrder@3d1cfad4)
19:07:23.360 [main] INFO  c.sequencer.consumer.LoggingConsumer - [85] [CancelOrder](sbeTemplateId=5|sbeSchemaId=2|sbeSchemaVersion=0|sbeBlockLength=8):orderId=40
19:07:23.360 [main] INFO  c.gettingstarted.MyAlgoLogic - [MYALGO] The state of the order book is:
|----BID-----||----ASK----|
   101 @ 100    100 @ 98
   200 @ 110    200 @ 95
  5000 @ 115    300 @ 91
|------------||-----------|

19:07:23.360 [main] INFO  c.gettingstarted.MyAlgoLogic - [MYALGO] Algo Sees SheZa
19:07:23.360 [main] INFO  c.gettingstarted.MyAlgoLogic - [MYALGO] Algo Sees Book as:
|----BID-----||----ASK----|
   101 @ 100    100 @ 98
   200 @ 110    200 @ 95
  5000 @ 115    300 @ 91
|------------||-----------|

19:07:23.360 [main] INFO  c.gettingstarted.MyAlgoLogic - [MYALGO] Have:6 children, want 5, done.
19:07:23.360 [main] INFO  c.gettingstarted.MyAlgoLogic - [MYALGO] active orders are 6
19:07:23.360 [main] INFO  c.gettingstarted.MyAlgoLogic - [MYALGO] Cancelling order:codingblackfemales.sotw.ChildOrder@62230c58
19:07:23.360 [main] INFO  c.gettingstarted.MyAlgoLogic - [MYALGO] option is present, number of active orders are 6
19:07:23.360 [main] INFO  c.container.Actioner - [ALGO] Actioner, sending action:CancelChildOrder(codingblackfemales.sotw.ChildOrder@62230c58)
19:07:23.360 [main] INFO  c.sequencer.consumer.LoggingConsumer - [86] [CancelOrder](sbeTemplateId=5|sbeSchemaId=2|sbeSchemaVersion=0|sbeBlockLength=8):orderId=41
19:07:23.360 [main] INFO  c.gettingstarted.MyAlgoLogic - [MYALGO] The state of the order book is:
|----BID-----||----ASK----|
   101 @ 100    100 @ 98
   200 @ 110    200 @ 95
  5000 @ 115    300 @ 91
|------------||-----------|

19:07:23.360 [main] INFO  c.gettingstarted.MyAlgoLogic - [MYALGO] Algo Sees SheZa
19:07:23.360 [main] INFO  c.gettingstarted.MyAlgoLogic - [MYALGO] Algo Sees Book as:
|----BID-----||----ASK----|
   101 @ 100    100 @ 98
   200 @ 110    200 @ 95
  5000 @ 115    300 @ 91
|------------||-----------|

]]></system-out>
  </testcase>
</testsuite>