<?xml version="1.0" encoding="UTF-8"?>
<testsuite xmlns:xsi="http://www.w3.org/2001/XMLSchema-instance" xsi:noNamespaceSchemaLocation="https://maven.apache.org/surefire/maven-surefire-plugin/xsd/surefire-test-report-3.0.xsd" version="3.0" name="codingblackfemales.gettingstarted.MyAlgoBackTest" time="0.616" tests="1" errors="1" skipped="0" failures="0">
  <properties>
[...]
</properties>
  <testcase name="testExampleBackTest" classname="codingblackfemales.gettingstarted.MyAlgoBackTest" time="0.115">
    <error message="Cannot read field &quot;quantity&quot; because &quot;level&quot; is null" type="java.lang.NullPointerException"><![CDATA[java.lang.NullPointerException: Cannot read field "quantity" because "level" is null
	at codingblackfemales.util.Util.orderBookToString(Util.java:36)
	at codingblackfemales.gettingstarted.MyAlgoLogic.evaluate(MyAlgoLogic.java:37)
	at codingblackfemales.container.AlgoContainer.runAlgoLogic(AlgoContainer.java:57)
	at codingblackfemales.container.AlgoContainer.onMessage(AlgoContainer.java:49)
	at codingblackfemales.sequencer.net.TestNetwork.dispatch(TestNetwork.java:15)
	at codingblackfemales.sequencer.DefaultSequencer.dispatchToNetwork(DefaultSequencer.java:95)
	at codingblackfemales.sequencer.DefaultSequencer.sequenceAndDispatchMessage(DefaultSequencer.java:91)
	at codingblackfemales.sequencer.DefaultSequencer.onCommand(DefaultSequencer.java:50)
	at codingblackfemales.orderbook.channel.MarketDataChannel.publish(MarketDataChannel.java:20)
	at codingblackfemales.orderbook.OrderBook.publishBook(OrderBook.java:188)
	at codingblackfemales.orderbook.OrderBook.onLimitOrder(OrderBook.java:174)
	at codingblackfemales.orderbook.consumer.OrderBookInboundOrderConsumer.onCreateOrder(OrderBookInboundOrderConsumer.java:24)
	at codingblackfemales.sequencer.event.OrderEventListener.onMessage(OrderEventListener.java:33)
	at codingblackfemales.sequencer.net.TestNetwork.dispatch(TestNetwork.java:15)
	at codingblackfemales.sequencer.DefaultSequencer.dispatchToNetwork(DefaultSequencer.java:95)
	at codingblackfemales.sequencer.DefaultSequencer.sequenceAndDispatchMessage(DefaultSequencer.java:91)
	at codingblackfemales.sequencer.DefaultSequencer.onCommand(DefaultSequencer.java:47)
	at codingblackfemales.action.CreateChildOrder.apply(CreateChildOrder.java:47)
	at codingblackfemales.container.Actioner.processAction(Actioner.java:20)
	at codingblackfemales.container.AlgoContainer.runAlgoLogic(AlgoContainer.java:62)
	at codingblackfemales.container.AlgoContainer.onMessage(AlgoContainer.java:49)
	at codingblackfemales.sequencer.net.TestNetwork.dispatch(TestNetwork.java:15)
	at codingblackfemales.sequencer.DefaultSequencer.dispatchToNetwork(DefaultSequencer.java:95)
	at codingblackfemales.sequencer.DefaultSequencer.sequenceAndDispatchMessage(DefaultSequencer.java:91)
	at codingblackfemales.sequencer.DefaultSequencer.onCommand(DefaultSequencer.java:50)
	at codingblackfemales.orderbook.channel.OrderChannel.publishFill(OrderChannel.java:40)
	at codingblackfemales.orderbook.visitor.MutatingMatchOneOrderVisitor.publishFill(MutatingMatchOneOrderVisitor.java:79)
	at codingblackfemales.orderbook.visitor.MutatingMatchOneOrderVisitor.visitOrder(MutatingMatchOneOrderVisitor.java:52)
	at codingblackfemales.orderbook.order.DefaultOrderFlyweight.accept(DefaultOrderFlyweight.java:12)
	at codingblackfemales.orderbook.OrderBookLevel.accept(OrderBookLevel.java:67)
	at codingblackfemales.orderbook.OrderBookSide.visitOneLevel(OrderBookSide.java:67)
	at codingblackfemales.orderbook.OrderBookSide.accept(OrderBookSide.java:42)
	at codingblackfemales.orderbook.OrderBook.matchOrder(OrderBook.java:142)
	at codingblackfemales.orderbook.OrderBook.onLimitOrder(OrderBook.java:169)
	at codingblackfemales.orderbook.consumer.OrderBookInboundOrderConsumer.onCreateOrder(OrderBookInboundOrderConsumer.java:24)
	at codingblackfemales.sequencer.event.OrderEventListener.onMessage(OrderEventListener.java:33)
	at codingblackfemales.sequencer.net.TestNetwork.dispatch(TestNetwork.java:15)
	at codingblackfemales.sequencer.DefaultSequencer.dispatchToNetwork(DefaultSequencer.java:95)
	at codingblackfemales.sequencer.DefaultSequencer.sequenceAndDispatchMessage(DefaultSequencer.java:91)
	at codingblackfemales.sequencer.DefaultSequencer.onCommand(DefaultSequencer.java:47)
	at codingblackfemales.action.CreateChildOrder.apply(CreateChildOrder.java:47)
	at codingblackfemales.container.Actioner.processAction(Actioner.java:20)
	at codingblackfemales.container.AlgoContainer.runAlgoLogic(AlgoContainer.java:62)
	at codingblackfemales.container.AlgoContainer.onMessage(AlgoContainer.java:49)
	at codingblackfemales.sequencer.net.TestNetwork.dispatch(TestNetwork.java:15)
	at codingblackfemales.sequencer.DefaultSequencer.dispatchToNetwork(DefaultSequencer.java:95)
	at codingblackfemales.sequencer.DefaultSequencer.sequenceAndDispatchMessage(DefaultSequencer.java:91)
	at codingblackfemales.sequencer.DefaultSequencer.onCommand(DefaultSequencer.java:50)
	at codingblackfemales.orderbook.channel.MarketDataChannel.publish(MarketDataChannel.java:20)
	at codingblackfemales.orderbook.OrderBook.publishBook(OrderBook.java:188)
	at codingblackfemales.orderbook.OrderBook.onLimitOrder(OrderBook.java:174)
	at codingblackfemales.orderbook.consumer.OrderBookInboundOrderConsumer.onCreateOrder(OrderBookInboundOrderConsumer.java:24)
	at codingblackfemales.sequencer.event.OrderEventListener.onMessage(OrderEventListener.java:33)
	at codingblackfemales.sequencer.net.TestNetwork.dispatch(TestNetwork.java:15)
	at codingblackfemales.sequencer.DefaultSequencer.dispatchToNetwork(DefaultSequencer.java:95)
	at codingblackfemales.sequencer.DefaultSequencer.sequenceAndDispatchMessage(DefaultSequencer.java:91)
	at codingblackfemales.sequencer.DefaultSequencer.onCommand(DefaultSequencer.java:47)
	at codingblackfemales.action.CreateChildOrder.apply(CreateChildOrder.java:47)
	at codingblackfemales.container.Actioner.processAction(Actioner.java:20)
	at codingblackfemales.container.AlgoContainer.runAlgoLogic(AlgoContainer.java:62)
	at codingblackfemales.container.AlgoContainer.onMessage(AlgoContainer.java:49)
	at codingblackfemales.sequencer.net.TestNetwork.dispatch(TestNetwork.java:15)
	at codingblackfemales.sequencer.DefaultSequencer.dispatchToNetwork(DefaultSequencer.java:95)
	at codingblackfemales.sequencer.DefaultSequencer.sequenceAndDispatchMessage(DefaultSequencer.java:91)
	at codingblackfemales.sequencer.DefaultSequencer.onCommand(DefaultSequencer.java:50)
	at codingblackfemales.orderbook.channel.OrderChannel.publishFill(OrderChannel.java:40)
	at codingblackfemales.orderbook.visitor.MutatingMatchOneOrderVisitor.publishFill(MutatingMatchOneOrderVisitor.java:79)
	at codingblackfemales.orderbook.visitor.MutatingMatchOneOrderVisitor.visitOrder(MutatingMatchOneOrderVisitor.java:52)
	at codingblackfemales.orderbook.order.DefaultOrderFlyweight.accept(DefaultOrderFlyweight.java:12)
	at codingblackfemales.orderbook.OrderBookLevel.accept(OrderBookLevel.java:67)
	at codingblackfemales.orderbook.OrderBookSide.visitOneLevel(OrderBookSide.java:67)
	at codingblackfemales.orderbook.OrderBookSide.accept(OrderBookSide.java:42)
	at codingblackfemales.orderbook.OrderBook.matchOrder(OrderBook.java:142)
	at codingblackfemales.orderbook.OrderBook.onLimitOrder(OrderBook.java:169)
	at codingblackfemales.orderbook.consumer.OrderBookInboundOrderConsumer.onCreateOrder(OrderBookInboundOrderConsumer.java:24)
	at codingblackfemales.sequencer.event.OrderEventListener.onMessage(OrderEventListener.java:33)
	at codingblackfemales.sequencer.net.TestNetwork.dispatch(TestNetwork.java:15)
	at codingblackfemales.sequencer.DefaultSequencer.dispatchToNetwork(DefaultSequencer.java:95)
	at codingblackfemales.sequencer.DefaultSequencer.sequenceAndDispatchMessage(DefaultSequencer.java:91)
	at codingblackfemales.sequencer.DefaultSequencer.onCommand(DefaultSequencer.java:47)
	at codingblackfemales.action.CreateChildOrder.apply(CreateChildOrder.java:47)
	at codingblackfemales.container.Actioner.processAction(Actioner.java:20)
	at codingblackfemales.container.AlgoContainer.runAlgoLogic(AlgoContainer.java:62)
	at codingblackfemales.container.AlgoContainer.onMessage(AlgoContainer.java:49)
	at codingblackfemales.sequencer.net.TestNetwork.dispatch(TestNetwork.java:15)
	at codingblackfemales.sequencer.DefaultSequencer.dispatchToNetwork(DefaultSequencer.java:95)
	at codingblackfemales.sequencer.DefaultSequencer.sequenceAndDispatchMessage(DefaultSequencer.java:91)
	at codingblackfemales.sequencer.DefaultSequencer.onCommand(DefaultSequencer.java:50)
	at codingblackfemales.orderbook.channel.MarketDataChannel.publish(MarketDataChannel.java:20)
	at codingblackfemales.orderbook.OrderBook.publishBook(OrderBook.java:188)
	at codingblackfemales.orderbook.OrderBook.onLimitOrder(OrderBook.java:174)
	at codingblackfemales.orderbook.consumer.OrderBookInboundOrderConsumer.onCreateOrder(OrderBookInboundOrderConsumer.java:24)
	at codingblackfemales.sequencer.event.OrderEventListener.onMessage(OrderEventListener.java:33)
	at codingblackfemales.sequencer.net.TestNetwork.dispatch(TestNetwork.java:15)
	at codingblackfemales.sequencer.DefaultSequencer.dispatchToNetwork(DefaultSequencer.java:95)
	at codingblackfemales.sequencer.DefaultSequencer.sequenceAndDispatchMessage(DefaultSequencer.java:91)
	at codingblackfemales.sequencer.DefaultSequencer.onCommand(DefaultSequencer.java:47)
	at codingblackfemales.action.CreateChildOrder.apply(CreateChildOrder.java:47)
	at codingblackfemales.container.Actioner.processAction(Actioner.java:20)
	at codingblackfemales.container.AlgoContainer.runAlgoLogic(AlgoContainer.java:62)
	at codingblackfemales.container.AlgoContainer.onMessage(AlgoContainer.java:49)
	at codingblackfemales.sequencer.net.TestNetwork.dispatch(TestNetwork.java:15)
	at codingblackfemales.sequencer.DefaultSequencer.dispatchToNetwork(DefaultSequencer.java:95)
	at codingblackfemales.sequencer.DefaultSequencer.sequenceAndDispatchMessage(DefaultSequencer.java:91)
	at codingblackfemales.sequencer.DefaultSequencer.onCommand(DefaultSequencer.java:50)
	at codingblackfemales.orderbook.channel.OrderChannel.publishFill(OrderChannel.java:40)
	at codingblackfemales.orderbook.visitor.MutatingMatchOneOrderVisitor.publishFill(MutatingMatchOneOrderVisitor.java:79)
	at codingblackfemales.orderbook.visitor.MutatingMatchOneOrderVisitor.visitOrder(MutatingMatchOneOrderVisitor.java:52)
	at codingblackfemales.orderbook.order.DefaultOrderFlyweight.accept(DefaultOrderFlyweight.java:12)
	at codingblackfemales.orderbook.OrderBookLevel.accept(OrderBookLevel.java:67)
	at codingblackfemales.orderbook.OrderBookSide.visitOneLevel(OrderBookSide.java:67)
	at codingblackfemales.orderbook.OrderBookSide.accept(OrderBookSide.java:42)
	at codingblackfemales.orderbook.OrderBook.matchOrder(OrderBook.java:142)
	at codingblackfemales.orderbook.OrderBook.onLimitOrder(OrderBook.java:169)
	at codingblackfemales.orderbook.consumer.OrderBookInboundOrderConsumer.onCreateOrder(OrderBookInboundOrderConsumer.java:24)
	at codingblackfemales.sequencer.event.OrderEventListener.onMessage(OrderEventListener.java:33)
	at codingblackfemales.sequencer.net.TestNetwork.dispatch(TestNetwork.java:15)
	at codingblackfemales.sequencer.DefaultSequencer.dispatchToNetwork(DefaultSequencer.java:95)
	at codingblackfemales.sequencer.DefaultSequencer.sequenceAndDispatchMessage(DefaultSequencer.java:91)
	at codingblackfemales.sequencer.DefaultSequencer.onCommand(DefaultSequencer.java:47)
	at codingblackfemales.action.CreateChildOrder.apply(CreateChildOrder.java:47)
	at codingblackfemales.container.Actioner.processAction(Actioner.java:20)
	at codingblackfemales.container.AlgoContainer.runAlgoLogic(AlgoContainer.java:62)
	at codingblackfemales.container.AlgoContainer.onMessage(AlgoContainer.java:49)
	at codingblackfemales.sequencer.net.TestNetwork.dispatch(TestNetwork.java:15)
	at codingblackfemales.sequencer.DefaultSequencer.dispatchToNetwork(DefaultSequencer.java:95)
	at codingblackfemales.sequencer.DefaultSequencer.sequenceAndDispatchMessage(DefaultSequencer.java:91)
	at codingblackfemales.sequencer.DefaultSequencer.onCommand(DefaultSequencer.java:50)
	at codingblackfemales.orderbook.channel.MarketDataChannel.publish(MarketDataChannel.java:20)
	at codingblackfemales.orderbook.OrderBook.publishBook(OrderBook.java:188)
	at codingblackfemales.orderbook.OrderBook.onLimitOrder(OrderBook.java:174)
	at codingblackfemales.orderbook.consumer.OrderBookInboundOrderConsumer.onCreateOrder(OrderBookInboundOrderConsumer.java:24)
	at codingblackfemales.sequencer.event.OrderEventListener.onMessage(OrderEventListener.java:33)
	at codingblackfemales.sequencer.net.TestNetwork.dispatch(TestNetwork.java:15)
	at codingblackfemales.sequencer.DefaultSequencer.dispatchToNetwork(DefaultSequencer.java:95)
	at codingblackfemales.sequencer.DefaultSequencer.sequenceAndDispatchMessage(DefaultSequencer.java:91)
	at codingblackfemales.sequencer.DefaultSequencer.onCommand(DefaultSequencer.java:47)
	at codingblackfemales.action.CreateChildOrder.apply(CreateChildOrder.java:47)
	at codingblackfemales.container.Actioner.processAction(Actioner.java:20)
	at codingblackfemales.container.AlgoContainer.runAlgoLogic(AlgoContainer.java:62)
	at codingblackfemales.container.AlgoContainer.onMessage(AlgoContainer.java:49)
	at codingblackfemales.sequencer.net.TestNetwork.dispatch(TestNetwork.java:15)
	at codingblackfemales.sequencer.DefaultSequencer.dispatchToNetwork(DefaultSequencer.java:95)
	at codingblackfemales.sequencer.DefaultSequencer.sequenceAndDispatchMessage(DefaultSequencer.java:91)
	at codingblackfemales.sequencer.DefaultSequencer.onCommand(DefaultSequencer.java:50)
	at codingblackfemales.orderbook.channel.OrderChannel.publishFill(OrderChannel.java:40)
	at codingblackfemales.orderbook.visitor.MutatingMatchOneOrderVisitor.publishFill(MutatingMatchOneOrderVisitor.java:79)
	at codingblackfemales.orderbook.visitor.MutatingMatchOneOrderVisitor.visitOrder(MutatingMatchOneOrderVisitor.java:52)
	at codingblackfemales.orderbook.order.DefaultOrderFlyweight.accept(DefaultOrderFlyweight.java:12)
	at codingblackfemales.orderbook.OrderBookLevel.accept(OrderBookLevel.java:67)
	at codingblackfemales.orderbook.OrderBookSide.visitOneLevel(OrderBookSide.java:67)
	at codingblackfemales.orderbook.OrderBookSide.accept(OrderBookSide.java:42)
	at codingblackfemales.orderbook.OrderBook.matchOrder(OrderBook.java:142)
	at codingblackfemales.orderbook.OrderBook.onLimitOrder(OrderBook.java:169)
	at codingblackfemales.orderbook.consumer.OrderBookInboundOrderConsumer.onCreateOrder(OrderBookInboundOrderConsumer.java:24)
	at codingblackfemales.sequencer.event.OrderEventListener.onMessage(OrderEventListener.java:33)
	at codingblackfemales.sequencer.net.TestNetwork.dispatch(TestNetwork.java:15)
	at codingblackfemales.sequencer.DefaultSequencer.dispatchToNetwork(DefaultSequencer.java:95)
	at codingblackfemales.sequencer.DefaultSequencer.sequenceAndDispatchMessage(DefaultSequencer.java:91)
	at codingblackfemales.sequencer.DefaultSequencer.onCommand(DefaultSequencer.java:47)
	at codingblackfemales.action.CreateChildOrder.apply(CreateChildOrder.java:47)
	at codingblackfemales.container.Actioner.processAction(Actioner.java:20)
	at codingblackfemales.container.AlgoContainer.runAlgoLogic(AlgoContainer.java:62)
	at codingblackfemales.container.AlgoContainer.onMessage(AlgoContainer.java:49)
	at codingblackfemales.sequencer.net.TestNetwork.dispatch(TestNetwork.java:15)
	at codingblackfemales.sequencer.DefaultSequencer.dispatchToNetwork(DefaultSequencer.java:95)
	at codingblackfemales.sequencer.DefaultSequencer.sequenceAndDispatchMessage(DefaultSequencer.java:91)
	at codingblackfemales.sequencer.DefaultSequencer.onCommand(DefaultSequencer.java:50)
	at codingblackfemales.sequencer.marketdata.SequencerTestCase.send(SequencerTestCase.java:17)
	at codingblackfemales.gettingstarted.MyAlgoBackTest.testExampleBackTest(MyAlgoBackTest.java:41)
	at java.base/jdk.internal.reflect.NativeMethodAccessorImpl.invoke0(Native Method)
	at java.base/jdk.internal.reflect.NativeMethodAccessorImpl.invoke(NativeMethodAccessorImpl.java:77)
	at java.base/jdk.internal.reflect.DelegatingMethodAccessorImpl.invoke(DelegatingMethodAccessorImpl.java:43)
	at java.base/java.lang.reflect.Method.invoke(Method.java:568)
	at org.junit.runners.model.FrameworkMethod$1.runReflectiveCall(FrameworkMethod.java:47)
	at org.junit.internal.runners.model.ReflectiveCallable.run(ReflectiveCallable.java:12)
	at org.junit.runners.model.FrameworkMethod.invokeExplosively(FrameworkMethod.java:44)
	at org.junit.internal.runners.statements.InvokeMethod.evaluate(InvokeMethod.java:17)
	at org.junit.runners.ParentRunner.runLeaf(ParentRunner.java:271)
	at org.junit.runners.BlockJUnit4ClassRunner.runChild(BlockJUnit4ClassRunner.java:70)
	at org.junit.runners.BlockJUnit4ClassRunner.runChild(BlockJUnit4ClassRunner.java:50)
	at org.junit.runners.ParentRunner$3.run(ParentRunner.java:238)
	at org.junit.runners.ParentRunner$1.schedule(ParentRunner.java:63)
	at org.junit.runners.ParentRunner.runChildren(ParentRunner.java:236)
	at org.junit.runners.ParentRunner.access$000(ParentRunner.java:53)
	at org.junit.runners.ParentRunner$2.evaluate(ParentRunner.java:229)
	at org.junit.runners.ParentRunner.run(ParentRunner.java:309)
	at org.apache.maven.surefire.junit4.JUnit4Provider.execute(JUnit4Provider.java:316)
	at org.apache.maven.surefire.junit4.JUnit4Provider.executeWithRerun(JUnit4Provider.java:240)
	at org.apache.maven.surefire.junit4.JUnit4Provider.executeTestSet(JUnit4Provider.java:214)
	at org.apache.maven.surefire.junit4.JUnit4Provider.invoke(JUnit4Provider.java:155)
	at org.apache.maven.surefire.booter.ForkedBooter.runSuitesInProcess(ForkedBooter.java:385)
	at org.apache.maven.surefire.booter.ForkedBooter.execute(ForkedBooter.java:162)
	at org.apache.maven.surefire.booter.ForkedBooter.run(ForkedBooter.java:507)
	at org.apache.maven.surefire.booter.ForkedBooter.main(ForkedBooter.java:495)
]]></error>
    <system-out><![CDATA[22:58:18.733 [main] INFO  c.sequencer.consumer.LoggingConsumer - [1] 
|----BID-----|
    100 @ 98
    200 @ 95
    300 @ 91
|----ASK-----|
   101 @ 100
   200 @ 110
  5000 @ 115
  5600 @ 119

22:58:18.738 [main] INFO  c.orderbook.OrderBook - [ORDERBOOK] Processing Mkt Data Update
22:58:18.740 [main] DEBUG c.orderbook.OrderBook - [ORDERBOOK] ASK: Adding orderMktData(price=98,quantity=100)
22:58:18.740 [main] DEBUG c.orderbook.OrderBook - [ORDERBOOK] ASK: Adding orderMktData(price=95,quantity=200)
22:58:18.741 [main] DEBUG c.orderbook.OrderBook - [ORDERBOOK] ASK: Adding orderMktData(price=91,quantity=300)
22:58:18.741 [main] DEBUG c.orderbook.OrderBook - [ORDERBOOK] ASK: Adding orderMktData(price=100,quantity=101)
22:58:18.741 [main] DEBUG c.orderbook.OrderBook - [ORDERBOOK] ASK: Adding orderMktData(price=110,quantity=200)
22:58:18.741 [main] DEBUG c.orderbook.OrderBook - [ORDERBOOK] ASK: Adding orderMktData(price=115,quantity=5000)
22:58:18.741 [main] DEBUG c.orderbook.OrderBook - [ORDERBOOK] ASK: Adding orderMktData(price=119,quantity=5600)
22:58:18.741 [main] DEBUG c.service.MarketDataService - [ALGO] BID: price:98 quantity:100
22:58:18.741 [main] DEBUG c.service.MarketDataService - [ALGO] BID: price:95 quantity:200
22:58:18.742 [main] DEBUG c.service.MarketDataService - [ALGO] BID: price:91 quantity:300
22:58:18.742 [main] DEBUG c.service.MarketDataService - [ALGO] ASK: price:100 quantity:101
22:58:18.742 [main] DEBUG c.service.MarketDataService - [ALGO] ASK: price:110 quantity:200
22:58:18.742 [main] DEBUG c.service.MarketDataService - [ALGO] ASK: price:115 quantity:5000
22:58:18.742 [main] DEBUG c.service.MarketDataService - [ALGO] ASK: price:119 quantity:5600
22:58:18.746 [main] INFO  c.gettingstarted.MyAlgoLogic - [MYALGO] The state of the order book is:
|----BID-----||----ASK----|
    100 @ 98   101 @ 100
    200 @ 95   200 @ 110
    300 @ 91  5000 @ 115
          -   5600 @ 119
|------------||-----------|

22:58:18.748 [main] INFO  c.gettingstarted.MyAlgoLogic - [MYALGO] Algo Sees Book as: 
|----BID-----||----ASK----|
    100 @ 98   101 @ 100
    200 @ 95   200 @ 110
    300 @ 91  5000 @ 115
          -   5600 @ 119
|------------||-----------|

22:58:18.750 [main] INFO  c.gettingstarted.MyAlgoLogic - [Sheza5] market monitor size is 0
22:58:18.750 [main] INFO  c.gettingstarted.MyAlgoLogic - [MYALGO] Initial quantity101 price 100
Current market monitor list is 
MYALGO- Current market monitor size is 0
22:58:18.751 [main] INFO  c.gettingstarted.TimedLogic - [TIMEDLOGIC] Market is open
22:58:18.753 [main] INFO  c.gettingstarted.MyAlgoLogic - [MYALGO] Adding order for101@100
total order count is 0
22:58:18.753 [main] INFO  c.gettingstarted.MyAlgoLogic - [Sheza6] market monitor size is 0
22:58:18.759 [main] INFO  c.container.Actioner - [ALGO] Actioner, sending action:CreateChildOrder(side=BUY,quantity=101,price=100)
22:58:18.759 [main] INFO  c.sequencer.consumer.LoggingConsumer - [2] [CreateOrder](sbeTemplateId=4|sbeSchemaId=2|sbeSchemaVersion=0|sbeBlockLength=33):instrumentId=0|price=100|quantity=101|side=BUY|orderId=2
22:58:18.772 [main] INFO  c.o.v.MutatingMatchOneOrderVisitor - [ORDERBOOK] visiting LevelOrderBookLevel(price=100,quantity=101)
22:58:18.777 [main] INFO  c.o.v.MutatingMatchOneOrderVisitor - [ORDERBOOK] Have found order we can match:MktData(price=100,quantity=101)(Limit(side=BUY,orderId=2,price=100,quantity=101))
22:58:18.777 [main] INFO  c.o.v.MutatingMatchOneOrderVisitor - [ORDERBOOK] Filled 101@100 for order:Limit(side=BUY,orderId=2,price=100,quantity=101)
22:58:18.784 [main] INFO  c.orderbook.channel.OrderChannel - [ORDERBOOK] publishing fill to stream: [FillOrder](sbeTemplateId=10|sbeSchemaId=2|sbeSchemaVersion=0|sbeBlockLength=24):orderId=2|quantity=101|price=100
22:58:18.785 [main] INFO  c.sequencer.consumer.LoggingConsumer - [3] [FillOrder](sbeTemplateId=10|sbeSchemaId=2|sbeSchemaVersion=0|sbeBlockLength=24):orderId=2|quantity=101|price=100
22:58:18.791 [main] INFO  c.gettingstarted.MyAlgoLogic - [MYALGO] The state of the order book is:
|----BID-----||----ASK----|
    100 @ 98   101 @ 100
    200 @ 95   200 @ 110
    300 @ 91  5000 @ 115
          -   5600 @ 119
|------------||-----------|

22:58:18.792 [main] INFO  c.gettingstarted.MyAlgoLogic - [MYALGO] Algo Sees Book as: 
|----BID-----||----ASK----|
    100 @ 98   101 @ 100
    200 @ 95   200 @ 110
    300 @ 91  5000 @ 115
          -   5600 @ 119
|------------||-----------|

22:58:18.792 [main] INFO  c.gettingstarted.MyAlgoLogic - [Sheza5] market monitor size is 0
22:58:18.792 [main] INFO  c.gettingstarted.MyAlgoLogic - [MYALGO] Initial quantity101 price 100
Current market monitor list is 
MYALGO- Current market monitor size is 0
22:58:18.792 [main] INFO  c.gettingstarted.TimedLogic - [TIMEDLOGIC] Market is open
22:58:18.793 [main] INFO  c.gettingstarted.MyAlgoLogic - [MYALGO] Adding order for101@100
total order count is 1
22:58:18.793 [main] INFO  c.gettingstarted.MyAlgoLogic - [Sheza6] market monitor size is 0
22:58:18.793 [main] INFO  c.container.Actioner - [ALGO] Actioner, sending action:CreateChildOrder(side=BUY,quantity=101,price=100)
22:58:18.793 [main] INFO  c.sequencer.consumer.LoggingConsumer - [4] [CreateOrder](sbeTemplateId=4|sbeSchemaId=2|sbeSchemaVersion=0|sbeBlockLength=33):instrumentId=0|price=100|quantity=101|side=BUY|orderId=3
22:58:18.793 [main] INFO  c.orderbook.OrderBook - [ORDERBOOK] Adding passive limit order to BID bookLimit(side=BUY,orderId=3,price=100,quantity=101)
22:58:18.793 [main] DEBUG c.o.v.ReadOnlyMarketDataChannelPublishVisitor - Bid Side Size: 3
22:58:18.793 [main] DEBUG c.o.v.ReadOnlyMarketDataChannelPublishVisitor - Adding Mkt Data Msg BID: Price=98 Qty=100
22:58:18.793 [main] DEBUG c.o.v.ReadOnlyMarketDataChannelPublishVisitor - Adding Mkt Data Msg BID: Price=95 Qty=200
22:58:18.793 [main] DEBUG c.o.v.ReadOnlyMarketDataChannelPublishVisitor - Adding Mkt Data Msg BID: Price=91 Qty=300
22:58:18.793 [main] DEBUG c.o.v.ReadOnlyMarketDataChannelPublishVisitor - Ask Side Size: 3
22:58:18.793 [main] DEBUG c.o.v.ReadOnlyMarketDataChannelPublishVisitor - Adding Mkt Data Msg ASK: Price=110 Qty=200
22:58:18.793 [main] DEBUG c.o.v.ReadOnlyMarketDataChannelPublishVisitor - Adding Mkt Data Msg ASK: Price=115 Qty=5000
22:58:18.793 [main] DEBUG c.o.v.ReadOnlyMarketDataChannelPublishVisitor - Adding Mkt Data Msg ASK: Price=119 Qty=5600
22:58:18.793 [main] INFO  c.o.channel.MarketDataChannel - [ORDERBOOK] Sending market data update...
22:58:18.795 [main] INFO  c.sequencer.consumer.LoggingConsumer - [5] 
|----BID-----|
    100 @ 98
    200 @ 95
    300 @ 91
|----ASK-----|
   200 @ 110
  5000 @ 115
  5600 @ 119

22:58:18.795 [main] DEBUG c.service.MarketDataService - [ALGO] BID: price:98 quantity:100
22:58:18.795 [main] DEBUG c.service.MarketDataService - [ALGO] BID: price:95 quantity:200
22:58:18.795 [main] DEBUG c.service.MarketDataService - [ALGO] BID: price:91 quantity:300
22:58:18.795 [main] DEBUG c.service.MarketDataService - [ALGO] ASK: price:110 quantity:200
22:58:18.795 [main] DEBUG c.service.MarketDataService - [ALGO] ASK: price:115 quantity:5000
22:58:18.795 [main] DEBUG c.service.MarketDataService - [ALGO] ASK: price:119 quantity:5600
22:58:18.796 [main] INFO  c.gettingstarted.MyAlgoLogic - [MYALGO] The state of the order book is:
|----BID-----||----ASK----|
    100 @ 98   200 @ 110
    200 @ 95  5000 @ 115
    300 @ 91  5600 @ 119
|------------||-----------|

22:58:18.796 [main] INFO  c.gettingstarted.MyAlgoLogic - [MYALGO] Algo Sees Book as: 
|----BID-----||----ASK----|
    100 @ 98   200 @ 110
    200 @ 95  5000 @ 115
    300 @ 91  5600 @ 119
|------------||-----------|

22:58:18.796 [main] INFO  c.gettingstarted.MyAlgoLogic - [Sheza5] market monitor size is 0
22:58:18.796 [main] INFO  c.gettingstarted.MyAlgoLogic - [MYALGO] Initial quantity200 price 110
Current market monitor list is 
MYALGO- Current market monitor size is 0
22:58:18.796 [main] INFO  c.gettingstarted.TimedLogic - [TIMEDLOGIC] Market is open
22:58:18.797 [main] INFO  c.gettingstarted.MyAlgoLogic - [MYALGO] Adding order for200@110
total order count is 2
22:58:18.797 [main] INFO  c.gettingstarted.MyAlgoLogic - [Sheza6] market monitor size is 0
22:58:18.797 [main] INFO  c.container.Actioner - [ALGO] Actioner, sending action:CreateChildOrder(side=BUY,quantity=200,price=110)
22:58:18.797 [main] INFO  c.sequencer.consumer.LoggingConsumer - [6] [CreateOrder](sbeTemplateId=4|sbeSchemaId=2|sbeSchemaVersion=0|sbeBlockLength=33):instrumentId=0|price=110|quantity=200|side=BUY|orderId=4
22:58:18.797 [main] INFO  c.o.v.MutatingMatchOneOrderVisitor - [ORDERBOOK] visiting LevelOrderBookLevel(price=110,quantity=200)
22:58:18.798 [main] INFO  c.o.v.MutatingMatchOneOrderVisitor - [ORDERBOOK] Have found order we can match:MktData(price=110,quantity=200)(Limit(side=BUY,orderId=4,price=110,quantity=200))
22:58:18.798 [main] INFO  c.o.v.MutatingMatchOneOrderVisitor - [ORDERBOOK] Filled 200@110 for order:Limit(side=BUY,orderId=4,price=110,quantity=200)
22:58:18.798 [main] INFO  c.orderbook.channel.OrderChannel - [ORDERBOOK] publishing fill to stream: [FillOrder](sbeTemplateId=10|sbeSchemaId=2|sbeSchemaVersion=0|sbeBlockLength=24):orderId=4|quantity=200|price=110
22:58:18.798 [main] INFO  c.sequencer.consumer.LoggingConsumer - [7] [FillOrder](sbeTemplateId=10|sbeSchemaId=2|sbeSchemaVersion=0|sbeBlockLength=24):orderId=4|quantity=200|price=110
22:58:18.798 [main] INFO  c.gettingstarted.MyAlgoLogic - [MYALGO] The state of the order book is:
|----BID-----||----ASK----|
    100 @ 98   200 @ 110
    200 @ 95  5000 @ 115
    300 @ 91  5600 @ 119
|------------||-----------|

22:58:18.799 [main] INFO  c.gettingstarted.MyAlgoLogic - [MYALGO] Algo Sees Book as: 
|----BID-----||----ASK----|
    100 @ 98   200 @ 110
    200 @ 95  5000 @ 115
    300 @ 91  5600 @ 119
|------------||-----------|

22:58:18.799 [main] INFO  c.gettingstarted.MyAlgoLogic - [Sheza5] market monitor size is 0
22:58:18.799 [main] INFO  c.gettingstarted.MyAlgoLogic - [MYALGO] Initial quantity200 price 110
Current market monitor list is 
MYALGO- Current market monitor size is 0
22:58:18.799 [main] INFO  c.gettingstarted.TimedLogic - [TIMEDLOGIC] Market is open
22:58:18.799 [main] INFO  c.gettingstarted.MyAlgoLogic - [MYALGO] Adding order for200@110
total order count is 3
22:58:18.799 [main] INFO  c.gettingstarted.MyAlgoLogic - [Sheza6] market monitor size is 0
22:58:18.799 [main] INFO  c.container.Actioner - [ALGO] Actioner, sending action:CreateChildOrder(side=BUY,quantity=200,price=110)
22:58:18.799 [main] INFO  c.sequencer.consumer.LoggingConsumer - [8] [CreateOrder](sbeTemplateId=4|sbeSchemaId=2|sbeSchemaVersion=0|sbeBlockLength=33):instrumentId=0|price=110|quantity=200|side=BUY|orderId=5
22:58:18.800 [main] INFO  c.orderbook.OrderBook - [ORDERBOOK] Adding passive limit order to BID bookLimit(side=BUY,orderId=5,price=110,quantity=200)
22:58:18.800 [main] DEBUG c.o.v.ReadOnlyMarketDataChannelPublishVisitor - Bid Side Size: 3
22:58:18.800 [main] DEBUG c.o.v.ReadOnlyMarketDataChannelPublishVisitor - Adding Mkt Data Msg BID: Price=98 Qty=100
22:58:18.800 [main] DEBUG c.o.v.ReadOnlyMarketDataChannelPublishVisitor - Adding Mkt Data Msg BID: Price=95 Qty=200
22:58:18.800 [main] DEBUG c.o.v.ReadOnlyMarketDataChannelPublishVisitor - Adding Mkt Data Msg BID: Price=91 Qty=300
22:58:18.800 [main] DEBUG c.o.v.ReadOnlyMarketDataChannelPublishVisitor - Ask Side Size: 2
22:58:18.800 [main] DEBUG c.o.v.ReadOnlyMarketDataChannelPublishVisitor - Adding Mkt Data Msg ASK: Price=115 Qty=5000
22:58:18.800 [main] DEBUG c.o.v.ReadOnlyMarketDataChannelPublishVisitor - Adding Mkt Data Msg ASK: Price=119 Qty=5600
22:58:18.800 [main] INFO  c.o.channel.MarketDataChannel - [ORDERBOOK] Sending market data update...
22:58:18.800 [main] INFO  c.sequencer.consumer.LoggingConsumer - [9] 
|----BID-----|
    100 @ 98
    200 @ 95
    300 @ 91
|----ASK-----|
  5000 @ 115
  5600 @ 119

22:58:18.801 [main] DEBUG c.service.MarketDataService - [ALGO] BID: price:98 quantity:100
22:58:18.801 [main] DEBUG c.service.MarketDataService - [ALGO] BID: price:95 quantity:200
22:58:18.801 [main] DEBUG c.service.MarketDataService - [ALGO] BID: price:91 quantity:300
22:58:18.801 [main] DEBUG c.service.MarketDataService - [ALGO] ASK: price:115 quantity:5000
22:58:18.801 [main] DEBUG c.service.MarketDataService - [ALGO] ASK: price:119 quantity:5600
22:58:18.801 [main] INFO  c.gettingstarted.MyAlgoLogic - [MYALGO] The state of the order book is:
|----BID-----||----ASK----|
    100 @ 98  5000 @ 115
    200 @ 95  5600 @ 119
    300 @ 91          - 
|------------||-----------|

22:58:18.801 [main] INFO  c.gettingstarted.MyAlgoLogic - [MYALGO] Algo Sees Book as: 
|----BID-----||----ASK----|
    100 @ 98  5000 @ 115
    200 @ 95  5600 @ 119
    300 @ 91          - 
|------------||-----------|

22:58:18.801 [main] INFO  c.gettingstarted.MyAlgoLogic - [Sheza5] market monitor size is 0
22:58:18.801 [main] INFO  c.gettingstarted.MyAlgoLogic - [MYALGO] Initial quantity5000 price 115
Current market monitor list is 
MYALGO- Current market monitor size is 0
22:58:18.802 [main] INFO  c.gettingstarted.TimedLogic - [TIMEDLOGIC] Market is open
22:58:18.802 [main] INFO  c.gettingstarted.MyAlgoLogic - [MYALGO] Adding order for5000@115
total order count is 4
22:58:18.802 [main] INFO  c.gettingstarted.MyAlgoLogic - [Sheza6] market monitor size is 0
22:58:18.802 [main] INFO  c.container.Actioner - [ALGO] Actioner, sending action:CreateChildOrder(side=BUY,quantity=5000,price=115)
22:58:18.802 [main] INFO  c.sequencer.consumer.LoggingConsumer - [10] [CreateOrder](sbeTemplateId=4|sbeSchemaId=2|sbeSchemaVersion=0|sbeBlockLength=33):instrumentId=0|price=115|quantity=5000|side=BUY|orderId=6
22:58:18.802 [main] INFO  c.o.v.MutatingMatchOneOrderVisitor - [ORDERBOOK] visiting LevelOrderBookLevel(price=115,quantity=5000)
22:58:18.802 [main] INFO  c.o.v.MutatingMatchOneOrderVisitor - [ORDERBOOK] Have found order we can match:MktData(price=115,quantity=5000)(Limit(side=BUY,orderId=6,price=115,quantity=5000))
22:58:18.802 [main] INFO  c.o.v.MutatingMatchOneOrderVisitor - [ORDERBOOK] Filled 5000@115 for order:Limit(side=BUY,orderId=6,price=115,quantity=5000)
22:58:18.802 [main] INFO  c.orderbook.channel.OrderChannel - [ORDERBOOK] publishing fill to stream: [FillOrder](sbeTemplateId=10|sbeSchemaId=2|sbeSchemaVersion=0|sbeBlockLength=24):orderId=6|quantity=5000|price=115
22:58:18.803 [main] INFO  c.sequencer.consumer.LoggingConsumer - [11] [FillOrder](sbeTemplateId=10|sbeSchemaId=2|sbeSchemaVersion=0|sbeBlockLength=24):orderId=6|quantity=5000|price=115
22:58:18.803 [main] INFO  c.gettingstarted.MyAlgoLogic - [MYALGO] The state of the order book is:
|----BID-----||----ASK----|
    100 @ 98  5000 @ 115
    200 @ 95  5600 @ 119
    300 @ 91          - 
|------------||-----------|

22:58:18.803 [main] INFO  c.gettingstarted.MyAlgoLogic - [MYALGO] Algo Sees Book as: 
|----BID-----||----ASK----|
    100 @ 98  5000 @ 115
    200 @ 95  5600 @ 119
    300 @ 91          - 
|------------||-----------|

22:58:18.803 [main] INFO  c.gettingstarted.MyAlgoLogic - [Sheza5] market monitor size is 0
22:58:18.803 [main] INFO  c.gettingstarted.MyAlgoLogic - [MYALGO] Initial quantity5000 price 115
Current market monitor list is 
MYALGO- Current market monitor size is 0
22:58:18.803 [main] INFO  c.gettingstarted.TimedLogic - [TIMEDLOGIC] Market is open
22:58:18.804 [main] INFO  c.gettingstarted.MyAlgoLogic - [MYALGO] Adding order for5000@115
total order count is 5
22:58:18.804 [main] INFO  c.gettingstarted.MyAlgoLogic - [Sheza6] market monitor size is 0
22:58:18.804 [main] INFO  c.container.Actioner - [ALGO] Actioner, sending action:CreateChildOrder(side=BUY,quantity=5000,price=115)
22:58:18.804 [main] INFO  c.sequencer.consumer.LoggingConsumer - [12] [CreateOrder](sbeTemplateId=4|sbeSchemaId=2|sbeSchemaVersion=0|sbeBlockLength=33):instrumentId=0|price=115|quantity=5000|side=BUY|orderId=7
22:58:18.804 [main] INFO  c.orderbook.OrderBook - [ORDERBOOK] Adding passive limit order to BID bookLimit(side=BUY,orderId=7,price=115,quantity=5000)
22:58:18.804 [main] DEBUG c.o.v.ReadOnlyMarketDataChannelPublishVisitor - Bid Side Size: 3
22:58:18.804 [main] DEBUG c.o.v.ReadOnlyMarketDataChannelPublishVisitor - Adding Mkt Data Msg BID: Price=98 Qty=100
22:58:18.804 [main] DEBUG c.o.v.ReadOnlyMarketDataChannelPublishVisitor - Adding Mkt Data Msg BID: Price=95 Qty=200
22:58:18.804 [main] DEBUG c.o.v.ReadOnlyMarketDataChannelPublishVisitor - Adding Mkt Data Msg BID: Price=91 Qty=300
22:58:18.805 [main] DEBUG c.o.v.ReadOnlyMarketDataChannelPublishVisitor - Ask Side Size: 1
22:58:18.805 [main] DEBUG c.o.v.ReadOnlyMarketDataChannelPublishVisitor - Adding Mkt Data Msg ASK: Price=119 Qty=5600
22:58:18.805 [main] INFO  c.o.channel.MarketDataChannel - [ORDERBOOK] Sending market data update...
22:58:18.805 [main] INFO  c.sequencer.consumer.LoggingConsumer - [13] 
|----BID-----|
    100 @ 98
    200 @ 95
    300 @ 91
|----ASK-----|
  5600 @ 119

22:58:18.805 [main] DEBUG c.service.MarketDataService - [ALGO] BID: price:98 quantity:100
22:58:18.805 [main] DEBUG c.service.MarketDataService - [ALGO] BID: price:95 quantity:200
22:58:18.805 [main] DEBUG c.service.MarketDataService - [ALGO] BID: price:91 quantity:300
22:58:18.805 [main] DEBUG c.service.MarketDataService - [ALGO] ASK: price:119 quantity:5600
22:58:18.806 [main] INFO  c.gettingstarted.MyAlgoLogic - [MYALGO] The state of the order book is:
|----BID-----||----ASK----|
    100 @ 98  5600 @ 119
    200 @ 95          - 
    300 @ 91          - 
|------------||-----------|

22:58:18.806 [main] INFO  c.gettingstarted.MyAlgoLogic - [MYALGO] Algo Sees Book as: 
|----BID-----||----ASK----|
    100 @ 98  5600 @ 119
    200 @ 95          - 
    300 @ 91          - 
|------------||-----------|

22:58:18.806 [main] INFO  c.gettingstarted.MyAlgoLogic - [Sheza5] market monitor size is 0
22:58:18.806 [main] INFO  c.gettingstarted.MyAlgoLogic - [MYALGO] Initial quantity5600 price 119
Current market monitor list is 
MYALGO- Current market monitor size is 0
22:58:18.806 [main] INFO  c.gettingstarted.TimedLogic - [TIMEDLOGIC] Market is open
22:58:18.807 [main] INFO  c.gettingstarted.MyAlgoLogic - [MYALGO] Adding order for5600@119
total order count is 6
22:58:18.807 [main] INFO  c.gettingstarted.MyAlgoLogic - [Sheza6] market monitor size is 0
22:58:18.807 [main] INFO  c.container.Actioner - [ALGO] Actioner, sending action:CreateChildOrder(side=BUY,quantity=5600,price=119)
22:58:18.807 [main] INFO  c.sequencer.consumer.LoggingConsumer - [14] [CreateOrder](sbeTemplateId=4|sbeSchemaId=2|sbeSchemaVersion=0|sbeBlockLength=33):instrumentId=0|price=119|quantity=5600|side=BUY|orderId=8
22:58:18.807 [main] INFO  c.o.v.MutatingMatchOneOrderVisitor - [ORDERBOOK] visiting LevelOrderBookLevel(price=119,quantity=5600)
22:58:18.808 [main] INFO  c.o.v.MutatingMatchOneOrderVisitor - [ORDERBOOK] Have found order we can match:MktData(price=119,quantity=5600)(Limit(side=BUY,orderId=8,price=119,quantity=5600))
22:58:18.808 [main] INFO  c.o.v.MutatingMatchOneOrderVisitor - [ORDERBOOK] Filled 5600@119 for order:Limit(side=BUY,orderId=8,price=119,quantity=5600)
22:58:18.808 [main] INFO  c.orderbook.channel.OrderChannel - [ORDERBOOK] publishing fill to stream: [FillOrder](sbeTemplateId=10|sbeSchemaId=2|sbeSchemaVersion=0|sbeBlockLength=24):orderId=8|quantity=5600|price=119
22:58:18.808 [main] INFO  c.sequencer.consumer.LoggingConsumer - [15] [FillOrder](sbeTemplateId=10|sbeSchemaId=2|sbeSchemaVersion=0|sbeBlockLength=24):orderId=8|quantity=5600|price=119
22:58:18.810 [main] INFO  c.gettingstarted.MyAlgoLogic - [MYALGO] The state of the order book is:
|----BID-----||----ASK----|
    100 @ 98  5600 @ 119
    200 @ 95          - 
    300 @ 91          - 
|------------||-----------|

22:58:18.810 [main] INFO  c.gettingstarted.MyAlgoLogic - [MYALGO] Algo Sees Book as: 
|----BID-----||----ASK----|
    100 @ 98  5600 @ 119
    200 @ 95          - 
    300 @ 91          - 
|------------||-----------|

22:58:18.810 [main] INFO  c.gettingstarted.MyAlgoLogic - [Sheza5] market monitor size is 0
22:58:18.810 [main] INFO  c.gettingstarted.MyAlgoLogic - [MYALGO] Initial quantity5600 price 119
Current market monitor list is 
MYALGO- Current market monitor size is 0
22:58:18.810 [main] INFO  c.gettingstarted.TimedLogic - [TIMEDLOGIC] Market is open
22:58:18.810 [main] INFO  c.gettingstarted.MyAlgoLogic - [MYALGO] Adding order for5600@119
total order count is 7
22:58:18.810 [main] INFO  c.gettingstarted.MyAlgoLogic - [Sheza6] market monitor size is 0
22:58:18.810 [main] INFO  c.container.Actioner - [ALGO] Actioner, sending action:CreateChildOrder(side=BUY,quantity=5600,price=119)
22:58:18.810 [main] INFO  c.sequencer.consumer.LoggingConsumer - [16] [CreateOrder](sbeTemplateId=4|sbeSchemaId=2|sbeSchemaVersion=0|sbeBlockLength=33):instrumentId=0|price=119|quantity=5600|side=BUY|orderId=9
22:58:18.810 [main] INFO  c.orderbook.OrderBook - [ORDERBOOK] Adding passive limit order to BID bookLimit(side=BUY,orderId=9,price=119,quantity=5600)
22:58:18.810 [main] DEBUG c.o.v.ReadOnlyMarketDataChannelPublishVisitor - Bid Side Size: 3
22:58:18.810 [main] DEBUG c.o.v.ReadOnlyMarketDataChannelPublishVisitor - Adding Mkt Data Msg BID: Price=98 Qty=100
22:58:18.810 [main] DEBUG c.o.v.ReadOnlyMarketDataChannelPublishVisitor - Adding Mkt Data Msg BID: Price=95 Qty=200
22:58:18.810 [main] DEBUG c.o.v.ReadOnlyMarketDataChannelPublishVisitor - Adding Mkt Data Msg BID: Price=91 Qty=300
22:58:18.810 [main] INFO  c.o.channel.MarketDataChannel - [ORDERBOOK] Sending market data update...
22:58:18.810 [main] INFO  c.sequencer.consumer.LoggingConsumer - [17] 
|----BID-----|
    100 @ 98
    200 @ 95
    300 @ 91
|----ASK-----|

22:58:18.810 [main] DEBUG c.service.MarketDataService - [ALGO] BID: price:98 quantity:100
22:58:18.810 [main] DEBUG c.service.MarketDataService - [ALGO] BID: price:95 quantity:200
22:58:18.810 [main] DEBUG c.service.MarketDataService - [ALGO] BID: price:91 quantity:300
]]></system-out>
  </testcase>
</testsuite>