<?xml version="1.0" encoding="UTF-8"?>
<testsuite xmlns:xsi="http://www.w3.org/2001/XMLSchema-instance" xsi:noNamespaceSchemaLocation="https://maven.apache.org/surefire/maven-surefire-plugin/xsd/surefire-test-report-3.0.xsd" version="3.0" name="codingblackfemales.gettingstarted.MyAlgoBackTest" time="0.343" tests="1" errors="0" skipped="0" failures="0">
  <properties>
[...]
</properties>
  <testcase name="testExampleBackTest" classname="codingblackfemales.gettingstarted.MyAlgoBackTest" time="0.071">
    <system-out><![CDATA[05:29:55.531 [main] INFO  c.sequencer.consumer.LoggingConsumer - [1] 
|----BID-----|
    100 @ 98
    200 @ 95
    300 @ 91
|----ASK-----|
   101 @ 100
   200 @ 110
  5000 @ 115
  5600 @ 119

05:29:55.534 [main] INFO  c.orderbook.OrderBook - [ORDERBOOK] Processing Mkt Data Update
05:29:55.536 [main] DEBUG c.orderbook.OrderBook - [ORDERBOOK] ASK: Adding orderMktData(price=98,quantity=100)
05:29:55.536 [main] DEBUG c.orderbook.OrderBook - [ORDERBOOK] ASK: Adding orderMktData(price=95,quantity=200)
05:29:55.536 [main] DEBUG c.orderbook.OrderBook - [ORDERBOOK] ASK: Adding orderMktData(price=91,quantity=300)
05:29:55.536 [main] DEBUG c.orderbook.OrderBook - [ORDERBOOK] ASK: Adding orderMktData(price=100,quantity=101)
05:29:55.536 [main] DEBUG c.orderbook.OrderBook - [ORDERBOOK] ASK: Adding orderMktData(price=110,quantity=200)
05:29:55.537 [main] DEBUG c.orderbook.OrderBook - [ORDERBOOK] ASK: Adding orderMktData(price=115,quantity=5000)
05:29:55.537 [main] DEBUG c.orderbook.OrderBook - [ORDERBOOK] ASK: Adding orderMktData(price=119,quantity=5600)
05:29:55.537 [main] DEBUG c.service.MarketDataService - [ALGO] BID: price:98 quantity:100
05:29:55.537 [main] DEBUG c.service.MarketDataService - [ALGO] BID: price:95 quantity:200
05:29:55.537 [main] DEBUG c.service.MarketDataService - [ALGO] BID: price:91 quantity:300
05:29:55.537 [main] DEBUG c.service.MarketDataService - [ALGO] ASK: price:100 quantity:101
05:29:55.537 [main] DEBUG c.service.MarketDataService - [ALGO] ASK: price:110 quantity:200
05:29:55.537 [main] DEBUG c.service.MarketDataService - [ALGO] ASK: price:115 quantity:5000
05:29:55.537 [main] DEBUG c.service.MarketDataService - [ALGO] ASK: price:119 quantity:5600
05:29:55.540 [main] INFO  c.gettingstarted.MyAlgoLogic - [MYALGO] The state of the order book is:
|----BID-----||----ASK----|
    100 @ 98   101 @ 100
    200 @ 95   200 @ 110
    300 @ 91  5000 @ 115
          -   5600 @ 119
|------------||-----------|

05:29:55.545 [main] INFO  c.gettingstarted.MyAlgoLogic - [MYALGO] Have:0 children, want 10, joining passive side of book with: 60 @ 98
05:29:55.552 [main] INFO  c.container.Actioner - [ALGO] Actioner, sending action:CreateChildOrder(side=BUY,quantity=60,price=98)
05:29:55.552 [main] INFO  c.sequencer.consumer.LoggingConsumer - [2] [CreateOrder](sbeTemplateId=4|sbeSchemaId=2|sbeSchemaVersion=0|sbeBlockLength=33):instrumentId=0|price=98|quantity=60|side=BUY|orderId=2
05:29:55.556 [main] INFO  c.orderbook.OrderBook - [ORDERBOOK] Adding passive limit order to BID bookLimit(side=BUY,orderId=2,price=98,quantity=60)
05:29:55.556 [main] INFO  c.o.visitor.MutatingAddOrderVisitor - [ORDERBOOK] + MktData(price=98,quantity=100)
05:29:55.556 [main] DEBUG c.o.v.ReadOnlyMarketDataChannelPublishVisitor - Bid Side Size: 3
05:29:55.556 [main] DEBUG c.o.v.ReadOnlyMarketDataChannelPublishVisitor - Adding Mkt Data Msg BID: Price=98 Qty=160
05:29:55.556 [main] DEBUG c.o.v.ReadOnlyMarketDataChannelPublishVisitor - Adding Mkt Data Msg BID: Price=95 Qty=200
05:29:55.556 [main] DEBUG c.o.v.ReadOnlyMarketDataChannelPublishVisitor - Adding Mkt Data Msg BID: Price=91 Qty=300
05:29:55.556 [main] DEBUG c.o.v.ReadOnlyMarketDataChannelPublishVisitor - Ask Side Size: 4
05:29:55.557 [main] DEBUG c.o.v.ReadOnlyMarketDataChannelPublishVisitor - Adding Mkt Data Msg ASK: Price=100 Qty=101
05:29:55.557 [main] DEBUG c.o.v.ReadOnlyMarketDataChannelPublishVisitor - Adding Mkt Data Msg ASK: Price=110 Qty=200
05:29:55.557 [main] DEBUG c.o.v.ReadOnlyMarketDataChannelPublishVisitor - Adding Mkt Data Msg ASK: Price=115 Qty=5000
05:29:55.557 [main] DEBUG c.o.v.ReadOnlyMarketDataChannelPublishVisitor - Adding Mkt Data Msg ASK: Price=119 Qty=5600
05:29:55.557 [main] INFO  c.o.channel.MarketDataChannel - [ORDERBOOK] Sending market data update...
05:29:55.557 [main] INFO  c.sequencer.consumer.LoggingConsumer - [3] 
|----BID-----|
    160 @ 98
    200 @ 95
    300 @ 91
|----ASK-----|
   101 @ 100
   200 @ 110
  5000 @ 115
  5600 @ 119

05:29:55.557 [main] DEBUG c.service.MarketDataService - [ALGO] BID: price:98 quantity:160
05:29:55.557 [main] DEBUG c.service.MarketDataService - [ALGO] BID: price:95 quantity:200
05:29:55.558 [main] DEBUG c.service.MarketDataService - [ALGO] BID: price:91 quantity:300
05:29:55.558 [main] DEBUG c.service.MarketDataService - [ALGO] ASK: price:100 quantity:101
05:29:55.558 [main] DEBUG c.service.MarketDataService - [ALGO] ASK: price:110 quantity:200
05:29:55.558 [main] DEBUG c.service.MarketDataService - [ALGO] ASK: price:115 quantity:5000
05:29:55.558 [main] DEBUG c.service.MarketDataService - [ALGO] ASK: price:119 quantity:5600
05:29:55.558 [main] INFO  c.gettingstarted.MyAlgoLogic - [MYALGO] The state of the order book is:
|----BID-----||----ASK----|
    160 @ 98   101 @ 100
    200 @ 95   200 @ 110
    300 @ 91  5000 @ 115
          -   5600 @ 119
|------------||-----------|

05:29:55.558 [main] INFO  c.gettingstarted.MyAlgoLogic - [MYALGO] Have:1 children, want 10, joining passive side of book with: 60 @ 98
05:29:55.559 [main] INFO  c.container.Actioner - [ALGO] Actioner, sending action:CreateChildOrder(side=BUY,quantity=60,price=98)
05:29:55.559 [main] INFO  c.sequencer.consumer.LoggingConsumer - [4] [CreateOrder](sbeTemplateId=4|sbeSchemaId=2|sbeSchemaVersion=0|sbeBlockLength=33):instrumentId=0|price=98|quantity=60|side=BUY|orderId=3
05:29:55.559 [main] INFO  c.orderbook.OrderBook - [ORDERBOOK] Adding passive limit order to BID bookLimit(side=BUY,orderId=3,price=98,quantity=60)
05:29:55.559 [main] INFO  c.o.visitor.MutatingAddOrderVisitor - [ORDERBOOK] + Limit(side=BUY,orderId=2,price=98,quantity=60)
05:29:55.559 [main] DEBUG c.o.v.ReadOnlyMarketDataChannelPublishVisitor - Bid Side Size: 3
05:29:55.559 [main] DEBUG c.o.v.ReadOnlyMarketDataChannelPublishVisitor - Adding Mkt Data Msg BID: Price=98 Qty=220
05:29:55.559 [main] DEBUG c.o.v.ReadOnlyMarketDataChannelPublishVisitor - Adding Mkt Data Msg BID: Price=95 Qty=200
05:29:55.559 [main] DEBUG c.o.v.ReadOnlyMarketDataChannelPublishVisitor - Adding Mkt Data Msg BID: Price=91 Qty=300
05:29:55.559 [main] DEBUG c.o.v.ReadOnlyMarketDataChannelPublishVisitor - Ask Side Size: 4
05:29:55.560 [main] DEBUG c.o.v.ReadOnlyMarketDataChannelPublishVisitor - Adding Mkt Data Msg ASK: Price=100 Qty=101
05:29:55.560 [main] DEBUG c.o.v.ReadOnlyMarketDataChannelPublishVisitor - Adding Mkt Data Msg ASK: Price=110 Qty=200
05:29:55.560 [main] DEBUG c.o.v.ReadOnlyMarketDataChannelPublishVisitor - Adding Mkt Data Msg ASK: Price=115 Qty=5000
05:29:55.560 [main] DEBUG c.o.v.ReadOnlyMarketDataChannelPublishVisitor - Adding Mkt Data Msg ASK: Price=119 Qty=5600
05:29:55.560 [main] INFO  c.o.channel.MarketDataChannel - [ORDERBOOK] Sending market data update...
05:29:55.560 [main] INFO  c.sequencer.consumer.LoggingConsumer - [5] 
|----BID-----|
    220 @ 98
    200 @ 95
    300 @ 91
|----ASK-----|
   101 @ 100
   200 @ 110
  5000 @ 115
  5600 @ 119

05:29:55.560 [main] DEBUG c.service.MarketDataService - [ALGO] BID: price:98 quantity:220
05:29:55.560 [main] DEBUG c.service.MarketDataService - [ALGO] BID: price:95 quantity:200
05:29:55.560 [main] DEBUG c.service.MarketDataService - [ALGO] BID: price:91 quantity:300
05:29:55.560 [main] DEBUG c.service.MarketDataService - [ALGO] ASK: price:100 quantity:101
05:29:55.560 [main] DEBUG c.service.MarketDataService - [ALGO] ASK: price:110 quantity:200
05:29:55.561 [main] DEBUG c.service.MarketDataService - [ALGO] ASK: price:115 quantity:5000
05:29:55.561 [main] DEBUG c.service.MarketDataService - [ALGO] ASK: price:119 quantity:5600
05:29:55.561 [main] INFO  c.gettingstarted.MyAlgoLogic - [MYALGO] The state of the order book is:
|----BID-----||----ASK----|
    220 @ 98   101 @ 100
    200 @ 95   200 @ 110
    300 @ 91  5000 @ 115
          -   5600 @ 119
|------------||-----------|

05:29:55.561 [main] INFO  c.gettingstarted.MyAlgoLogic - [MYALGO] Have:2 children, want 10, joining passive side of book with: 60 @ 98
05:29:55.561 [main] INFO  c.container.Actioner - [ALGO] Actioner, sending action:CreateChildOrder(side=BUY,quantity=60,price=98)
05:29:55.561 [main] INFO  c.sequencer.consumer.LoggingConsumer - [6] [CreateOrder](sbeTemplateId=4|sbeSchemaId=2|sbeSchemaVersion=0|sbeBlockLength=33):instrumentId=0|price=98|quantity=60|side=BUY|orderId=4
05:29:55.561 [main] INFO  c.orderbook.OrderBook - [ORDERBOOK] Adding passive limit order to BID bookLimit(side=BUY,orderId=4,price=98,quantity=60)
05:29:55.561 [main] INFO  c.o.visitor.MutatingAddOrderVisitor - [ORDERBOOK] + Limit(side=BUY,orderId=3,price=98,quantity=60)
05:29:55.561 [main] DEBUG c.o.v.ReadOnlyMarketDataChannelPublishVisitor - Bid Side Size: 3
05:29:55.562 [main] DEBUG c.o.v.ReadOnlyMarketDataChannelPublishVisitor - Adding Mkt Data Msg BID: Price=98 Qty=280
05:29:55.562 [main] DEBUG c.o.v.ReadOnlyMarketDataChannelPublishVisitor - Adding Mkt Data Msg BID: Price=95 Qty=200
05:29:55.562 [main] DEBUG c.o.v.ReadOnlyMarketDataChannelPublishVisitor - Adding Mkt Data Msg BID: Price=91 Qty=300
05:29:55.562 [main] DEBUG c.o.v.ReadOnlyMarketDataChannelPublishVisitor - Ask Side Size: 4
05:29:55.562 [main] DEBUG c.o.v.ReadOnlyMarketDataChannelPublishVisitor - Adding Mkt Data Msg ASK: Price=100 Qty=101
05:29:55.562 [main] DEBUG c.o.v.ReadOnlyMarketDataChannelPublishVisitor - Adding Mkt Data Msg ASK: Price=110 Qty=200
05:29:55.562 [main] DEBUG c.o.v.ReadOnlyMarketDataChannelPublishVisitor - Adding Mkt Data Msg ASK: Price=115 Qty=5000
05:29:55.562 [main] DEBUG c.o.v.ReadOnlyMarketDataChannelPublishVisitor - Adding Mkt Data Msg ASK: Price=119 Qty=5600
05:29:55.562 [main] INFO  c.o.channel.MarketDataChannel - [ORDERBOOK] Sending market data update...
05:29:55.562 [main] INFO  c.sequencer.consumer.LoggingConsumer - [7] 
|----BID-----|
    280 @ 98
    200 @ 95
    300 @ 91
|----ASK-----|
   101 @ 100
   200 @ 110
  5000 @ 115
  5600 @ 119

05:29:55.562 [main] DEBUG c.service.MarketDataService - [ALGO] BID: price:98 quantity:280
05:29:55.562 [main] DEBUG c.service.MarketDataService - [ALGO] BID: price:95 quantity:200
05:29:55.562 [main] DEBUG c.service.MarketDataService - [ALGO] BID: price:91 quantity:300
05:29:55.563 [main] DEBUG c.service.MarketDataService - [ALGO] ASK: price:100 quantity:101
05:29:55.563 [main] DEBUG c.service.MarketDataService - [ALGO] ASK: price:110 quantity:200
05:29:55.563 [main] DEBUG c.service.MarketDataService - [ALGO] ASK: price:115 quantity:5000
05:29:55.563 [main] DEBUG c.service.MarketDataService - [ALGO] ASK: price:119 quantity:5600
05:29:55.563 [main] INFO  c.gettingstarted.MyAlgoLogic - [MYALGO] The state of the order book is:
|----BID-----||----ASK----|
    280 @ 98   101 @ 100
    200 @ 95   200 @ 110
    300 @ 91  5000 @ 115
          -   5600 @ 119
|------------||-----------|

05:29:55.563 [main] INFO  c.gettingstarted.MyAlgoLogic - [MYALGO] Have:3 children, want 3, done.
05:29:55.564 [main] INFO  c.sequencer.consumer.LoggingConsumer - [8] 
|----BID-----|
    100 @ 95
    200 @ 93
    300 @ 91
|----ASK-----|
    501 @ 98
   200 @ 101
  5000 @ 110
  5600 @ 119

05:29:55.564 [main] INFO  c.orderbook.OrderBook - [ORDERBOOK] Processing Mkt Data Update
05:29:55.564 [main] INFO  c.o.v.MutatingRemoveAllMarketDataOrdersVisitor - [ORDERBOOK] Removing market data order:MktData(price=98,quantity=100)
05:29:55.564 [main] INFO  c.o.v.MutatingRemoveAllMarketDataOrdersVisitor - [ORDERBOOK] Removing market data order:MktData(price=95,quantity=200)
05:29:55.566 [main] INFO  c.o.v.MutatingRemoveAllMarketDataOrdersVisitor - [ORDERBOOK] Removing level:95
05:29:55.566 [main] INFO  c.o.v.MutatingRemoveAllMarketDataOrdersVisitor - [ORDERBOOK] Removing market data order:MktData(price=91,quantity=300)
05:29:55.566 [main] INFO  c.o.v.MutatingRemoveAllMarketDataOrdersVisitor - [ORDERBOOK] Removing level:91
05:29:55.566 [main] DEBUG c.orderbook.OrderBook - [ORDERBOOK] ASK: Adding orderMktData(price=95,quantity=100)
05:29:55.566 [main] DEBUG c.orderbook.OrderBook - [ORDERBOOK] ASK: Adding orderMktData(price=93,quantity=200)
05:29:55.566 [main] DEBUG c.orderbook.OrderBook - [ORDERBOOK] ASK: Adding orderMktData(price=91,quantity=300)
05:29:55.566 [main] INFO  c.o.v.MutatingRemoveAllMarketDataOrdersVisitor - [ORDERBOOK] Removing market data order:MktData(price=100,quantity=101)
05:29:55.566 [main] INFO  c.o.v.MutatingRemoveAllMarketDataOrdersVisitor - [ORDERBOOK] Removing level:100
05:29:55.566 [main] INFO  c.o.v.MutatingRemoveAllMarketDataOrdersVisitor - [ORDERBOOK] Removing market data order:MktData(price=110,quantity=200)
05:29:55.566 [main] INFO  c.o.v.MutatingRemoveAllMarketDataOrdersVisitor - [ORDERBOOK] Removing level:110
05:29:55.566 [main] INFO  c.o.v.MutatingRemoveAllMarketDataOrdersVisitor - [ORDERBOOK] Removing market data order:MktData(price=115,quantity=5000)
05:29:55.566 [main] INFO  c.o.v.MutatingRemoveAllMarketDataOrdersVisitor - [ORDERBOOK] Removing level:115
05:29:55.566 [main] INFO  c.o.v.MutatingRemoveAllMarketDataOrdersVisitor - [ORDERBOOK] Removing market data order:MktData(price=119,quantity=5600)
05:29:55.566 [main] INFO  c.o.v.MutatingRemoveAllMarketDataOrdersVisitor - [ORDERBOOK] Removing level:119
05:29:55.567 [main] DEBUG c.orderbook.OrderBook - [ORDERBOOK] ASK: Adding orderMktData(price=98,quantity=501)
05:29:55.567 [main] INFO  c.o.v.MutatingMatchOneMarketDataOrderVisitor - [ORDERBOOK] visiting LevelOrderBookLevel(price=98,quantity=280)
05:29:55.568 [main] INFO  c.o.v.MutatingMatchOneMarketDataOrderVisitor - [ORDERBOOK] Have found order we can match:Limit(side=BUY,orderId=2,price=98,quantity=60)(MktData(price=98,quantity=501))
05:29:55.568 [main] INFO  c.o.v.MutatingMatchOneMarketDataOrderVisitor - Filled:60@98
05:29:55.570 [main] INFO  c.o.v.MutatingMatchOneMarketDataOrderVisitor - [ORDERBOOK] Filled 60@98 for order:Limit(side=BUY,orderId=2,price=98,quantity=60)
05:29:55.571 [main] INFO  c.orderbook.channel.OrderChannel - [ORDERBOOK] publishing fill to stream: [FillOrder](sbeTemplateId=10|sbeSchemaId=2|sbeSchemaVersion=0|sbeBlockLength=24):orderId=2|quantity=60|price=98
05:29:55.571 [main] INFO  c.sequencer.consumer.LoggingConsumer - [9] [FillOrder](sbeTemplateId=10|sbeSchemaId=2|sbeSchemaVersion=0|sbeBlockLength=24):orderId=2|quantity=60|price=98
05:29:55.573 [main] INFO  c.gettingstarted.MyAlgoLogic - [MYALGO] The state of the order book is:
|----BID-----||----ASK----|
    280 @ 98   101 @ 100
    200 @ 95   200 @ 110
    300 @ 91  5000 @ 115
          -   5600 @ 119
|------------||-----------|

05:29:55.573 [main] INFO  c.gettingstarted.MyAlgoLogic - [MYALGO] Have:3 children, want 3, done.
05:29:55.573 [main] INFO  c.o.v.MutatingMatchOneMarketDataOrderVisitor - [ORDERBOOK] Have found order we can match:Limit(side=BUY,orderId=3,price=98,quantity=60)(MktData(price=98,quantity=501))
05:29:55.573 [main] INFO  c.o.v.MutatingMatchOneMarketDataOrderVisitor - Filled:60@98
05:29:55.573 [main] INFO  c.o.v.MutatingMatchOneMarketDataOrderVisitor - [ORDERBOOK] Filled 60@98 for order:Limit(side=BUY,orderId=3,price=98,quantity=60)
05:29:55.573 [main] INFO  c.orderbook.channel.OrderChannel - [ORDERBOOK] publishing fill to stream: [FillOrder](sbeTemplateId=10|sbeSchemaId=2|sbeSchemaVersion=0|sbeBlockLength=24):orderId=3|quantity=60|price=98
05:29:55.573 [main] INFO  c.sequencer.consumer.LoggingConsumer - [10] [FillOrder](sbeTemplateId=10|sbeSchemaId=2|sbeSchemaVersion=0|sbeBlockLength=24):orderId=3|quantity=60|price=98
05:29:55.574 [main] INFO  c.gettingstarted.MyAlgoLogic - [MYALGO] The state of the order book is:
|----BID-----||----ASK----|
    280 @ 98   101 @ 100
    200 @ 95   200 @ 110
    300 @ 91  5000 @ 115
          -   5600 @ 119
|------------||-----------|

05:29:55.574 [main] INFO  c.gettingstarted.MyAlgoLogic - [MYALGO] Have:3 children, want 3, done.
05:29:55.574 [main] INFO  c.o.v.MutatingMatchOneMarketDataOrderVisitor - [ORDERBOOK] Have found order we can match:Limit(side=BUY,orderId=4,price=98,quantity=60)(MktData(price=98,quantity=501))
05:29:55.574 [main] INFO  c.o.v.MutatingMatchOneMarketDataOrderVisitor - Filled:60@98
05:29:55.574 [main] INFO  c.o.v.MutatingMatchOneMarketDataOrderVisitor - [ORDERBOOK] Filled 60@98 for order:Limit(side=BUY,orderId=4,price=98,quantity=60)
05:29:55.574 [main] INFO  c.orderbook.channel.OrderChannel - [ORDERBOOK] publishing fill to stream: [FillOrder](sbeTemplateId=10|sbeSchemaId=2|sbeSchemaVersion=0|sbeBlockLength=24):orderId=4|quantity=60|price=98
05:29:55.574 [main] INFO  c.sequencer.consumer.LoggingConsumer - [11] [FillOrder](sbeTemplateId=10|sbeSchemaId=2|sbeSchemaVersion=0|sbeBlockLength=24):orderId=4|quantity=60|price=98
05:29:55.574 [main] INFO  c.gettingstarted.MyAlgoLogic - [MYALGO] The state of the order book is:
|----BID-----||----ASK----|
    280 @ 98   101 @ 100
    200 @ 95   200 @ 110
    300 @ 91  5000 @ 115
          -   5600 @ 119
|------------||-----------|

05:29:55.574 [main] INFO  c.gettingstarted.MyAlgoLogic - [MYALGO] Have:3 children, want 3, done.
05:29:55.574 [main] INFO  c.o.v.MutatingMatchOneMarketDataOrderVisitor - [ORDERBOOK] visiting LevelOrderBookLevel(price=91,quantity=600)
05:29:55.574 [main] INFO  c.o.v.MutatingMatchOneMarketDataOrderVisitor - [ORDERBOOK] Can't match order:MktData(price=91,quantity=300)(MktData(price=98,quantity=501))
05:29:55.575 [main] DEBUG c.orderbook.OrderBook - [ORDERBOOK] ASK: Adding orderMktData(price=101,quantity=200)
05:29:55.575 [main] DEBUG c.orderbook.OrderBook - [ORDERBOOK] ASK: Adding orderMktData(price=110,quantity=5000)
05:29:55.575 [main] DEBUG c.orderbook.OrderBook - [ORDERBOOK] ASK: Adding orderMktData(price=119,quantity=5600)
05:29:55.575 [main] DEBUG c.service.MarketDataService - [ALGO] BID: price:95 quantity:100
05:29:55.575 [main] DEBUG c.service.MarketDataService - [ALGO] BID: price:93 quantity:200
05:29:55.575 [main] DEBUG c.service.MarketDataService - [ALGO] BID: price:91 quantity:300
05:29:55.575 [main] DEBUG c.service.MarketDataService - [ALGO] ASK: price:98 quantity:501
05:29:55.575 [main] DEBUG c.service.MarketDataService - [ALGO] ASK: price:101 quantity:200
05:29:55.575 [main] DEBUG c.service.MarketDataService - [ALGO] ASK: price:110 quantity:5000
05:29:55.575 [main] DEBUG c.service.MarketDataService - [ALGO] ASK: price:119 quantity:5600
05:29:55.575 [main] INFO  c.gettingstarted.MyAlgoLogic - [MYALGO] The state of the order book is:
|----BID-----||----ASK----|
    100 @ 95    501 @ 98
    200 @ 93   200 @ 101
    300 @ 91  5000 @ 110
          -   5600 @ 119
|------------||-----------|

05:29:55.575 [main] INFO  c.gettingstarted.MyAlgoLogic - [MYALGO] Have:3 children, want 3, done.
]]></system-out>
  </testcase>
</testsuite>