<?xml version="1.0" encoding="UTF-8"?>
<testsuite xmlns:xsi="http://www.w3.org/2001/XMLSchema-instance" xsi:noNamespaceSchemaLocation="https://maven.apache.org/surefire/maven-surefire-plugin/xsd/surefire-test-report-3.0.xsd" version="3.0" name="codingblackfemales.gettingstarted.MyAlgoBackTest" time="0.898" tests="1" errors="0" skipped="0" failures="0">
  <properties>
[...]
</properties>
  <testcase name="testExampleBackTest" classname="codingblackfemales.gettingstarted.MyAlgoBackTest" time="0.502">
    <system-out><![CDATA[14:23:23.595 [main] INFO  c.sequencer.consumer.LoggingConsumer - [1] 
|----BID-----|
    100 @ 98
    200 @ 95
    300 @ 91
|----ASK-----|
   101 @ 100
   200 @ 110
  5000 @ 115
  5600 @ 119

14:23:23.599 [main] INFO  c.orderbook.OrderBook - [ORDERBOOK] Processing Mkt Data Update
14:23:23.601 [main] DEBUG c.orderbook.OrderBook - [ORDERBOOK] ASK: Adding orderMktData(price=98,quantity=100)
14:23:23.601 [main] DEBUG c.orderbook.OrderBook - [ORDERBOOK] ASK: Adding orderMktData(price=95,quantity=200)
14:23:23.601 [main] DEBUG c.orderbook.OrderBook - [ORDERBOOK] ASK: Adding orderMktData(price=91,quantity=300)
14:23:23.601 [main] DEBUG c.orderbook.OrderBook - [ORDERBOOK] ASK: Adding orderMktData(price=100,quantity=101)
14:23:23.601 [main] DEBUG c.orderbook.OrderBook - [ORDERBOOK] ASK: Adding orderMktData(price=110,quantity=200)
14:23:23.601 [main] DEBUG c.orderbook.OrderBook - [ORDERBOOK] ASK: Adding orderMktData(price=115,quantity=5000)
14:23:23.602 [main] DEBUG c.orderbook.OrderBook - [ORDERBOOK] ASK: Adding orderMktData(price=119,quantity=5600)
14:23:23.602 [main] DEBUG c.service.MarketDataService - [ALGO] BID: price:98 quantity:100
14:23:23.602 [main] DEBUG c.service.MarketDataService - [ALGO] BID: price:95 quantity:200
14:23:23.602 [main] DEBUG c.service.MarketDataService - [ALGO] BID: price:91 quantity:300
14:23:23.602 [main] DEBUG c.service.MarketDataService - [ALGO] ASK: price:100 quantity:101
14:23:23.602 [main] DEBUG c.service.MarketDataService - [ALGO] ASK: price:110 quantity:200
14:23:23.602 [main] DEBUG c.service.MarketDataService - [ALGO] ASK: price:115 quantity:5000
14:23:23.602 [main] DEBUG c.service.MarketDataService - [ALGO] ASK: price:119 quantity:5600
14:23:23.607 [main] INFO  c.gettingstarted.MyAlgoLogic - [MYALGO] The state of the order book is:
|----BID-----||----ASK----|
    100 @ 98   101 @ 100
    200 @ 95   200 @ 110
    300 @ 91  5000 @ 115
          -   5600 @ 119
|------------||-----------|

14:23:23.607 [main] INFO  c.gettingstarted.MyAlgoLogic - [MYALGO] Algo Sees SheZa
14:23:23.608 [main] INFO  c.gettingstarted.MyAlgoLogic - [MYALGO] Algo Sees Book as:
|----BID-----||----ASK----|
    100 @ 98   101 @ 100
    200 @ 95   200 @ 110
    300 @ 91  5000 @ 115
          -   5600 @ 119
|------------||-----------|

14:23:23.609 [main] INFO  c.gettingstarted.MyAlgoLogic - [MYALGO] Adding order for100@98
total order count is 0
14:23:23.616 [main] INFO  c.container.Actioner - [ALGO] Actioner, sending action:CreateChildOrder(side=BUY,quantity=100,price=98)
14:23:23.616 [main] INFO  c.sequencer.consumer.LoggingConsumer - [2] [CreateOrder](sbeTemplateId=4|sbeSchemaId=2|sbeSchemaVersion=0|sbeBlockLength=33):instrumentId=0|price=98|quantity=100|side=BUY|orderId=2
14:23:23.621 [main] INFO  c.orderbook.OrderBook - [ORDERBOOK] Adding passive limit order to BID bookLimit(side=BUY,orderId=2,price=98,quantity=100)
14:23:23.621 [main] INFO  c.o.visitor.MutatingAddOrderVisitor - [ORDERBOOK] + MktData(price=98,quantity=100)
14:23:23.622 [main] DEBUG c.o.v.ReadOnlyMarketDataChannelPublishVisitor - Bid Side Size: 3
14:23:23.623 [main] DEBUG c.o.v.ReadOnlyMarketDataChannelPublishVisitor - Adding Mkt Data Msg BID: Price=98 Qty=200
14:23:23.624 [main] DEBUG c.o.v.ReadOnlyMarketDataChannelPublishVisitor - Adding Mkt Data Msg BID: Price=95 Qty=200
14:23:23.624 [main] DEBUG c.o.v.ReadOnlyMarketDataChannelPublishVisitor - Adding Mkt Data Msg BID: Price=91 Qty=300
14:23:23.624 [main] DEBUG c.o.v.ReadOnlyMarketDataChannelPublishVisitor - Ask Side Size: 4
14:23:23.626 [main] DEBUG c.o.v.ReadOnlyMarketDataChannelPublishVisitor - Adding Mkt Data Msg ASK: Price=100 Qty=101
14:23:23.626 [main] DEBUG c.o.v.ReadOnlyMarketDataChannelPublishVisitor - Adding Mkt Data Msg ASK: Price=110 Qty=200
14:23:23.626 [main] DEBUG c.o.v.ReadOnlyMarketDataChannelPublishVisitor - Adding Mkt Data Msg ASK: Price=115 Qty=5000
14:23:23.626 [main] DEBUG c.o.v.ReadOnlyMarketDataChannelPublishVisitor - Adding Mkt Data Msg ASK: Price=119 Qty=5600
14:23:23.626 [main] INFO  c.o.channel.MarketDataChannel - [ORDERBOOK] Sending market data update...
14:23:23.626 [main] INFO  c.sequencer.consumer.LoggingConsumer - [3] 
|----BID-----|
    200 @ 98
    200 @ 95
    300 @ 91
|----ASK-----|
   101 @ 100
   200 @ 110
  5000 @ 115
  5600 @ 119

14:23:23.627 [main] DEBUG c.service.MarketDataService - [ALGO] BID: price:98 quantity:200
14:23:23.627 [main] DEBUG c.service.MarketDataService - [ALGO] BID: price:95 quantity:200
14:23:23.627 [main] DEBUG c.service.MarketDataService - [ALGO] BID: price:91 quantity:300
14:23:23.627 [main] DEBUG c.service.MarketDataService - [ALGO] ASK: price:100 quantity:101
14:23:23.627 [main] DEBUG c.service.MarketDataService - [ALGO] ASK: price:110 quantity:200
14:23:23.627 [main] DEBUG c.service.MarketDataService - [ALGO] ASK: price:115 quantity:5000
14:23:23.627 [main] DEBUG c.service.MarketDataService - [ALGO] ASK: price:119 quantity:5600
14:23:23.627 [main] INFO  c.gettingstarted.MyAlgoLogic - [MYALGO] The state of the order book is:
|----BID-----||----ASK----|
    200 @ 98   101 @ 100
    200 @ 95   200 @ 110
    300 @ 91  5000 @ 115
          -   5600 @ 119
|------------||-----------|

14:23:23.627 [main] INFO  c.gettingstarted.MyAlgoLogic - [MYALGO] Algo Sees SheZa
14:23:23.627 [main] INFO  c.gettingstarted.MyAlgoLogic - [MYALGO] Algo Sees Book as:
|----BID-----||----ASK----|
    200 @ 98   101 @ 100
    200 @ 95   200 @ 110
    300 @ 91  5000 @ 115
          -   5600 @ 119
|------------||-----------|

14:23:23.627 [main] INFO  c.gettingstarted.MyAlgoLogic - [MYALGO] Adding order for200@98
total order count is 1
14:23:23.627 [main] INFO  c.container.Actioner - [ALGO] Actioner, sending action:CreateChildOrder(side=BUY,quantity=200,price=98)
14:23:23.627 [main] INFO  c.sequencer.consumer.LoggingConsumer - [4] [CreateOrder](sbeTemplateId=4|sbeSchemaId=2|sbeSchemaVersion=0|sbeBlockLength=33):instrumentId=0|price=98|quantity=200|side=BUY|orderId=3
14:23:23.627 [main] INFO  c.orderbook.OrderBook - [ORDERBOOK] Adding passive limit order to BID bookLimit(side=BUY,orderId=3,price=98,quantity=200)
14:23:23.630 [main] INFO  c.o.visitor.MutatingAddOrderVisitor - [ORDERBOOK] + Limit(side=BUY,orderId=2,price=98,quantity=100)
14:23:23.630 [main] DEBUG c.o.v.ReadOnlyMarketDataChannelPublishVisitor - Bid Side Size: 3
14:23:23.630 [main] DEBUG c.o.v.ReadOnlyMarketDataChannelPublishVisitor - Adding Mkt Data Msg BID: Price=98 Qty=400
14:23:23.630 [main] DEBUG c.o.v.ReadOnlyMarketDataChannelPublishVisitor - Adding Mkt Data Msg BID: Price=95 Qty=200
14:23:23.630 [main] DEBUG c.o.v.ReadOnlyMarketDataChannelPublishVisitor - Adding Mkt Data Msg BID: Price=91 Qty=300
14:23:23.630 [main] DEBUG c.o.v.ReadOnlyMarketDataChannelPublishVisitor - Ask Side Size: 4
14:23:23.631 [main] DEBUG c.o.v.ReadOnlyMarketDataChannelPublishVisitor - Adding Mkt Data Msg ASK: Price=100 Qty=101
14:23:23.631 [main] DEBUG c.o.v.ReadOnlyMarketDataChannelPublishVisitor - Adding Mkt Data Msg ASK: Price=110 Qty=200
14:23:23.631 [main] DEBUG c.o.v.ReadOnlyMarketDataChannelPublishVisitor - Adding Mkt Data Msg ASK: Price=115 Qty=5000
14:23:23.631 [main] DEBUG c.o.v.ReadOnlyMarketDataChannelPublishVisitor - Adding Mkt Data Msg ASK: Price=119 Qty=5600
14:23:23.631 [main] INFO  c.o.channel.MarketDataChannel - [ORDERBOOK] Sending market data update...
14:23:23.631 [main] INFO  c.sequencer.consumer.LoggingConsumer - [5] 
|----BID-----|
    400 @ 98
    200 @ 95
    300 @ 91
|----ASK-----|
   101 @ 100
   200 @ 110
  5000 @ 115
  5600 @ 119

14:23:23.631 [main] DEBUG c.service.MarketDataService - [ALGO] BID: price:98 quantity:400
14:23:23.631 [main] DEBUG c.service.MarketDataService - [ALGO] BID: price:95 quantity:200
14:23:23.631 [main] DEBUG c.service.MarketDataService - [ALGO] BID: price:91 quantity:300
14:23:23.632 [main] DEBUG c.service.MarketDataService - [ALGO] ASK: price:100 quantity:101
14:23:23.632 [main] DEBUG c.service.MarketDataService - [ALGO] ASK: price:110 quantity:200
14:23:23.632 [main] DEBUG c.service.MarketDataService - [ALGO] ASK: price:115 quantity:5000
14:23:23.632 [main] DEBUG c.service.MarketDataService - [ALGO] ASK: price:119 quantity:5600
14:23:23.632 [main] INFO  c.gettingstarted.MyAlgoLogic - [MYALGO] The state of the order book is:
|----BID-----||----ASK----|
    400 @ 98   101 @ 100
    200 @ 95   200 @ 110
    300 @ 91  5000 @ 115
          -   5600 @ 119
|------------||-----------|

14:23:23.632 [main] INFO  c.gettingstarted.MyAlgoLogic - [MYALGO] Algo Sees SheZa
14:23:23.632 [main] INFO  c.gettingstarted.MyAlgoLogic - [MYALGO] Algo Sees Book as:
|----BID-----||----ASK----|
    400 @ 98   101 @ 100
    200 @ 95   200 @ 110
    300 @ 91  5000 @ 115
          -   5600 @ 119
|------------||-----------|

14:23:23.633 [main] INFO  c.gettingstarted.MyAlgoLogic - [MYALGO] Adding order for400@98
total order count is 2
14:23:23.633 [main] INFO  c.container.Actioner - [ALGO] Actioner, sending action:CreateChildOrder(side=BUY,quantity=400,price=98)
14:23:23.633 [main] INFO  c.sequencer.consumer.LoggingConsumer - [6] [CreateOrder](sbeTemplateId=4|sbeSchemaId=2|sbeSchemaVersion=0|sbeBlockLength=33):instrumentId=0|price=98|quantity=400|side=BUY|orderId=4
14:23:23.633 [main] INFO  c.orderbook.OrderBook - [ORDERBOOK] Adding passive limit order to BID bookLimit(side=BUY,orderId=4,price=98,quantity=400)
14:23:23.634 [main] INFO  c.o.visitor.MutatingAddOrderVisitor - [ORDERBOOK] + Limit(side=BUY,orderId=3,price=98,quantity=200)
14:23:23.634 [main] DEBUG c.o.v.ReadOnlyMarketDataChannelPublishVisitor - Bid Side Size: 3
14:23:23.634 [main] DEBUG c.o.v.ReadOnlyMarketDataChannelPublishVisitor - Adding Mkt Data Msg BID: Price=98 Qty=800
14:23:23.634 [main] DEBUG c.o.v.ReadOnlyMarketDataChannelPublishVisitor - Adding Mkt Data Msg BID: Price=95 Qty=200
14:23:23.634 [main] DEBUG c.o.v.ReadOnlyMarketDataChannelPublishVisitor - Adding Mkt Data Msg BID: Price=91 Qty=300
14:23:23.634 [main] DEBUG c.o.v.ReadOnlyMarketDataChannelPublishVisitor - Ask Side Size: 4
14:23:23.634 [main] DEBUG c.o.v.ReadOnlyMarketDataChannelPublishVisitor - Adding Mkt Data Msg ASK: Price=100 Qty=101
14:23:23.634 [main] DEBUG c.o.v.ReadOnlyMarketDataChannelPublishVisitor - Adding Mkt Data Msg ASK: Price=110 Qty=200
14:23:23.634 [main] DEBUG c.o.v.ReadOnlyMarketDataChannelPublishVisitor - Adding Mkt Data Msg ASK: Price=115 Qty=5000
14:23:23.634 [main] DEBUG c.o.v.ReadOnlyMarketDataChannelPublishVisitor - Adding Mkt Data Msg ASK: Price=119 Qty=5600
14:23:23.634 [main] INFO  c.o.channel.MarketDataChannel - [ORDERBOOK] Sending market data update...
14:23:23.634 [main] INFO  c.sequencer.consumer.LoggingConsumer - [7] 
|----BID-----|
    800 @ 98
    200 @ 95
    300 @ 91
|----ASK-----|
   101 @ 100
   200 @ 110
  5000 @ 115
  5600 @ 119

14:23:23.634 [main] DEBUG c.service.MarketDataService - [ALGO] BID: price:98 quantity:800
14:23:23.634 [main] DEBUG c.service.MarketDataService - [ALGO] BID: price:95 quantity:200
14:23:23.634 [main] DEBUG c.service.MarketDataService - [ALGO] BID: price:91 quantity:300
14:23:23.634 [main] DEBUG c.service.MarketDataService - [ALGO] ASK: price:100 quantity:101
14:23:23.634 [main] DEBUG c.service.MarketDataService - [ALGO] ASK: price:110 quantity:200
14:23:23.634 [main] DEBUG c.service.MarketDataService - [ALGO] ASK: price:115 quantity:5000
14:23:23.634 [main] DEBUG c.service.MarketDataService - [ALGO] ASK: price:119 quantity:5600
14:23:23.634 [main] INFO  c.gettingstarted.MyAlgoLogic - [MYALGO] The state of the order book is:
|----BID-----||----ASK----|
    800 @ 98   101 @ 100
    200 @ 95   200 @ 110
    300 @ 91  5000 @ 115
          -   5600 @ 119
|------------||-----------|

14:23:23.634 [main] INFO  c.gettingstarted.MyAlgoLogic - [MYALGO] Algo Sees SheZa
14:23:23.634 [main] INFO  c.gettingstarted.MyAlgoLogic - [MYALGO] Algo Sees Book as:
|----BID-----||----ASK----|
    800 @ 98   101 @ 100
    200 @ 95   200 @ 110
    300 @ 91  5000 @ 115
          -   5600 @ 119
|------------||-----------|

14:23:23.634 [main] INFO  c.gettingstarted.MyAlgoLogic - [MYALGO] Adding order for800@98
total order count is 3
14:23:23.634 [main] INFO  c.container.Actioner - [ALGO] Actioner, sending action:CreateChildOrder(side=BUY,quantity=800,price=98)
14:23:23.634 [main] INFO  c.sequencer.consumer.LoggingConsumer - [8] [CreateOrder](sbeTemplateId=4|sbeSchemaId=2|sbeSchemaVersion=0|sbeBlockLength=33):instrumentId=0|price=98|quantity=800|side=BUY|orderId=5
14:23:23.634 [main] INFO  c.orderbook.OrderBook - [ORDERBOOK] Adding passive limit order to BID bookLimit(side=BUY,orderId=5,price=98,quantity=800)
14:23:23.634 [main] INFO  c.o.visitor.MutatingAddOrderVisitor - [ORDERBOOK] + Limit(side=BUY,orderId=4,price=98,quantity=400)
14:23:23.634 [main] DEBUG c.o.v.ReadOnlyMarketDataChannelPublishVisitor - Bid Side Size: 3
14:23:23.634 [main] DEBUG c.o.v.ReadOnlyMarketDataChannelPublishVisitor - Adding Mkt Data Msg BID: Price=98 Qty=1600
14:23:23.634 [main] DEBUG c.o.v.ReadOnlyMarketDataChannelPublishVisitor - Adding Mkt Data Msg BID: Price=95 Qty=200
14:23:23.634 [main] DEBUG c.o.v.ReadOnlyMarketDataChannelPublishVisitor - Adding Mkt Data Msg BID: Price=91 Qty=300
14:23:23.634 [main] DEBUG c.o.v.ReadOnlyMarketDataChannelPublishVisitor - Ask Side Size: 4
14:23:23.634 [main] DEBUG c.o.v.ReadOnlyMarketDataChannelPublishVisitor - Adding Mkt Data Msg ASK: Price=100 Qty=101
14:23:23.634 [main] DEBUG c.o.v.ReadOnlyMarketDataChannelPublishVisitor - Adding Mkt Data Msg ASK: Price=110 Qty=200
14:23:23.634 [main] DEBUG c.o.v.ReadOnlyMarketDataChannelPublishVisitor - Adding Mkt Data Msg ASK: Price=115 Qty=5000
14:23:23.634 [main] DEBUG c.o.v.ReadOnlyMarketDataChannelPublishVisitor - Adding Mkt Data Msg ASK: Price=119 Qty=5600
14:23:23.634 [main] INFO  c.o.channel.MarketDataChannel - [ORDERBOOK] Sending market data update...
14:23:23.634 [main] INFO  c.sequencer.consumer.LoggingConsumer - [9] 
|----BID-----|
   1600 @ 98
    200 @ 95
    300 @ 91
|----ASK-----|
   101 @ 100
   200 @ 110
  5000 @ 115
  5600 @ 119

14:23:23.634 [main] DEBUG c.service.MarketDataService - [ALGO] BID: price:98 quantity:1600
14:23:23.634 [main] DEBUG c.service.MarketDataService - [ALGO] BID: price:95 quantity:200
14:23:23.634 [main] DEBUG c.service.MarketDataService - [ALGO] BID: price:91 quantity:300
14:23:23.634 [main] DEBUG c.service.MarketDataService - [ALGO] ASK: price:100 quantity:101
14:23:23.634 [main] DEBUG c.service.MarketDataService - [ALGO] ASK: price:110 quantity:200
14:23:23.638 [main] DEBUG c.service.MarketDataService - [ALGO] ASK: price:115 quantity:5000
14:23:23.638 [main] DEBUG c.service.MarketDataService - [ALGO] ASK: price:119 quantity:5600
14:23:23.638 [main] INFO  c.gettingstarted.MyAlgoLogic - [MYALGO] The state of the order book is:
|----BID-----||----ASK----|
   1600 @ 98   101 @ 100
    200 @ 95   200 @ 110
    300 @ 91  5000 @ 115
          -   5600 @ 119
|------------||-----------|

14:23:23.638 [main] INFO  c.gettingstarted.MyAlgoLogic - [MYALGO] Algo Sees SheZa
14:23:23.638 [main] INFO  c.gettingstarted.MyAlgoLogic - [MYALGO] Algo Sees Book as:
|----BID-----||----ASK----|
   1600 @ 98   101 @ 100
    200 @ 95   200 @ 110
    300 @ 91  5000 @ 115
          -   5600 @ 119
|------------||-----------|

14:23:23.638 [main] INFO  c.gettingstarted.MyAlgoLogic - [MYALGO] Adding order for1600@98
total order count is 4
14:23:23.638 [main] INFO  c.container.Actioner - [ALGO] Actioner, sending action:CreateChildOrder(side=BUY,quantity=1600,price=98)
14:23:23.638 [main] INFO  c.sequencer.consumer.LoggingConsumer - [10] [CreateOrder](sbeTemplateId=4|sbeSchemaId=2|sbeSchemaVersion=0|sbeBlockLength=33):instrumentId=0|price=98|quantity=1600|side=BUY|orderId=6
14:23:23.638 [main] INFO  c.orderbook.OrderBook - [ORDERBOOK] Adding passive limit order to BID bookLimit(side=BUY,orderId=6,price=98,quantity=1600)
14:23:23.638 [main] INFO  c.o.visitor.MutatingAddOrderVisitor - [ORDERBOOK] + Limit(side=BUY,orderId=5,price=98,quantity=800)
14:23:23.638 [main] DEBUG c.o.v.ReadOnlyMarketDataChannelPublishVisitor - Bid Side Size: 3
14:23:23.638 [main] DEBUG c.o.v.ReadOnlyMarketDataChannelPublishVisitor - Adding Mkt Data Msg BID: Price=98 Qty=3200
14:23:23.638 [main] DEBUG c.o.v.ReadOnlyMarketDataChannelPublishVisitor - Adding Mkt Data Msg BID: Price=95 Qty=200
14:23:23.638 [main] DEBUG c.o.v.ReadOnlyMarketDataChannelPublishVisitor - Adding Mkt Data Msg BID: Price=91 Qty=300
14:23:23.638 [main] DEBUG c.o.v.ReadOnlyMarketDataChannelPublishVisitor - Ask Side Size: 4
14:23:23.638 [main] DEBUG c.o.v.ReadOnlyMarketDataChannelPublishVisitor - Adding Mkt Data Msg ASK: Price=100 Qty=101
14:23:23.638 [main] DEBUG c.o.v.ReadOnlyMarketDataChannelPublishVisitor - Adding Mkt Data Msg ASK: Price=110 Qty=200
14:23:23.638 [main] DEBUG c.o.v.ReadOnlyMarketDataChannelPublishVisitor - Adding Mkt Data Msg ASK: Price=115 Qty=5000
14:23:23.638 [main] DEBUG c.o.v.ReadOnlyMarketDataChannelPublishVisitor - Adding Mkt Data Msg ASK: Price=119 Qty=5600
14:23:23.638 [main] INFO  c.o.channel.MarketDataChannel - [ORDERBOOK] Sending market data update...
14:23:23.638 [main] INFO  c.sequencer.consumer.LoggingConsumer - [11] 
|----BID-----|
   3200 @ 98
    200 @ 95
    300 @ 91
|----ASK-----|
   101 @ 100
   200 @ 110
  5000 @ 115
  5600 @ 119

14:23:23.638 [main] DEBUG c.service.MarketDataService - [ALGO] BID: price:98 quantity:3200
14:23:23.638 [main] DEBUG c.service.MarketDataService - [ALGO] BID: price:95 quantity:200
14:23:23.638 [main] DEBUG c.service.MarketDataService - [ALGO] BID: price:91 quantity:300
14:23:23.638 [main] DEBUG c.service.MarketDataService - [ALGO] ASK: price:100 quantity:101
14:23:23.638 [main] DEBUG c.service.MarketDataService - [ALGO] ASK: price:110 quantity:200
14:23:23.638 [main] DEBUG c.service.MarketDataService - [ALGO] ASK: price:115 quantity:5000
14:23:23.638 [main] DEBUG c.service.MarketDataService - [ALGO] ASK: price:119 quantity:5600
14:23:23.638 [main] INFO  c.gettingstarted.MyAlgoLogic - [MYALGO] The state of the order book is:
|----BID-----||----ASK----|
   3200 @ 98   101 @ 100
    200 @ 95   200 @ 110
    300 @ 91  5000 @ 115
          -   5600 @ 119
|------------||-----------|

14:23:23.638 [main] INFO  c.gettingstarted.MyAlgoLogic - [MYALGO] Algo Sees SheZa
14:23:23.638 [main] INFO  c.gettingstarted.MyAlgoLogic - [MYALGO] Algo Sees Book as:
|----BID-----||----ASK----|
   3200 @ 98   101 @ 100
    200 @ 95   200 @ 110
    300 @ 91  5000 @ 115
          -   5600 @ 119
|------------||-----------|

14:23:23.638 [main] INFO  c.gettingstarted.MyAlgoLogic - [MYALGO] Adding order for3200@98
total order count is 5
14:23:23.638 [main] INFO  c.container.Actioner - [ALGO] Actioner, sending action:CreateChildOrder(side=BUY,quantity=3200,price=98)
14:23:23.641 [main] INFO  c.sequencer.consumer.LoggingConsumer - [12] [CreateOrder](sbeTemplateId=4|sbeSchemaId=2|sbeSchemaVersion=0|sbeBlockLength=33):instrumentId=0|price=98|quantity=3200|side=BUY|orderId=7
14:23:23.641 [main] INFO  c.orderbook.OrderBook - [ORDERBOOK] Adding passive limit order to BID bookLimit(side=BUY,orderId=7,price=98,quantity=3200)
14:23:23.641 [main] INFO  c.o.visitor.MutatingAddOrderVisitor - [ORDERBOOK] + Limit(side=BUY,orderId=6,price=98,quantity=1600)
14:23:23.641 [main] DEBUG c.o.v.ReadOnlyMarketDataChannelPublishVisitor - Bid Side Size: 3
14:23:23.641 [main] DEBUG c.o.v.ReadOnlyMarketDataChannelPublishVisitor - Adding Mkt Data Msg BID: Price=98 Qty=6400
14:23:23.641 [main] DEBUG c.o.v.ReadOnlyMarketDataChannelPublishVisitor - Adding Mkt Data Msg BID: Price=95 Qty=200
14:23:23.641 [main] DEBUG c.o.v.ReadOnlyMarketDataChannelPublishVisitor - Adding Mkt Data Msg BID: Price=91 Qty=300
14:23:23.641 [main] DEBUG c.o.v.ReadOnlyMarketDataChannelPublishVisitor - Ask Side Size: 4
14:23:23.641 [main] DEBUG c.o.v.ReadOnlyMarketDataChannelPublishVisitor - Adding Mkt Data Msg ASK: Price=100 Qty=101
14:23:23.642 [main] DEBUG c.o.v.ReadOnlyMarketDataChannelPublishVisitor - Adding Mkt Data Msg ASK: Price=110 Qty=200
14:23:23.642 [main] DEBUG c.o.v.ReadOnlyMarketDataChannelPublishVisitor - Adding Mkt Data Msg ASK: Price=115 Qty=5000
14:23:23.642 [main] DEBUG c.o.v.ReadOnlyMarketDataChannelPublishVisitor - Adding Mkt Data Msg ASK: Price=119 Qty=5600
14:23:23.642 [main] INFO  c.o.channel.MarketDataChannel - [ORDERBOOK] Sending market data update...
14:23:23.642 [main] INFO  c.sequencer.consumer.LoggingConsumer - [13] 
|----BID-----|
   6400 @ 98
    200 @ 95
    300 @ 91
|----ASK-----|
   101 @ 100
   200 @ 110
  5000 @ 115
  5600 @ 119

14:23:23.642 [main] DEBUG c.service.MarketDataService - [ALGO] BID: price:98 quantity:6400
14:23:23.642 [main] DEBUG c.service.MarketDataService - [ALGO] BID: price:95 quantity:200
14:23:23.642 [main] DEBUG c.service.MarketDataService - [ALGO] BID: price:91 quantity:300
14:23:23.642 [main] DEBUG c.service.MarketDataService - [ALGO] ASK: price:100 quantity:101
14:23:23.642 [main] DEBUG c.service.MarketDataService - [ALGO] ASK: price:110 quantity:200
14:23:23.642 [main] DEBUG c.service.MarketDataService - [ALGO] ASK: price:115 quantity:5000
14:23:23.642 [main] DEBUG c.service.MarketDataService - [ALGO] ASK: price:119 quantity:5600
14:23:23.643 [main] INFO  c.gettingstarted.MyAlgoLogic - [MYALGO] The state of the order book is:
|----BID-----||----ASK----|
   6400 @ 98   101 @ 100
    200 @ 95   200 @ 110
    300 @ 91  5000 @ 115
          -   5600 @ 119
|------------||-----------|

14:23:23.643 [main] INFO  c.gettingstarted.MyAlgoLogic - [MYALGO] Algo Sees SheZa
14:23:23.644 [main] INFO  c.gettingstarted.MyAlgoLogic - [MYALGO] Algo Sees Book as:
|----BID-----||----ASK----|
   6400 @ 98   101 @ 100
    200 @ 95   200 @ 110
    300 @ 91  5000 @ 115
          -   5600 @ 119
|------------||-----------|

14:23:23.644 [main] INFO  c.gettingstarted.MyAlgoLogic - [MYALGO] Adding order for6400@98
total order count is 6
14:23:23.644 [main] INFO  c.container.Actioner - [ALGO] Actioner, sending action:CreateChildOrder(side=BUY,quantity=6400,price=98)
14:23:23.644 [main] INFO  c.sequencer.consumer.LoggingConsumer - [14] [CreateOrder](sbeTemplateId=4|sbeSchemaId=2|sbeSchemaVersion=0|sbeBlockLength=33):instrumentId=0|price=98|quantity=6400|side=BUY|orderId=8
14:23:23.644 [main] INFO  c.orderbook.OrderBook - [ORDERBOOK] Adding passive limit order to BID bookLimit(side=BUY,orderId=8,price=98,quantity=6400)
14:23:23.644 [main] INFO  c.o.visitor.MutatingAddOrderVisitor - [ORDERBOOK] + Limit(side=BUY,orderId=7,price=98,quantity=3200)
14:23:23.644 [main] DEBUG c.o.v.ReadOnlyMarketDataChannelPublishVisitor - Bid Side Size: 3
14:23:23.644 [main] DEBUG c.o.v.ReadOnlyMarketDataChannelPublishVisitor - Adding Mkt Data Msg BID: Price=98 Qty=12800
14:23:23.644 [main] DEBUG c.o.v.ReadOnlyMarketDataChannelPublishVisitor - Adding Mkt Data Msg BID: Price=95 Qty=200
14:23:23.644 [main] DEBUG c.o.v.ReadOnlyMarketDataChannelPublishVisitor - Adding Mkt Data Msg BID: Price=91 Qty=300
14:23:23.644 [main] DEBUG c.o.v.ReadOnlyMarketDataChannelPublishVisitor - Ask Side Size: 4
14:23:23.645 [main] DEBUG c.o.v.ReadOnlyMarketDataChannelPublishVisitor - Adding Mkt Data Msg ASK: Price=100 Qty=101
14:23:23.645 [main] DEBUG c.o.v.ReadOnlyMarketDataChannelPublishVisitor - Adding Mkt Data Msg ASK: Price=110 Qty=200
14:23:23.645 [main] DEBUG c.o.v.ReadOnlyMarketDataChannelPublishVisitor - Adding Mkt Data Msg ASK: Price=115 Qty=5000
14:23:23.645 [main] DEBUG c.o.v.ReadOnlyMarketDataChannelPublishVisitor - Adding Mkt Data Msg ASK: Price=119 Qty=5600
14:23:23.645 [main] INFO  c.o.channel.MarketDataChannel - [ORDERBOOK] Sending market data update...
14:23:23.645 [main] INFO  c.sequencer.consumer.LoggingConsumer - [15] 
|----BID-----|
  12800 @ 98
    200 @ 95
    300 @ 91
|----ASK-----|
   101 @ 100
   200 @ 110
  5000 @ 115
  5600 @ 119

14:23:23.645 [main] DEBUG c.service.MarketDataService - [ALGO] BID: price:98 quantity:12800
14:23:23.645 [main] DEBUG c.service.MarketDataService - [ALGO] BID: price:95 quantity:200
14:23:23.645 [main] DEBUG c.service.MarketDataService - [ALGO] BID: price:91 quantity:300
14:23:23.647 [main] DEBUG c.service.MarketDataService - [ALGO] ASK: price:100 quantity:101
14:23:23.647 [main] DEBUG c.service.MarketDataService - [ALGO] ASK: price:110 quantity:200
14:23:23.647 [main] DEBUG c.service.MarketDataService - [ALGO] ASK: price:115 quantity:5000
14:23:23.647 [main] DEBUG c.service.MarketDataService - [ALGO] ASK: price:119 quantity:5600
14:23:23.647 [main] INFO  c.gettingstarted.MyAlgoLogic - [MYALGO] The state of the order book is:
|----BID-----||----ASK----|
  12800 @ 98   101 @ 100
    200 @ 95   200 @ 110
    300 @ 91  5000 @ 115
          -   5600 @ 119
|------------||-----------|

14:23:23.647 [main] INFO  c.gettingstarted.MyAlgoLogic - [MYALGO] Algo Sees SheZa
14:23:23.648 [main] INFO  c.gettingstarted.MyAlgoLogic - [MYALGO] Algo Sees Book as:
|----BID-----||----ASK----|
  12800 @ 98   101 @ 100
    200 @ 95   200 @ 110
    300 @ 91  5000 @ 115
          -   5600 @ 119
|------------||-----------|

14:23:23.648 [main] INFO  c.gettingstarted.MyAlgoLogic - [MYALGO] Adding order for12800@98
total order count is 7
14:23:23.648 [main] INFO  c.container.Actioner - [ALGO] Actioner, sending action:CreateChildOrder(side=BUY,quantity=12800,price=98)
14:23:23.648 [main] INFO  c.sequencer.consumer.LoggingConsumer - [16] [CreateOrder](sbeTemplateId=4|sbeSchemaId=2|sbeSchemaVersion=0|sbeBlockLength=33):instrumentId=0|price=98|quantity=12800|side=BUY|orderId=9
14:23:23.648 [main] INFO  c.orderbook.OrderBook - [ORDERBOOK] Adding passive limit order to BID bookLimit(side=BUY,orderId=9,price=98,quantity=12800)
14:23:23.648 [main] INFO  c.o.visitor.MutatingAddOrderVisitor - [ORDERBOOK] + Limit(side=BUY,orderId=8,price=98,quantity=6400)
14:23:23.648 [main] DEBUG c.o.v.ReadOnlyMarketDataChannelPublishVisitor - Bid Side Size: 3
14:23:23.648 [main] DEBUG c.o.v.ReadOnlyMarketDataChannelPublishVisitor - Adding Mkt Data Msg BID: Price=98 Qty=25600
14:23:23.648 [main] DEBUG c.o.v.ReadOnlyMarketDataChannelPublishVisitor - Adding Mkt Data Msg BID: Price=95 Qty=200
14:23:23.648 [main] DEBUG c.o.v.ReadOnlyMarketDataChannelPublishVisitor - Adding Mkt Data Msg BID: Price=91 Qty=300
14:23:23.648 [main] DEBUG c.o.v.ReadOnlyMarketDataChannelPublishVisitor - Ask Side Size: 4
14:23:23.648 [main] DEBUG c.o.v.ReadOnlyMarketDataChannelPublishVisitor - Adding Mkt Data Msg ASK: Price=100 Qty=101
14:23:23.648 [main] DEBUG c.o.v.ReadOnlyMarketDataChannelPublishVisitor - Adding Mkt Data Msg ASK: Price=110 Qty=200
14:23:23.649 [main] DEBUG c.o.v.ReadOnlyMarketDataChannelPublishVisitor - Adding Mkt Data Msg ASK: Price=115 Qty=5000
14:23:23.649 [main] DEBUG c.o.v.ReadOnlyMarketDataChannelPublishVisitor - Adding Mkt Data Msg ASK: Price=119 Qty=5600
14:23:23.649 [main] INFO  c.o.channel.MarketDataChannel - [ORDERBOOK] Sending market data update...
14:23:23.649 [main] INFO  c.sequencer.consumer.LoggingConsumer - [17] 
|----BID-----|
  25600 @ 98
    200 @ 95
    300 @ 91
|----ASK-----|
   101 @ 100
   200 @ 110
  5000 @ 115
  5600 @ 119

14:23:23.649 [main] DEBUG c.service.MarketDataService - [ALGO] BID: price:98 quantity:25600
14:23:23.649 [main] DEBUG c.service.MarketDataService - [ALGO] BID: price:95 quantity:200
14:23:23.649 [main] DEBUG c.service.MarketDataService - [ALGO] BID: price:91 quantity:300
14:23:23.649 [main] DEBUG c.service.MarketDataService - [ALGO] ASK: price:100 quantity:101
14:23:23.649 [main] DEBUG c.service.MarketDataService - [ALGO] ASK: price:110 quantity:200
14:23:23.649 [main] DEBUG c.service.MarketDataService - [ALGO] ASK: price:115 quantity:5000
14:23:23.649 [main] DEBUG c.service.MarketDataService - [ALGO] ASK: price:119 quantity:5600
14:23:23.649 [main] INFO  c.gettingstarted.MyAlgoLogic - [MYALGO] The state of the order book is:
|----BID-----||----ASK----|
  25600 @ 98   101 @ 100
    200 @ 95   200 @ 110
    300 @ 91  5000 @ 115
          -   5600 @ 119
|------------||-----------|

14:23:23.650 [main] INFO  c.gettingstarted.MyAlgoLogic - [MYALGO] Algo Sees SheZa
14:23:23.650 [main] INFO  c.gettingstarted.MyAlgoLogic - [MYALGO] Algo Sees Book as:
|----BID-----||----ASK----|
  25600 @ 98   101 @ 100
    200 @ 95   200 @ 110
    300 @ 91  5000 @ 115
          -   5600 @ 119
|------------||-----------|

14:23:23.650 [main] INFO  c.gettingstarted.MyAlgoLogic - [MYALGO] Adding order for25600@98
total order count is 8
14:23:23.650 [main] INFO  c.container.Actioner - [ALGO] Actioner, sending action:CreateChildOrder(side=BUY,quantity=25600,price=98)
14:23:23.650 [main] INFO  c.sequencer.consumer.LoggingConsumer - [18] [CreateOrder](sbeTemplateId=4|sbeSchemaId=2|sbeSchemaVersion=0|sbeBlockLength=33):instrumentId=0|price=98|quantity=25600|side=BUY|orderId=10
14:23:23.650 [main] INFO  c.orderbook.OrderBook - [ORDERBOOK] Adding passive limit order to BID bookLimit(side=BUY,orderId=10,price=98,quantity=25600)
14:23:23.650 [main] INFO  c.o.visitor.MutatingAddOrderVisitor - [ORDERBOOK] + Limit(side=BUY,orderId=9,price=98,quantity=12800)
14:23:23.650 [main] DEBUG c.o.v.ReadOnlyMarketDataChannelPublishVisitor - Bid Side Size: 3
14:23:23.650 [main] DEBUG c.o.v.ReadOnlyMarketDataChannelPublishVisitor - Adding Mkt Data Msg BID: Price=98 Qty=51200
14:23:23.650 [main] DEBUG c.o.v.ReadOnlyMarketDataChannelPublishVisitor - Adding Mkt Data Msg BID: Price=95 Qty=200
14:23:23.651 [main] DEBUG c.o.v.ReadOnlyMarketDataChannelPublishVisitor - Adding Mkt Data Msg BID: Price=91 Qty=300
14:23:23.651 [main] DEBUG c.o.v.ReadOnlyMarketDataChannelPublishVisitor - Ask Side Size: 4
14:23:23.651 [main] DEBUG c.o.v.ReadOnlyMarketDataChannelPublishVisitor - Adding Mkt Data Msg ASK: Price=100 Qty=101
14:23:23.651 [main] DEBUG c.o.v.ReadOnlyMarketDataChannelPublishVisitor - Adding Mkt Data Msg ASK: Price=110 Qty=200
14:23:23.651 [main] DEBUG c.o.v.ReadOnlyMarketDataChannelPublishVisitor - Adding Mkt Data Msg ASK: Price=115 Qty=5000
14:23:23.651 [main] DEBUG c.o.v.ReadOnlyMarketDataChannelPublishVisitor - Adding Mkt Data Msg ASK: Price=119 Qty=5600
14:23:23.651 [main] INFO  c.o.channel.MarketDataChannel - [ORDERBOOK] Sending market data update...
14:23:23.651 [main] INFO  c.sequencer.consumer.LoggingConsumer - [19] 
|----BID-----|
  51200 @ 98
    200 @ 95
    300 @ 91
|----ASK-----|
   101 @ 100
   200 @ 110
  5000 @ 115
  5600 @ 119

14:23:23.651 [main] DEBUG c.service.MarketDataService - [ALGO] BID: price:98 quantity:51200
14:23:23.651 [main] DEBUG c.service.MarketDataService - [ALGO] BID: price:95 quantity:200
14:23:23.651 [main] DEBUG c.service.MarketDataService - [ALGO] BID: price:91 quantity:300
14:23:23.651 [main] DEBUG c.service.MarketDataService - [ALGO] ASK: price:100 quantity:101
14:23:23.651 [main] DEBUG c.service.MarketDataService - [ALGO] ASK: price:110 quantity:200
14:23:23.651 [main] DEBUG c.service.MarketDataService - [ALGO] ASK: price:115 quantity:5000
14:23:23.651 [main] DEBUG c.service.MarketDataService - [ALGO] ASK: price:119 quantity:5600
14:23:23.652 [main] INFO  c.gettingstarted.MyAlgoLogic - [MYALGO] The state of the order book is:
|----BID-----||----ASK----|
  51200 @ 98   101 @ 100
    200 @ 95   200 @ 110
    300 @ 91  5000 @ 115
          -   5600 @ 119
|------------||-----------|

14:23:23.652 [main] INFO  c.gettingstarted.MyAlgoLogic - [MYALGO] Algo Sees SheZa
14:23:23.652 [main] INFO  c.gettingstarted.MyAlgoLogic - [MYALGO] Algo Sees Book as:
|----BID-----||----ASK----|
  51200 @ 98   101 @ 100
    200 @ 95   200 @ 110
    300 @ 91  5000 @ 115
          -   5600 @ 119
|------------||-----------|

14:23:23.652 [main] INFO  c.gettingstarted.MyAlgoLogic - [MYALGO] Adding order for51200@98
total order count is 9
14:23:23.652 [main] INFO  c.container.Actioner - [ALGO] Actioner, sending action:CreateChildOrder(side=BUY,quantity=51200,price=98)
14:23:23.652 [main] INFO  c.sequencer.consumer.LoggingConsumer - [20] [CreateOrder](sbeTemplateId=4|sbeSchemaId=2|sbeSchemaVersion=0|sbeBlockLength=33):instrumentId=0|price=98|quantity=51200|side=BUY|orderId=11
14:23:23.653 [main] INFO  c.orderbook.OrderBook - [ORDERBOOK] Adding passive limit order to BID bookLimit(side=BUY,orderId=11,price=98,quantity=51200)
14:23:23.653 [main] INFO  c.o.visitor.MutatingAddOrderVisitor - [ORDERBOOK] + Limit(side=BUY,orderId=10,price=98,quantity=25600)
14:23:23.653 [main] DEBUG c.o.v.ReadOnlyMarketDataChannelPublishVisitor - Bid Side Size: 3
14:23:23.653 [main] DEBUG c.o.v.ReadOnlyMarketDataChannelPublishVisitor - Adding Mkt Data Msg BID: Price=98 Qty=102400
14:23:23.653 [main] DEBUG c.o.v.ReadOnlyMarketDataChannelPublishVisitor - Adding Mkt Data Msg BID: Price=95 Qty=200
14:23:23.653 [main] DEBUG c.o.v.ReadOnlyMarketDataChannelPublishVisitor - Adding Mkt Data Msg BID: Price=91 Qty=300
14:23:23.653 [main] DEBUG c.o.v.ReadOnlyMarketDataChannelPublishVisitor - Ask Side Size: 4
14:23:23.653 [main] DEBUG c.o.v.ReadOnlyMarketDataChannelPublishVisitor - Adding Mkt Data Msg ASK: Price=100 Qty=101
14:23:23.653 [main] DEBUG c.o.v.ReadOnlyMarketDataChannelPublishVisitor - Adding Mkt Data Msg ASK: Price=110 Qty=200
14:23:23.653 [main] DEBUG c.o.v.ReadOnlyMarketDataChannelPublishVisitor - Adding Mkt Data Msg ASK: Price=115 Qty=5000
14:23:23.653 [main] DEBUG c.o.v.ReadOnlyMarketDataChannelPublishVisitor - Adding Mkt Data Msg ASK: Price=119 Qty=5600
14:23:23.653 [main] INFO  c.o.channel.MarketDataChannel - [ORDERBOOK] Sending market data update...
14:23:23.653 [main] INFO  c.sequencer.consumer.LoggingConsumer - [21] 
|----BID-----|
 102400 @ 98
    200 @ 95
    300 @ 91
|----ASK-----|
   101 @ 100
   200 @ 110
  5000 @ 115
  5600 @ 119

14:23:23.653 [main] DEBUG c.service.MarketDataService - [ALGO] BID: price:98 quantity:102400
14:23:23.654 [main] DEBUG c.service.MarketDataService - [ALGO] BID: price:95 quantity:200
14:23:23.654 [main] DEBUG c.service.MarketDataService - [ALGO] BID: price:91 quantity:300
14:23:23.654 [main] DEBUG c.service.MarketDataService - [ALGO] ASK: price:100 quantity:101
14:23:23.654 [main] DEBUG c.service.MarketDataService - [ALGO] ASK: price:110 quantity:200
14:23:23.654 [main] DEBUG c.service.MarketDataService - [ALGO] ASK: price:115 quantity:5000
14:23:23.654 [main] DEBUG c.service.MarketDataService - [ALGO] ASK: price:119 quantity:5600
14:23:23.654 [main] INFO  c.gettingstarted.MyAlgoLogic - [MYALGO] The state of the order book is:
|----BID-----||----ASK----|
 102400 @ 98   101 @ 100
    200 @ 95   200 @ 110
    300 @ 91  5000 @ 115
          -   5600 @ 119
|------------||-----------|

14:23:23.654 [main] INFO  c.gettingstarted.MyAlgoLogic - [MYALGO] Algo Sees SheZa
14:23:23.654 [main] INFO  c.gettingstarted.MyAlgoLogic - [MYALGO] Algo Sees Book as:
|----BID-----||----ASK----|
 102400 @ 98   101 @ 100
    200 @ 95   200 @ 110
    300 @ 91  5000 @ 115
          -   5600 @ 119
|------------||-----------|

14:23:23.654 [main] INFO  c.gettingstarted.MyAlgoLogic - [MYALGO] Adding order for102400@98
total order count is 10
14:23:23.654 [main] INFO  c.container.Actioner - [ALGO] Actioner, sending action:CreateChildOrder(side=BUY,quantity=102400,price=98)
14:23:23.655 [main] INFO  c.sequencer.consumer.LoggingConsumer - [22] [CreateOrder](sbeTemplateId=4|sbeSchemaId=2|sbeSchemaVersion=0|sbeBlockLength=33):instrumentId=0|price=98|quantity=102400|side=BUY|orderId=12
14:23:23.655 [main] INFO  c.orderbook.OrderBook - [ORDERBOOK] Adding passive limit order to BID bookLimit(side=BUY,orderId=12,price=98,quantity=102400)
14:23:23.655 [main] INFO  c.o.visitor.MutatingAddOrderVisitor - [ORDERBOOK] + Limit(side=BUY,orderId=11,price=98,quantity=51200)
14:23:23.655 [main] DEBUG c.o.v.ReadOnlyMarketDataChannelPublishVisitor - Bid Side Size: 3
14:23:23.655 [main] DEBUG c.o.v.ReadOnlyMarketDataChannelPublishVisitor - Adding Mkt Data Msg BID: Price=98 Qty=204800
14:23:23.655 [main] DEBUG c.o.v.ReadOnlyMarketDataChannelPublishVisitor - Adding Mkt Data Msg BID: Price=95 Qty=200
14:23:23.655 [main] DEBUG c.o.v.ReadOnlyMarketDataChannelPublishVisitor - Adding Mkt Data Msg BID: Price=91 Qty=300
14:23:23.655 [main] DEBUG c.o.v.ReadOnlyMarketDataChannelPublishVisitor - Ask Side Size: 4
14:23:23.655 [main] DEBUG c.o.v.ReadOnlyMarketDataChannelPublishVisitor - Adding Mkt Data Msg ASK: Price=100 Qty=101
14:23:23.655 [main] DEBUG c.o.v.ReadOnlyMarketDataChannelPublishVisitor - Adding Mkt Data Msg ASK: Price=110 Qty=200
14:23:23.655 [main] DEBUG c.o.v.ReadOnlyMarketDataChannelPublishVisitor - Adding Mkt Data Msg ASK: Price=115 Qty=5000
14:23:23.655 [main] DEBUG c.o.v.ReadOnlyMarketDataChannelPublishVisitor - Adding Mkt Data Msg ASK: Price=119 Qty=5600
14:23:23.655 [main] INFO  c.o.channel.MarketDataChannel - [ORDERBOOK] Sending market data update...
14:23:23.655 [main] INFO  c.sequencer.consumer.LoggingConsumer - [23] 
|----BID-----|
 204800 @ 98
    200 @ 95
    300 @ 91
|----ASK-----|
   101 @ 100
   200 @ 110
  5000 @ 115
  5600 @ 119

14:23:23.655 [main] DEBUG c.service.MarketDataService - [ALGO] BID: price:98 quantity:204800
14:23:23.655 [main] DEBUG c.service.MarketDataService - [ALGO] BID: price:95 quantity:200
14:23:23.656 [main] DEBUG c.service.MarketDataService - [ALGO] BID: price:91 quantity:300
14:23:23.656 [main] DEBUG c.service.MarketDataService - [ALGO] ASK: price:100 quantity:101
14:23:23.656 [main] DEBUG c.service.MarketDataService - [ALGO] ASK: price:110 quantity:200
14:23:23.656 [main] DEBUG c.service.MarketDataService - [ALGO] ASK: price:115 quantity:5000
14:23:23.656 [main] DEBUG c.service.MarketDataService - [ALGO] ASK: price:119 quantity:5600
14:23:23.656 [main] INFO  c.gettingstarted.MyAlgoLogic - [MYALGO] The state of the order book is:
|----BID-----||----ASK----|
 204800 @ 98   101 @ 100
    200 @ 95   200 @ 110
    300 @ 91  5000 @ 115
          -   5600 @ 119
|------------||-----------|

14:23:23.656 [main] INFO  c.gettingstarted.MyAlgoLogic - [MYALGO] Algo Sees SheZa
14:23:23.656 [main] INFO  c.gettingstarted.MyAlgoLogic - [MYALGO] Algo Sees Book as:
|----BID-----||----ASK----|
 204800 @ 98   101 @ 100
    200 @ 95   200 @ 110
    300 @ 91  5000 @ 115
          -   5600 @ 119
|------------||-----------|

14:23:23.656 [main] INFO  c.gettingstarted.MyAlgoLogic - [MYALGO] Adding order for204800@98
total order count is 11
14:23:23.656 [main] INFO  c.container.Actioner - [ALGO] Actioner, sending action:CreateChildOrder(side=BUY,quantity=204800,price=98)
14:23:23.656 [main] INFO  c.sequencer.consumer.LoggingConsumer - [24] [CreateOrder](sbeTemplateId=4|sbeSchemaId=2|sbeSchemaVersion=0|sbeBlockLength=33):instrumentId=0|price=98|quantity=204800|side=BUY|orderId=13
14:23:23.656 [main] INFO  c.orderbook.OrderBook - [ORDERBOOK] Adding passive limit order to BID bookLimit(side=BUY,orderId=13,price=98,quantity=204800)
14:23:23.656 [main] INFO  c.o.visitor.MutatingAddOrderVisitor - [ORDERBOOK] + Limit(side=BUY,orderId=12,price=98,quantity=102400)
14:23:23.656 [main] DEBUG c.o.v.ReadOnlyMarketDataChannelPublishVisitor - Bid Side Size: 3
14:23:23.656 [main] DEBUG c.o.v.ReadOnlyMarketDataChannelPublishVisitor - Adding Mkt Data Msg BID: Price=98 Qty=409600
14:23:23.656 [main] DEBUG c.o.v.ReadOnlyMarketDataChannelPublishVisitor - Adding Mkt Data Msg BID: Price=95 Qty=200
14:23:23.657 [main] DEBUG c.o.v.ReadOnlyMarketDataChannelPublishVisitor - Adding Mkt Data Msg BID: Price=91 Qty=300
14:23:23.657 [main] DEBUG c.o.v.ReadOnlyMarketDataChannelPublishVisitor - Ask Side Size: 4
14:23:23.657 [main] DEBUG c.o.v.ReadOnlyMarketDataChannelPublishVisitor - Adding Mkt Data Msg ASK: Price=100 Qty=101
14:23:23.657 [main] DEBUG c.o.v.ReadOnlyMarketDataChannelPublishVisitor - Adding Mkt Data Msg ASK: Price=110 Qty=200
14:23:23.657 [main] DEBUG c.o.v.ReadOnlyMarketDataChannelPublishVisitor - Adding Mkt Data Msg ASK: Price=115 Qty=5000
14:23:23.657 [main] DEBUG c.o.v.ReadOnlyMarketDataChannelPublishVisitor - Adding Mkt Data Msg ASK: Price=119 Qty=5600
14:23:23.657 [main] INFO  c.o.channel.MarketDataChannel - [ORDERBOOK] Sending market data update...
14:23:23.657 [main] INFO  c.sequencer.consumer.LoggingConsumer - [25] 
|----BID-----|
 409600 @ 98
    200 @ 95
    300 @ 91
|----ASK-----|
   101 @ 100
   200 @ 110
  5000 @ 115
  5600 @ 119

14:23:23.657 [main] DEBUG c.service.MarketDataService - [ALGO] BID: price:98 quantity:409600
14:23:23.657 [main] DEBUG c.service.MarketDataService - [ALGO] BID: price:95 quantity:200
14:23:23.657 [main] DEBUG c.service.MarketDataService - [ALGO] BID: price:91 quantity:300
14:23:23.657 [main] DEBUG c.service.MarketDataService - [ALGO] ASK: price:100 quantity:101
14:23:23.657 [main] DEBUG c.service.MarketDataService - [ALGO] ASK: price:110 quantity:200
14:23:23.657 [main] DEBUG c.service.MarketDataService - [ALGO] ASK: price:115 quantity:5000
14:23:23.657 [main] DEBUG c.service.MarketDataService - [ALGO] ASK: price:119 quantity:5600
14:23:23.657 [main] INFO  c.gettingstarted.MyAlgoLogic - [MYALGO] The state of the order book is:
|----BID-----||----ASK----|
 409600 @ 98   101 @ 100
    200 @ 95   200 @ 110
    300 @ 91  5000 @ 115
          -   5600 @ 119
|------------||-----------|

14:23:23.657 [main] INFO  c.gettingstarted.MyAlgoLogic - [MYALGO] Algo Sees SheZa
14:23:23.658 [main] INFO  c.gettingstarted.MyAlgoLogic - [MYALGO] Algo Sees Book as:
|----BID-----||----ASK----|
 409600 @ 98   101 @ 100
    200 @ 95   200 @ 110
    300 @ 91  5000 @ 115
          -   5600 @ 119
|------------||-----------|

14:23:23.658 [main] INFO  c.gettingstarted.MyAlgoLogic - [MYALGO] Adding order for409600@98
total order count is 12
14:23:23.658 [main] INFO  c.container.Actioner - [ALGO] Actioner, sending action:CreateChildOrder(side=BUY,quantity=409600,price=98)
14:23:23.658 [main] INFO  c.sequencer.consumer.LoggingConsumer - [26] [CreateOrder](sbeTemplateId=4|sbeSchemaId=2|sbeSchemaVersion=0|sbeBlockLength=33):instrumentId=0|price=98|quantity=409600|side=BUY|orderId=14
14:23:23.658 [main] INFO  c.orderbook.OrderBook - [ORDERBOOK] Adding passive limit order to BID bookLimit(side=BUY,orderId=14,price=98,quantity=409600)
14:23:23.658 [main] INFO  c.o.visitor.MutatingAddOrderVisitor - [ORDERBOOK] + Limit(side=BUY,orderId=13,price=98,quantity=204800)
14:23:23.658 [main] DEBUG c.o.v.ReadOnlyMarketDataChannelPublishVisitor - Bid Side Size: 3
14:23:23.658 [main] DEBUG c.o.v.ReadOnlyMarketDataChannelPublishVisitor - Adding Mkt Data Msg BID: Price=98 Qty=819200
14:23:23.658 [main] DEBUG c.o.v.ReadOnlyMarketDataChannelPublishVisitor - Adding Mkt Data Msg BID: Price=95 Qty=200
14:23:23.658 [main] DEBUG c.o.v.ReadOnlyMarketDataChannelPublishVisitor - Adding Mkt Data Msg BID: Price=91 Qty=300
14:23:23.658 [main] DEBUG c.o.v.ReadOnlyMarketDataChannelPublishVisitor - Ask Side Size: 4
14:23:23.658 [main] DEBUG c.o.v.ReadOnlyMarketDataChannelPublishVisitor - Adding Mkt Data Msg ASK: Price=100 Qty=101
14:23:23.658 [main] DEBUG c.o.v.ReadOnlyMarketDataChannelPublishVisitor - Adding Mkt Data Msg ASK: Price=110 Qty=200
14:23:23.659 [main] DEBUG c.o.v.ReadOnlyMarketDataChannelPublishVisitor - Adding Mkt Data Msg ASK: Price=115 Qty=5000
14:23:23.659 [main] DEBUG c.o.v.ReadOnlyMarketDataChannelPublishVisitor - Adding Mkt Data Msg ASK: Price=119 Qty=5600
14:23:23.659 [main] INFO  c.o.channel.MarketDataChannel - [ORDERBOOK] Sending market data update...
14:23:23.659 [main] INFO  c.sequencer.consumer.LoggingConsumer - [27] 
|----BID-----|
 819200 @ 98
    200 @ 95
    300 @ 91
|----ASK-----|
   101 @ 100
   200 @ 110
  5000 @ 115
  5600 @ 119

14:23:23.659 [main] DEBUG c.service.MarketDataService - [ALGO] BID: price:98 quantity:819200
14:23:23.659 [main] DEBUG c.service.MarketDataService - [ALGO] BID: price:95 quantity:200
14:23:23.659 [main] DEBUG c.service.MarketDataService - [ALGO] BID: price:91 quantity:300
14:23:23.659 [main] DEBUG c.service.MarketDataService - [ALGO] ASK: price:100 quantity:101
14:23:23.659 [main] DEBUG c.service.MarketDataService - [ALGO] ASK: price:110 quantity:200
14:23:23.659 [main] DEBUG c.service.MarketDataService - [ALGO] ASK: price:115 quantity:5000
14:23:23.659 [main] DEBUG c.service.MarketDataService - [ALGO] ASK: price:119 quantity:5600
14:23:23.659 [main] INFO  c.gettingstarted.MyAlgoLogic - [MYALGO] The state of the order book is:
|----BID-----||----ASK----|
 819200 @ 98   101 @ 100
    200 @ 95   200 @ 110
    300 @ 91  5000 @ 115
          -   5600 @ 119
|------------||-----------|

14:23:23.659 [main] INFO  c.gettingstarted.MyAlgoLogic - [MYALGO] Algo Sees SheZa
14:23:23.661 [main] INFO  c.gettingstarted.MyAlgoLogic - [MYALGO] Algo Sees Book as:
|----BID-----||----ASK----|
 819200 @ 98   101 @ 100
    200 @ 95   200 @ 110
    300 @ 91  5000 @ 115
          -   5600 @ 119
|------------||-----------|

14:23:23.661 [main] INFO  c.gettingstarted.MyAlgoLogic - [MYALGO] Adding order for819200@98
total order count is 13
14:23:23.661 [main] INFO  c.container.Actioner - [ALGO] Actioner, sending action:CreateChildOrder(side=BUY,quantity=819200,price=98)
14:23:23.661 [main] INFO  c.sequencer.consumer.LoggingConsumer - [28] [CreateOrder](sbeTemplateId=4|sbeSchemaId=2|sbeSchemaVersion=0|sbeBlockLength=33):instrumentId=0|price=98|quantity=819200|side=BUY|orderId=15
14:23:23.661 [main] INFO  c.orderbook.OrderBook - [ORDERBOOK] Adding passive limit order to BID bookLimit(side=BUY,orderId=15,price=98,quantity=819200)
14:23:23.661 [main] INFO  c.o.visitor.MutatingAddOrderVisitor - [ORDERBOOK] + Limit(side=BUY,orderId=14,price=98,quantity=409600)
14:23:23.661 [main] DEBUG c.o.v.ReadOnlyMarketDataChannelPublishVisitor - Bid Side Size: 3
14:23:23.662 [main] DEBUG c.o.v.ReadOnlyMarketDataChannelPublishVisitor - Adding Mkt Data Msg BID: Price=98 Qty=1638400
14:23:23.662 [main] DEBUG c.o.v.ReadOnlyMarketDataChannelPublishVisitor - Adding Mkt Data Msg BID: Price=95 Qty=200
14:23:23.662 [main] DEBUG c.o.v.ReadOnlyMarketDataChannelPublishVisitor - Adding Mkt Data Msg BID: Price=91 Qty=300
14:23:23.662 [main] DEBUG c.o.v.ReadOnlyMarketDataChannelPublishVisitor - Ask Side Size: 4
14:23:23.662 [main] DEBUG c.o.v.ReadOnlyMarketDataChannelPublishVisitor - Adding Mkt Data Msg ASK: Price=100 Qty=101
14:23:23.662 [main] DEBUG c.o.v.ReadOnlyMarketDataChannelPublishVisitor - Adding Mkt Data Msg ASK: Price=110 Qty=200
14:23:23.662 [main] DEBUG c.o.v.ReadOnlyMarketDataChannelPublishVisitor - Adding Mkt Data Msg ASK: Price=115 Qty=5000
14:23:23.663 [main] DEBUG c.o.v.ReadOnlyMarketDataChannelPublishVisitor - Adding Mkt Data Msg ASK: Price=119 Qty=5600
14:23:23.663 [main] INFO  c.o.channel.MarketDataChannel - [ORDERBOOK] Sending market data update...
14:23:23.663 [main] INFO  c.sequencer.consumer.LoggingConsumer - [29] 
|----BID-----|
1638400 @ 98
    200 @ 95
    300 @ 91
|----ASK-----|
   101 @ 100
   200 @ 110
  5000 @ 115
  5600 @ 119

14:23:23.663 [main] DEBUG c.service.MarketDataService - [ALGO] BID: price:98 quantity:1638400
14:23:23.663 [main] DEBUG c.service.MarketDataService - [ALGO] BID: price:95 quantity:200
14:23:23.663 [main] DEBUG c.service.MarketDataService - [ALGO] BID: price:91 quantity:300
14:23:23.663 [main] DEBUG c.service.MarketDataService - [ALGO] ASK: price:100 quantity:101
14:23:23.663 [main] DEBUG c.service.MarketDataService - [ALGO] ASK: price:110 quantity:200
14:23:23.663 [main] DEBUG c.service.MarketDataService - [ALGO] ASK: price:115 quantity:5000
14:23:23.663 [main] DEBUG c.service.MarketDataService - [ALGO] ASK: price:119 quantity:5600
14:23:23.663 [main] INFO  c.gettingstarted.MyAlgoLogic - [MYALGO] The state of the order book is:
|----BID-----||----ASK----|
1638400 @ 98   101 @ 100
    200 @ 95   200 @ 110
    300 @ 91  5000 @ 115
          -   5600 @ 119
|------------||-----------|

14:23:23.663 [main] INFO  c.gettingstarted.MyAlgoLogic - [MYALGO] Algo Sees SheZa
14:23:23.663 [main] INFO  c.gettingstarted.MyAlgoLogic - [MYALGO] Algo Sees Book as:
|----BID-----||----ASK----|
1638400 @ 98   101 @ 100
    200 @ 95   200 @ 110
    300 @ 91  5000 @ 115
          -   5600 @ 119
|------------||-----------|

14:23:23.663 [main] INFO  c.gettingstarted.MyAlgoLogic - [MYALGO] Adding order for1638400@98
total order count is 14
14:23:23.663 [main] INFO  c.container.Actioner - [ALGO] Actioner, sending action:CreateChildOrder(side=BUY,quantity=1638400,price=98)
14:23:23.663 [main] INFO  c.sequencer.consumer.LoggingConsumer - [30] [CreateOrder](sbeTemplateId=4|sbeSchemaId=2|sbeSchemaVersion=0|sbeBlockLength=33):instrumentId=0|price=98|quantity=1638400|side=BUY|orderId=16
14:23:23.663 [main] INFO  c.orderbook.OrderBook - [ORDERBOOK] Adding passive limit order to BID bookLimit(side=BUY,orderId=16,price=98,quantity=1638400)
14:23:23.663 [main] INFO  c.o.visitor.MutatingAddOrderVisitor - [ORDERBOOK] + Limit(side=BUY,orderId=15,price=98,quantity=819200)
14:23:23.663 [main] DEBUG c.o.v.ReadOnlyMarketDataChannelPublishVisitor - Bid Side Size: 3
14:23:23.663 [main] DEBUG c.o.v.ReadOnlyMarketDataChannelPublishVisitor - Adding Mkt Data Msg BID: Price=98 Qty=3276800
14:23:23.663 [main] DEBUG c.o.v.ReadOnlyMarketDataChannelPublishVisitor - Adding Mkt Data Msg BID: Price=95 Qty=200
14:23:23.663 [main] DEBUG c.o.v.ReadOnlyMarketDataChannelPublishVisitor - Adding Mkt Data Msg BID: Price=91 Qty=300
14:23:23.663 [main] DEBUG c.o.v.ReadOnlyMarketDataChannelPublishVisitor - Ask Side Size: 4
14:23:23.663 [main] DEBUG c.o.v.ReadOnlyMarketDataChannelPublishVisitor - Adding Mkt Data Msg ASK: Price=100 Qty=101
14:23:23.663 [main] DEBUG c.o.v.ReadOnlyMarketDataChannelPublishVisitor - Adding Mkt Data Msg ASK: Price=110 Qty=200
14:23:23.663 [main] DEBUG c.o.v.ReadOnlyMarketDataChannelPublishVisitor - Adding Mkt Data Msg ASK: Price=115 Qty=5000
14:23:23.663 [main] DEBUG c.o.v.ReadOnlyMarketDataChannelPublishVisitor - Adding Mkt Data Msg ASK: Price=119 Qty=5600
14:23:23.663 [main] INFO  c.o.channel.MarketDataChannel - [ORDERBOOK] Sending market data update...
14:23:23.663 [main] INFO  c.sequencer.consumer.LoggingConsumer - [31] 
|----BID-----|
3276800 @ 98
    200 @ 95
    300 @ 91
|----ASK-----|
   101 @ 100
   200 @ 110
  5000 @ 115
  5600 @ 119

14:23:23.663 [main] DEBUG c.service.MarketDataService - [ALGO] BID: price:98 quantity:3276800
14:23:23.663 [main] DEBUG c.service.MarketDataService - [ALGO] BID: price:95 quantity:200
14:23:23.663 [main] DEBUG c.service.MarketDataService - [ALGO] BID: price:91 quantity:300
14:23:23.663 [main] DEBUG c.service.MarketDataService - [ALGO] ASK: price:100 quantity:101
14:23:23.675 [main] DEBUG c.service.MarketDataService - [ALGO] ASK: price:110 quantity:200
14:23:23.675 [main] DEBUG c.service.MarketDataService - [ALGO] ASK: price:115 quantity:5000
14:23:23.675 [main] DEBUG c.service.MarketDataService - [ALGO] ASK: price:119 quantity:5600
14:23:23.676 [main] INFO  c.gettingstarted.MyAlgoLogic - [MYALGO] The state of the order book is:
|----BID-----||----ASK----|
3276800 @ 98   101 @ 100
    200 @ 95   200 @ 110
    300 @ 91  5000 @ 115
          -   5600 @ 119
|------------||-----------|

14:23:23.676 [main] INFO  c.gettingstarted.MyAlgoLogic - [MYALGO] Algo Sees SheZa
14:23:23.676 [main] INFO  c.gettingstarted.MyAlgoLogic - [MYALGO] Algo Sees Book as:
|----BID-----||----ASK----|
3276800 @ 98   101 @ 100
    200 @ 95   200 @ 110
    300 @ 91  5000 @ 115
          -   5600 @ 119
|------------||-----------|

14:23:23.676 [main] INFO  c.gettingstarted.MyAlgoLogic - [MYALGO] Adding order for3276800@98
total order count is 15
14:23:23.676 [main] INFO  c.container.Actioner - [ALGO] Actioner, sending action:CreateChildOrder(side=BUY,quantity=3276800,price=98)
14:23:23.676 [main] INFO  c.sequencer.consumer.LoggingConsumer - [32] [CreateOrder](sbeTemplateId=4|sbeSchemaId=2|sbeSchemaVersion=0|sbeBlockLength=33):instrumentId=0|price=98|quantity=3276800|side=BUY|orderId=17
14:23:23.676 [main] INFO  c.orderbook.OrderBook - [ORDERBOOK] Adding passive limit order to BID bookLimit(side=BUY,orderId=17,price=98,quantity=3276800)
14:23:23.676 [main] INFO  c.o.visitor.MutatingAddOrderVisitor - [ORDERBOOK] + Limit(side=BUY,orderId=16,price=98,quantity=1638400)
14:23:23.676 [main] DEBUG c.o.v.ReadOnlyMarketDataChannelPublishVisitor - Bid Side Size: 3
14:23:23.676 [main] DEBUG c.o.v.ReadOnlyMarketDataChannelPublishVisitor - Adding Mkt Data Msg BID: Price=98 Qty=6553600
14:23:23.676 [main] DEBUG c.o.v.ReadOnlyMarketDataChannelPublishVisitor - Adding Mkt Data Msg BID: Price=95 Qty=200
14:23:23.676 [main] DEBUG c.o.v.ReadOnlyMarketDataChannelPublishVisitor - Adding Mkt Data Msg BID: Price=91 Qty=300
14:23:23.676 [main] DEBUG c.o.v.ReadOnlyMarketDataChannelPublishVisitor - Ask Side Size: 4
14:23:23.676 [main] DEBUG c.o.v.ReadOnlyMarketDataChannelPublishVisitor - Adding Mkt Data Msg ASK: Price=100 Qty=101
14:23:23.676 [main] DEBUG c.o.v.ReadOnlyMarketDataChannelPublishVisitor - Adding Mkt Data Msg ASK: Price=110 Qty=200
14:23:23.676 [main] DEBUG c.o.v.ReadOnlyMarketDataChannelPublishVisitor - Adding Mkt Data Msg ASK: Price=115 Qty=5000
14:23:23.676 [main] DEBUG c.o.v.ReadOnlyMarketDataChannelPublishVisitor - Adding Mkt Data Msg ASK: Price=119 Qty=5600
14:23:23.676 [main] INFO  c.o.channel.MarketDataChannel - [ORDERBOOK] Sending market data update...
14:23:23.676 [main] INFO  c.sequencer.consumer.LoggingConsumer - [33] 
|----BID-----|
6553600 @ 98
    200 @ 95
    300 @ 91
|----ASK-----|
   101 @ 100
   200 @ 110
  5000 @ 115
  5600 @ 119

14:23:23.676 [main] DEBUG c.service.MarketDataService - [ALGO] BID: price:98 quantity:6553600
14:23:23.676 [main] DEBUG c.service.MarketDataService - [ALGO] BID: price:95 quantity:200
14:23:23.676 [main] DEBUG c.service.MarketDataService - [ALGO] BID: price:91 quantity:300
14:23:23.676 [main] DEBUG c.service.MarketDataService - [ALGO] ASK: price:100 quantity:101
14:23:23.676 [main] DEBUG c.service.MarketDataService - [ALGO] ASK: price:110 quantity:200
14:23:23.676 [main] DEBUG c.service.MarketDataService - [ALGO] ASK: price:115 quantity:5000
14:23:23.676 [main] DEBUG c.service.MarketDataService - [ALGO] ASK: price:119 quantity:5600
14:23:23.676 [main] INFO  c.gettingstarted.MyAlgoLogic - [MYALGO] The state of the order book is:
|----BID-----||----ASK----|
6553600 @ 98   101 @ 100
    200 @ 95   200 @ 110
    300 @ 91  5000 @ 115
          -   5600 @ 119
|------------||-----------|

14:23:23.676 [main] INFO  c.gettingstarted.MyAlgoLogic - [MYALGO] Algo Sees SheZa
14:23:23.676 [main] INFO  c.gettingstarted.MyAlgoLogic - [MYALGO] Algo Sees Book as:
|----BID-----||----ASK----|
6553600 @ 98   101 @ 100
    200 @ 95   200 @ 110
    300 @ 91  5000 @ 115
          -   5600 @ 119
|------------||-----------|

14:23:23.676 [main] INFO  c.gettingstarted.MyAlgoLogic - [MYALGO] Adding order for6553600@98
total order count is 16
14:23:23.676 [main] INFO  c.container.Actioner - [ALGO] Actioner, sending action:CreateChildOrder(side=BUY,quantity=6553600,price=98)
14:23:23.676 [main] INFO  c.sequencer.consumer.LoggingConsumer - [34] [CreateOrder](sbeTemplateId=4|sbeSchemaId=2|sbeSchemaVersion=0|sbeBlockLength=33):instrumentId=0|price=98|quantity=6553600|side=BUY|orderId=18
14:23:23.676 [main] INFO  c.orderbook.OrderBook - [ORDERBOOK] Adding passive limit order to BID bookLimit(side=BUY,orderId=18,price=98,quantity=6553600)
14:23:23.676 [main] INFO  c.o.visitor.MutatingAddOrderVisitor - [ORDERBOOK] + Limit(side=BUY,orderId=17,price=98,quantity=3276800)
14:23:23.676 [main] DEBUG c.o.v.ReadOnlyMarketDataChannelPublishVisitor - Bid Side Size: 3
14:23:23.682 [main] DEBUG c.o.v.ReadOnlyMarketDataChannelPublishVisitor - Adding Mkt Data Msg BID: Price=98 Qty=13107200
14:23:23.682 [main] DEBUG c.o.v.ReadOnlyMarketDataChannelPublishVisitor - Adding Mkt Data Msg BID: Price=95 Qty=200
14:23:23.682 [main] DEBUG c.o.v.ReadOnlyMarketDataChannelPublishVisitor - Adding Mkt Data Msg BID: Price=91 Qty=300
14:23:23.682 [main] DEBUG c.o.v.ReadOnlyMarketDataChannelPublishVisitor - Ask Side Size: 4
14:23:23.682 [main] DEBUG c.o.v.ReadOnlyMarketDataChannelPublishVisitor - Adding Mkt Data Msg ASK: Price=100 Qty=101
14:23:23.682 [main] DEBUG c.o.v.ReadOnlyMarketDataChannelPublishVisitor - Adding Mkt Data Msg ASK: Price=110 Qty=200
14:23:23.682 [main] DEBUG c.o.v.ReadOnlyMarketDataChannelPublishVisitor - Adding Mkt Data Msg ASK: Price=115 Qty=5000
14:23:23.682 [main] DEBUG c.o.v.ReadOnlyMarketDataChannelPublishVisitor - Adding Mkt Data Msg ASK: Price=119 Qty=5600
14:23:23.682 [main] INFO  c.o.channel.MarketDataChannel - [ORDERBOOK] Sending market data update...
14:23:23.682 [main] INFO  c.sequencer.consumer.LoggingConsumer - [35] 
|----BID-----|
13107200 @ 98
    200 @ 95
    300 @ 91
|----ASK-----|
   101 @ 100
   200 @ 110
  5000 @ 115
  5600 @ 119

14:23:23.682 [main] DEBUG c.service.MarketDataService - [ALGO] BID: price:98 quantity:13107200
14:23:23.682 [main] DEBUG c.service.MarketDataService - [ALGO] BID: price:95 quantity:200
14:23:23.682 [main] DEBUG c.service.MarketDataService - [ALGO] BID: price:91 quantity:300
14:23:23.682 [main] DEBUG c.service.MarketDataService - [ALGO] ASK: price:100 quantity:101
14:23:23.682 [main] DEBUG c.service.MarketDataService - [ALGO] ASK: price:110 quantity:200
14:23:23.682 [main] DEBUG c.service.MarketDataService - [ALGO] ASK: price:115 quantity:5000
14:23:23.682 [main] DEBUG c.service.MarketDataService - [ALGO] ASK: price:119 quantity:5600
14:23:23.682 [main] INFO  c.gettingstarted.MyAlgoLogic - [MYALGO] The state of the order book is:
|----BID-----||----ASK----|
13107200 @ 98   101 @ 100
    200 @ 95   200 @ 110
    300 @ 91  5000 @ 115
          -   5600 @ 119
|------------||-----------|

14:23:23.682 [main] INFO  c.gettingstarted.MyAlgoLogic - [MYALGO] Algo Sees SheZa
14:23:23.682 [main] INFO  c.gettingstarted.MyAlgoLogic - [MYALGO] Algo Sees Book as:
|----BID-----||----ASK----|
13107200 @ 98   101 @ 100
    200 @ 95   200 @ 110
    300 @ 91  5000 @ 115
          -   5600 @ 119
|------------||-----------|

14:23:23.682 [main] INFO  c.gettingstarted.MyAlgoLogic - [MYALGO] Adding order for13107200@98
total order count is 17
14:23:23.684 [main] INFO  c.container.Actioner - [ALGO] Actioner, sending action:CreateChildOrder(side=BUY,quantity=13107200,price=98)
14:23:23.684 [main] INFO  c.sequencer.consumer.LoggingConsumer - [36] [CreateOrder](sbeTemplateId=4|sbeSchemaId=2|sbeSchemaVersion=0|sbeBlockLength=33):instrumentId=0|price=98|quantity=13107200|side=BUY|orderId=19
14:23:23.684 [main] INFO  c.orderbook.OrderBook - [ORDERBOOK] Adding passive limit order to BID bookLimit(side=BUY,orderId=19,price=98,quantity=13107200)
14:23:23.684 [main] INFO  c.o.visitor.MutatingAddOrderVisitor - [ORDERBOOK] + Limit(side=BUY,orderId=18,price=98,quantity=6553600)
14:23:23.684 [main] DEBUG c.o.v.ReadOnlyMarketDataChannelPublishVisitor - Bid Side Size: 3
14:23:23.684 [main] DEBUG c.o.v.ReadOnlyMarketDataChannelPublishVisitor - Adding Mkt Data Msg BID: Price=98 Qty=26214400
14:23:23.684 [main] DEBUG c.o.v.ReadOnlyMarketDataChannelPublishVisitor - Adding Mkt Data Msg BID: Price=95 Qty=200
14:23:23.684 [main] DEBUG c.o.v.ReadOnlyMarketDataChannelPublishVisitor - Adding Mkt Data Msg BID: Price=91 Qty=300
14:23:23.684 [main] DEBUG c.o.v.ReadOnlyMarketDataChannelPublishVisitor - Ask Side Size: 4
14:23:23.684 [main] DEBUG c.o.v.ReadOnlyMarketDataChannelPublishVisitor - Adding Mkt Data Msg ASK: Price=100 Qty=101
14:23:23.684 [main] DEBUG c.o.v.ReadOnlyMarketDataChannelPublishVisitor - Adding Mkt Data Msg ASK: Price=110 Qty=200
14:23:23.684 [main] DEBUG c.o.v.ReadOnlyMarketDataChannelPublishVisitor - Adding Mkt Data Msg ASK: Price=115 Qty=5000
14:23:23.684 [main] DEBUG c.o.v.ReadOnlyMarketDataChannelPublishVisitor - Adding Mkt Data Msg ASK: Price=119 Qty=5600
14:23:23.684 [main] INFO  c.o.channel.MarketDataChannel - [ORDERBOOK] Sending market data update...
14:23:23.685 [main] INFO  c.sequencer.consumer.LoggingConsumer - [37] 
|----BID-----|
26214400 @ 98
    200 @ 95
    300 @ 91
|----ASK-----|
   101 @ 100
   200 @ 110
  5000 @ 115
  5600 @ 119

14:23:23.685 [main] DEBUG c.service.MarketDataService - [ALGO] BID: price:98 quantity:26214400
14:23:23.685 [main] DEBUG c.service.MarketDataService - [ALGO] BID: price:95 quantity:200
14:23:23.685 [main] DEBUG c.service.MarketDataService - [ALGO] BID: price:91 quantity:300
14:23:23.685 [main] DEBUG c.service.MarketDataService - [ALGO] ASK: price:100 quantity:101
14:23:23.685 [main] DEBUG c.service.MarketDataService - [ALGO] ASK: price:110 quantity:200
14:23:23.685 [main] DEBUG c.service.MarketDataService - [ALGO] ASK: price:115 quantity:5000
14:23:23.685 [main] DEBUG c.service.MarketDataService - [ALGO] ASK: price:119 quantity:5600
14:23:23.685 [main] INFO  c.gettingstarted.MyAlgoLogic - [MYALGO] The state of the order book is:
|----BID-----||----ASK----|
26214400 @ 98   101 @ 100
    200 @ 95   200 @ 110
    300 @ 91  5000 @ 115
          -   5600 @ 119
|------------||-----------|

14:23:23.685 [main] INFO  c.gettingstarted.MyAlgoLogic - [MYALGO] Algo Sees SheZa
14:23:23.685 [main] INFO  c.gettingstarted.MyAlgoLogic - [MYALGO] Algo Sees Book as:
|----BID-----||----ASK----|
26214400 @ 98   101 @ 100
    200 @ 95   200 @ 110
    300 @ 91  5000 @ 115
          -   5600 @ 119
|------------||-----------|

14:23:23.685 [main] INFO  c.gettingstarted.MyAlgoLogic - [MYALGO] Adding order for26214400@98
total order count is 18
14:23:23.685 [main] INFO  c.container.Actioner - [ALGO] Actioner, sending action:CreateChildOrder(side=BUY,quantity=26214400,price=98)
14:23:23.685 [main] INFO  c.sequencer.consumer.LoggingConsumer - [38] [CreateOrder](sbeTemplateId=4|sbeSchemaId=2|sbeSchemaVersion=0|sbeBlockLength=33):instrumentId=0|price=98|quantity=26214400|side=BUY|orderId=20
14:23:23.685 [main] INFO  c.orderbook.OrderBook - [ORDERBOOK] Adding passive limit order to BID bookLimit(side=BUY,orderId=20,price=98,quantity=26214400)
14:23:23.685 [main] INFO  c.o.visitor.MutatingAddOrderVisitor - [ORDERBOOK] + Limit(side=BUY,orderId=19,price=98,quantity=13107200)
14:23:23.685 [main] DEBUG c.o.v.ReadOnlyMarketDataChannelPublishVisitor - Bid Side Size: 3
14:23:23.685 [main] DEBUG c.o.v.ReadOnlyMarketDataChannelPublishVisitor - Adding Mkt Data Msg BID: Price=98 Qty=52428800
14:23:23.685 [main] DEBUG c.o.v.ReadOnlyMarketDataChannelPublishVisitor - Adding Mkt Data Msg BID: Price=95 Qty=200
14:23:23.685 [main] DEBUG c.o.v.ReadOnlyMarketDataChannelPublishVisitor - Adding Mkt Data Msg BID: Price=91 Qty=300
14:23:23.685 [main] DEBUG c.o.v.ReadOnlyMarketDataChannelPublishVisitor - Ask Side Size: 4
14:23:23.685 [main] DEBUG c.o.v.ReadOnlyMarketDataChannelPublishVisitor - Adding Mkt Data Msg ASK: Price=100 Qty=101
14:23:23.685 [main] DEBUG c.o.v.ReadOnlyMarketDataChannelPublishVisitor - Adding Mkt Data Msg ASK: Price=110 Qty=200
14:23:23.685 [main] DEBUG c.o.v.ReadOnlyMarketDataChannelPublishVisitor - Adding Mkt Data Msg ASK: Price=115 Qty=5000
14:23:23.685 [main] DEBUG c.o.v.ReadOnlyMarketDataChannelPublishVisitor - Adding Mkt Data Msg ASK: Price=119 Qty=5600
14:23:23.685 [main] INFO  c.o.channel.MarketDataChannel - [ORDERBOOK] Sending market data update...
14:23:23.685 [main] INFO  c.sequencer.consumer.LoggingConsumer - [39] 
|----BID-----|
52428800 @ 98
    200 @ 95
    300 @ 91
|----ASK-----|
   101 @ 100
   200 @ 110
  5000 @ 115
  5600 @ 119

14:23:23.685 [main] DEBUG c.service.MarketDataService - [ALGO] BID: price:98 quantity:52428800
14:23:23.685 [main] DEBUG c.service.MarketDataService - [ALGO] BID: price:95 quantity:200
14:23:23.685 [main] DEBUG c.service.MarketDataService - [ALGO] BID: price:91 quantity:300
14:23:23.685 [main] DEBUG c.service.MarketDataService - [ALGO] ASK: price:100 quantity:101
14:23:23.685 [main] DEBUG c.service.MarketDataService - [ALGO] ASK: price:110 quantity:200
14:23:23.685 [main] DEBUG c.service.MarketDataService - [ALGO] ASK: price:115 quantity:5000
14:23:23.685 [main] DEBUG c.service.MarketDataService - [ALGO] ASK: price:119 quantity:5600
14:23:23.685 [main] INFO  c.gettingstarted.MyAlgoLogic - [MYALGO] The state of the order book is:
|----BID-----||----ASK----|
52428800 @ 98   101 @ 100
    200 @ 95   200 @ 110
    300 @ 91  5000 @ 115
          -   5600 @ 119
|------------||-----------|

14:23:23.685 [main] INFO  c.gettingstarted.MyAlgoLogic - [MYALGO] Algo Sees SheZa
14:23:23.685 [main] INFO  c.gettingstarted.MyAlgoLogic - [MYALGO] Algo Sees Book as:
|----BID-----||----ASK----|
52428800 @ 98   101 @ 100
    200 @ 95   200 @ 110
    300 @ 91  5000 @ 115
          -   5600 @ 119
|------------||-----------|

14:23:23.685 [main] INFO  c.gettingstarted.MyAlgoLogic - [MYALGO] Adding order for52428800@98
total order count is 19
14:23:23.685 [main] INFO  c.container.Actioner - [ALGO] Actioner, sending action:CreateChildOrder(side=BUY,quantity=52428800,price=98)
14:23:23.685 [main] INFO  c.sequencer.consumer.LoggingConsumer - [40] [CreateOrder](sbeTemplateId=4|sbeSchemaId=2|sbeSchemaVersion=0|sbeBlockLength=33):instrumentId=0|price=98|quantity=52428800|side=BUY|orderId=21
14:23:23.685 [main] INFO  c.orderbook.OrderBook - [ORDERBOOK] Adding passive limit order to BID bookLimit(side=BUY,orderId=21,price=98,quantity=52428800)
14:23:23.685 [main] INFO  c.o.visitor.MutatingAddOrderVisitor - [ORDERBOOK] + Limit(side=BUY,orderId=20,price=98,quantity=26214400)
14:23:23.685 [main] DEBUG c.o.v.ReadOnlyMarketDataChannelPublishVisitor - Bid Side Size: 3
14:23:23.685 [main] DEBUG c.o.v.ReadOnlyMarketDataChannelPublishVisitor - Adding Mkt Data Msg BID: Price=98 Qty=104857600
14:23:23.685 [main] DEBUG c.o.v.ReadOnlyMarketDataChannelPublishVisitor - Adding Mkt Data Msg BID: Price=95 Qty=200
14:23:23.685 [main] DEBUG c.o.v.ReadOnlyMarketDataChannelPublishVisitor - Adding Mkt Data Msg BID: Price=91 Qty=300
14:23:23.685 [main] DEBUG c.o.v.ReadOnlyMarketDataChannelPublishVisitor - Ask Side Size: 4
14:23:23.685 [main] DEBUG c.o.v.ReadOnlyMarketDataChannelPublishVisitor - Adding Mkt Data Msg ASK: Price=100 Qty=101
14:23:23.685 [main] DEBUG c.o.v.ReadOnlyMarketDataChannelPublishVisitor - Adding Mkt Data Msg ASK: Price=110 Qty=200
14:23:23.685 [main] DEBUG c.o.v.ReadOnlyMarketDataChannelPublishVisitor - Adding Mkt Data Msg ASK: Price=115 Qty=5000
14:23:23.685 [main] DEBUG c.o.v.ReadOnlyMarketDataChannelPublishVisitor - Adding Mkt Data Msg ASK: Price=119 Qty=5600
14:23:23.685 [main] INFO  c.o.channel.MarketDataChannel - [ORDERBOOK] Sending market data update...
14:23:23.685 [main] INFO  c.sequencer.consumer.LoggingConsumer - [41] 
|----BID-----|
104857600 @ 98
    200 @ 95
    300 @ 91
|----ASK-----|
   101 @ 100
   200 @ 110
  5000 @ 115
  5600 @ 119

14:23:23.685 [main] DEBUG c.service.MarketDataService - [ALGO] BID: price:98 quantity:104857600
14:23:23.685 [main] DEBUG c.service.MarketDataService - [ALGO] BID: price:95 quantity:200
14:23:23.685 [main] DEBUG c.service.MarketDataService - [ALGO] BID: price:91 quantity:300
14:23:23.685 [main] DEBUG c.service.MarketDataService - [ALGO] ASK: price:100 quantity:101
14:23:23.685 [main] DEBUG c.service.MarketDataService - [ALGO] ASK: price:110 quantity:200
14:23:23.685 [main] DEBUG c.service.MarketDataService - [ALGO] ASK: price:115 quantity:5000
14:23:23.685 [main] DEBUG c.service.MarketDataService - [ALGO] ASK: price:119 quantity:5600
14:23:23.685 [main] INFO  c.gettingstarted.MyAlgoLogic - [MYALGO] The state of the order book is:
|----BID-----||----ASK----|
104857600 @ 98   101 @ 100
    200 @ 95   200 @ 110
    300 @ 91  5000 @ 115
          -   5600 @ 119
|------------||-----------|

14:23:23.685 [main] INFO  c.gettingstarted.MyAlgoLogic - [MYALGO] Algo Sees SheZa
14:23:23.685 [main] INFO  c.gettingstarted.MyAlgoLogic - [MYALGO] Algo Sees Book as:
|----BID-----||----ASK----|
104857600 @ 98   101 @ 100
    200 @ 95   200 @ 110
    300 @ 91  5000 @ 115
          -   5600 @ 119
|------------||-----------|

14:23:23.685 [main] INFO  c.gettingstarted.MyAlgoLogic - [MYALGO] Adding order for104857600@98
total order count is 20
14:23:23.685 [main] INFO  c.container.Actioner - [ALGO] Actioner, sending action:CreateChildOrder(side=BUY,quantity=104857600,price=98)
14:23:23.685 [main] INFO  c.sequencer.consumer.LoggingConsumer - [42] [CreateOrder](sbeTemplateId=4|sbeSchemaId=2|sbeSchemaVersion=0|sbeBlockLength=33):instrumentId=0|price=98|quantity=104857600|side=BUY|orderId=22
14:23:23.685 [main] INFO  c.orderbook.OrderBook - [ORDERBOOK] Adding passive limit order to BID bookLimit(side=BUY,orderId=22,price=98,quantity=104857600)
14:23:23.685 [main] INFO  c.o.visitor.MutatingAddOrderVisitor - [ORDERBOOK] + Limit(side=BUY,orderId=21,price=98,quantity=52428800)
14:23:23.685 [main] DEBUG c.o.v.ReadOnlyMarketDataChannelPublishVisitor - Bid Side Size: 3
14:23:23.685 [main] DEBUG c.o.v.ReadOnlyMarketDataChannelPublishVisitor - Adding Mkt Data Msg BID: Price=98 Qty=209715200
14:23:23.685 [main] DEBUG c.o.v.ReadOnlyMarketDataChannelPublishVisitor - Adding Mkt Data Msg BID: Price=95 Qty=200
14:23:23.685 [main] DEBUG c.o.v.ReadOnlyMarketDataChannelPublishVisitor - Adding Mkt Data Msg BID: Price=91 Qty=300
14:23:23.685 [main] DEBUG c.o.v.ReadOnlyMarketDataChannelPublishVisitor - Ask Side Size: 4
14:23:23.685 [main] DEBUG c.o.v.ReadOnlyMarketDataChannelPublishVisitor - Adding Mkt Data Msg ASK: Price=100 Qty=101
14:23:23.685 [main] DEBUG c.o.v.ReadOnlyMarketDataChannelPublishVisitor - Adding Mkt Data Msg ASK: Price=110 Qty=200
14:23:23.685 [main] DEBUG c.o.v.ReadOnlyMarketDataChannelPublishVisitor - Adding Mkt Data Msg ASK: Price=115 Qty=5000
14:23:23.685 [main] DEBUG c.o.v.ReadOnlyMarketDataChannelPublishVisitor - Adding Mkt Data Msg ASK: Price=119 Qty=5600
14:23:23.685 [main] INFO  c.o.channel.MarketDataChannel - [ORDERBOOK] Sending market data update...
14:23:23.685 [main] INFO  c.sequencer.consumer.LoggingConsumer - [43] 
|----BID-----|
209715200 @ 98
    200 @ 95
    300 @ 91
|----ASK-----|
   101 @ 100
   200 @ 110
  5000 @ 115
  5600 @ 119

14:23:23.685 [main] DEBUG c.service.MarketDataService - [ALGO] BID: price:98 quantity:209715200
14:23:23.685 [main] DEBUG c.service.MarketDataService - [ALGO] BID: price:95 quantity:200
14:23:23.685 [main] DEBUG c.service.MarketDataService - [ALGO] BID: price:91 quantity:300
14:23:23.685 [main] DEBUG c.service.MarketDataService - [ALGO] ASK: price:100 quantity:101
14:23:23.685 [main] DEBUG c.service.MarketDataService - [ALGO] ASK: price:110 quantity:200
14:23:23.685 [main] DEBUG c.service.MarketDataService - [ALGO] ASK: price:115 quantity:5000
14:23:23.685 [main] DEBUG c.service.MarketDataService - [ALGO] ASK: price:119 quantity:5600
14:23:23.685 [main] INFO  c.gettingstarted.MyAlgoLogic - [MYALGO] The state of the order book is:
|----BID-----||----ASK----|
209715200 @ 98   101 @ 100
    200 @ 95   200 @ 110
    300 @ 91  5000 @ 115
          -   5600 @ 119
|------------||-----------|

14:23:23.685 [main] INFO  c.gettingstarted.MyAlgoLogic - [MYALGO] Algo Sees SheZa
14:23:23.685 [main] INFO  c.gettingstarted.MyAlgoLogic - [MYALGO] Algo Sees Book as:
|----BID-----||----ASK----|
209715200 @ 98   101 @ 100
    200 @ 95   200 @ 110
    300 @ 91  5000 @ 115
          -   5600 @ 119
|------------||-----------|

14:23:23.685 [main] INFO  c.gettingstarted.MyAlgoLogic - [MYALGO] Adding order for209715200@98
total order count is 21
14:23:23.685 [main] INFO  c.container.Actioner - [ALGO] Actioner, sending action:CreateChildOrder(side=BUY,quantity=209715200,price=98)
14:23:23.685 [main] INFO  c.sequencer.consumer.LoggingConsumer - [44] [CreateOrder](sbeTemplateId=4|sbeSchemaId=2|sbeSchemaVersion=0|sbeBlockLength=33):instrumentId=0|price=98|quantity=209715200|side=BUY|orderId=23
14:23:23.685 [main] INFO  c.orderbook.OrderBook - [ORDERBOOK] Adding passive limit order to BID bookLimit(side=BUY,orderId=23,price=98,quantity=209715200)
14:23:23.685 [main] INFO  c.o.visitor.MutatingAddOrderVisitor - [ORDERBOOK] + Limit(side=BUY,orderId=22,price=98,quantity=104857600)
14:23:23.685 [main] DEBUG c.o.v.ReadOnlyMarketDataChannelPublishVisitor - Bid Side Size: 3
14:23:23.685 [main] DEBUG c.o.v.ReadOnlyMarketDataChannelPublishVisitor - Adding Mkt Data Msg BID: Price=98 Qty=419430400
14:23:23.685 [main] DEBUG c.o.v.ReadOnlyMarketDataChannelPublishVisitor - Adding Mkt Data Msg BID: Price=95 Qty=200
14:23:23.685 [main] DEBUG c.o.v.ReadOnlyMarketDataChannelPublishVisitor - Adding Mkt Data Msg BID: Price=91 Qty=300
14:23:23.685 [main] DEBUG c.o.v.ReadOnlyMarketDataChannelPublishVisitor - Ask Side Size: 4
14:23:23.685 [main] DEBUG c.o.v.ReadOnlyMarketDataChannelPublishVisitor - Adding Mkt Data Msg ASK: Price=100 Qty=101
14:23:23.685 [main] DEBUG c.o.v.ReadOnlyMarketDataChannelPublishVisitor - Adding Mkt Data Msg ASK: Price=110 Qty=200
14:23:23.685 [main] DEBUG c.o.v.ReadOnlyMarketDataChannelPublishVisitor - Adding Mkt Data Msg ASK: Price=115 Qty=5000
14:23:23.685 [main] DEBUG c.o.v.ReadOnlyMarketDataChannelPublishVisitor - Adding Mkt Data Msg ASK: Price=119 Qty=5600
14:23:23.685 [main] INFO  c.o.channel.MarketDataChannel - [ORDERBOOK] Sending market data update...
14:23:23.692 [main] INFO  c.sequencer.consumer.LoggingConsumer - [45] 
|----BID-----|
419430400 @ 98
    200 @ 95
    300 @ 91
|----ASK-----|
   101 @ 100
   200 @ 110
  5000 @ 115
  5600 @ 119

14:23:23.692 [main] DEBUG c.service.MarketDataService - [ALGO] BID: price:98 quantity:419430400
14:23:23.692 [main] DEBUG c.service.MarketDataService - [ALGO] BID: price:95 quantity:200
14:23:23.692 [main] DEBUG c.service.MarketDataService - [ALGO] BID: price:91 quantity:300
14:23:23.692 [main] DEBUG c.service.MarketDataService - [ALGO] ASK: price:100 quantity:101
14:23:23.692 [main] DEBUG c.service.MarketDataService - [ALGO] ASK: price:110 quantity:200
14:23:23.692 [main] DEBUG c.service.MarketDataService - [ALGO] ASK: price:115 quantity:5000
14:23:23.692 [main] DEBUG c.service.MarketDataService - [ALGO] ASK: price:119 quantity:5600
14:23:23.692 [main] INFO  c.gettingstarted.MyAlgoLogic - [MYALGO] The state of the order book is:
|----BID-----||----ASK----|
419430400 @ 98   101 @ 100
    200 @ 95   200 @ 110
    300 @ 91  5000 @ 115
          -   5600 @ 119
|------------||-----------|

14:23:23.692 [main] INFO  c.gettingstarted.MyAlgoLogic - [MYALGO] Algo Sees SheZa
14:23:23.692 [main] INFO  c.gettingstarted.MyAlgoLogic - [MYALGO] Algo Sees Book as:
|----BID-----||----ASK----|
419430400 @ 98   101 @ 100
    200 @ 95   200 @ 110
    300 @ 91  5000 @ 115
          -   5600 @ 119
|------------||-----------|

14:23:23.692 [main] INFO  c.gettingstarted.MyAlgoLogic - [MYALGO] Adding order for419430400@98
total order count is 22
14:23:23.692 [main] INFO  c.container.Actioner - [ALGO] Actioner, sending action:CreateChildOrder(side=BUY,quantity=419430400,price=98)
14:23:23.693 [main] INFO  c.sequencer.consumer.LoggingConsumer - [46] [CreateOrder](sbeTemplateId=4|sbeSchemaId=2|sbeSchemaVersion=0|sbeBlockLength=33):instrumentId=0|price=98|quantity=419430400|side=BUY|orderId=24
14:23:23.693 [main] INFO  c.orderbook.OrderBook - [ORDERBOOK] Adding passive limit order to BID bookLimit(side=BUY,orderId=24,price=98,quantity=419430400)
14:23:23.693 [main] INFO  c.o.visitor.MutatingAddOrderVisitor - [ORDERBOOK] + Limit(side=BUY,orderId=23,price=98,quantity=209715200)
14:23:23.693 [main] DEBUG c.o.v.ReadOnlyMarketDataChannelPublishVisitor - Bid Side Size: 3
14:23:23.693 [main] DEBUG c.o.v.ReadOnlyMarketDataChannelPublishVisitor - Adding Mkt Data Msg BID: Price=98 Qty=838860800
14:23:23.693 [main] DEBUG c.o.v.ReadOnlyMarketDataChannelPublishVisitor - Adding Mkt Data Msg BID: Price=95 Qty=200
14:23:23.693 [main] DEBUG c.o.v.ReadOnlyMarketDataChannelPublishVisitor - Adding Mkt Data Msg BID: Price=91 Qty=300
14:23:23.693 [main] DEBUG c.o.v.ReadOnlyMarketDataChannelPublishVisitor - Ask Side Size: 4
14:23:23.693 [main] DEBUG c.o.v.ReadOnlyMarketDataChannelPublishVisitor - Adding Mkt Data Msg ASK: Price=100 Qty=101
14:23:23.693 [main] DEBUG c.o.v.ReadOnlyMarketDataChannelPublishVisitor - Adding Mkt Data Msg ASK: Price=110 Qty=200
14:23:23.693 [main] DEBUG c.o.v.ReadOnlyMarketDataChannelPublishVisitor - Adding Mkt Data Msg ASK: Price=115 Qty=5000
14:23:23.693 [main] DEBUG c.o.v.ReadOnlyMarketDataChannelPublishVisitor - Adding Mkt Data Msg ASK: Price=119 Qty=5600
14:23:23.693 [main] INFO  c.o.channel.MarketDataChannel - [ORDERBOOK] Sending market data update...
14:23:23.693 [main] INFO  c.sequencer.consumer.LoggingConsumer - [47] 
|----BID-----|
838860800 @ 98
    200 @ 95
    300 @ 91
|----ASK-----|
   101 @ 100
   200 @ 110
  5000 @ 115
  5600 @ 119

14:23:23.693 [main] DEBUG c.service.MarketDataService - [ALGO] BID: price:98 quantity:838860800
14:23:23.693 [main] DEBUG c.service.MarketDataService - [ALGO] BID: price:95 quantity:200
14:23:23.693 [main] DEBUG c.service.MarketDataService - [ALGO] BID: price:91 quantity:300
14:23:23.693 [main] DEBUG c.service.MarketDataService - [ALGO] ASK: price:100 quantity:101
14:23:23.694 [main] DEBUG c.service.MarketDataService - [ALGO] ASK: price:110 quantity:200
14:23:23.694 [main] DEBUG c.service.MarketDataService - [ALGO] ASK: price:115 quantity:5000
14:23:23.694 [main] DEBUG c.service.MarketDataService - [ALGO] ASK: price:119 quantity:5600
14:23:23.694 [main] INFO  c.gettingstarted.MyAlgoLogic - [MYALGO] The state of the order book is:
|----BID-----||----ASK----|
838860800 @ 98   101 @ 100
    200 @ 95   200 @ 110
    300 @ 91  5000 @ 115
          -   5600 @ 119
|------------||-----------|

14:23:23.694 [main] INFO  c.gettingstarted.MyAlgoLogic - [MYALGO] Algo Sees SheZa
14:23:23.694 [main] INFO  c.gettingstarted.MyAlgoLogic - [MYALGO] Algo Sees Book as:
|----BID-----||----ASK----|
838860800 @ 98   101 @ 100
    200 @ 95   200 @ 110
    300 @ 91  5000 @ 115
          -   5600 @ 119
|------------||-----------|

14:23:23.694 [main] INFO  c.gettingstarted.MyAlgoLogic - [MYALGO] Adding order for838860800@98
total order count is 23
14:23:23.694 [main] INFO  c.container.Actioner - [ALGO] Actioner, sending action:CreateChildOrder(side=BUY,quantity=838860800,price=98)
14:23:23.694 [main] INFO  c.sequencer.consumer.LoggingConsumer - [48] [CreateOrder](sbeTemplateId=4|sbeSchemaId=2|sbeSchemaVersion=0|sbeBlockLength=33):instrumentId=0|price=98|quantity=838860800|side=BUY|orderId=25
14:23:23.694 [main] INFO  c.orderbook.OrderBook - [ORDERBOOK] Adding passive limit order to BID bookLimit(side=BUY,orderId=25,price=98,quantity=838860800)
14:23:23.694 [main] INFO  c.o.visitor.MutatingAddOrderVisitor - [ORDERBOOK] + Limit(side=BUY,orderId=24,price=98,quantity=419430400)
14:23:23.694 [main] DEBUG c.o.v.ReadOnlyMarketDataChannelPublishVisitor - Bid Side Size: 3
14:23:23.694 [main] DEBUG c.o.v.ReadOnlyMarketDataChannelPublishVisitor - Adding Mkt Data Msg BID: Price=98 Qty=1677721600
14:23:23.694 [main] DEBUG c.o.v.ReadOnlyMarketDataChannelPublishVisitor - Adding Mkt Data Msg BID: Price=95 Qty=200
14:23:23.694 [main] DEBUG c.o.v.ReadOnlyMarketDataChannelPublishVisitor - Adding Mkt Data Msg BID: Price=91 Qty=300
14:23:23.694 [main] DEBUG c.o.v.ReadOnlyMarketDataChannelPublishVisitor - Ask Side Size: 4
14:23:23.694 [main] DEBUG c.o.v.ReadOnlyMarketDataChannelPublishVisitor - Adding Mkt Data Msg ASK: Price=100 Qty=101
14:23:23.694 [main] DEBUG c.o.v.ReadOnlyMarketDataChannelPublishVisitor - Adding Mkt Data Msg ASK: Price=110 Qty=200
14:23:23.694 [main] DEBUG c.o.v.ReadOnlyMarketDataChannelPublishVisitor - Adding Mkt Data Msg ASK: Price=115 Qty=5000
14:23:23.694 [main] DEBUG c.o.v.ReadOnlyMarketDataChannelPublishVisitor - Adding Mkt Data Msg ASK: Price=119 Qty=5600
14:23:23.694 [main] INFO  c.o.channel.MarketDataChannel - [ORDERBOOK] Sending market data update...
14:23:23.695 [main] INFO  c.sequencer.consumer.LoggingConsumer - [49] 
|----BID-----|
1677721600 @ 98
    200 @ 95
    300 @ 91
|----ASK-----|
   101 @ 100
   200 @ 110
  5000 @ 115
  5600 @ 119

14:23:23.695 [main] DEBUG c.service.MarketDataService - [ALGO] BID: price:98 quantity:1677721600
14:23:23.695 [main] DEBUG c.service.MarketDataService - [ALGO] BID: price:95 quantity:200
[...]
14:23:23.827 [main] INFO  c.sequencer.consumer.LoggingConsumer - [186] [FillOrder](sbeTemplateId=10|sbeSchemaId=2|sbeSchemaVersion=0|sbeBlockLength=24):orderId=29|quantity=0|price=98
14:23:23.827 [main] INFO  c.gettingstarted.MyAlgoLogic - [MYALGO] The state of the order book is:
|----BID-----||----ASK----|
3408486046105700 @ 98   101 @ 100
    200 @ 95   200 @ 110
    300 @ 91  5000 @ 115
          -   5600 @ 119
|------------||-----------|

14:23:23.827 [main] INFO  c.gettingstarted.MyAlgoLogic - [MYALGO] Algo Sees SheZa
14:23:23.827 [main] INFO  c.gettingstarted.MyAlgoLogic - [MYALGO] Algo Sees Book as:
|----BID-----||----ASK----|
3408486046105700 @ 98   101 @ 100
    200 @ 95   200 @ 110
    300 @ 91  5000 @ 115
          -   5600 @ 119
|------------||-----------|

14:23:23.827 [main] INFO  c.gettingstarted.MyAlgoLogic - [MYALGO] Have:45 children, want 45, done.
14:23:23.827 [main] INFO  c.o.v.MutatingMatchOneMarketDataOrderVisitor - [ORDERBOOK] Have found order we can match:Limit(side=BUY,orderId=31,price=98,quantity=53687091200)(MktData(price=98,quantity=501))
14:23:23.827 [main] INFO  c.o.v.MutatingMatchOneMarketDataOrderVisitor - Filled:0@98
14:23:23.827 [main] INFO  c.o.v.MutatingMatchOneMarketDataOrderVisitor - [ORDERBOOK] Filled 0@98 for order:Limit(side=BUY,orderId=31,price=98,quantity=53687091200)
14:23:23.827 [main] INFO  c.orderbook.channel.OrderChannel - [ORDERBOOK] publishing fill to stream: [FillOrder](sbeTemplateId=10|sbeSchemaId=2|sbeSchemaVersion=0|sbeBlockLength=24):orderId=31|quantity=0|price=98
14:23:23.835 [main] INFO  c.sequencer.consumer.LoggingConsumer - [187] [FillOrder](sbeTemplateId=10|sbeSchemaId=2|sbeSchemaVersion=0|sbeBlockLength=24):orderId=31|quantity=0|price=98
14:23:23.835 [main] INFO  c.gettingstarted.MyAlgoLogic - [MYALGO] The state of the order book is:
|----BID-----||----ASK----|
3408486046105700 @ 98   101 @ 100
    200 @ 95   200 @ 110
    300 @ 91  5000 @ 115
          -   5600 @ 119
|------------||-----------|

14:23:23.835 [main] INFO  c.gettingstarted.MyAlgoLogic - [MYALGO] Algo Sees SheZa
14:23:23.835 [main] INFO  c.gettingstarted.MyAlgoLogic - [MYALGO] Algo Sees Book as:
|----BID-----||----ASK----|
3408486046105700 @ 98   101 @ 100
    200 @ 95   200 @ 110
    300 @ 91  5000 @ 115
          -   5600 @ 119
|------------||-----------|

14:23:23.835 [main] INFO  c.gettingstarted.MyAlgoLogic - [MYALGO] Have:45 children, want 45, done.
14:23:23.835 [main] INFO  c.o.v.MutatingMatchOneMarketDataOrderVisitor - [ORDERBOOK] Have found order we can match:Limit(side=BUY,orderId=33,price=98,quantity=214748364800)(MktData(price=98,quantity=501))
14:23:23.835 [main] INFO  c.o.v.MutatingMatchOneMarketDataOrderVisitor - Filled:0@98
14:23:23.835 [main] INFO  c.o.v.MutatingMatchOneMarketDataOrderVisitor - [ORDERBOOK] Filled 0@98 for order:Limit(side=BUY,orderId=33,price=98,quantity=214748364800)
14:23:23.835 [main] INFO  c.orderbook.channel.OrderChannel - [ORDERBOOK] publishing fill to stream: [FillOrder](sbeTemplateId=10|sbeSchemaId=2|sbeSchemaVersion=0|sbeBlockLength=24):orderId=33|quantity=0|price=98
14:23:23.835 [main] INFO  c.sequencer.consumer.LoggingConsumer - [188] [FillOrder](sbeTemplateId=10|sbeSchemaId=2|sbeSchemaVersion=0|sbeBlockLength=24):orderId=33|quantity=0|price=98
14:23:23.835 [main] INFO  c.gettingstarted.MyAlgoLogic - [MYALGO] The state of the order book is:
|----BID-----||----ASK----|
3408486046105700 @ 98   101 @ 100
    200 @ 95   200 @ 110
    300 @ 91  5000 @ 115
          -   5600 @ 119
|------------||-----------|

14:23:23.835 [main] INFO  c.gettingstarted.MyAlgoLogic - [MYALGO] Algo Sees SheZa
14:23:23.835 [main] INFO  c.gettingstarted.MyAlgoLogic - [MYALGO] Algo Sees Book as:
|----BID-----||----ASK----|
3408486046105700 @ 98   101 @ 100
    200 @ 95   200 @ 110
    300 @ 91  5000 @ 115
          -   5600 @ 119
|------------||-----------|

14:23:23.835 [main] INFO  c.gettingstarted.MyAlgoLogic - [MYALGO] Have:45 children, want 45, done.
14:23:23.835 [main] INFO  c.o.v.MutatingMatchOneMarketDataOrderVisitor - [ORDERBOOK] Have found order we can match:Limit(side=BUY,orderId=35,price=98,quantity=858993459200)(MktData(price=98,quantity=501))
14:23:23.835 [main] INFO  c.o.v.MutatingMatchOneMarketDataOrderVisitor - Filled:0@98
14:23:23.835 [main] INFO  c.o.v.MutatingMatchOneMarketDataOrderVisitor - [ORDERBOOK] Filled 0@98 for order:Limit(side=BUY,orderId=35,price=98,quantity=858993459200)
14:23:23.835 [main] INFO  c.orderbook.channel.OrderChannel - [ORDERBOOK] publishing fill to stream: [FillOrder](sbeTemplateId=10|sbeSchemaId=2|sbeSchemaVersion=0|sbeBlockLength=24):orderId=35|quantity=0|price=98
14:23:23.835 [main] INFO  c.sequencer.consumer.LoggingConsumer - [189] [FillOrder](sbeTemplateId=10|sbeSchemaId=2|sbeSchemaVersion=0|sbeBlockLength=24):orderId=35|quantity=0|price=98
14:23:23.835 [main] INFO  c.gettingstarted.MyAlgoLogic - [MYALGO] The state of the order book is:
|----BID-----||----ASK----|
3408486046105700 @ 98   101 @ 100
    200 @ 95   200 @ 110
    300 @ 91  5000 @ 115
          -   5600 @ 119
|------------||-----------|

14:23:23.835 [main] INFO  c.gettingstarted.MyAlgoLogic - [MYALGO] Algo Sees SheZa
14:23:23.835 [main] INFO  c.gettingstarted.MyAlgoLogic - [MYALGO] Algo Sees Book as:
|----BID-----||----ASK----|
3408486046105700 @ 98   101 @ 100
    200 @ 95   200 @ 110
    300 @ 91  5000 @ 115
          -   5600 @ 119
|------------||-----------|

14:23:23.835 [main] INFO  c.gettingstarted.MyAlgoLogic - [MYALGO] Have:45 children, want 45, done.
14:23:23.835 [main] INFO  c.o.v.MutatingMatchOneMarketDataOrderVisitor - [ORDERBOOK] Have found order we can match:Limit(side=BUY,orderId=37,price=98,quantity=3435973836800)(MktData(price=98,quantity=501))
14:23:23.835 [main] INFO  c.o.v.MutatingMatchOneMarketDataOrderVisitor - Filled:0@98
14:23:23.835 [main] INFO  c.o.v.MutatingMatchOneMarketDataOrderVisitor - [ORDERBOOK] Filled 0@98 for order:Limit(side=BUY,orderId=37,price=98,quantity=3435973836800)
14:23:23.835 [main] INFO  c.orderbook.channel.OrderChannel - [ORDERBOOK] publishing fill to stream: [FillOrder](sbeTemplateId=10|sbeSchemaId=2|sbeSchemaVersion=0|sbeBlockLength=24):orderId=37|quantity=0|price=98
14:23:23.835 [main] INFO  c.sequencer.consumer.LoggingConsumer - [190] [FillOrder](sbeTemplateId=10|sbeSchemaId=2|sbeSchemaVersion=0|sbeBlockLength=24):orderId=37|quantity=0|price=98
14:23:23.835 [main] INFO  c.gettingstarted.MyAlgoLogic - [MYALGO] The state of the order book is:
|----BID-----||----ASK----|
3408486046105700 @ 98   101 @ 100
    200 @ 95   200 @ 110
    300 @ 91  5000 @ 115
          -   5600 @ 119
|------------||-----------|

14:23:23.835 [main] INFO  c.gettingstarted.MyAlgoLogic - [MYALGO] Algo Sees SheZa
14:23:23.836 [main] INFO  c.gettingstarted.MyAlgoLogic - [MYALGO] Algo Sees Book as:
|----BID-----||----ASK----|
3408486046105700 @ 98   101 @ 100
    200 @ 95   200 @ 110
    300 @ 91  5000 @ 115
          -   5600 @ 119
|------------||-----------|

14:23:23.836 [main] INFO  c.gettingstarted.MyAlgoLogic - [MYALGO] Have:45 children, want 45, done.
14:23:23.836 [main] INFO  c.o.v.MutatingMatchOneMarketDataOrderVisitor - [ORDERBOOK] Have found order we can match:Limit(side=BUY,orderId=39,price=98,quantity=13743895347200)(MktData(price=98,quantity=501))
14:23:23.836 [main] INFO  c.o.v.MutatingMatchOneMarketDataOrderVisitor - Filled:0@98
14:23:23.836 [main] INFO  c.o.v.MutatingMatchOneMarketDataOrderVisitor - [ORDERBOOK] Filled 0@98 for order:Limit(side=BUY,orderId=39,price=98,quantity=13743895347200)
14:23:23.836 [main] INFO  c.orderbook.channel.OrderChannel - [ORDERBOOK] publishing fill to stream: [FillOrder](sbeTemplateId=10|sbeSchemaId=2|sbeSchemaVersion=0|sbeBlockLength=24):orderId=39|quantity=0|price=98
14:23:23.838 [main] INFO  c.sequencer.consumer.LoggingConsumer - [191] [FillOrder](sbeTemplateId=10|sbeSchemaId=2|sbeSchemaVersion=0|sbeBlockLength=24):orderId=39|quantity=0|price=98
14:23:23.838 [main] INFO  c.gettingstarted.MyAlgoLogic - [MYALGO] The state of the order book is:
|----BID-----||----ASK----|
3408486046105700 @ 98   101 @ 100
    200 @ 95   200 @ 110
    300 @ 91  5000 @ 115
          -   5600 @ 119
|------------||-----------|

14:23:23.838 [main] INFO  c.gettingstarted.MyAlgoLogic - [MYALGO] Algo Sees SheZa
14:23:23.838 [main] INFO  c.gettingstarted.MyAlgoLogic - [MYALGO] Algo Sees Book as:
|----BID-----||----ASK----|
3408486046105700 @ 98   101 @ 100
    200 @ 95   200 @ 110
    300 @ 91  5000 @ 115
          -   5600 @ 119
|------------||-----------|

14:23:23.838 [main] INFO  c.gettingstarted.MyAlgoLogic - [MYALGO] Have:45 children, want 45, done.
14:23:23.838 [main] INFO  c.o.v.MutatingMatchOneMarketDataOrderVisitor - [ORDERBOOK] Have found order we can match:Limit(side=BUY,orderId=41,price=98,quantity=54975581388800)(MktData(price=98,quantity=501))
14:23:23.838 [main] INFO  c.o.v.MutatingMatchOneMarketDataOrderVisitor - Filled:0@98
14:23:23.838 [main] INFO  c.o.v.MutatingMatchOneMarketDataOrderVisitor - [ORDERBOOK] Filled 0@98 for order:Limit(side=BUY,orderId=41,price=98,quantity=54975581388800)
14:23:23.838 [main] INFO  c.orderbook.channel.OrderChannel - [ORDERBOOK] publishing fill to stream: [FillOrder](sbeTemplateId=10|sbeSchemaId=2|sbeSchemaVersion=0|sbeBlockLength=24):orderId=41|quantity=0|price=98
14:23:23.838 [main] INFO  c.sequencer.consumer.LoggingConsumer - [192] [FillOrder](sbeTemplateId=10|sbeSchemaId=2|sbeSchemaVersion=0|sbeBlockLength=24):orderId=41|quantity=0|price=98
14:23:23.838 [main] INFO  c.gettingstarted.MyAlgoLogic - [MYALGO] The state of the order book is:
|----BID-----||----ASK----|
3408486046105700 @ 98   101 @ 100
    200 @ 95   200 @ 110
    300 @ 91  5000 @ 115
          -   5600 @ 119
|------------||-----------|

14:23:23.838 [main] INFO  c.gettingstarted.MyAlgoLogic - [MYALGO] Algo Sees SheZa
14:23:23.838 [main] INFO  c.gettingstarted.MyAlgoLogic - [MYALGO] Algo Sees Book as:
|----BID-----||----ASK----|
3408486046105700 @ 98   101 @ 100
    200 @ 95   200 @ 110
    300 @ 91  5000 @ 115
          -   5600 @ 119
|------------||-----------|

14:23:23.839 [main] INFO  c.gettingstarted.MyAlgoLogic - [MYALGO] Have:45 children, want 45, done.
14:23:23.839 [main] INFO  c.o.v.MutatingMatchOneMarketDataOrderVisitor - [ORDERBOOK] Have found order we can match:Limit(side=BUY,orderId=42,price=98,quantity=109951162777600)(MktData(price=98,quantity=501))
14:23:23.839 [main] INFO  c.o.v.MutatingMatchOneMarketDataOrderVisitor - Filled:0@98
14:23:23.839 [main] INFO  c.o.v.MutatingMatchOneMarketDataOrderVisitor - [ORDERBOOK] Filled 0@98 for order:Limit(side=BUY,orderId=42,price=98,quantity=109951162777600)
14:23:23.839 [main] INFO  c.orderbook.channel.OrderChannel - [ORDERBOOK] publishing fill to stream: [FillOrder](sbeTemplateId=10|sbeSchemaId=2|sbeSchemaVersion=0|sbeBlockLength=24):orderId=42|quantity=0|price=98
14:23:23.839 [main] INFO  c.sequencer.consumer.LoggingConsumer - [193] [FillOrder](sbeTemplateId=10|sbeSchemaId=2|sbeSchemaVersion=0|sbeBlockLength=24):orderId=42|quantity=0|price=98
14:23:23.839 [main] INFO  c.gettingstarted.MyAlgoLogic - [MYALGO] The state of the order book is:
|----BID-----||----ASK----|
3408486046105700 @ 98   101 @ 100
    200 @ 95   200 @ 110
    300 @ 91  5000 @ 115
          -   5600 @ 119
|------------||-----------|

14:23:23.839 [main] INFO  c.gettingstarted.MyAlgoLogic - [MYALGO] Algo Sees SheZa
14:23:23.839 [main] INFO  c.gettingstarted.MyAlgoLogic - [MYALGO] Algo Sees Book as:
|----BID-----||----ASK----|
3408486046105700 @ 98   101 @ 100
    200 @ 95   200 @ 110
    300 @ 91  5000 @ 115
          -   5600 @ 119
|------------||-----------|

14:23:23.839 [main] INFO  c.gettingstarted.MyAlgoLogic - [MYALGO] Have:45 children, want 45, done.
14:23:23.839 [main] INFO  c.o.v.MutatingMatchOneMarketDataOrderVisitor - [ORDERBOOK] Have found order we can match:Limit(side=BUY,orderId=43,price=98,quantity=219902325555200)(MktData(price=98,quantity=501))
14:23:23.839 [main] INFO  c.o.v.MutatingMatchOneMarketDataOrderVisitor - Filled:0@98
14:23:23.839 [main] INFO  c.o.v.MutatingMatchOneMarketDataOrderVisitor - [ORDERBOOK] Filled 0@98 for order:Limit(side=BUY,orderId=43,price=98,quantity=219902325555200)
14:23:23.839 [main] INFO  c.orderbook.channel.OrderChannel - [ORDERBOOK] publishing fill to stream: [FillOrder](sbeTemplateId=10|sbeSchemaId=2|sbeSchemaVersion=0|sbeBlockLength=24):orderId=43|quantity=0|price=98
14:23:23.839 [main] INFO  c.sequencer.consumer.LoggingConsumer - [194] [FillOrder](sbeTemplateId=10|sbeSchemaId=2|sbeSchemaVersion=0|sbeBlockLength=24):orderId=43|quantity=0|price=98
14:23:23.839 [main] INFO  c.gettingstarted.MyAlgoLogic - [MYALGO] The state of the order book is:
|----BID-----||----ASK----|
3408486046105700 @ 98   101 @ 100
    200 @ 95   200 @ 110
    300 @ 91  5000 @ 115
          -   5600 @ 119
|------------||-----------|

14:23:23.839 [main] INFO  c.gettingstarted.MyAlgoLogic - [MYALGO] Algo Sees SheZa
14:23:23.839 [main] INFO  c.gettingstarted.MyAlgoLogic - [MYALGO] Algo Sees Book as:
|----BID-----||----ASK----|
3408486046105700 @ 98   101 @ 100
    200 @ 95   200 @ 110
    300 @ 91  5000 @ 115
          -   5600 @ 119
|------------||-----------|

14:23:23.839 [main] INFO  c.gettingstarted.MyAlgoLogic - [MYALGO] Have:45 children, want 45, done.
14:23:23.839 [main] INFO  c.o.v.MutatingMatchOneMarketDataOrderVisitor - [ORDERBOOK] Have found order we can match:Limit(side=BUY,orderId=44,price=98,quantity=439804651110400)(MktData(price=98,quantity=501))
14:23:23.839 [main] INFO  c.o.v.MutatingMatchOneMarketDataOrderVisitor - Filled:0@98
14:23:23.839 [main] INFO  c.o.v.MutatingMatchOneMarketDataOrderVisitor - [ORDERBOOK] Filled 0@98 for order:Limit(side=BUY,orderId=44,price=98,quantity=439804651110400)
14:23:23.839 [main] INFO  c.orderbook.channel.OrderChannel - [ORDERBOOK] publishing fill to stream: [FillOrder](sbeTemplateId=10|sbeSchemaId=2|sbeSchemaVersion=0|sbeBlockLength=24):orderId=44|quantity=0|price=98
14:23:23.839 [main] INFO  c.sequencer.consumer.LoggingConsumer - [195] [FillOrder](sbeTemplateId=10|sbeSchemaId=2|sbeSchemaVersion=0|sbeBlockLength=24):orderId=44|quantity=0|price=98
14:23:23.839 [main] INFO  c.gettingstarted.MyAlgoLogic - [MYALGO] The state of the order book is:
|----BID-----||----ASK----|
3408486046105700 @ 98   101 @ 100
    200 @ 95   200 @ 110
    300 @ 91  5000 @ 115
          -   5600 @ 119
|------------||-----------|

14:23:23.839 [main] INFO  c.gettingstarted.MyAlgoLogic - [MYALGO] Algo Sees SheZa
14:23:23.839 [main] INFO  c.gettingstarted.MyAlgoLogic - [MYALGO] Algo Sees Book as:
|----BID-----||----ASK----|
3408486046105700 @ 98   101 @ 100
    200 @ 95   200 @ 110
    300 @ 91  5000 @ 115
          -   5600 @ 119
|------------||-----------|

14:23:23.839 [main] INFO  c.gettingstarted.MyAlgoLogic - [MYALGO] Have:45 children, want 45, done.
14:23:23.839 [main] INFO  c.o.v.MutatingMatchOneMarketDataOrderVisitor - [ORDERBOOK] Have found order we can match:Limit(side=BUY,orderId=45,price=98,quantity=879609302220800)(MktData(price=98,quantity=501))
14:23:23.839 [main] INFO  c.o.v.MutatingMatchOneMarketDataOrderVisitor - Filled:0@98
14:23:23.839 [main] INFO  c.o.v.MutatingMatchOneMarketDataOrderVisitor - [ORDERBOOK] Filled 0@98 for order:Limit(side=BUY,orderId=45,price=98,quantity=879609302220800)
14:23:23.839 [main] INFO  c.orderbook.channel.OrderChannel - [ORDERBOOK] publishing fill to stream: [FillOrder](sbeTemplateId=10|sbeSchemaId=2|sbeSchemaVersion=0|sbeBlockLength=24):orderId=45|quantity=0|price=98
14:23:23.839 [main] INFO  c.sequencer.consumer.LoggingConsumer - [196] [FillOrder](sbeTemplateId=10|sbeSchemaId=2|sbeSchemaVersion=0|sbeBlockLength=24):orderId=45|quantity=0|price=98
14:23:23.839 [main] INFO  c.gettingstarted.MyAlgoLogic - [MYALGO] The state of the order book is:
|----BID-----||----ASK----|
3408486046105700 @ 98   101 @ 100
    200 @ 95   200 @ 110
    300 @ 91  5000 @ 115
          -   5600 @ 119
|------------||-----------|

14:23:23.839 [main] INFO  c.gettingstarted.MyAlgoLogic - [MYALGO] Algo Sees SheZa
14:23:23.839 [main] INFO  c.gettingstarted.MyAlgoLogic - [MYALGO] Algo Sees Book as:
|----BID-----||----ASK----|
3408486046105700 @ 98   101 @ 100
    200 @ 95   200 @ 110
    300 @ 91  5000 @ 115
          -   5600 @ 119
|------------||-----------|

14:23:23.839 [main] INFO  c.gettingstarted.MyAlgoLogic - [MYALGO] Have:45 children, want 45, done.
14:23:23.839 [main] INFO  c.o.v.MutatingMatchOneMarketDataOrderVisitor - [ORDERBOOK] Have found order we can match:Limit(side=BUY,orderId=46,price=98,quantity=1759218604441600)(MktData(price=98,quantity=501))
14:23:23.839 [main] INFO  c.o.v.MutatingMatchOneMarketDataOrderVisitor - Filled:0@98
14:23:23.839 [main] INFO  c.o.v.MutatingMatchOneMarketDataOrderVisitor - [ORDERBOOK] Filled 0@98 for order:Limit(side=BUY,orderId=46,price=98,quantity=1759218604441600)
14:23:23.839 [main] INFO  c.orderbook.channel.OrderChannel - [ORDERBOOK] publishing fill to stream: [FillOrder](sbeTemplateId=10|sbeSchemaId=2|sbeSchemaVersion=0|sbeBlockLength=24):orderId=46|quantity=0|price=98
14:23:23.839 [main] INFO  c.sequencer.consumer.LoggingConsumer - [197] [FillOrder](sbeTemplateId=10|sbeSchemaId=2|sbeSchemaVersion=0|sbeBlockLength=24):orderId=46|quantity=0|price=98
14:23:23.839 [main] INFO  c.gettingstarted.MyAlgoLogic - [MYALGO] The state of the order book is:
|----BID-----||----ASK----|
3408486046105700 @ 98   101 @ 100
    200 @ 95   200 @ 110
    300 @ 91  5000 @ 115
          -   5600 @ 119
|------------||-----------|

14:23:23.839 [main] INFO  c.gettingstarted.MyAlgoLogic - [MYALGO] Algo Sees SheZa
14:23:23.839 [main] INFO  c.gettingstarted.MyAlgoLogic - [MYALGO] Algo Sees Book as:
|----BID-----||----ASK----|
3408486046105700 @ 98   101 @ 100
    200 @ 95   200 @ 110
    300 @ 91  5000 @ 115
          -   5600 @ 119
|------------||-----------|

14:23:23.839 [main] INFO  c.gettingstarted.MyAlgoLogic - [MYALGO] Have:45 children, want 45, done.
14:23:23.839 [main] INFO  c.o.v.MutatingMatchOneMarketDataOrderVisitor - [ORDERBOOK] visiting LevelOrderBookLevel(price=91,quantity=600)
14:23:23.839 [main] INFO  c.o.v.MutatingMatchOneMarketDataOrderVisitor - [ORDERBOOK] Can't match order:MktData(price=91,quantity=300)(MktData(price=98,quantity=501))
14:23:23.839 [main] DEBUG c.orderbook.OrderBook - [ORDERBOOK] ASK: Adding orderMktData(price=101,quantity=200)
14:23:23.839 [main] DEBUG c.orderbook.OrderBook - [ORDERBOOK] ASK: Adding orderMktData(price=110,quantity=5000)
14:23:23.839 [main] DEBUG c.orderbook.OrderBook - [ORDERBOOK] ASK: Adding orderMktData(price=119,quantity=5600)
14:23:23.839 [main] DEBUG c.service.MarketDataService - [ALGO] BID: price:95 quantity:100
14:23:23.839 [main] DEBUG c.service.MarketDataService - [ALGO] BID: price:93 quantity:200
14:23:23.839 [main] DEBUG c.service.MarketDataService - [ALGO] BID: price:91 quantity:300
14:23:23.839 [main] DEBUG c.service.MarketDataService - [ALGO] ASK: price:98 quantity:501
14:23:23.839 [main] DEBUG c.service.MarketDataService - [ALGO] ASK: price:101 quantity:200
14:23:23.839 [main] DEBUG c.service.MarketDataService - [ALGO] ASK: price:110 quantity:5000
14:23:23.839 [main] DEBUG c.service.MarketDataService - [ALGO] ASK: price:119 quantity:5600
14:23:23.839 [main] INFO  c.gettingstarted.MyAlgoLogic - [MYALGO] The state of the order book is:
|----BID-----||----ASK----|
    100 @ 95    501 @ 98
    200 @ 93   200 @ 101
    300 @ 91  5000 @ 110
          -   5600 @ 119
|------------||-----------|

14:23:23.839 [main] INFO  c.gettingstarted.MyAlgoLogic - [MYALGO] Algo Sees SheZa
14:23:23.839 [main] INFO  c.gettingstarted.MyAlgoLogic - [MYALGO] Algo Sees Book as:
|----BID-----||----ASK----|
    100 @ 95    501 @ 98
    200 @ 93   200 @ 101
    300 @ 91  5000 @ 110
          -   5600 @ 119
|------------||-----------|

14:23:23.839 [main] INFO  c.gettingstarted.MyAlgoLogic - [MYALGO] Have:45 children, want 45, done.
]]></system-out>
  </testcase>
</testsuite>