<?xml version="1.0" encoding="UTF-8"?>
<testsuite xmlns:xsi="http://www.w3.org/2001/XMLSchema-instance" xsi:noNamespaceSchemaLocation="https://maven.apache.org/surefire/maven-surefire-plugin/xsd/surefire-test-report-3.0.xsd" version="3.0" name="codingblackfemales.gettingstarted.MyAlgoBackTest" time="0.067" tests="1" errors="0" skipped="0" failures="0">
  <properties>
[...]
</properties>
  <testcase name="testExampleBackTest" classname="codingblackfemales.gettingstarted.MyAlgoBackTest" time="0.066">
    <system-out><![CDATA[07:01:35.793 [main] INFO  c.sequencer.consumer.LoggingConsumer - [1] 
|----BID-----|
    100 @ 98
    200 @ 95
    300 @ 91
|----ASK-----|
    101 @ 90
   200 @ 110
  5000 @ 115
  5600 @ 119

07:01:35.793 [main] INFO  c.orderbook.OrderBook - [ORDERBOOK] Processing Mkt Data Update
07:01:35.794 [main] DEBUG c.orderbook.OrderBook - [ORDERBOOK] ASK: Adding orderMktData(price=98,quantity=100)
07:01:35.794 [main] DEBUG c.orderbook.OrderBook - [ORDERBOOK] ASK: Adding orderMktData(price=95,quantity=200)
07:01:35.794 [main] DEBUG c.orderbook.OrderBook - [ORDERBOOK] ASK: Adding orderMktData(price=91,quantity=300)
07:01:35.795 [main] DEBUG c.orderbook.OrderBook - [ORDERBOOK] ASK: Adding orderMktData(price=90,quantity=101)
07:01:35.795 [main] INFO  c.o.v.MutatingMatchOneMarketDataOrderVisitor - [ORDERBOOK] visiting LevelOrderBookLevel(price=98,quantity=100)
07:01:35.796 [main] INFO  c.o.v.MutatingMatchOneMarketDataOrderVisitor - [ORDERBOOK] Have found order we can match:MktData(price=98,quantity=100)(MktData(price=90,quantity=101))
07:01:35.796 [main] INFO  c.o.v.MutatingMatchOneMarketDataOrderVisitor - [ORDERBOOK] visiting LevelOrderBookLevel(price=95,quantity=200)
07:01:35.796 [main] INFO  c.o.v.MutatingMatchOneMarketDataOrderVisitor - [ORDERBOOK] Have found order we can match:MktData(price=95,quantity=200)(MktData(price=90,quantity=101))
07:01:35.796 [main] INFO  c.o.v.MutatingMatchOneMarketDataOrderVisitor - [ORDERBOOK] visiting LevelOrderBookLevel(price=91,quantity=300)
07:01:35.796 [main] INFO  c.o.v.MutatingMatchOneMarketDataOrderVisitor - [ORDERBOOK] Have found order we can match:MktData(price=91,quantity=300)(MktData(price=90,quantity=101))
07:01:35.796 [main] DEBUG c.orderbook.OrderBook - [ORDERBOOK] ASK: Adding orderMktData(price=110,quantity=200)
07:01:35.796 [main] DEBUG c.orderbook.OrderBook - [ORDERBOOK] ASK: Adding orderMktData(price=115,quantity=5000)
07:01:35.796 [main] DEBUG c.orderbook.OrderBook - [ORDERBOOK] ASK: Adding orderMktData(price=119,quantity=5600)
07:01:35.796 [main] DEBUG c.service.MarketDataService - [ALGO] BID: price:98 quantity:100
07:01:35.796 [main] DEBUG c.service.MarketDataService - [ALGO] BID: price:95 quantity:200
07:01:35.796 [main] DEBUG c.service.MarketDataService - [ALGO] BID: price:91 quantity:300
07:01:35.796 [main] DEBUG c.service.MarketDataService - [ALGO] ASK: price:90 quantity:101
07:01:35.797 [main] DEBUG c.service.MarketDataService - [ALGO] ASK: price:110 quantity:200
07:01:35.797 [main] DEBUG c.service.MarketDataService - [ALGO] ASK: price:115 quantity:5000
07:01:35.797 [main] DEBUG c.service.MarketDataService - [ALGO] ASK: price:119 quantity:5600
07:01:35.797 [main] INFO  c.gettingstarted.MyAlgoLogic - [MYALGO] In Algo Logic....
07:01:35.797 [main] INFO  c.gettingstarted.MyAlgoLogic - [MYALGO] Algo Sees Book as:
|----BID-----||----ASK----|
    100 @ 98    101 @ 90
    200 @ 95   200 @ 110
    300 @ 91  5000 @ 115
          -   5600 @ 119
|------------||-----------|

07:01:35.800 [main] INFO  c.gettingstarted.MyAlgoLogic - [MYALGO] Selling opportunity detected. Price difference: 8.0
07:01:35.807 [main] INFO  c.container.Actioner - [ALGO] Actioner, sending action:CreateChildOrder(side=SELL,quantity=10,price=98)
07:01:35.807 [main] INFO  c.sequencer.consumer.LoggingConsumer - [2] [CreateOrder](sbeTemplateId=4|sbeSchemaId=2|sbeSchemaVersion=0|sbeBlockLength=33):instrumentId=0|price=98|quantity=10|side=SELL|orderId=2
07:01:35.808 [main] INFO  c.o.v.MutatingMatchOneOrderVisitor - [ORDERBOOK] visiting LevelOrderBookLevel(price=98,quantity=100)
07:01:35.808 [main] INFO  c.o.v.MutatingMatchOneOrderVisitor - [ORDERBOOK] visiting LevelOrderBookLevel(price=95,quantity=200)
07:01:35.812 [main] INFO  c.o.v.MutatingMatchOneOrderVisitor - [ORDERBOOK] Can't match order:MktData(price=95,quantity=199)(Limit(side=SELL,orderId=2,price=98,quantity=10))
07:01:35.812 [main] INFO  c.o.v.MutatingMatchOneOrderVisitor - [ORDERBOOK] visiting LevelOrderBookLevel(price=91,quantity=300)
07:01:35.812 [main] INFO  c.o.v.MutatingMatchOneOrderVisitor - [ORDERBOOK] Can't match order:MktData(price=91,quantity=300)(Limit(side=SELL,orderId=2,price=98,quantity=10))
07:01:35.812 [main] DEBUG c.o.v.ReadOnlyMarketDataChannelPublishVisitor - Bid Side Size: 3
07:01:35.813 [main] DEBUG c.o.v.ReadOnlyMarketDataChannelPublishVisitor - Adding Mkt Data Msg BID: Price=98 Qty=100
07:01:35.813 [main] DEBUG c.o.v.ReadOnlyMarketDataChannelPublishVisitor - Adding Mkt Data Msg BID: Price=95 Qty=200
07:01:35.813 [main] DEBUG c.o.v.ReadOnlyMarketDataChannelPublishVisitor - Adding Mkt Data Msg BID: Price=91 Qty=300
07:01:35.813 [main] DEBUG c.o.v.ReadOnlyMarketDataChannelPublishVisitor - Ask Side Size: 3
07:01:35.813 [main] DEBUG c.o.v.ReadOnlyMarketDataChannelPublishVisitor - Adding Mkt Data Msg ASK: Price=110 Qty=200
07:01:35.813 [main] DEBUG c.o.v.ReadOnlyMarketDataChannelPublishVisitor - Adding Mkt Data Msg ASK: Price=115 Qty=5000
07:01:35.813 [main] DEBUG c.o.v.ReadOnlyMarketDataChannelPublishVisitor - Adding Mkt Data Msg ASK: Price=119 Qty=5600
07:01:35.813 [main] INFO  c.o.channel.MarketDataChannel - [ORDERBOOK] Sending market data update...
07:01:35.814 [main] INFO  c.sequencer.consumer.LoggingConsumer - [3] 
|----BID-----|
    100 @ 98
    200 @ 95
    300 @ 91
|----ASK-----|
   200 @ 110
  5000 @ 115
  5600 @ 119

07:01:35.814 [main] DEBUG c.service.MarketDataService - [ALGO] BID: price:98 quantity:100
07:01:35.814 [main] DEBUG c.service.MarketDataService - [ALGO] BID: price:95 quantity:200
07:01:35.814 [main] DEBUG c.service.MarketDataService - [ALGO] BID: price:91 quantity:300
07:01:35.814 [main] DEBUG c.service.MarketDataService - [ALGO] ASK: price:110 quantity:200
07:01:35.814 [main] DEBUG c.service.MarketDataService - [ALGO] ASK: price:115 quantity:5000
07:01:35.814 [main] DEBUG c.service.MarketDataService - [ALGO] ASK: price:119 quantity:5600
07:01:35.814 [main] INFO  c.gettingstarted.MyAlgoLogic - [MYALGO] In Algo Logic....
07:01:35.815 [main] INFO  c.gettingstarted.MyAlgoLogic - [MYALGO] Algo Sees Book as:
|----BID-----||----ASK----|
    100 @ 98   200 @ 110
    200 @ 95  5000 @ 115
    300 @ 91  5600 @ 119
|------------||-----------|

07:01:35.815 [main] INFO  c.gettingstarted.MyAlgoLogic - [MYALGO] Selling opportunity detected. Price difference: -12.0
07:01:35.815 [main] INFO  c.container.Actioner - [ALGO] Actioner, sending action:CreateChildOrder(side=SELL,quantity=10,price=98)
07:01:35.815 [main] INFO  c.sequencer.consumer.LoggingConsumer - [4] [CreateOrder](sbeTemplateId=4|sbeSchemaId=2|sbeSchemaVersion=0|sbeBlockLength=33):instrumentId=0|price=98|quantity=10|side=SELL|orderId=3
07:01:35.815 [main] INFO  c.o.v.MutatingMatchOneOrderVisitor - [ORDERBOOK] visiting LevelOrderBookLevel(price=98,quantity=100)
07:01:35.815 [main] INFO  c.o.v.MutatingMatchOneOrderVisitor - [ORDERBOOK] visiting LevelOrderBookLevel(price=95,quantity=200)
07:01:35.815 [main] INFO  c.o.v.MutatingMatchOneOrderVisitor - [ORDERBOOK] Can't match order:MktData(price=95,quantity=199)(Limit(side=SELL,orderId=3,price=98,quantity=10))
07:01:35.815 [main] INFO  c.o.v.MutatingMatchOneOrderVisitor - [ORDERBOOK] visiting LevelOrderBookLevel(price=91,quantity=300)
07:01:35.816 [main] INFO  c.o.v.MutatingMatchOneOrderVisitor - [ORDERBOOK] Can't match order:MktData(price=91,quantity=300)(Limit(side=SELL,orderId=3,price=98,quantity=10))
07:01:35.816 [main] DEBUG c.o.v.ReadOnlyMarketDataChannelPublishVisitor - Bid Side Size: 3
07:01:35.816 [main] DEBUG c.o.v.ReadOnlyMarketDataChannelPublishVisitor - Adding Mkt Data Msg BID: Price=98 Qty=100
07:01:35.816 [main] DEBUG c.o.v.ReadOnlyMarketDataChannelPublishVisitor - Adding Mkt Data Msg BID: Price=95 Qty=200
07:01:35.816 [main] DEBUG c.o.v.ReadOnlyMarketDataChannelPublishVisitor - Adding Mkt Data Msg BID: Price=91 Qty=300
07:01:35.816 [main] DEBUG c.o.v.ReadOnlyMarketDataChannelPublishVisitor - Ask Side Size: 3
07:01:35.816 [main] DEBUG c.o.v.ReadOnlyMarketDataChannelPublishVisitor - Adding Mkt Data Msg ASK: Price=110 Qty=200
07:01:35.816 [main] DEBUG c.o.v.ReadOnlyMarketDataChannelPublishVisitor - Adding Mkt Data Msg ASK: Price=115 Qty=5000
07:01:35.816 [main] DEBUG c.o.v.ReadOnlyMarketDataChannelPublishVisitor - Adding Mkt Data Msg ASK: Price=119 Qty=5600
07:01:35.816 [main] INFO  c.o.channel.MarketDataChannel - [ORDERBOOK] Sending market data update...
07:01:35.817 [main] INFO  c.sequencer.consumer.LoggingConsumer - [5] 
|----BID-----|
    100 @ 98
    200 @ 95
    300 @ 91
|----ASK-----|
   200 @ 110
  5000 @ 115
  5600 @ 119

07:01:35.817 [main] DEBUG c.service.MarketDataService - [ALGO] BID: price:98 quantity:100
07:01:35.817 [main] DEBUG c.service.MarketDataService - [ALGO] BID: price:95 quantity:200
07:01:35.817 [main] DEBUG c.service.MarketDataService - [ALGO] BID: price:91 quantity:300
07:01:35.817 [main] DEBUG c.service.MarketDataService - [ALGO] ASK: price:110 quantity:200
07:01:35.817 [main] DEBUG c.service.MarketDataService - [ALGO] ASK: price:115 quantity:5000
07:01:35.817 [main] DEBUG c.service.MarketDataService - [ALGO] ASK: price:119 quantity:5600
07:01:35.817 [main] INFO  c.gettingstarted.MyAlgoLogic - [MYALGO] In Algo Logic....
07:01:35.818 [main] INFO  c.gettingstarted.MyAlgoLogic - [MYALGO] Algo Sees Book as:
|----BID-----||----ASK----|
    100 @ 98   200 @ 110
    200 @ 95  5000 @ 115
    300 @ 91  5600 @ 119
|------------||-----------|

07:01:35.818 [main] INFO  c.gettingstarted.MyAlgoLogic - [MYALGO] Selling opportunity detected. Price difference: -12.0
07:01:35.818 [main] INFO  c.container.Actioner - [ALGO] Actioner, sending action:CreateChildOrder(side=SELL,quantity=10,price=98)
07:01:35.818 [main] INFO  c.sequencer.consumer.LoggingConsumer - [6] [CreateOrder](sbeTemplateId=4|sbeSchemaId=2|sbeSchemaVersion=0|sbeBlockLength=33):instrumentId=0|price=98|quantity=10|side=SELL|orderId=4
07:01:35.819 [main] INFO  c.o.v.MutatingMatchOneOrderVisitor - [ORDERBOOK] visiting LevelOrderBookLevel(price=98,quantity=100)
07:01:35.819 [main] INFO  c.o.v.MutatingMatchOneOrderVisitor - [ORDERBOOK] visiting LevelOrderBookLevel(price=95,quantity=200)
07:01:35.819 [main] INFO  c.o.v.MutatingMatchOneOrderVisitor - [ORDERBOOK] Can't match order:MktData(price=95,quantity=199)(Limit(side=SELL,orderId=4,price=98,quantity=10))
07:01:35.819 [main] INFO  c.o.v.MutatingMatchOneOrderVisitor - [ORDERBOOK] visiting LevelOrderBookLevel(price=91,quantity=300)
07:01:35.819 [main] INFO  c.o.v.MutatingMatchOneOrderVisitor - [ORDERBOOK] Can't match order:MktData(price=91,quantity=300)(Limit(side=SELL,orderId=4,price=98,quantity=10))
07:01:35.819 [main] DEBUG c.o.v.ReadOnlyMarketDataChannelPublishVisitor - Bid Side Size: 3
07:01:35.819 [main] DEBUG c.o.v.ReadOnlyMarketDataChannelPublishVisitor - Adding Mkt Data Msg BID: Price=98 Qty=100
07:01:35.820 [main] DEBUG c.o.v.ReadOnlyMarketDataChannelPublishVisitor - Adding Mkt Data Msg BID: Price=95 Qty=200
07:01:35.820 [main] DEBUG c.o.v.ReadOnlyMarketDataChannelPublishVisitor - Adding Mkt Data Msg BID: Price=91 Qty=300
07:01:35.820 [main] DEBUG c.o.v.ReadOnlyMarketDataChannelPublishVisitor - Ask Side Size: 3
07:01:35.820 [main] DEBUG c.o.v.ReadOnlyMarketDataChannelPublishVisitor - Adding Mkt Data Msg ASK: Price=110 Qty=200
07:01:35.820 [main] DEBUG c.o.v.ReadOnlyMarketDataChannelPublishVisitor - Adding Mkt Data Msg ASK: Price=115 Qty=5000
07:01:35.820 [main] DEBUG c.o.v.ReadOnlyMarketDataChannelPublishVisitor - Adding Mkt Data Msg ASK: Price=119 Qty=5600
07:01:35.820 [main] INFO  c.o.channel.MarketDataChannel - [ORDERBOOK] Sending market data update...
07:01:35.820 [main] INFO  c.sequencer.consumer.LoggingConsumer - [7] 
|----BID-----|
    100 @ 98
    200 @ 95
    300 @ 91
|----ASK-----|
   200 @ 110
  5000 @ 115
  5600 @ 119

07:01:35.821 [main] DEBUG c.service.MarketDataService - [ALGO] BID: price:98 quantity:100
07:01:35.821 [main] DEBUG c.service.MarketDataService - [ALGO] BID: price:95 quantity:200
07:01:35.821 [main] DEBUG c.service.MarketDataService - [ALGO] BID: price:91 quantity:300
07:01:35.821 [main] DEBUG c.service.MarketDataService - [ALGO] ASK: price:110 quantity:200
07:01:35.821 [main] DEBUG c.service.MarketDataService - [ALGO] ASK: price:115 quantity:5000
07:01:35.821 [main] DEBUG c.service.MarketDataService - [ALGO] ASK: price:119 quantity:5600
07:01:35.821 [main] INFO  c.gettingstarted.MyAlgoLogic - [MYALGO] In Algo Logic....
07:01:35.821 [main] INFO  c.gettingstarted.MyAlgoLogic - [MYALGO] Algo Sees Book as:
|----BID-----||----ASK----|
    100 @ 98   200 @ 110
    200 @ 95  5000 @ 115
    300 @ 91  5600 @ 119
|------------||-----------|

07:01:35.822 [main] INFO  c.gettingstarted.MyAlgoLogic - [MYALGO] Selling opportunity detected. Price difference: -12.0
07:01:35.822 [main] INFO  c.container.Actioner - [ALGO] Actioner, sending action:CreateChildOrder(side=SELL,quantity=10,price=98)
07:01:35.822 [main] INFO  c.sequencer.consumer.LoggingConsumer - [8] [CreateOrder](sbeTemplateId=4|sbeSchemaId=2|sbeSchemaVersion=0|sbeBlockLength=33):instrumentId=0|price=98|quantity=10|side=SELL|orderId=5
07:01:35.822 [main] INFO  c.o.v.MutatingMatchOneOrderVisitor - [ORDERBOOK] visiting LevelOrderBookLevel(price=98,quantity=100)
07:01:35.822 [main] INFO  c.o.v.MutatingMatchOneOrderVisitor - [ORDERBOOK] visiting LevelOrderBookLevel(price=95,quantity=200)
07:01:35.822 [main] INFO  c.o.v.MutatingMatchOneOrderVisitor - [ORDERBOOK] Can't match order:MktData(price=95,quantity=199)(Limit(side=SELL,orderId=5,price=98,quantity=10))
07:01:35.822 [main] INFO  c.o.v.MutatingMatchOneOrderVisitor - [ORDERBOOK] visiting LevelOrderBookLevel(price=91,quantity=300)
07:01:35.822 [main] INFO  c.o.v.MutatingMatchOneOrderVisitor - [ORDERBOOK] Can't match order:MktData(price=91,quantity=300)(Limit(side=SELL,orderId=5,price=98,quantity=10))
07:01:35.822 [main] DEBUG c.o.v.ReadOnlyMarketDataChannelPublishVisitor - Bid Side Size: 3
07:01:35.822 [main] DEBUG c.o.v.ReadOnlyMarketDataChannelPublishVisitor - Adding Mkt Data Msg BID: Price=98 Qty=100
07:01:35.822 [main] DEBUG c.o.v.ReadOnlyMarketDataChannelPublishVisitor - Adding Mkt Data Msg BID: Price=95 Qty=200
07:01:35.822 [main] DEBUG c.o.v.ReadOnlyMarketDataChannelPublishVisitor - Adding Mkt Data Msg BID: Price=91 Qty=300
07:01:35.823 [main] DEBUG c.o.v.ReadOnlyMarketDataChannelPublishVisitor - Ask Side Size: 3
07:01:35.823 [main] DEBUG c.o.v.ReadOnlyMarketDataChannelPublishVisitor - Adding Mkt Data Msg ASK: Price=110 Qty=200
07:01:35.823 [main] DEBUG c.o.v.ReadOnlyMarketDataChannelPublishVisitor - Adding Mkt Data Msg ASK: Price=115 Qty=5000
07:01:35.823 [main] DEBUG c.o.v.ReadOnlyMarketDataChannelPublishVisitor - Adding Mkt Data Msg ASK: Price=119 Qty=5600
07:01:35.823 [main] INFO  c.o.channel.MarketDataChannel - [ORDERBOOK] Sending market data update...
07:01:35.823 [main] INFO  c.sequencer.consumer.LoggingConsumer - [9] 
|----BID-----|
    100 @ 98
    200 @ 95
    300 @ 91
|----ASK-----|
   200 @ 110
  5000 @ 115
  5600 @ 119

07:01:35.823 [main] DEBUG c.service.MarketDataService - [ALGO] BID: price:98 quantity:100
07:01:35.823 [main] DEBUG c.service.MarketDataService - [ALGO] BID: price:95 quantity:200
07:01:35.823 [main] DEBUG c.service.MarketDataService - [ALGO] BID: price:91 quantity:300
07:01:35.824 [main] DEBUG c.service.MarketDataService - [ALGO] ASK: price:110 quantity:200
07:01:35.824 [main] DEBUG c.service.MarketDataService - [ALGO] ASK: price:115 quantity:5000
07:01:35.824 [main] DEBUG c.service.MarketDataService - [ALGO] ASK: price:119 quantity:5600
07:01:35.824 [main] INFO  c.gettingstarted.MyAlgoLogic - [MYALGO] In Algo Logic....
07:01:35.824 [main] INFO  c.gettingstarted.MyAlgoLogic - [MYALGO] Algo Sees Book as:
|----BID-----||----ASK----|
    100 @ 98   200 @ 110
    200 @ 95  5000 @ 115
    300 @ 91  5600 @ 119
|------------||-----------|

07:01:35.824 [main] INFO  c.gettingstarted.MyAlgoLogic - [MYALGO] Selling opportunity detected. Price difference: -12.0
07:01:35.824 [main] INFO  c.container.Actioner - [ALGO] Actioner, sending action:CreateChildOrder(side=SELL,quantity=10,price=98)
07:01:35.824 [main] INFO  c.sequencer.consumer.LoggingConsumer - [10] [CreateOrder](sbeTemplateId=4|sbeSchemaId=2|sbeSchemaVersion=0|sbeBlockLength=33):instrumentId=0|price=98|quantity=10|side=SELL|orderId=6
07:01:35.824 [main] INFO  c.o.v.MutatingMatchOneOrderVisitor - [ORDERBOOK] visiting LevelOrderBookLevel(price=98,quantity=100)
07:01:35.825 [main] INFO  c.o.v.MutatingMatchOneOrderVisitor - [ORDERBOOK] visiting LevelOrderBookLevel(price=95,quantity=200)
07:01:35.825 [main] INFO  c.o.v.MutatingMatchOneOrderVisitor - [ORDERBOOK] Can't match order:MktData(price=95,quantity=199)(Limit(side=SELL,orderId=6,price=98,quantity=10))
07:01:35.825 [main] INFO  c.o.v.MutatingMatchOneOrderVisitor - [ORDERBOOK] visiting LevelOrderBookLevel(price=91,quantity=300)
07:01:35.825 [main] INFO  c.o.v.MutatingMatchOneOrderVisitor - [ORDERBOOK] Can't match order:MktData(price=91,quantity=300)(Limit(side=SELL,orderId=6,price=98,quantity=10))
07:01:35.825 [main] DEBUG c.o.v.ReadOnlyMarketDataChannelPublishVisitor - Bid Side Size: 3
07:01:35.825 [main] DEBUG c.o.v.ReadOnlyMarketDataChannelPublishVisitor - Adding Mkt Data Msg BID: Price=98 Qty=100
07:01:35.825 [main] DEBUG c.o.v.ReadOnlyMarketDataChannelPublishVisitor - Adding Mkt Data Msg BID: Price=95 Qty=200
07:01:35.825 [main] DEBUG c.o.v.ReadOnlyMarketDataChannelPublishVisitor - Adding Mkt Data Msg BID: Price=91 Qty=300
07:01:35.825 [main] DEBUG c.o.v.ReadOnlyMarketDataChannelPublishVisitor - Ask Side Size: 3
07:01:35.825 [main] DEBUG c.o.v.ReadOnlyMarketDataChannelPublishVisitor - Adding Mkt Data Msg ASK: Price=110 Qty=200
07:01:35.825 [main] DEBUG c.o.v.ReadOnlyMarketDataChannelPublishVisitor - Adding Mkt Data Msg ASK: Price=115 Qty=5000
07:01:35.825 [main] DEBUG c.o.v.ReadOnlyMarketDataChannelPublishVisitor - Adding Mkt Data Msg ASK: Price=119 Qty=5600
07:01:35.825 [main] INFO  c.o.channel.MarketDataChannel - [ORDERBOOK] Sending market data update...
07:01:35.826 [main] INFO  c.sequencer.consumer.LoggingConsumer - [11] 
|----BID-----|
    100 @ 98
    200 @ 95
    300 @ 91
|----ASK-----|
   200 @ 110
  5000 @ 115
  5600 @ 119

07:01:35.826 [main] DEBUG c.service.MarketDataService - [ALGO] BID: price:98 quantity:100
07:01:35.826 [main] DEBUG c.service.MarketDataService - [ALGO] BID: price:95 quantity:200
07:01:35.826 [main] DEBUG c.service.MarketDataService - [ALGO] BID: price:91 quantity:300
07:01:35.826 [main] DEBUG c.service.MarketDataService - [ALGO] ASK: price:110 quantity:200
07:01:35.826 [main] DEBUG c.service.MarketDataService - [ALGO] ASK: price:115 quantity:5000
07:01:35.826 [main] DEBUG c.service.MarketDataService - [ALGO] ASK: price:119 quantity:5600
07:01:35.826 [main] INFO  c.gettingstarted.MyAlgoLogic - [MYALGO] In Algo Logic....
07:01:35.826 [main] INFO  c.gettingstarted.MyAlgoLogic - [MYALGO] Algo Sees Book as:
|----BID-----||----ASK----|
    100 @ 98   200 @ 110
    200 @ 95  5000 @ 115
    300 @ 91  5600 @ 119
|------------||-----------|

07:01:35.826 [main] INFO  c.gettingstarted.MyAlgoLogic - [MYALGO] Selling opportunity detected. Price difference: -12.0
07:01:35.827 [main] INFO  c.container.Actioner - [ALGO] Actioner, sending action:CreateChildOrder(side=SELL,quantity=10,price=98)
07:01:35.827 [main] INFO  c.sequencer.consumer.LoggingConsumer - [12] [CreateOrder](sbeTemplateId=4|sbeSchemaId=2|sbeSchemaVersion=0|sbeBlockLength=33):instrumentId=0|price=98|quantity=10|side=SELL|orderId=7
07:01:35.827 [main] INFO  c.o.v.MutatingMatchOneOrderVisitor - [ORDERBOOK] visiting LevelOrderBookLevel(price=98,quantity=100)
07:01:35.827 [main] INFO  c.o.v.MutatingMatchOneOrderVisitor - [ORDERBOOK] visiting LevelOrderBookLevel(price=95,quantity=200)
07:01:35.827 [main] INFO  c.o.v.MutatingMatchOneOrderVisitor - [ORDERBOOK] Can't match order:MktData(price=95,quantity=199)(Limit(side=SELL,orderId=7,price=98,quantity=10))
07:01:35.827 [main] INFO  c.o.v.MutatingMatchOneOrderVisitor - [ORDERBOOK] visiting LevelOrderBookLevel(price=91,quantity=300)
07:01:35.827 [main] INFO  c.o.v.MutatingMatchOneOrderVisitor - [ORDERBOOK] Can't match order:MktData(price=91,quantity=300)(Limit(side=SELL,orderId=7,price=98,quantity=10))
07:01:35.827 [main] DEBUG c.o.v.ReadOnlyMarketDataChannelPublishVisitor - Bid Side Size: 3
07:01:35.827 [main] DEBUG c.o.v.ReadOnlyMarketDataChannelPublishVisitor - Adding Mkt Data Msg BID: Price=98 Qty=100
07:01:35.827 [main] DEBUG c.o.v.ReadOnlyMarketDataChannelPublishVisitor - Adding Mkt Data Msg BID: Price=95 Qty=200
07:01:35.827 [main] DEBUG c.o.v.ReadOnlyMarketDataChannelPublishVisitor - Adding Mkt Data Msg BID: Price=91 Qty=300
07:01:35.827 [main] DEBUG c.o.v.ReadOnlyMarketDataChannelPublishVisitor - Ask Side Size: 3
07:01:35.827 [main] DEBUG c.o.v.ReadOnlyMarketDataChannelPublishVisitor - Adding Mkt Data Msg ASK: Price=110 Qty=200
07:01:35.827 [main] DEBUG c.o.v.ReadOnlyMarketDataChannelPublishVisitor - Adding Mkt Data Msg ASK: Price=115 Qty=5000
07:01:35.827 [main] DEBUG c.o.v.ReadOnlyMarketDataChannelPublishVisitor - Adding Mkt Data Msg ASK: Price=119 Qty=5600
07:01:35.828 [main] INFO  c.o.channel.MarketDataChannel - [ORDERBOOK] Sending market data update...
07:01:35.828 [main] INFO  c.sequencer.consumer.LoggingConsumer - [13] 
|----BID-----|
    100 @ 98
    200 @ 95
    300 @ 91
|----ASK-----|
   200 @ 110
  5000 @ 115
  5600 @ 119

07:01:35.828 [main] DEBUG c.service.MarketDataService - [ALGO] BID: price:98 quantity:100
07:01:35.828 [main] DEBUG c.service.MarketDataService - [ALGO] BID: price:95 quantity:200
07:01:35.828 [main] DEBUG c.service.MarketDataService - [ALGO] BID: price:91 quantity:300
07:01:35.828 [main] DEBUG c.service.MarketDataService - [ALGO] ASK: price:110 quantity:200
07:01:35.828 [main] DEBUG c.service.MarketDataService - [ALGO] ASK: price:115 quantity:5000
07:01:35.828 [main] DEBUG c.service.MarketDataService - [ALGO] ASK: price:119 quantity:5600
07:01:35.828 [main] INFO  c.gettingstarted.MyAlgoLogic - [MYALGO] In Algo Logic....
07:01:35.828 [main] INFO  c.gettingstarted.MyAlgoLogic - [MYALGO] Algo Sees Book as:
|----BID-----||----ASK----|
    100 @ 98   200 @ 110
    200 @ 95  5000 @ 115
    300 @ 91  5600 @ 119
|------------||-----------|

07:01:35.829 [main] INFO  c.gettingstarted.MyAlgoLogic - [MYALGO] Selling opportunity detected. Price difference: -12.0
07:01:35.829 [main] INFO  c.container.Actioner - [ALGO] Actioner, sending action:CreateChildOrder(side=SELL,quantity=10,price=98)
07:01:35.829 [main] INFO  c.sequencer.consumer.LoggingConsumer - [14] [CreateOrder](sbeTemplateId=4|sbeSchemaId=2|sbeSchemaVersion=0|sbeBlockLength=33):instrumentId=0|price=98|quantity=10|side=SELL|orderId=8
07:01:35.829 [main] INFO  c.o.v.MutatingMatchOneOrderVisitor - [ORDERBOOK] visiting LevelOrderBookLevel(price=98,quantity=100)
07:01:35.829 [main] INFO  c.o.v.MutatingMatchOneOrderVisitor - [ORDERBOOK] visiting LevelOrderBookLevel(price=95,quantity=200)
07:01:35.829 [main] INFO  c.o.v.MutatingMatchOneOrderVisitor - [ORDERBOOK] Can't match order:MktData(price=95,quantity=199)(Limit(side=SELL,orderId=8,price=98,quantity=10))
07:01:35.829 [main] INFO  c.o.v.MutatingMatchOneOrderVisitor - [ORDERBOOK] visiting LevelOrderBookLevel(price=91,quantity=300)
07:01:35.829 [main] INFO  c.o.v.MutatingMatchOneOrderVisitor - [ORDERBOOK] Can't match order:MktData(price=91,quantity=300)(Limit(side=SELL,orderId=8,price=98,quantity=10))
07:01:35.829 [main] DEBUG c.o.v.ReadOnlyMarketDataChannelPublishVisitor - Bid Side Size: 3
07:01:35.829 [main] DEBUG c.o.v.ReadOnlyMarketDataChannelPublishVisitor - Adding Mkt Data Msg BID: Price=98 Qty=100
07:01:35.829 [main] DEBUG c.o.v.ReadOnlyMarketDataChannelPublishVisitor - Adding Mkt Data Msg BID: Price=95 Qty=200
07:01:35.829 [main] DEBUG c.o.v.ReadOnlyMarketDataChannelPublishVisitor - Adding Mkt Data Msg BID: Price=91 Qty=300
07:01:35.829 [main] DEBUG c.o.v.ReadOnlyMarketDataChannelPublishVisitor - Ask Side Size: 3
07:01:35.830 [main] DEBUG c.o.v.ReadOnlyMarketDataChannelPublishVisitor - Adding Mkt Data Msg ASK: Price=110 Qty=200
07:01:35.830 [main] DEBUG c.o.v.ReadOnlyMarketDataChannelPublishVisitor - Adding Mkt Data Msg ASK: Price=115 Qty=5000
07:01:35.830 [main] DEBUG c.o.v.ReadOnlyMarketDataChannelPublishVisitor - Adding Mkt Data Msg ASK: Price=119 Qty=5600
07:01:35.830 [main] INFO  c.o.channel.MarketDataChannel - [ORDERBOOK] Sending market data update...
07:01:35.830 [main] INFO  c.sequencer.consumer.LoggingConsumer - [15] 
|----BID-----|
    100 @ 98
    200 @ 95
    300 @ 91
|----ASK-----|
   200 @ 110
  5000 @ 115
  5600 @ 119

07:01:35.830 [main] DEBUG c.service.MarketDataService - [ALGO] BID: price:98 quantity:100
07:01:35.830 [main] DEBUG c.service.MarketDataService - [ALGO] BID: price:95 quantity:200
07:01:35.830 [main] DEBUG c.service.MarketDataService - [ALGO] BID: price:91 quantity:300
07:01:35.830 [main] DEBUG c.service.MarketDataService - [ALGO] ASK: price:110 quantity:200
07:01:35.830 [main] DEBUG c.service.MarketDataService - [ALGO] ASK: price:115 quantity:5000
07:01:35.830 [main] DEBUG c.service.MarketDataService - [ALGO] ASK: price:119 quantity:5600
07:01:35.830 [main] INFO  c.gettingstarted.MyAlgoLogic - [MYALGO] In Algo Logic....
07:01:35.831 [main] INFO  c.gettingstarted.MyAlgoLogic - [MYALGO] Algo Sees Book as:
|----BID-----||----ASK----|
    100 @ 98   200 @ 110
    200 @ 95  5000 @ 115
    300 @ 91  5600 @ 119
|------------||-----------|

07:01:35.831 [main] INFO  c.gettingstarted.MyAlgoLogic - [MYALGO] Selling opportunity detected. Price difference: -12.0
07:01:35.831 [main] INFO  c.container.Actioner - [ALGO] Actioner, sending action:CreateChildOrder(side=SELL,quantity=10,price=98)
07:01:35.831 [main] INFO  c.sequencer.consumer.LoggingConsumer - [16] [CreateOrder](sbeTemplateId=4|sbeSchemaId=2|sbeSchemaVersion=0|sbeBlockLength=33):instrumentId=0|price=98|quantity=10|side=SELL|orderId=9
07:01:35.831 [main] INFO  c.o.v.MutatingMatchOneOrderVisitor - [ORDERBOOK] visiting LevelOrderBookLevel(price=98,quantity=100)
07:01:35.831 [main] INFO  c.o.v.MutatingMatchOneOrderVisitor - [ORDERBOOK] visiting LevelOrderBookLevel(price=95,quantity=200)
07:01:35.831 [main] INFO  c.o.v.MutatingMatchOneOrderVisitor - [ORDERBOOK] Can't match order:MktData(price=95,quantity=199)(Limit(side=SELL,orderId=9,price=98,quantity=10))
07:01:35.831 [main] INFO  c.o.v.MutatingMatchOneOrderVisitor - [ORDERBOOK] visiting LevelOrderBookLevel(price=91,quantity=300)
07:01:35.831 [main] INFO  c.o.v.MutatingMatchOneOrderVisitor - [ORDERBOOK] Can't match order:MktData(price=91,quantity=300)(Limit(side=SELL,orderId=9,price=98,quantity=10))
07:01:35.831 [main] DEBUG c.o.v.ReadOnlyMarketDataChannelPublishVisitor - Bid Side Size: 3
07:01:35.832 [main] DEBUG c.o.v.ReadOnlyMarketDataChannelPublishVisitor - Adding Mkt Data Msg BID: Price=98 Qty=100
07:01:35.832 [main] DEBUG c.o.v.ReadOnlyMarketDataChannelPublishVisitor - Adding Mkt Data Msg BID: Price=95 Qty=200
07:01:35.832 [main] DEBUG c.o.v.ReadOnlyMarketDataChannelPublishVisitor - Adding Mkt Data Msg BID: Price=91 Qty=300
07:01:35.832 [main] DEBUG c.o.v.ReadOnlyMarketDataChannelPublishVisitor - Ask Side Size: 3
07:01:35.832 [main] DEBUG c.o.v.ReadOnlyMarketDataChannelPublishVisitor - Adding Mkt Data Msg ASK: Price=110 Qty=200
07:01:35.832 [main] DEBUG c.o.v.ReadOnlyMarketDataChannelPublishVisitor - Adding Mkt Data Msg ASK: Price=115 Qty=5000
07:01:35.832 [main] DEBUG c.o.v.ReadOnlyMarketDataChannelPublishVisitor - Adding Mkt Data Msg ASK: Price=119 Qty=5600
07:01:35.832 [main] INFO  c.o.channel.MarketDataChannel - [ORDERBOOK] Sending market data update...
07:01:35.832 [main] INFO  c.sequencer.consumer.LoggingConsumer - [17] 
|----BID-----|
    100 @ 98
    200 @ 95
    300 @ 91
|----ASK-----|
   200 @ 110
  5000 @ 115
  5600 @ 119

07:01:35.832 [main] DEBUG c.service.MarketDataService - [ALGO] BID: price:98 quantity:100
07:01:35.832 [main] DEBUG c.service.MarketDataService - [ALGO] BID: price:95 quantity:200
07:01:35.832 [main] DEBUG c.service.MarketDataService - [ALGO] BID: price:91 quantity:300
07:01:35.832 [main] DEBUG c.service.MarketDataService - [ALGO] ASK: price:110 quantity:200
07:01:35.833 [main] DEBUG c.service.MarketDataService - [ALGO] ASK: price:115 quantity:5000
07:01:35.833 [main] DEBUG c.service.MarketDataService - [ALGO] ASK: price:119 quantity:5600
07:01:35.833 [main] INFO  c.gettingstarted.MyAlgoLogic - [MYALGO] In Algo Logic....
07:01:35.833 [main] INFO  c.gettingstarted.MyAlgoLogic - [MYALGO] Algo Sees Book as:
|----BID-----||----ASK----|
    100 @ 98   200 @ 110
    200 @ 95  5000 @ 115
    300 @ 91  5600 @ 119
|------------||-----------|

07:01:35.833 [main] INFO  c.gettingstarted.MyAlgoLogic - [MYALGO] Selling opportunity detected. Price difference: -12.0
07:01:35.833 [main] INFO  c.container.Actioner - [ALGO] Actioner, sending action:CreateChildOrder(side=SELL,quantity=10,price=98)
07:01:35.833 [main] INFO  c.sequencer.consumer.LoggingConsumer - [18] [CreateOrder](sbeTemplateId=4|sbeSchemaId=2|sbeSchemaVersion=0|sbeBlockLength=33):instrumentId=0|price=98|quantity=10|side=SELL|orderId=10
07:01:35.833 [main] INFO  c.o.v.MutatingMatchOneOrderVisitor - [ORDERBOOK] visiting LevelOrderBookLevel(price=98,quantity=100)
07:01:35.833 [main] INFO  c.o.v.MutatingMatchOneOrderVisitor - [ORDERBOOK] visiting LevelOrderBookLevel(price=95,quantity=200)
07:01:35.833 [main] INFO  c.o.v.MutatingMatchOneOrderVisitor - [ORDERBOOK] Can't match order:MktData(price=95,quantity=199)(Limit(side=SELL,orderId=10,price=98,quantity=10))
07:01:35.834 [main] INFO  c.o.v.MutatingMatchOneOrderVisitor - [ORDERBOOK] visiting LevelOrderBookLevel(price=91,quantity=300)
07:01:35.834 [main] INFO  c.o.v.MutatingMatchOneOrderVisitor - [ORDERBOOK] Can't match order:MktData(price=91,quantity=300)(Limit(side=SELL,orderId=10,price=98,quantity=10))
07:01:35.834 [main] DEBUG c.o.v.ReadOnlyMarketDataChannelPublishVisitor - Bid Side Size: 3
07:01:35.834 [main] DEBUG c.o.v.ReadOnlyMarketDataChannelPublishVisitor - Adding Mkt Data Msg BID: Price=98 Qty=100
07:01:35.834 [main] DEBUG c.o.v.ReadOnlyMarketDataChannelPublishVisitor - Adding Mkt Data Msg BID: Price=95 Qty=200
07:01:35.834 [main] DEBUG c.o.v.ReadOnlyMarketDataChannelPublishVisitor - Adding Mkt Data Msg BID: Price=91 Qty=300
07:01:35.834 [main] DEBUG c.o.v.ReadOnlyMarketDataChannelPublishVisitor - Ask Side Size: 3
07:01:35.834 [main] DEBUG c.o.v.ReadOnlyMarketDataChannelPublishVisitor - Adding Mkt Data Msg ASK: Price=110 Qty=200
07:01:35.834 [main] DEBUG c.o.v.ReadOnlyMarketDataChannelPublishVisitor - Adding Mkt Data Msg ASK: Price=115 Qty=5000
07:01:35.834 [main] DEBUG c.o.v.ReadOnlyMarketDataChannelPublishVisitor - Adding Mkt Data Msg ASK: Price=119 Qty=5600
07:01:35.834 [main] INFO  c.o.channel.MarketDataChannel - [ORDERBOOK] Sending market data update...
07:01:35.835 [main] INFO  c.sequencer.consumer.LoggingConsumer - [19] 
|----BID-----|
    100 @ 98
    200 @ 95
    300 @ 91
|----ASK-----|
   200 @ 110
  5000 @ 115
  5600 @ 119

07:01:35.835 [main] DEBUG c.service.MarketDataService - [ALGO] BID: price:98 quantity:100
07:01:35.835 [main] DEBUG c.service.MarketDataService - [ALGO] BID: price:95 quantity:200
07:01:35.835 [main] DEBUG c.service.MarketDataService - [ALGO] BID: price:91 quantity:300
07:01:35.835 [main] DEBUG c.service.MarketDataService - [ALGO] ASK: price:110 quantity:200
07:01:35.835 [main] DEBUG c.service.MarketDataService - [ALGO] ASK: price:115 quantity:5000
07:01:35.835 [main] DEBUG c.service.MarketDataService - [ALGO] ASK: price:119 quantity:5600
07:01:35.835 [main] INFO  c.gettingstarted.MyAlgoLogic - [MYALGO] In Algo Logic....
07:01:35.835 [main] INFO  c.gettingstarted.MyAlgoLogic - [MYALGO] Algo Sees Book as:
|----BID-----||----ASK----|
    100 @ 98   200 @ 110
    200 @ 95  5000 @ 115
    300 @ 91  5600 @ 119
|------------||-----------|

07:01:35.835 [main] INFO  c.gettingstarted.MyAlgoLogic - [MYALGO] Selling opportunity detected. Price difference: -12.0
07:01:35.835 [main] INFO  c.container.Actioner - [ALGO] Actioner, sending action:CreateChildOrder(side=SELL,quantity=10,price=98)
07:01:35.835 [main] INFO  c.sequencer.consumer.LoggingConsumer - [20] [CreateOrder](sbeTemplateId=4|sbeSchemaId=2|sbeSchemaVersion=0|sbeBlockLength=33):instrumentId=0|price=98|quantity=10|side=SELL|orderId=11
07:01:35.836 [main] INFO  c.o.v.MutatingMatchOneOrderVisitor - [ORDERBOOK] visiting LevelOrderBookLevel(price=98,quantity=100)
07:01:35.836 [main] INFO  c.o.v.MutatingMatchOneOrderVisitor - [ORDERBOOK] visiting LevelOrderBookLevel(price=95,quantity=200)
07:01:35.836 [main] INFO  c.o.v.MutatingMatchOneOrderVisitor - [ORDERBOOK] Can't match order:MktData(price=95,quantity=199)(Limit(side=SELL,orderId=11,price=98,quantity=10))
07:01:35.836 [main] INFO  c.o.v.MutatingMatchOneOrderVisitor - [ORDERBOOK] visiting LevelOrderBookLevel(price=91,quantity=300)
07:01:35.836 [main] INFO  c.o.v.MutatingMatchOneOrderVisitor - [ORDERBOOK] Can't match order:MktData(price=91,quantity=300)(Limit(side=SELL,orderId=11,price=98,quantity=10))
07:01:35.836 [main] DEBUG c.o.v.ReadOnlyMarketDataChannelPublishVisitor - Bid Side Size: 3
07:01:35.836 [main] DEBUG c.o.v.ReadOnlyMarketDataChannelPublishVisitor - Adding Mkt Data Msg BID: Price=98 Qty=100
07:01:35.836 [main] DEBUG c.o.v.ReadOnlyMarketDataChannelPublishVisitor - Adding Mkt Data Msg BID: Price=95 Qty=200
07:01:35.836 [main] DEBUG c.o.v.ReadOnlyMarketDataChannelPublishVisitor - Adding Mkt Data Msg BID: Price=91 Qty=300
07:01:35.836 [main] DEBUG c.o.v.ReadOnlyMarketDataChannelPublishVisitor - Ask Side Size: 3
07:01:35.836 [main] DEBUG c.o.v.ReadOnlyMarketDataChannelPublishVisitor - Adding Mkt Data Msg ASK: Price=110 Qty=200
07:01:35.837 [main] DEBUG c.o.v.ReadOnlyMarketDataChannelPublishVisitor - Adding Mkt Data Msg ASK: Price=115 Qty=5000
07:01:35.837 [main] DEBUG c.o.v.ReadOnlyMarketDataChannelPublishVisitor - Adding Mkt Data Msg ASK: Price=119 Qty=5600
07:01:35.837 [main] INFO  c.o.channel.MarketDataChannel - [ORDERBOOK] Sending market data update...
07:01:35.837 [main] INFO  c.sequencer.consumer.LoggingConsumer - [21] 
|----BID-----|
    100 @ 98
    200 @ 95
    300 @ 91
|----ASK-----|
   200 @ 110
  5000 @ 115
  5600 @ 119

07:01:35.837 [main] DEBUG c.service.MarketDataService - [ALGO] BID: price:98 quantity:100
07:01:35.837 [main] DEBUG c.service.MarketDataService - [ALGO] BID: price:95 quantity:200
07:01:35.837 [main] DEBUG c.service.MarketDataService - [ALGO] BID: price:91 quantity:300
07:01:35.837 [main] DEBUG c.service.MarketDataService - [ALGO] ASK: price:110 quantity:200
07:01:35.837 [main] DEBUG c.service.MarketDataService - [ALGO] ASK: price:115 quantity:5000
07:01:35.837 [main] DEBUG c.service.MarketDataService - [ALGO] ASK: price:119 quantity:5600
07:01:35.837 [main] INFO  c.gettingstarted.MyAlgoLogic - [MYALGO] In Algo Logic....
07:01:35.837 [main] INFO  c.gettingstarted.MyAlgoLogic - [MYALGO] Algo Sees Book as:
|----BID-----||----ASK----|
    100 @ 98   200 @ 110
    200 @ 95  5000 @ 115
    300 @ 91  5600 @ 119
|------------||-----------|

07:01:35.838 [main] INFO  c.gettingstarted.MyAlgoLogic - [MYALGO] Selling opportunity detected. Price difference: -12.0
07:01:35.838 [main] INFO  c.container.Actioner - [ALGO] Actioner, sending action:CreateChildOrder(side=SELL,quantity=10,price=98)
07:01:35.838 [main] INFO  c.sequencer.consumer.LoggingConsumer - [22] [CreateOrder](sbeTemplateId=4|sbeSchemaId=2|sbeSchemaVersion=0|sbeBlockLength=33):instrumentId=0|price=98|quantity=10|side=SELL|orderId=12
07:01:35.838 [main] INFO  c.o.v.MutatingMatchOneOrderVisitor - [ORDERBOOK] visiting LevelOrderBookLevel(price=98,quantity=100)
07:01:35.838 [main] INFO  c.o.v.MutatingMatchOneOrderVisitor - [ORDERBOOK] visiting LevelOrderBookLevel(price=95,quantity=200)
07:01:35.838 [main] INFO  c.o.v.MutatingMatchOneOrderVisitor - [ORDERBOOK] Can't match order:MktData(price=95,quantity=199)(Limit(side=SELL,orderId=12,price=98,quantity=10))
07:01:35.838 [main] INFO  c.o.v.MutatingMatchOneOrderVisitor - [ORDERBOOK] visiting LevelOrderBookLevel(price=91,quantity=300)
07:01:35.838 [main] INFO  c.o.v.MutatingMatchOneOrderVisitor - [ORDERBOOK] Can't match order:MktData(price=91,quantity=300)(Limit(side=SELL,orderId=12,price=98,quantity=10))
07:01:35.838 [main] DEBUG c.o.v.ReadOnlyMarketDataChannelPublishVisitor - Bid Side Size: 3
07:01:35.838 [main] DEBUG c.o.v.ReadOnlyMarketDataChannelPublishVisitor - Adding Mkt Data Msg BID: Price=98 Qty=100
07:01:35.838 [main] DEBUG c.o.v.ReadOnlyMarketDataChannelPublishVisitor - Adding Mkt Data Msg BID: Price=95 Qty=200
07:01:35.838 [main] DEBUG c.o.v.ReadOnlyMarketDataChannelPublishVisitor - Adding Mkt Data Msg BID: Price=91 Qty=300
07:01:35.838 [main] DEBUG c.o.v.ReadOnlyMarketDataChannelPublishVisitor - Ask Side Size: 3
07:01:35.838 [main] DEBUG c.o.v.ReadOnlyMarketDataChannelPublishVisitor - Adding Mkt Data Msg ASK: Price=110 Qty=200
07:01:35.838 [main] DEBUG c.o.v.ReadOnlyMarketDataChannelPublishVisitor - Adding Mkt Data Msg ASK: Price=115 Qty=5000
07:01:35.838 [main] DEBUG c.o.v.ReadOnlyMarketDataChannelPublishVisitor - Adding Mkt Data Msg ASK: Price=119 Qty=5600
07:01:35.838 [main] INFO  c.o.channel.MarketDataChannel - [ORDERBOOK] Sending market data update...
07:01:35.839 [main] INFO  c.sequencer.consumer.LoggingConsumer - [23] 
|----BID-----|
    100 @ 98
    200 @ 95
    300 @ 91
|----ASK-----|
   200 @ 110
  5000 @ 115
  5600 @ 119

07:01:35.839 [main] DEBUG c.service.MarketDataService - [ALGO] BID: price:98 quantity:100
07:01:35.839 [main] DEBUG c.service.MarketDataService - [ALGO] BID: price:95 quantity:200
07:01:35.839 [main] DEBUG c.service.MarketDataService - [ALGO] BID: price:91 quantity:300
07:01:35.839 [main] DEBUG c.service.MarketDataService - [ALGO] ASK: price:110 quantity:200
07:01:35.839 [main] DEBUG c.service.MarketDataService - [ALGO] ASK: price:115 quantity:5000
07:01:35.839 [main] DEBUG c.service.MarketDataService - [ALGO] ASK: price:119 quantity:5600
07:01:35.839 [main] INFO  c.gettingstarted.MyAlgoLogic - [MYALGO] In Algo Logic....
07:01:35.839 [main] INFO  c.gettingstarted.MyAlgoLogic - [MYALGO] Algo Sees Book as:
|----BID-----||----ASK----|
    100 @ 98   200 @ 110
    200 @ 95  5000 @ 115
    300 @ 91  5600 @ 119
|------------||-----------|

07:01:35.839 [main] INFO  c.gettingstarted.MyAlgoLogic - [MYALGO] Selling opportunity detected. Price difference: -12.0
07:01:35.839 [main] INFO  c.container.Actioner - [ALGO] Actioner, sending action:CreateChildOrder(side=SELL,quantity=10,price=98)
07:01:35.840 [main] INFO  c.sequencer.consumer.LoggingConsumer - [24] [CreateOrder](sbeTemplateId=4|sbeSchemaId=2|sbeSchemaVersion=0|sbeBlockLength=33):instrumentId=0|price=98|quantity=10|side=SELL|orderId=13
07:01:35.840 [main] INFO  c.o.v.MutatingMatchOneOrderVisitor - [ORDERBOOK] visiting LevelOrderBookLevel(price=98,quantity=100)
07:01:35.840 [main] INFO  c.o.v.MutatingMatchOneOrderVisitor - [ORDERBOOK] visiting LevelOrderBookLevel(price=95,quantity=200)
07:01:35.840 [main] INFO  c.o.v.MutatingMatchOneOrderVisitor - [ORDERBOOK] Can't match order:MktData(price=95,quantity=199)(Limit(side=SELL,orderId=13,price=98,quantity=10))
07:01:35.840 [main] INFO  c.o.v.MutatingMatchOneOrderVisitor - [ORDERBOOK] visiting LevelOrderBookLevel(price=91,quantity=300)
07:01:35.840 [main] INFO  c.o.v.MutatingMatchOneOrderVisitor - [ORDERBOOK] Can't match order:MktData(price=91,quantity=300)(Limit(side=SELL,orderId=13,price=98,quantity=10))
07:01:35.840 [main] DEBUG c.o.v.ReadOnlyMarketDataChannelPublishVisitor - Bid Side Size: 3
07:01:35.840 [main] DEBUG c.o.v.ReadOnlyMarketDataChannelPublishVisitor - Adding Mkt Data Msg BID: Price=98 Qty=100
07:01:35.840 [main] DEBUG c.o.v.ReadOnlyMarketDataChannelPublishVisitor - Adding Mkt Data Msg BID: Price=95 Qty=200
07:01:35.840 [main] DEBUG c.o.v.ReadOnlyMarketDataChannelPublishVisitor - Adding Mkt Data Msg BID: Price=91 Qty=300
07:01:35.840 [main] DEBUG c.o.v.ReadOnlyMarketDataChannelPublishVisitor - Ask Side Size: 3
07:01:35.840 [main] DEBUG c.o.v.ReadOnlyMarketDataChannelPublishVisitor - Adding Mkt Data Msg ASK: Price=110 Qty=200
07:01:35.840 [main] DEBUG c.o.v.ReadOnlyMarketDataChannelPublishVisitor - Adding Mkt Data Msg ASK: Price=115 Qty=5000
07:01:35.840 [main] DEBUG c.o.v.ReadOnlyMarketDataChannelPublishVisitor - Adding Mkt Data Msg ASK: Price=119 Qty=5600
07:01:35.840 [main] INFO  c.o.channel.MarketDataChannel - [ORDERBOOK] Sending market data update...
07:01:35.840 [main] INFO  c.sequencer.consumer.LoggingConsumer - [25] 
|----BID-----|
    100 @ 98
    200 @ 95
    300 @ 91
|----ASK-----|
   200 @ 110
  5000 @ 115
  5600 @ 119

07:01:35.841 [main] DEBUG c.service.MarketDataService - [ALGO] BID: price:98 quantity:100
07:01:35.841 [main] DEBUG c.service.MarketDataService - [ALGO] BID: price:95 quantity:200
07:01:35.841 [main] DEBUG c.service.MarketDataService - [ALGO] BID: price:91 quantity:300
07:01:35.841 [main] DEBUG c.service.MarketDataService - [ALGO] ASK: price:110 quantity:200
07:01:35.841 [main] DEBUG c.service.MarketDataService - [ALGO] ASK: price:115 quantity:5000
07:01:35.841 [main] DEBUG c.service.MarketDataService - [ALGO] ASK: price:119 quantity:5600
07:01:35.841 [main] INFO  c.gettingstarted.MyAlgoLogic - [MYALGO] In Algo Logic....
07:01:35.841 [main] INFO  c.gettingstarted.MyAlgoLogic - [MYALGO] Algo Sees Book as:
|----BID-----||----ASK----|
    100 @ 98   200 @ 110
    200 @ 95  5000 @ 115
    300 @ 91  5600 @ 119
|------------||-----------|

07:01:35.841 [main] INFO  c.gettingstarted.MyAlgoLogic - [MYALGO] Selling opportunity detected. Price difference: -12.0
07:01:35.841 [main] INFO  c.container.Actioner - [ALGO] Actioner, sending action:CreateChildOrder(side=SELL,quantity=10,price=98)
07:01:35.841 [main] INFO  c.sequencer.consumer.LoggingConsumer - [26] [CreateOrder](sbeTemplateId=4|sbeSchemaId=2|sbeSchemaVersion=0|sbeBlockLength=33):instrumentId=0|price=98|quantity=10|side=SELL|orderId=14
07:01:35.842 [main] INFO  c.o.v.MutatingMatchOneOrderVisitor - [ORDERBOOK] visiting LevelOrderBookLevel(price=98,quantity=100)
07:01:35.842 [main] INFO  c.o.v.MutatingMatchOneOrderVisitor - [ORDERBOOK] visiting LevelOrderBookLevel(price=95,quantity=200)
07:01:35.842 [main] INFO  c.o.v.MutatingMatchOneOrderVisitor - [ORDERBOOK] Can't match order:MktData(price=95,quantity=199)(Limit(side=SELL,orderId=14,price=98,quantity=10))
07:01:35.842 [main] INFO  c.o.v.MutatingMatchOneOrderVisitor - [ORDERBOOK] visiting LevelOrderBookLevel(price=91,quantity=300)
07:01:35.842 [main] INFO  c.o.v.MutatingMatchOneOrderVisitor - [ORDERBOOK] Can't match order:MktData(price=91,quantity=300)(Limit(side=SELL,orderId=14,price=98,quantity=10))
07:01:35.842 [main] DEBUG c.o.v.ReadOnlyMarketDataChannelPublishVisitor - Bid Side Size: 3
07:01:35.842 [main] DEBUG c.o.v.ReadOnlyMarketDataChannelPublishVisitor - Adding Mkt Data Msg BID: Price=98 Qty=100
07:01:35.842 [main] DEBUG c.o.v.ReadOnlyMarketDataChannelPublishVisitor - Adding Mkt Data Msg BID: Price=95 Qty=200
07:01:35.842 [main] DEBUG c.o.v.ReadOnlyMarketDataChannelPublishVisitor - Adding Mkt Data Msg BID: Price=91 Qty=300
07:01:35.842 [main] DEBUG c.o.v.ReadOnlyMarketDataChannelPublishVisitor - Ask Side Size: 3
07:01:35.842 [main] DEBUG c.o.v.ReadOnlyMarketDataChannelPublishVisitor - Adding Mkt Data Msg ASK: Price=110 Qty=200
07:01:35.842 [main] DEBUG c.o.v.ReadOnlyMarketDataChannelPublishVisitor - Adding Mkt Data Msg ASK: Price=115 Qty=5000
07:01:35.842 [main] DEBUG c.o.v.ReadOnlyMarketDataChannelPublishVisitor - Adding Mkt Data Msg ASK: Price=119 Qty=5600
07:01:35.842 [main] INFO  c.o.channel.MarketDataChannel - [ORDERBOOK] Sending market data update...
07:01:35.842 [main] INFO  c.sequencer.consumer.LoggingConsumer - [27] 
|----BID-----|
    100 @ 98
    200 @ 95
    300 @ 91
|----ASK-----|
   200 @ 110
  5000 @ 115
  5600 @ 119

07:01:35.842 [main] DEBUG c.service.MarketDataService - [ALGO] BID: price:98 quantity:100
07:01:35.842 [main] DEBUG c.service.MarketDataService - [ALGO] BID: price:95 quantity:200
07:01:35.842 [main] DEBUG c.service.MarketDataService - [ALGO] BID: price:91 quantity:300
07:01:35.843 [main] DEBUG c.service.MarketDataService - [ALGO] ASK: price:110 quantity:200
07:01:35.843 [main] DEBUG c.service.MarketDataService - [ALGO] ASK: price:115 quantity:5000
07:01:35.843 [main] DEBUG c.service.MarketDataService - [ALGO] ASK: price:119 quantity:5600
07:01:35.843 [main] INFO  c.gettingstarted.MyAlgoLogic - [MYALGO] In Algo Logic....
07:01:35.843 [main] INFO  c.gettingstarted.MyAlgoLogic - [MYALGO] Algo Sees Book as:
|----BID-----||----ASK----|
    100 @ 98   200 @ 110
    200 @ 95  5000 @ 115
    300 @ 91  5600 @ 119
|------------||-----------|

07:01:35.843 [main] INFO  c.gettingstarted.MyAlgoLogic - [MYALGO] Selling opportunity detected. Price difference: -12.0
07:01:35.843 [main] INFO  c.container.Actioner - [ALGO] Actioner, sending action:CreateChildOrder(side=SELL,quantity=10,price=98)
07:01:35.843 [main] INFO  c.sequencer.consumer.LoggingConsumer - [28] [CreateOrder](sbeTemplateId=4|sbeSchemaId=2|sbeSchemaVersion=0|sbeBlockLength=33):instrumentId=0|price=98|quantity=10|side=SELL|orderId=15
07:01:35.843 [main] INFO  c.o.v.MutatingMatchOneOrderVisitor - [ORDERBOOK] visiting LevelOrderBookLevel(price=98,quantity=100)
07:01:35.843 [main] INFO  c.o.v.MutatingMatchOneOrderVisitor - [ORDERBOOK] visiting LevelOrderBookLevel(price=95,quantity=200)
07:01:35.843 [main] INFO  c.o.v.MutatingMatchOneOrderVisitor - [ORDERBOOK] Can't match order:MktData(price=95,quantity=199)(Limit(side=SELL,orderId=15,price=98,quantity=10))
07:01:35.843 [main] INFO  c.o.v.MutatingMatchOneOrderVisitor - [ORDERBOOK] visiting LevelOrderBookLevel(price=91,quantity=300)
07:01:35.843 [main] INFO  c.o.v.MutatingMatchOneOrderVisitor - [ORDERBOOK] Can't match order:MktData(price=91,quantity=300)(Limit(side=SELL,orderId=15,price=98,quantity=10))
07:01:35.843 [main] DEBUG c.o.v.ReadOnlyMarketDataChannelPublishVisitor - Bid Side Size: 3
07:01:35.843 [main] DEBUG c.o.v.ReadOnlyMarketDataChannelPublishVisitor - Adding Mkt Data Msg BID: Price=98 Qty=100
07:01:35.843 [main] DEBUG c.o.v.ReadOnlyMarketDataChannelPublishVisitor - Adding Mkt Data Msg BID: Price=95 Qty=200
07:01:35.843 [main] DEBUG c.o.v.ReadOnlyMarketDataChannelPublishVisitor - Adding Mkt Data Msg BID: Price=91 Qty=300
07:01:35.843 [main] DEBUG c.o.v.ReadOnlyMarketDataChannelPublishVisitor - Ask Side Size: 3
07:01:35.844 [main] DEBUG c.o.v.ReadOnlyMarketDataChannelPublishVisitor - Adding Mkt Data Msg ASK: Price=110 Qty=200
07:01:35.844 [main] DEBUG c.o.v.ReadOnlyMarketDataChannelPublishVisitor - Adding Mkt Data Msg ASK: Price=115 Qty=5000
07:01:35.844 [main] DEBUG c.o.v.ReadOnlyMarketDataChannelPublishVisitor - Adding Mkt Data Msg ASK: Price=119 Qty=5600
07:01:35.844 [main] INFO  c.o.channel.MarketDataChannel - [ORDERBOOK] Sending market data update...
07:01:35.844 [main] INFO  c.sequencer.consumer.LoggingConsumer - [29] 
|----BID-----|
    100 @ 98
    200 @ 95
    300 @ 91
|----ASK-----|
   200 @ 110
  5000 @ 115
  5600 @ 119

07:01:35.844 [main] DEBUG c.service.MarketDataService - [ALGO] BID: price:98 quantity:100
07:01:35.844 [main] DEBUG c.service.MarketDataService - [ALGO] BID: price:95 quantity:200
07:01:35.844 [main] DEBUG c.service.MarketDataService - [ALGO] BID: price:91 quantity:300
07:01:35.844 [main] DEBUG c.service.MarketDataService - [ALGO] ASK: price:110 quantity:200
07:01:35.844 [main] DEBUG c.service.MarketDataService - [ALGO] ASK: price:115 quantity:5000
07:01:35.844 [main] DEBUG c.service.MarketDataService - [ALGO] ASK: price:119 quantity:5600
07:01:35.844 [main] INFO  c.gettingstarted.MyAlgoLogic - [MYALGO] In Algo Logic....
07:01:35.844 [main] INFO  c.gettingstarted.MyAlgoLogic - [MYALGO] Algo Sees Book as:
|----BID-----||----ASK----|
    100 @ 98   200 @ 110
    200 @ 95  5000 @ 115
    300 @ 91  5600 @ 119
|------------||-----------|

07:01:35.844 [main] INFO  c.gettingstarted.MyAlgoLogic - [MYALGO] Selling opportunity detected. Price difference: -12.0
07:01:35.844 [main] INFO  c.container.Actioner - [ALGO] Actioner, sending action:CreateChildOrder(side=SELL,quantity=10,price=98)
07:01:35.845 [main] INFO  c.sequencer.consumer.LoggingConsumer - [30] [CreateOrder](sbeTemplateId=4|sbeSchemaId=2|sbeSchemaVersion=0|sbeBlockLength=33):instrumentId=0|price=98|quantity=10|side=SELL|orderId=16
07:01:35.845 [main] INFO  c.o.v.MutatingMatchOneOrderVisitor - [ORDERBOOK] visiting LevelOrderBookLevel(price=98,quantity=100)
07:01:35.845 [main] INFO  c.o.v.MutatingMatchOneOrderVisitor - [ORDERBOOK] visiting LevelOrderBookLevel(price=95,quantity=200)
07:01:35.845 [main] INFO  c.o.v.MutatingMatchOneOrderVisitor - [ORDERBOOK] Can't match order:MktData(price=95,quantity=199)(Limit(side=SELL,orderId=16,price=98,quantity=10))
07:01:35.845 [main] INFO  c.o.v.MutatingMatchOneOrderVisitor - [ORDERBOOK] visiting LevelOrderBookLevel(price=91,quantity=300)
07:01:35.845 [main] INFO  c.o.v.MutatingMatchOneOrderVisitor - [ORDERBOOK] Can't match order:MktData(price=91,quantity=300)(Limit(side=SELL,orderId=16,price=98,quantity=10))
07:01:35.845 [main] DEBUG c.o.v.ReadOnlyMarketDataChannelPublishVisitor - Bid Side Size: 3
07:01:35.845 [main] DEBUG c.o.v.ReadOnlyMarketDataChannelPublishVisitor - Adding Mkt Data Msg BID: Price=98 Qty=100
07:01:35.845 [main] DEBUG c.o.v.ReadOnlyMarketDataChannelPublishVisitor - Adding Mkt Data Msg BID: Price=95 Qty=200
07:01:35.845 [main] DEBUG c.o.v.ReadOnlyMarketDataChannelPublishVisitor - Adding Mkt Data Msg BID: Price=91 Qty=300
07:01:35.845 [main] DEBUG c.o.v.ReadOnlyMarketDataChannelPublishVisitor - Ask Side Size: 3
07:01:35.845 [main] DEBUG c.o.v.ReadOnlyMarketDataChannelPublishVisitor - Adding Mkt Data Msg ASK: Price=110 Qty=200
07:01:35.845 [main] DEBUG c.o.v.ReadOnlyMarketDataChannelPublishVisitor - Adding Mkt Data Msg ASK: Price=115 Qty=5000
07:01:35.845 [main] DEBUG c.o.v.ReadOnlyMarketDataChannelPublishVisitor - Adding Mkt Data Msg ASK: Price=119 Qty=5600
07:01:35.845 [main] INFO  c.o.channel.MarketDataChannel - [ORDERBOOK] Sending market data update...
07:01:35.845 [main] INFO  c.sequencer.consumer.LoggingConsumer - [31] 
|----BID-----|
    100 @ 98
    200 @ 95
    300 @ 91
|----ASK-----|
   200 @ 110
  5000 @ 115
  5600 @ 119

07:01:35.845 [main] DEBUG c.service.MarketDataService - [ALGO] BID: price:98 quantity:100
07:01:35.845 [main] DEBUG c.service.MarketDataService - [ALGO] BID: price:95 quantity:200
07:01:35.845 [main] DEBUG c.service.MarketDataService - [ALGO] BID: price:91 quantity:300
07:01:35.846 [main] DEBUG c.service.MarketDataService - [ALGO] ASK: price:110 quantity:200
07:01:35.846 [main] DEBUG c.service.MarketDataService - [ALGO] ASK: price:115 quantity:5000
07:01:35.846 [main] DEBUG c.service.MarketDataService - [ALGO] ASK: price:119 quantity:5600
07:01:35.846 [main] INFO  c.gettingstarted.MyAlgoLogic - [MYALGO] In Algo Logic....
07:01:35.846 [main] INFO  c.gettingstarted.MyAlgoLogic - [MYALGO] Algo Sees Book as:
|----BID-----||----ASK----|
    100 @ 98   200 @ 110
    200 @ 95  5000 @ 115
    300 @ 91  5600 @ 119
|------------||-----------|

07:01:35.846 [main] INFO  c.gettingstarted.MyAlgoLogic - [MYALGO] Selling opportunity detected. Price difference: -12.0
07:01:35.846 [main] INFO  c.container.Actioner - [ALGO] Actioner, sending action:CreateChildOrder(side=SELL,quantity=10,price=98)
07:01:35.846 [main] INFO  c.sequencer.consumer.LoggingConsumer - [32] [CreateOrder](sbeTemplateId=4|sbeSchemaId=2|sbeSchemaVersion=0|sbeBlockLength=33):instrumentId=0|price=98|quantity=10|side=SELL|orderId=17
07:01:35.846 [main] INFO  c.o.v.MutatingMatchOneOrderVisitor - [ORDERBOOK] visiting LevelOrderBookLevel(price=98,quantity=100)
07:01:35.846 [main] INFO  c.o.v.MutatingMatchOneOrderVisitor - [ORDERBOOK] visiting LevelOrderBookLevel(price=95,quantity=200)
07:01:35.846 [main] INFO  c.o.v.MutatingMatchOneOrderVisitor - [ORDERBOOK] Can't match order:MktData(price=95,quantity=199)(Limit(side=SELL,orderId=17,price=98,quantity=10))
07:01:35.846 [main] INFO  c.o.v.MutatingMatchOneOrderVisitor - [ORDERBOOK] visiting LevelOrderBookLevel(price=91,quantity=300)
07:01:35.846 [main] INFO  c.o.v.MutatingMatchOneOrderVisitor - [ORDERBOOK] Can't match order:MktData(price=91,quantity=300)(Limit(side=SELL,orderId=17,price=98,quantity=10))
07:01:35.846 [main] DEBUG c.o.v.ReadOnlyMarketDataChannelPublishVisitor - Bid Side Size: 3
07:01:35.847 [main] DEBUG c.o.v.ReadOnlyMarketDataChannelPublishVisitor - Adding Mkt Data Msg BID: Price=98 Qty=100
07:01:35.847 [main] DEBUG c.o.v.ReadOnlyMarketDataChannelPublishVisitor - Adding Mkt Data Msg BID: Price=95 Qty=200
07:01:35.847 [main] DEBUG c.o.v.ReadOnlyMarketDataChannelPublishVisitor - Adding Mkt Data Msg BID: Price=91 Qty=300
07:01:35.847 [main] DEBUG c.o.v.ReadOnlyMarketDataChannelPublishVisitor - Ask Side Size: 3
07:01:35.847 [main] DEBUG c.o.v.ReadOnlyMarketDataChannelPublishVisitor - Adding Mkt Data Msg ASK: Price=110 Qty=200
07:01:35.847 [main] DEBUG c.o.v.ReadOnlyMarketDataChannelPublishVisitor - Adding Mkt Data Msg ASK: Price=115 Qty=5000
07:01:35.847 [main] DEBUG c.o.v.ReadOnlyMarketDataChannelPublishVisitor - Adding Mkt Data Msg ASK: Price=119 Qty=5600
07:01:35.847 [main] INFO  c.o.channel.MarketDataChannel - [ORDERBOOK] Sending market data update...
07:01:35.847 [main] INFO  c.sequencer.consumer.LoggingConsumer - [33] 
|----BID-----|
    100 @ 98
    200 @ 95
    300 @ 91
|----ASK-----|
   200 @ 110
  5000 @ 115
  5600 @ 119

07:01:35.847 [main] DEBUG c.service.MarketDataService - [ALGO] BID: price:98 quantity:100
07:01:35.847 [main] DEBUG c.service.MarketDataService - [ALGO] BID: price:95 quantity:200
07:01:35.847 [main] DEBUG c.service.MarketDataService - [ALGO] BID: price:91 quantity:300
07:01:35.847 [main] DEBUG c.service.MarketDataService - [ALGO] ASK: price:110 quantity:200
07:01:35.847 [main] DEBUG c.service.MarketDataService - [ALGO] ASK: price:115 quantity:5000
07:01:35.847 [main] DEBUG c.service.MarketDataService - [ALGO] ASK: price:119 quantity:5600
07:01:35.847 [main] INFO  c.gettingstarted.MyAlgoLogic - [MYALGO] In Algo Logic....
07:01:35.848 [main] INFO  c.gettingstarted.MyAlgoLogic - [MYALGO] Algo Sees Book as:
|----BID-----||----ASK----|
    100 @ 98   200 @ 110
    200 @ 95  5000 @ 115
    300 @ 91  5600 @ 119
|------------||-----------|

07:01:35.848 [main] INFO  c.gettingstarted.MyAlgoLogic - [MYALGO] Selling opportunity detected. Price difference: -12.0
07:01:35.848 [main] INFO  c.container.Actioner - [ALGO] Actioner, sending action:CreateChildOrder(side=SELL,quantity=10,price=98)
07:01:35.848 [main] INFO  c.sequencer.consumer.LoggingConsumer - [34] [CreateOrder](sbeTemplateId=4|sbeSchemaId=2|sbeSchemaVersion=0|sbeBlockLength=33):instrumentId=0|price=98|quantity=10|side=SELL|orderId=18
07:01:35.848 [main] INFO  c.o.v.MutatingMatchOneOrderVisitor - [ORDERBOOK] visiting LevelOrderBookLevel(price=98,quantity=100)
07:01:35.848 [main] INFO  c.o.v.MutatingMatchOneOrderVisitor - [ORDERBOOK] visiting LevelOrderBookLevel(price=95,quantity=200)
07:01:35.848 [main] INFO  c.o.v.MutatingMatchOneOrderVisitor - [ORDERBOOK] Can't match order:MktData(price=95,quantity=199)(Limit(side=SELL,orderId=18,price=98,quantity=10))
07:01:35.848 [main] INFO  c.o.v.MutatingMatchOneOrderVisitor - [ORDERBOOK] visiting LevelOrderBookLevel(price=91,quantity=300)
07:01:35.848 [main] INFO  c.o.v.MutatingMatchOneOrderVisitor - [ORDERBOOK] Can't match order:MktData(price=91,quantity=300)(Limit(side=SELL,orderId=18,price=98,quantity=10))
07:01:35.849 [main] DEBUG c.o.v.ReadOnlyMarketDataChannelPublishVisitor - Bid Side Size: 3
07:01:35.849 [main] DEBUG c.o.v.ReadOnlyMarketDataChannelPublishVisitor - Adding Mkt Data Msg BID: Price=98 Qty=100
07:01:35.849 [main] DEBUG c.o.v.ReadOnlyMarketDataChannelPublishVisitor - Adding Mkt Data Msg BID: Price=95 Qty=200
07:01:35.849 [main] DEBUG c.o.v.ReadOnlyMarketDataChannelPublishVisitor - Adding Mkt Data Msg BID: Price=91 Qty=300
07:01:35.849 [main] DEBUG c.o.v.ReadOnlyMarketDataChannelPublishVisitor - Ask Side Size: 3
07:01:35.849 [main] DEBUG c.o.v.ReadOnlyMarketDataChannelPublishVisitor - Adding Mkt Data Msg ASK: Price=110 Qty=200
07:01:35.849 [main] DEBUG c.o.v.ReadOnlyMarketDataChannelPublishVisitor - Adding Mkt Data Msg ASK: Price=115 Qty=5000
07:01:35.849 [main] DEBUG c.o.v.ReadOnlyMarketDataChannelPublishVisitor - Adding Mkt Data Msg ASK: Price=119 Qty=5600
07:01:35.849 [main] INFO  c.o.channel.MarketDataChannel - [ORDERBOOK] Sending market data update...
07:01:35.849 [main] INFO  c.sequencer.consumer.LoggingConsumer - [35] 
|----BID-----|
    100 @ 98
    200 @ 95
    300 @ 91
|----ASK-----|
   200 @ 110
  5000 @ 115
  5600 @ 119

07:01:35.849 [main] DEBUG c.service.MarketDataService - [ALGO] BID: price:98 quantity:100
07:01:35.849 [main] DEBUG c.service.MarketDataService - [ALGO] BID: price:95 quantity:200
07:01:35.849 [main] DEBUG c.service.MarketDataService - [ALGO] BID: price:91 quantity:300
07:01:35.849 [main] DEBUG c.service.MarketDataService - [ALGO] ASK: price:110 quantity:200
07:01:35.849 [main] DEBUG c.service.MarketDataService - [ALGO] ASK: price:115 quantity:5000
07:01:35.849 [main] DEBUG c.service.MarketDataService - [ALGO] ASK: price:119 quantity:5600
07:01:35.849 [main] INFO  c.gettingstarted.MyAlgoLogic - [MYALGO] In Algo Logic....
07:01:35.850 [main] INFO  c.gettingstarted.MyAlgoLogic - [MYALGO] Algo Sees Book as:
|----BID-----||----ASK----|
    100 @ 98   200 @ 110
    200 @ 95  5000 @ 115
    300 @ 91  5600 @ 119
|------------||-----------|

07:01:35.850 [main] INFO  c.gettingstarted.MyAlgoLogic - [MYALGO] Selling opportunity detected. Price difference: -12.0
07:01:35.850 [main] INFO  c.container.Actioner - [ALGO] Actioner, sending action:CreateChildOrder(side=SELL,quantity=10,price=98)
07:01:35.850 [main] INFO  c.sequencer.consumer.LoggingConsumer - [36] [CreateOrder](sbeTemplateId=4|sbeSchemaId=2|sbeSchemaVersion=0|sbeBlockLength=33):instrumentId=0|price=98|quantity=10|side=SELL|orderId=19
07:01:35.850 [main] INFO  c.o.v.MutatingMatchOneOrderVisitor - [ORDERBOOK] visiting LevelOrderBookLevel(price=98,quantity=100)
07:01:35.850 [main] INFO  c.o.v.MutatingMatchOneOrderVisitor - [ORDERBOOK] visiting LevelOrderBookLevel(price=95,quantity=200)
07:01:35.850 [main] INFO  c.o.v.MutatingMatchOneOrderVisitor - [ORDERBOOK] Can't match order:MktData(price=95,quantity=199)(Limit(side=SELL,orderId=19,price=98,quantity=10))
07:01:35.850 [main] INFO  c.o.v.MutatingMatchOneOrderVisitor - [ORDERBOOK] visiting LevelOrderBookLevel(price=91,quantity=300)
07:01:35.850 [main] INFO  c.o.v.MutatingMatchOneOrderVisitor - [ORDERBOOK] Can't match order:MktData(price=91,quantity=300)(Limit(side=SELL,orderId=19,price=98,quantity=10))
07:01:35.850 [main] DEBUG c.o.v.ReadOnlyMarketDataChannelPublishVisitor - Bid Side Size: 3
07:01:35.850 [main] DEBUG c.o.v.ReadOnlyMarketDataChannelPublishVisitor - Adding Mkt Data Msg BID: Price=98 Qty=100
07:01:35.850 [main] DEBUG c.o.v.ReadOnlyMarketDataChannelPublishVisitor - Adding Mkt Data Msg BID: Price=95 Qty=200
07:01:35.850 [main] DEBUG c.o.v.ReadOnlyMarketDataChannelPublishVisitor - Adding Mkt Data Msg BID: Price=91 Qty=300
07:01:35.850 [main] DEBUG c.o.v.ReadOnlyMarketDataChannelPublishVisitor - Ask Side Size: 3
07:01:35.850 [main] DEBUG c.o.v.ReadOnlyMarketDataChannelPublishVisitor - Adding Mkt Data Msg ASK: Price=110 Qty=200
07:01:35.850 [main] DEBUG c.o.v.ReadOnlyMarketDataChannelPublishVisitor - Adding Mkt Data Msg ASK: Price=115 Qty=5000
07:01:35.850 [main] DEBUG c.o.v.ReadOnlyMarketDataChannelPublishVisitor - Adding Mkt Data Msg ASK: Price=119 Qty=5600
07:01:35.850 [main] INFO  c.o.channel.MarketDataChannel - [ORDERBOOK] Sending market data update...
07:01:35.851 [main] INFO  c.sequencer.consumer.LoggingConsumer - [37] 
|----BID-----|
    100 @ 98
    200 @ 95
    300 @ 91
|----ASK-----|
   200 @ 110
  5000 @ 115
  5600 @ 119

07:01:35.851 [main] DEBUG c.service.MarketDataService - [ALGO] BID: price:98 quantity:100
07:01:35.851 [main] DEBUG c.service.MarketDataService - [ALGO] BID: price:95 quantity:200
07:01:35.851 [main] DEBUG c.service.MarketDataService - [ALGO] BID: price:91 quantity:300
07:01:35.851 [main] DEBUG c.service.MarketDataService - [ALGO] ASK: price:110 quantity:200
07:01:35.851 [main] DEBUG c.service.MarketDataService - [ALGO] ASK: price:115 quantity:5000
07:01:35.851 [main] DEBUG c.service.MarketDataService - [ALGO] ASK: price:119 quantity:5600
07:01:35.851 [main] INFO  c.gettingstarted.MyAlgoLogic - [MYALGO] In Algo Logic....
07:01:35.851 [main] INFO  c.gettingstarted.MyAlgoLogic - [MYALGO] Algo Sees Book as:
|----BID-----||----ASK----|
    100 @ 98   200 @ 110
    200 @ 95  5000 @ 115
    300 @ 91  5600 @ 119
|------------||-----------|

07:01:35.851 [main] INFO  c.gettingstarted.MyAlgoLogic - [MYALGO] Selling opportunity detected. Price difference: -12.0
07:01:35.851 [main] INFO  c.container.Actioner - [ALGO] Actioner, sending action:CreateChildOrder(side=SELL,quantity=10,price=98)
07:01:35.851 [main] INFO  c.sequencer.consumer.LoggingConsumer - [38] [CreateOrder](sbeTemplateId=4|sbeSchemaId=2|sbeSchemaVersion=0|sbeBlockLength=33):instrumentId=0|price=98|quantity=10|side=SELL|orderId=20
07:01:35.851 [main] INFO  c.o.v.MutatingMatchOneOrderVisitor - [ORDERBOOK] visiting LevelOrderBookLevel(price=98,quantity=100)
07:01:35.852 [main] INFO  c.o.v.MutatingMatchOneOrderVisitor - [ORDERBOOK] visiting LevelOrderBookLevel(price=95,quantity=200)
07:01:35.852 [main] INFO  c.o.v.MutatingMatchOneOrderVisitor - [ORDERBOOK] Can't match order:MktData(price=95,quantity=199)(Limit(side=SELL,orderId=20,price=98,quantity=10))
07:01:35.852 [main] INFO  c.o.v.MutatingMatchOneOrderVisitor - [ORDERBOOK] visiting LevelOrderBookLevel(price=91,quantity=300)
07:01:35.852 [main] INFO  c.o.v.MutatingMatchOneOrderVisitor - [ORDERBOOK] Can't match order:MktData(price=91,quantity=300)(Limit(side=SELL,orderId=20,price=98,quantity=10))
07:01:35.852 [main] DEBUG c.o.v.ReadOnlyMarketDataChannelPublishVisitor - Bid Side Size: 3
07:01:35.852 [main] DEBUG c.o.v.ReadOnlyMarketDataChannelPublishVisitor - Adding Mkt Data Msg BID: Price=98 Qty=100
07:01:35.852 [main] DEBUG c.o.v.ReadOnlyMarketDataChannelPublishVisitor - Adding Mkt Data Msg BID: Price=95 Qty=200
07:01:35.853 [main] DEBUG c.o.v.ReadOnlyMarketDataChannelPublishVisitor - Adding Mkt Data Msg BID: Price=91 Qty=300
07:01:35.853 [main] DEBUG c.o.v.ReadOnlyMarketDataChannelPublishVisitor - Ask Side Size: 3
07:01:35.853 [main] DEBUG c.o.v.ReadOnlyMarketDataChannelPublishVisitor - Adding Mkt Data Msg ASK: Price=110 Qty=200
07:01:35.853 [main] DEBUG c.o.v.ReadOnlyMarketDataChannelPublishVisitor - Adding Mkt Data Msg ASK: Price=115 Qty=5000
07:01:35.853 [main] DEBUG c.o.v.ReadOnlyMarketDataChannelPublishVisitor - Adding Mkt Data Msg ASK: Price=119 Qty=5600
07:01:35.853 [main] INFO  c.o.channel.MarketDataChannel - [ORDERBOOK] Sending market data update...
07:01:35.853 [main] INFO  c.sequencer.consumer.LoggingConsumer - [39] 
|----BID-----|
    100 @ 98
    200 @ 95
    300 @ 91
|----ASK-----|
   200 @ 110
  5000 @ 115
  5600 @ 119

07:01:35.853 [main] DEBUG c.service.MarketDataService - [ALGO] BID: price:98 quantity:100
07:01:35.853 [main] DEBUG c.service.MarketDataService - [ALGO] BID: price:95 quantity:200
07:01:35.853 [main] DEBUG c.service.MarketDataService - [ALGO] BID: price:91 quantity:300
07:01:35.853 [main] DEBUG c.service.MarketDataService - [ALGO] ASK: price:110 quantity:200
07:01:35.853 [main] DEBUG c.service.MarketDataService - [ALGO] ASK: price:115 quantity:5000
07:01:35.853 [main] DEBUG c.service.MarketDataService - [ALGO] ASK: price:119 quantity:5600
07:01:35.853 [main] INFO  c.gettingstarted.MyAlgoLogic - [MYALGO] In Algo Logic....
07:01:35.853 [main] INFO  c.gettingstarted.MyAlgoLogic - [MYALGO] Algo Sees Book as:
|----BID-----||----ASK----|
    100 @ 98   200 @ 110
    200 @ 95  5000 @ 115
    300 @ 91  5600 @ 119
|------------||-----------|

07:01:35.854 [main] INFO  c.gettingstarted.MyAlgoLogic - [MYALGO] Selling opportunity detected. Price difference: -12.0
07:01:35.854 [main] INFO  c.container.Actioner - [ALGO] Actioner, sending action:CreateChildOrder(side=SELL,quantity=10,price=98)
07:01:35.854 [main] INFO  c.sequencer.consumer.LoggingConsumer - [40] [CreateOrder](sbeTemplateId=4|sbeSchemaId=2|sbeSchemaVersion=0|sbeBlockLength=33):instrumentId=0|price=98|quantity=10|side=SELL|orderId=21
07:01:35.854 [main] INFO  c.o.v.MutatingMatchOneOrderVisitor - [ORDERBOOK] visiting LevelOrderBookLevel(price=98,quantity=100)
07:01:35.854 [main] INFO  c.o.v.MutatingMatchOneOrderVisitor - [ORDERBOOK] visiting LevelOrderBookLevel(price=95,quantity=200)
07:01:35.854 [main] INFO  c.o.v.MutatingMatchOneOrderVisitor - [ORDERBOOK] Can't match order:MktData(price=95,quantity=199)(Limit(side=SELL,orderId=21,price=98,quantity=10))
07:01:35.854 [main] INFO  c.o.v.MutatingMatchOneOrderVisitor - [ORDERBOOK] visiting LevelOrderBookLevel(price=91,quantity=300)
07:01:35.854 [main] INFO  c.o.v.MutatingMatchOneOrderVisitor - [ORDERBOOK] Can't match order:MktData(price=91,quantity=300)(Limit(side=SELL,orderId=21,price=98,quantity=10))
07:01:35.854 [main] DEBUG c.o.v.ReadOnlyMarketDataChannelPublishVisitor - Bid Side Size: 3
07:01:35.854 [main] DEBUG c.o.v.ReadOnlyMarketDataChannelPublishVisitor - Adding Mkt Data Msg BID: Price=98 Qty=100
07:01:35.854 [main] DEBUG c.o.v.ReadOnlyMarketDataChannelPublishVisitor - Adding Mkt Data Msg BID: Price=95 Qty=200
07:01:35.854 [main] DEBUG c.o.v.ReadOnlyMarketDataChannelPublishVisitor - Adding Mkt Data Msg BID: Price=91 Qty=300
07:01:35.854 [main] DEBUG c.o.v.ReadOnlyMarketDataChannelPublishVisitor - Ask Side Size: 3
07:01:35.854 [main] DEBUG c.o.v.ReadOnlyMarketDataChannelPublishVisitor - Adding Mkt Data Msg ASK: Price=110 Qty=200
07:01:35.854 [main] DEBUG c.o.v.ReadOnlyMarketDataChannelPublishVisitor - Adding Mkt Data Msg ASK: Price=115 Qty=5000
07:01:35.854 [main] DEBUG c.o.v.ReadOnlyMarketDataChannelPublishVisitor - Adding Mkt Data Msg ASK: Price=119 Qty=5600
07:01:35.854 [main] INFO  c.o.channel.MarketDataChannel - [ORDERBOOK] Sending market data update...
07:01:35.854 [main] INFO  c.sequencer.consumer.LoggingConsumer - [41] 
|----BID-----|
    100 @ 98
    200 @ 95
    300 @ 91
|----ASK-----|
   200 @ 110
  5000 @ 115
  5600 @ 119

07:01:35.855 [main] DEBUG c.service.MarketDataService - [ALGO] BID: price:98 quantity:100
07:01:35.855 [main] DEBUG c.service.MarketDataService - [ALGO] BID: price:95 quantity:200
07:01:35.855 [main] DEBUG c.service.MarketDataService - [ALGO] BID: price:91 quantity:300
07:01:35.855 [main] DEBUG c.service.MarketDataService - [ALGO] ASK: price:110 quantity:200
07:01:35.855 [main] DEBUG c.service.MarketDataService - [ALGO] ASK: price:115 quantity:5000
07:01:35.855 [main] DEBUG c.service.MarketDataService - [ALGO] ASK: price:119 quantity:5600
07:01:35.855 [main] INFO  c.gettingstarted.MyAlgoLogic - [MYALGO] In Algo Logic....
07:01:35.855 [main] INFO  c.gettingstarted.MyAlgoLogic - [MYALGO] Algo Sees Book as:
|----BID-----||----ASK----|
    100 @ 98   200 @ 110
    200 @ 95  5000 @ 115
    300 @ 91  5600 @ 119
|------------||-----------|

07:01:35.855 [main] INFO  c.gettingstarted.MyAlgoLogic - [MYALGO] Selling opportunity detected. Price difference: -12.0
07:01:35.855 [main] INFO  c.container.Actioner - [ALGO] Actioner, sending action:CreateChildOrder(side=SELL,quantity=10,price=98)
07:01:35.855 [main] INFO  c.sequencer.consumer.LoggingConsumer - [42] [CreateOrder](sbeTemplateId=4|sbeSchemaId=2|sbeSchemaVersion=0|sbeBlockLength=33):instrumentId=0|price=98|quantity=10|side=SELL|orderId=22
07:01:35.855 [main] INFO  c.o.v.MutatingMatchOneOrderVisitor - [ORDERBOOK] visiting LevelOrderBookLevel(price=98,quantity=100)
07:01:35.855 [main] INFO  c.o.v.MutatingMatchOneOrderVisitor - [ORDERBOOK] visiting LevelOrderBookLevel(price=95,quantity=200)
07:01:35.855 [main] INFO  c.o.v.MutatingMatchOneOrderVisitor - [ORDERBOOK] Can't match order:MktData(price=95,quantity=199)(Limit(side=SELL,orderId=22,price=98,quantity=10))
07:01:35.855 [main] INFO  c.o.v.MutatingMatchOneOrderVisitor - [ORDERBOOK] visiting LevelOrderBookLevel(price=91,quantity=300)
07:01:35.855 [main] INFO  c.o.v.MutatingMatchOneOrderVisitor - [ORDERBOOK] Can't match order:MktData(price=91,quantity=300)(Limit(side=SELL,orderId=22,price=98,quantity=10))
07:01:35.855 [main] DEBUG c.o.v.ReadOnlyMarketDataChannelPublishVisitor - Bid Side Size: 3
07:01:35.855 [main] DEBUG c.o.v.ReadOnlyMarketDataChannelPublishVisitor - Adding Mkt Data Msg BID: Price=98 Qty=100
07:01:35.855 [main] DEBUG c.o.v.ReadOnlyMarketDataChannelPublishVisitor - Adding Mkt Data Msg BID: Price=95 Qty=200
07:01:35.855 [main] DEBUG c.o.v.ReadOnlyMarketDataChannelPublishVisitor - Adding Mkt Data Msg BID: Price=91 Qty=300
07:01:35.855 [main] DEBUG c.o.v.ReadOnlyMarketDataChannelPublishVisitor - Ask Side Size: 3
07:01:35.855 [main] DEBUG c.o.v.ReadOnlyMarketDataChannelPublishVisitor - Adding Mkt Data Msg ASK: Price=110 Qty=200
07:01:35.855 [main] DEBUG c.o.v.ReadOnlyMarketDataChannelPublishVisitor - Adding Mkt Data Msg ASK: Price=115 Qty=5000
07:01:35.855 [main] DEBUG c.o.v.ReadOnlyMarketDataChannelPublishVisitor - Adding Mkt Data Msg ASK: Price=119 Qty=5600
07:01:35.855 [main] INFO  c.o.channel.MarketDataChannel - [ORDERBOOK] Sending market data update...
07:01:35.856 [main] INFO  c.sequencer.consumer.LoggingConsumer - [43] 
|----BID-----|
    100 @ 98
    200 @ 95
    300 @ 91
|----ASK-----|
   200 @ 110
  5000 @ 115
  5600 @ 119

07:01:35.856 [main] DEBUG c.service.MarketDataService - [ALGO] BID: price:98 quantity:100
07:01:35.856 [main] DEBUG c.service.MarketDataService - [ALGO] BID: price:95 quantity:200
07:01:35.856 [main] DEBUG c.service.MarketDataService - [ALGO] BID: price:91 quantity:300
07:01:35.856 [main] DEBUG c.service.MarketDataService - [ALGO] ASK: price:110 quantity:200
07:01:35.856 [main] DEBUG c.service.MarketDataService - [ALGO] ASK: price:115 quantity:5000
07:01:35.856 [main] DEBUG c.service.MarketDataService - [ALGO] ASK: price:119 quantity:5600
07:01:35.856 [main] INFO  c.gettingstarted.MyAlgoLogic - [MYALGO] In Algo Logic....
07:01:35.856 [main] INFO  c.gettingstarted.MyAlgoLogic - [MYALGO] Algo Sees Book as:
|----BID-----||----ASK----|
    100 @ 98   200 @ 110
    200 @ 95  5000 @ 115
    300 @ 91  5600 @ 119
|------------||-----------|

]]></system-out>
  </testcase>
</testsuite>