<?xml version="1.0" encoding="UTF-8"?>
<testsuite xmlns:xsi="http://www.w3.org/2001/XMLSchema-instance" xsi:noNamespaceSchemaLocation="https://maven.apache.org/surefire/maven-surefire-plugin/xsd/surefire-test-report-3.0.xsd" version="3.0" name="codingblackfemales.gettingstarted.MyAlgoBackTest" time="0.041" tests="1" errors="0" skipped="0" failures="0">
  <properties>
[...]
</properties>
  <testcase name="testExampleBackTest" classname="codingblackfemales.gettingstarted.MyAlgoBackTest" time="0.04">
    <system-out><![CDATA[11:36:09.602 [main] INFO  c.sequencer.consumer.LoggingConsumer - [1] 
|----BID-----|
    100 @ 98
    200 @ 95
    300 @ 91
|----ASK-----|
    101 @ 90
   200 @ 110
  5000 @ 115
  5600 @ 119

11:36:09.602 [main] INFO  c.orderbook.OrderBook - [ORDERBOOK] Processing Mkt Data Update
11:36:09.602 [main] DEBUG c.orderbook.OrderBook - [ORDERBOOK] ASK: Adding orderMktData(price=98,quantity=100)
11:36:09.602 [main] DEBUG c.orderbook.OrderBook - [ORDERBOOK] ASK: Adding orderMktData(price=95,quantity=200)
11:36:09.603 [main] DEBUG c.orderbook.OrderBook - [ORDERBOOK] ASK: Adding orderMktData(price=91,quantity=300)
11:36:09.603 [main] DEBUG c.orderbook.OrderBook - [ORDERBOOK] ASK: Adding orderMktData(price=90,quantity=101)
11:36:09.603 [main] INFO  c.o.v.MutatingMatchOneMarketDataOrderVisitor - [ORDERBOOK] visiting LevelOrderBookLevel(price=98,quantity=100)
11:36:09.603 [main] INFO  c.o.v.MutatingMatchOneMarketDataOrderVisitor - [ORDERBOOK] Have found order we can match:MktData(price=98,quantity=100)(MktData(price=90,quantity=101))
11:36:09.603 [main] INFO  c.o.v.MutatingMatchOneMarketDataOrderVisitor - [ORDERBOOK] visiting LevelOrderBookLevel(price=95,quantity=200)
11:36:09.604 [main] INFO  c.o.v.MutatingMatchOneMarketDataOrderVisitor - [ORDERBOOK] Have found order we can match:MktData(price=95,quantity=200)(MktData(price=90,quantity=101))
11:36:09.604 [main] INFO  c.o.v.MutatingMatchOneMarketDataOrderVisitor - [ORDERBOOK] visiting LevelOrderBookLevel(price=91,quantity=300)
11:36:09.604 [main] INFO  c.o.v.MutatingMatchOneMarketDataOrderVisitor - [ORDERBOOK] Have found order we can match:MktData(price=91,quantity=300)(MktData(price=90,quantity=101))
11:36:09.604 [main] DEBUG c.orderbook.OrderBook - [ORDERBOOK] ASK: Adding orderMktData(price=110,quantity=200)
11:36:09.604 [main] DEBUG c.orderbook.OrderBook - [ORDERBOOK] ASK: Adding orderMktData(price=115,quantity=5000)
11:36:09.604 [main] DEBUG c.orderbook.OrderBook - [ORDERBOOK] ASK: Adding orderMktData(price=119,quantity=5600)
11:36:09.604 [main] DEBUG c.service.MarketDataService - [ALGO] BID: price:98 quantity:100
11:36:09.604 [main] DEBUG c.service.MarketDataService - [ALGO] BID: price:95 quantity:200
11:36:09.604 [main] DEBUG c.service.MarketDataService - [ALGO] BID: price:91 quantity:300
11:36:09.604 [main] DEBUG c.service.MarketDataService - [ALGO] ASK: price:90 quantity:101
11:36:09.604 [main] DEBUG c.service.MarketDataService - [ALGO] ASK: price:110 quantity:200
11:36:09.604 [main] DEBUG c.service.MarketDataService - [ALGO] ASK: price:115 quantity:5000
11:36:09.604 [main] DEBUG c.service.MarketDataService - [ALGO] ASK: price:119 quantity:5600
11:36:09.604 [main] INFO  c.gettingstarted.MyAlgoLogic - [MYALGO] In Algo Logic....
11:36:09.605 [main] INFO  c.gettingstarted.MyAlgoLogic - [MYALGO] Algo Sees Book as:
|----BID-----||----ASK----|
    100 @ 98    101 @ 90
    200 @ 95   200 @ 110
    300 @ 91  5000 @ 115
          -   5600 @ 119
|------------||-----------|

11:36:09.605 [main] INFO  c.gettingstarted.MyAlgoLogic - [MYALGO] Buying opportunity detected. Price difference: 8.0
11:36:09.605 [main] INFO  c.container.Actioner - [ALGO] Actioner, sending action:CreateChildOrder(side=BUY,quantity=10,price=90)
11:36:09.605 [main] INFO  c.sequencer.consumer.LoggingConsumer - [2] [CreateOrder](sbeTemplateId=4|sbeSchemaId=2|sbeSchemaVersion=0|sbeBlockLength=33):instrumentId=0|price=90|quantity=10|side=BUY|orderId=2
11:36:09.608 [main] INFO  c.orderbook.OrderBook - [ORDERBOOK] Adding passive limit order to BID bookLimit(side=BUY,orderId=2,price=90,quantity=10)
11:36:09.609 [main] DEBUG c.o.v.ReadOnlyMarketDataChannelPublishVisitor - Bid Side Size: 4
11:36:09.609 [main] DEBUG c.o.v.ReadOnlyMarketDataChannelPublishVisitor - Adding Mkt Data Msg BID: Price=98 Qty=100
11:36:09.609 [main] DEBUG c.o.v.ReadOnlyMarketDataChannelPublishVisitor - Adding Mkt Data Msg BID: Price=95 Qty=200
11:36:09.609 [main] DEBUG c.o.v.ReadOnlyMarketDataChannelPublishVisitor - Adding Mkt Data Msg BID: Price=91 Qty=300
11:36:09.609 [main] DEBUG c.o.v.ReadOnlyMarketDataChannelPublishVisitor - Adding Mkt Data Msg BID: Price=90 Qty=10
11:36:09.609 [main] DEBUG c.o.v.ReadOnlyMarketDataChannelPublishVisitor - Ask Side Size: 3
11:36:09.609 [main] DEBUG c.o.v.ReadOnlyMarketDataChannelPublishVisitor - Adding Mkt Data Msg ASK: Price=110 Qty=200
11:36:09.609 [main] DEBUG c.o.v.ReadOnlyMarketDataChannelPublishVisitor - Adding Mkt Data Msg ASK: Price=115 Qty=5000
11:36:09.609 [main] DEBUG c.o.v.ReadOnlyMarketDataChannelPublishVisitor - Adding Mkt Data Msg ASK: Price=119 Qty=5600
11:36:09.609 [main] INFO  c.o.channel.MarketDataChannel - [ORDERBOOK] Sending market data update...
11:36:09.610 [main] INFO  c.sequencer.consumer.LoggingConsumer - [3] 
|----BID-----|
    100 @ 98
    200 @ 95
    300 @ 91
     10 @ 90
|----ASK-----|
   200 @ 110
  5000 @ 115
  5600 @ 119

11:36:09.610 [main] DEBUG c.service.MarketDataService - [ALGO] BID: price:98 quantity:100
11:36:09.610 [main] DEBUG c.service.MarketDataService - [ALGO] BID: price:95 quantity:200
11:36:09.610 [main] DEBUG c.service.MarketDataService - [ALGO] BID: price:91 quantity:300
11:36:09.610 [main] DEBUG c.service.MarketDataService - [ALGO] BID: price:90 quantity:10
11:36:09.610 [main] DEBUG c.service.MarketDataService - [ALGO] ASK: price:110 quantity:200
11:36:09.610 [main] DEBUG c.service.MarketDataService - [ALGO] ASK: price:115 quantity:5000
11:36:09.610 [main] DEBUG c.service.MarketDataService - [ALGO] ASK: price:119 quantity:5600
11:36:09.610 [main] INFO  c.gettingstarted.MyAlgoLogic - [MYALGO] In Algo Logic....
11:36:09.610 [main] INFO  c.gettingstarted.MyAlgoLogic - [MYALGO] Algo Sees Book as:
|----BID-----||----ASK----|
    100 @ 98   200 @ 110
    200 @ 95  5000 @ 115
    300 @ 91  5600 @ 119
     10 @ 90          - 
|------------||-----------|

11:36:09.610 [main] INFO  c.gettingstarted.MyAlgoLogic - [MYALGO] Selling opportunity detected. Price difference: -12.0
11:36:09.610 [main] INFO  c.container.Actioner - [ALGO] Actioner, sending action:CreateChildOrder(side=SELL,quantity=10,price=98)
11:36:09.611 [main] INFO  c.sequencer.consumer.LoggingConsumer - [4] [CreateOrder](sbeTemplateId=4|sbeSchemaId=2|sbeSchemaVersion=0|sbeBlockLength=33):instrumentId=0|price=98|quantity=10|side=SELL|orderId=3
11:36:09.611 [main] INFO  c.o.v.MutatingMatchOneOrderVisitor - [ORDERBOOK] visiting LevelOrderBookLevel(price=98,quantity=100)
11:36:09.611 [main] INFO  c.o.v.MutatingMatchOneOrderVisitor - [ORDERBOOK] visiting LevelOrderBookLevel(price=95,quantity=200)
11:36:09.611 [main] INFO  c.o.v.MutatingMatchOneOrderVisitor - [ORDERBOOK] Can't match order:MktData(price=95,quantity=199)(Limit(side=SELL,orderId=3,price=98,quantity=10))
11:36:09.611 [main] INFO  c.o.v.MutatingMatchOneOrderVisitor - [ORDERBOOK] visiting LevelOrderBookLevel(price=91,quantity=300)
11:36:09.611 [main] INFO  c.o.v.MutatingMatchOneOrderVisitor - [ORDERBOOK] Can't match order:MktData(price=91,quantity=300)(Limit(side=SELL,orderId=3,price=98,quantity=10))
11:36:09.611 [main] INFO  c.o.v.MutatingMatchOneOrderVisitor - [ORDERBOOK] visiting LevelOrderBookLevel(price=90,quantity=10)
11:36:09.611 [main] INFO  c.o.v.MutatingMatchOneOrderVisitor - [ORDERBOOK] Can't match order:Limit(side=BUY,orderId=2,price=90,quantity=10)(Limit(side=SELL,orderId=3,price=98,quantity=10))
11:36:09.612 [main] DEBUG c.o.v.ReadOnlyMarketDataChannelPublishVisitor - Bid Side Size: 4
11:36:09.612 [main] DEBUG c.o.v.ReadOnlyMarketDataChannelPublishVisitor - Adding Mkt Data Msg BID: Price=98 Qty=100
11:36:09.612 [main] DEBUG c.o.v.ReadOnlyMarketDataChannelPublishVisitor - Adding Mkt Data Msg BID: Price=95 Qty=200
11:36:09.612 [main] DEBUG c.o.v.ReadOnlyMarketDataChannelPublishVisitor - Adding Mkt Data Msg BID: Price=91 Qty=300
11:36:09.612 [main] DEBUG c.o.v.ReadOnlyMarketDataChannelPublishVisitor - Adding Mkt Data Msg BID: Price=90 Qty=10
11:36:09.612 [main] DEBUG c.o.v.ReadOnlyMarketDataChannelPublishVisitor - Ask Side Size: 3
11:36:09.612 [main] DEBUG c.o.v.ReadOnlyMarketDataChannelPublishVisitor - Adding Mkt Data Msg ASK: Price=110 Qty=200
11:36:09.612 [main] DEBUG c.o.v.ReadOnlyMarketDataChannelPublishVisitor - Adding Mkt Data Msg ASK: Price=115 Qty=5000
11:36:09.612 [main] DEBUG c.o.v.ReadOnlyMarketDataChannelPublishVisitor - Adding Mkt Data Msg ASK: Price=119 Qty=5600
11:36:09.612 [main] INFO  c.o.channel.MarketDataChannel - [ORDERBOOK] Sending market data update...
11:36:09.612 [main] INFO  c.sequencer.consumer.LoggingConsumer - [5] 
|----BID-----|
    100 @ 98
    200 @ 95
    300 @ 91
     10 @ 90
|----ASK-----|
   200 @ 110
  5000 @ 115
  5600 @ 119

11:36:09.612 [main] DEBUG c.service.MarketDataService - [ALGO] BID: price:98 quantity:100
11:36:09.612 [main] DEBUG c.service.MarketDataService - [ALGO] BID: price:95 quantity:200
11:36:09.612 [main] DEBUG c.service.MarketDataService - [ALGO] BID: price:91 quantity:300
11:36:09.612 [main] DEBUG c.service.MarketDataService - [ALGO] BID: price:90 quantity:10
11:36:09.612 [main] DEBUG c.service.MarketDataService - [ALGO] ASK: price:110 quantity:200
11:36:09.613 [main] DEBUG c.service.MarketDataService - [ALGO] ASK: price:115 quantity:5000
11:36:09.613 [main] DEBUG c.service.MarketDataService - [ALGO] ASK: price:119 quantity:5600
11:36:09.613 [main] INFO  c.gettingstarted.MyAlgoLogic - [MYALGO] In Algo Logic....
11:36:09.613 [main] INFO  c.gettingstarted.MyAlgoLogic - [MYALGO] Algo Sees Book as:
|----BID-----||----ASK----|
    100 @ 98   200 @ 110
    200 @ 95  5000 @ 115
    300 @ 91  5600 @ 119
     10 @ 90          - 
|------------||-----------|

11:36:09.613 [main] INFO  c.gettingstarted.MyAlgoLogic - [MYALGO] Selling opportunity detected. Price difference: -12.0
11:36:09.613 [main] INFO  c.container.Actioner - [ALGO] Actioner, sending action:CreateChildOrder(side=SELL,quantity=10,price=98)
11:36:09.613 [main] INFO  c.sequencer.consumer.LoggingConsumer - [6] [CreateOrder](sbeTemplateId=4|sbeSchemaId=2|sbeSchemaVersion=0|sbeBlockLength=33):instrumentId=0|price=98|quantity=10|side=SELL|orderId=4
11:36:09.613 [main] INFO  c.o.v.MutatingMatchOneOrderVisitor - [ORDERBOOK] visiting LevelOrderBookLevel(price=98,quantity=100)
11:36:09.613 [main] INFO  c.o.v.MutatingMatchOneOrderVisitor - [ORDERBOOK] visiting LevelOrderBookLevel(price=95,quantity=200)
11:36:09.613 [main] INFO  c.o.v.MutatingMatchOneOrderVisitor - [ORDERBOOK] Can't match order:MktData(price=95,quantity=199)(Limit(side=SELL,orderId=4,price=98,quantity=10))
11:36:09.613 [main] INFO  c.o.v.MutatingMatchOneOrderVisitor - [ORDERBOOK] visiting LevelOrderBookLevel(price=91,quantity=300)
11:36:09.613 [main] INFO  c.o.v.MutatingMatchOneOrderVisitor - [ORDERBOOK] Can't match order:MktData(price=91,quantity=300)(Limit(side=SELL,orderId=4,price=98,quantity=10))
11:36:09.613 [main] INFO  c.o.v.MutatingMatchOneOrderVisitor - [ORDERBOOK] visiting LevelOrderBookLevel(price=90,quantity=10)
11:36:09.613 [main] INFO  c.o.v.MutatingMatchOneOrderVisitor - [ORDERBOOK] Can't match order:Limit(side=BUY,orderId=2,price=90,quantity=10)(Limit(side=SELL,orderId=4,price=98,quantity=10))
11:36:09.614 [main] DEBUG c.o.v.ReadOnlyMarketDataChannelPublishVisitor - Bid Side Size: 4
11:36:09.614 [main] DEBUG c.o.v.ReadOnlyMarketDataChannelPublishVisitor - Adding Mkt Data Msg BID: Price=98 Qty=100
11:36:09.614 [main] DEBUG c.o.v.ReadOnlyMarketDataChannelPublishVisitor - Adding Mkt Data Msg BID: Price=95 Qty=200
11:36:09.614 [main] DEBUG c.o.v.ReadOnlyMarketDataChannelPublishVisitor - Adding Mkt Data Msg BID: Price=91 Qty=300
11:36:09.614 [main] DEBUG c.o.v.ReadOnlyMarketDataChannelPublishVisitor - Adding Mkt Data Msg BID: Price=90 Qty=10
11:36:09.614 [main] DEBUG c.o.v.ReadOnlyMarketDataChannelPublishVisitor - Ask Side Size: 3
11:36:09.614 [main] DEBUG c.o.v.ReadOnlyMarketDataChannelPublishVisitor - Adding Mkt Data Msg ASK: Price=110 Qty=200
11:36:09.614 [main] DEBUG c.o.v.ReadOnlyMarketDataChannelPublishVisitor - Adding Mkt Data Msg ASK: Price=115 Qty=5000
11:36:09.614 [main] DEBUG c.o.v.ReadOnlyMarketDataChannelPublishVisitor - Adding Mkt Data Msg ASK: Price=119 Qty=5600
11:36:09.614 [main] INFO  c.o.channel.MarketDataChannel - [ORDERBOOK] Sending market data update...
11:36:09.614 [main] INFO  c.sequencer.consumer.LoggingConsumer - [7] 
|----BID-----|
    100 @ 98
    200 @ 95
    300 @ 91
     10 @ 90
|----ASK-----|
   200 @ 110
  5000 @ 115
  5600 @ 119

11:36:09.614 [main] DEBUG c.service.MarketDataService - [ALGO] BID: price:98 quantity:100
11:36:09.614 [main] DEBUG c.service.MarketDataService - [ALGO] BID: price:95 quantity:200
11:36:09.614 [main] DEBUG c.service.MarketDataService - [ALGO] BID: price:91 quantity:300
11:36:09.614 [main] DEBUG c.service.MarketDataService - [ALGO] BID: price:90 quantity:10
11:36:09.614 [main] DEBUG c.service.MarketDataService - [ALGO] ASK: price:110 quantity:200
11:36:09.614 [main] DEBUG c.service.MarketDataService - [ALGO] ASK: price:115 quantity:5000
11:36:09.614 [main] DEBUG c.service.MarketDataService - [ALGO] ASK: price:119 quantity:5600
11:36:09.614 [main] INFO  c.gettingstarted.MyAlgoLogic - [MYALGO] In Algo Logic....
11:36:09.615 [main] INFO  c.gettingstarted.MyAlgoLogic - [MYALGO] Algo Sees Book as:
|----BID-----||----ASK----|
    100 @ 98   200 @ 110
    200 @ 95  5000 @ 115
    300 @ 91  5600 @ 119
     10 @ 90          - 
|------------||-----------|

11:36:09.615 [main] INFO  c.gettingstarted.MyAlgoLogic - [MYALGO] Selling opportunity detected. Price difference: -12.0
11:36:09.615 [main] INFO  c.container.Actioner - [ALGO] Actioner, sending action:CreateChildOrder(side=SELL,quantity=10,price=98)
11:36:09.615 [main] INFO  c.sequencer.consumer.LoggingConsumer - [8] [CreateOrder](sbeTemplateId=4|sbeSchemaId=2|sbeSchemaVersion=0|sbeBlockLength=33):instrumentId=0|price=98|quantity=10|side=SELL|orderId=5
11:36:09.615 [main] INFO  c.o.v.MutatingMatchOneOrderVisitor - [ORDERBOOK] visiting LevelOrderBookLevel(price=98,quantity=100)
11:36:09.615 [main] INFO  c.o.v.MutatingMatchOneOrderVisitor - [ORDERBOOK] visiting LevelOrderBookLevel(price=95,quantity=200)
11:36:09.615 [main] INFO  c.o.v.MutatingMatchOneOrderVisitor - [ORDERBOOK] Can't match order:MktData(price=95,quantity=199)(Limit(side=SELL,orderId=5,price=98,quantity=10))
11:36:09.615 [main] INFO  c.o.v.MutatingMatchOneOrderVisitor - [ORDERBOOK] visiting LevelOrderBookLevel(price=91,quantity=300)
11:36:09.615 [main] INFO  c.o.v.MutatingMatchOneOrderVisitor - [ORDERBOOK] Can't match order:MktData(price=91,quantity=300)(Limit(side=SELL,orderId=5,price=98,quantity=10))
11:36:09.615 [main] INFO  c.o.v.MutatingMatchOneOrderVisitor - [ORDERBOOK] visiting LevelOrderBookLevel(price=90,quantity=10)
11:36:09.615 [main] INFO  c.o.v.MutatingMatchOneOrderVisitor - [ORDERBOOK] Can't match order:Limit(side=BUY,orderId=2,price=90,quantity=10)(Limit(side=SELL,orderId=5,price=98,quantity=10))
11:36:09.615 [main] DEBUG c.o.v.ReadOnlyMarketDataChannelPublishVisitor - Bid Side Size: 4
11:36:09.615 [main] DEBUG c.o.v.ReadOnlyMarketDataChannelPublishVisitor - Adding Mkt Data Msg BID: Price=98 Qty=100
11:36:09.615 [main] DEBUG c.o.v.ReadOnlyMarketDataChannelPublishVisitor - Adding Mkt Data Msg BID: Price=95 Qty=200
11:36:09.615 [main] DEBUG c.o.v.ReadOnlyMarketDataChannelPublishVisitor - Adding Mkt Data Msg BID: Price=91 Qty=300
11:36:09.615 [main] DEBUG c.o.v.ReadOnlyMarketDataChannelPublishVisitor - Adding Mkt Data Msg BID: Price=90 Qty=10
11:36:09.615 [main] DEBUG c.o.v.ReadOnlyMarketDataChannelPublishVisitor - Ask Side Size: 3
11:36:09.615 [main] DEBUG c.o.v.ReadOnlyMarketDataChannelPublishVisitor - Adding Mkt Data Msg ASK: Price=110 Qty=200
11:36:09.615 [main] DEBUG c.o.v.ReadOnlyMarketDataChannelPublishVisitor - Adding Mkt Data Msg ASK: Price=115 Qty=5000
11:36:09.615 [main] DEBUG c.o.v.ReadOnlyMarketDataChannelPublishVisitor - Adding Mkt Data Msg ASK: Price=119 Qty=5600
11:36:09.616 [main] INFO  c.o.channel.MarketDataChannel - [ORDERBOOK] Sending market data update...
11:36:09.616 [main] INFO  c.sequencer.consumer.LoggingConsumer - [9] 
|----BID-----|
    100 @ 98
    200 @ 95
    300 @ 91
     10 @ 90
|----ASK-----|
   200 @ 110
  5000 @ 115
  5600 @ 119

11:36:09.616 [main] DEBUG c.service.MarketDataService - [ALGO] BID: price:98 quantity:100
11:36:09.616 [main] DEBUG c.service.MarketDataService - [ALGO] BID: price:95 quantity:200
11:36:09.616 [main] DEBUG c.service.MarketDataService - [ALGO] BID: price:91 quantity:300
11:36:09.616 [main] DEBUG c.service.MarketDataService - [ALGO] BID: price:90 quantity:10
11:36:09.616 [main] DEBUG c.service.MarketDataService - [ALGO] ASK: price:110 quantity:200
11:36:09.616 [main] DEBUG c.service.MarketDataService - [ALGO] ASK: price:115 quantity:5000
11:36:09.616 [main] DEBUG c.service.MarketDataService - [ALGO] ASK: price:119 quantity:5600
11:36:09.616 [main] INFO  c.gettingstarted.MyAlgoLogic - [MYALGO] In Algo Logic....
11:36:09.616 [main] INFO  c.gettingstarted.MyAlgoLogic - [MYALGO] Algo Sees Book as:
|----BID-----||----ASK----|
    100 @ 98   200 @ 110
    200 @ 95  5000 @ 115
    300 @ 91  5600 @ 119
     10 @ 90          - 
|------------||-----------|

11:36:09.616 [main] INFO  c.gettingstarted.MyAlgoLogic - [MYALGO] Selling opportunity detected. Price difference: -12.0
11:36:09.616 [main] INFO  c.container.Actioner - [ALGO] Actioner, sending action:CreateChildOrder(side=SELL,quantity=10,price=98)
11:36:09.616 [main] INFO  c.sequencer.consumer.LoggingConsumer - [10] [CreateOrder](sbeTemplateId=4|sbeSchemaId=2|sbeSchemaVersion=0|sbeBlockLength=33):instrumentId=0|price=98|quantity=10|side=SELL|orderId=6
11:36:09.617 [main] INFO  c.o.v.MutatingMatchOneOrderVisitor - [ORDERBOOK] visiting LevelOrderBookLevel(price=98,quantity=100)
11:36:09.617 [main] INFO  c.o.v.MutatingMatchOneOrderVisitor - [ORDERBOOK] visiting LevelOrderBookLevel(price=95,quantity=200)
11:36:09.617 [main] INFO  c.o.v.MutatingMatchOneOrderVisitor - [ORDERBOOK] Can't match order:MktData(price=95,quantity=199)(Limit(side=SELL,orderId=6,price=98,quantity=10))
11:36:09.617 [main] INFO  c.o.v.MutatingMatchOneOrderVisitor - [ORDERBOOK] visiting LevelOrderBookLevel(price=91,quantity=300)
11:36:09.617 [main] INFO  c.o.v.MutatingMatchOneOrderVisitor - [ORDERBOOK] Can't match order:MktData(price=91,quantity=300)(Limit(side=SELL,orderId=6,price=98,quantity=10))
11:36:09.617 [main] INFO  c.o.v.MutatingMatchOneOrderVisitor - [ORDERBOOK] visiting LevelOrderBookLevel(price=90,quantity=10)
11:36:09.617 [main] INFO  c.o.v.MutatingMatchOneOrderVisitor - [ORDERBOOK] Can't match order:Limit(side=BUY,orderId=2,price=90,quantity=10)(Limit(side=SELL,orderId=6,price=98,quantity=10))
11:36:09.617 [main] DEBUG c.o.v.ReadOnlyMarketDataChannelPublishVisitor - Bid Side Size: 4
11:36:09.617 [main] DEBUG c.o.v.ReadOnlyMarketDataChannelPublishVisitor - Adding Mkt Data Msg BID: Price=98 Qty=100
11:36:09.617 [main] DEBUG c.o.v.ReadOnlyMarketDataChannelPublishVisitor - Adding Mkt Data Msg BID: Price=95 Qty=200
11:36:09.617 [main] DEBUG c.o.v.ReadOnlyMarketDataChannelPublishVisitor - Adding Mkt Data Msg BID: Price=91 Qty=300
11:36:09.617 [main] DEBUG c.o.v.ReadOnlyMarketDataChannelPublishVisitor - Adding Mkt Data Msg BID: Price=90 Qty=10
11:36:09.617 [main] DEBUG c.o.v.ReadOnlyMarketDataChannelPublishVisitor - Ask Side Size: 3
11:36:09.617 [main] DEBUG c.o.v.ReadOnlyMarketDataChannelPublishVisitor - Adding Mkt Data Msg ASK: Price=110 Qty=200
11:36:09.617 [main] DEBUG c.o.v.ReadOnlyMarketDataChannelPublishVisitor - Adding Mkt Data Msg ASK: Price=115 Qty=5000
11:36:09.617 [main] DEBUG c.o.v.ReadOnlyMarketDataChannelPublishVisitor - Adding Mkt Data Msg ASK: Price=119 Qty=5600
11:36:09.617 [main] INFO  c.o.channel.MarketDataChannel - [ORDERBOOK] Sending market data update...
11:36:09.617 [main] INFO  c.sequencer.consumer.LoggingConsumer - [11] 
|----BID-----|
    100 @ 98
    200 @ 95
    300 @ 91
     10 @ 90
|----ASK-----|
   200 @ 110
  5000 @ 115
  5600 @ 119

11:36:09.617 [main] DEBUG c.service.MarketDataService - [ALGO] BID: price:98 quantity:100
11:36:09.617 [main] DEBUG c.service.MarketDataService - [ALGO] BID: price:95 quantity:200
11:36:09.617 [main] DEBUG c.service.MarketDataService - [ALGO] BID: price:91 quantity:300
11:36:09.617 [main] DEBUG c.service.MarketDataService - [ALGO] BID: price:90 quantity:10
11:36:09.617 [main] DEBUG c.service.MarketDataService - [ALGO] ASK: price:110 quantity:200
11:36:09.618 [main] DEBUG c.service.MarketDataService - [ALGO] ASK: price:115 quantity:5000
11:36:09.618 [main] DEBUG c.service.MarketDataService - [ALGO] ASK: price:119 quantity:5600
11:36:09.618 [main] INFO  c.gettingstarted.MyAlgoLogic - [MYALGO] In Algo Logic....
11:36:09.618 [main] INFO  c.gettingstarted.MyAlgoLogic - [MYALGO] Algo Sees Book as:
|----BID-----||----ASK----|
    100 @ 98   200 @ 110
    200 @ 95  5000 @ 115
    300 @ 91  5600 @ 119
     10 @ 90          - 
|------------||-----------|

11:36:09.618 [main] INFO  c.gettingstarted.MyAlgoLogic - [MYALGO] Selling opportunity detected. Price difference: -12.0
11:36:09.618 [main] INFO  c.container.Actioner - [ALGO] Actioner, sending action:CreateChildOrder(side=SELL,quantity=10,price=98)
11:36:09.618 [main] INFO  c.sequencer.consumer.LoggingConsumer - [12] [CreateOrder](sbeTemplateId=4|sbeSchemaId=2|sbeSchemaVersion=0|sbeBlockLength=33):instrumentId=0|price=98|quantity=10|side=SELL|orderId=7
11:36:09.618 [main] INFO  c.o.v.MutatingMatchOneOrderVisitor - [ORDERBOOK] visiting LevelOrderBookLevel(price=98,quantity=100)
11:36:09.618 [main] INFO  c.o.v.MutatingMatchOneOrderVisitor - [ORDERBOOK] visiting LevelOrderBookLevel(price=95,quantity=200)
11:36:09.618 [main] INFO  c.o.v.MutatingMatchOneOrderVisitor - [ORDERBOOK] Can't match order:MktData(price=95,quantity=199)(Limit(side=SELL,orderId=7,price=98,quantity=10))
11:36:09.618 [main] INFO  c.o.v.MutatingMatchOneOrderVisitor - [ORDERBOOK] visiting LevelOrderBookLevel(price=91,quantity=300)
11:36:09.618 [main] INFO  c.o.v.MutatingMatchOneOrderVisitor - [ORDERBOOK] Can't match order:MktData(price=91,quantity=300)(Limit(side=SELL,orderId=7,price=98,quantity=10))
11:36:09.618 [main] INFO  c.o.v.MutatingMatchOneOrderVisitor - [ORDERBOOK] visiting LevelOrderBookLevel(price=90,quantity=10)
11:36:09.618 [main] INFO  c.o.v.MutatingMatchOneOrderVisitor - [ORDERBOOK] Can't match order:Limit(side=BUY,orderId=2,price=90,quantity=10)(Limit(side=SELL,orderId=7,price=98,quantity=10))
11:36:09.618 [main] DEBUG c.o.v.ReadOnlyMarketDataChannelPublishVisitor - Bid Side Size: 4
11:36:09.618 [main] DEBUG c.o.v.ReadOnlyMarketDataChannelPublishVisitor - Adding Mkt Data Msg BID: Price=98 Qty=100
11:36:09.618 [main] DEBUG c.o.v.ReadOnlyMarketDataChannelPublishVisitor - Adding Mkt Data Msg BID: Price=95 Qty=200
11:36:09.618 [main] DEBUG c.o.v.ReadOnlyMarketDataChannelPublishVisitor - Adding Mkt Data Msg BID: Price=91 Qty=300
11:36:09.618 [main] DEBUG c.o.v.ReadOnlyMarketDataChannelPublishVisitor - Adding Mkt Data Msg BID: Price=90 Qty=10
11:36:09.618 [main] DEBUG c.o.v.ReadOnlyMarketDataChannelPublishVisitor - Ask Side Size: 3
11:36:09.618 [main] DEBUG c.o.v.ReadOnlyMarketDataChannelPublishVisitor - Adding Mkt Data Msg ASK: Price=110 Qty=200
11:36:09.618 [main] DEBUG c.o.v.ReadOnlyMarketDataChannelPublishVisitor - Adding Mkt Data Msg ASK: Price=115 Qty=5000
11:36:09.618 [main] DEBUG c.o.v.ReadOnlyMarketDataChannelPublishVisitor - Adding Mkt Data Msg ASK: Price=119 Qty=5600
11:36:09.619 [main] INFO  c.o.channel.MarketDataChannel - [ORDERBOOK] Sending market data update...
11:36:09.619 [main] INFO  c.sequencer.consumer.LoggingConsumer - [13] 
|----BID-----|
    100 @ 98
    200 @ 95
    300 @ 91
     10 @ 90
|----ASK-----|
   200 @ 110
  5000 @ 115
  5600 @ 119

11:36:09.619 [main] DEBUG c.service.MarketDataService - [ALGO] BID: price:98 quantity:100
11:36:09.619 [main] DEBUG c.service.MarketDataService - [ALGO] BID: price:95 quantity:200
11:36:09.619 [main] DEBUG c.service.MarketDataService - [ALGO] BID: price:91 quantity:300
11:36:09.619 [main] DEBUG c.service.MarketDataService - [ALGO] BID: price:90 quantity:10
11:36:09.619 [main] DEBUG c.service.MarketDataService - [ALGO] ASK: price:110 quantity:200
11:36:09.619 [main] DEBUG c.service.MarketDataService - [ALGO] ASK: price:115 quantity:5000
11:36:09.619 [main] DEBUG c.service.MarketDataService - [ALGO] ASK: price:119 quantity:5600
11:36:09.619 [main] INFO  c.gettingstarted.MyAlgoLogic - [MYALGO] In Algo Logic....
11:36:09.619 [main] INFO  c.gettingstarted.MyAlgoLogic - [MYALGO] Algo Sees Book as:
|----BID-----||----ASK----|
    100 @ 98   200 @ 110
    200 @ 95  5000 @ 115
    300 @ 91  5600 @ 119
     10 @ 90          - 
|------------||-----------|

11:36:09.619 [main] INFO  c.gettingstarted.MyAlgoLogic - [MYALGO] Selling opportunity detected. Price difference: -12.0
11:36:09.619 [main] INFO  c.container.Actioner - [ALGO] Actioner, sending action:CreateChildOrder(side=SELL,quantity=10,price=98)
11:36:09.619 [main] INFO  c.sequencer.consumer.LoggingConsumer - [14] [CreateOrder](sbeTemplateId=4|sbeSchemaId=2|sbeSchemaVersion=0|sbeBlockLength=33):instrumentId=0|price=98|quantity=10|side=SELL|orderId=8
11:36:09.619 [main] INFO  c.o.v.MutatingMatchOneOrderVisitor - [ORDERBOOK] visiting LevelOrderBookLevel(price=98,quantity=100)
11:36:09.619 [main] INFO  c.o.v.MutatingMatchOneOrderVisitor - [ORDERBOOK] visiting LevelOrderBookLevel(price=95,quantity=200)
11:36:09.619 [main] INFO  c.o.v.MutatingMatchOneOrderVisitor - [ORDERBOOK] Can't match order:MktData(price=95,quantity=199)(Limit(side=SELL,orderId=8,price=98,quantity=10))
11:36:09.619 [main] INFO  c.o.v.MutatingMatchOneOrderVisitor - [ORDERBOOK] visiting LevelOrderBookLevel(price=91,quantity=300)
11:36:09.620 [main] INFO  c.o.v.MutatingMatchOneOrderVisitor - [ORDERBOOK] Can't match order:MktData(price=91,quantity=300)(Limit(side=SELL,orderId=8,price=98,quantity=10))
11:36:09.620 [main] INFO  c.o.v.MutatingMatchOneOrderVisitor - [ORDERBOOK] visiting LevelOrderBookLevel(price=90,quantity=10)
11:36:09.620 [main] INFO  c.o.v.MutatingMatchOneOrderVisitor - [ORDERBOOK] Can't match order:Limit(side=BUY,orderId=2,price=90,quantity=10)(Limit(side=SELL,orderId=8,price=98,quantity=10))
11:36:09.620 [main] DEBUG c.o.v.ReadOnlyMarketDataChannelPublishVisitor - Bid Side Size: 4
11:36:09.620 [main] DEBUG c.o.v.ReadOnlyMarketDataChannelPublishVisitor - Adding Mkt Data Msg BID: Price=98 Qty=100
11:36:09.620 [main] DEBUG c.o.v.ReadOnlyMarketDataChannelPublishVisitor - Adding Mkt Data Msg BID: Price=95 Qty=200
11:36:09.620 [main] DEBUG c.o.v.ReadOnlyMarketDataChannelPublishVisitor - Adding Mkt Data Msg BID: Price=91 Qty=300
11:36:09.620 [main] DEBUG c.o.v.ReadOnlyMarketDataChannelPublishVisitor - Adding Mkt Data Msg BID: Price=90 Qty=10
11:36:09.620 [main] DEBUG c.o.v.ReadOnlyMarketDataChannelPublishVisitor - Ask Side Size: 3
11:36:09.620 [main] DEBUG c.o.v.ReadOnlyMarketDataChannelPublishVisitor - Adding Mkt Data Msg ASK: Price=110 Qty=200
11:36:09.620 [main] DEBUG c.o.v.ReadOnlyMarketDataChannelPublishVisitor - Adding Mkt Data Msg ASK: Price=115 Qty=5000
11:36:09.620 [main] DEBUG c.o.v.ReadOnlyMarketDataChannelPublishVisitor - Adding Mkt Data Msg ASK: Price=119 Qty=5600
11:36:09.620 [main] INFO  c.o.channel.MarketDataChannel - [ORDERBOOK] Sending market data update...
11:36:09.620 [main] INFO  c.sequencer.consumer.LoggingConsumer - [15] 
|----BID-----|
    100 @ 98
    200 @ 95
    300 @ 91
     10 @ 90
|----ASK-----|
   200 @ 110
  5000 @ 115
  5600 @ 119

11:36:09.620 [main] DEBUG c.service.MarketDataService - [ALGO] BID: price:98 quantity:100
11:36:09.620 [main] DEBUG c.service.MarketDataService - [ALGO] BID: price:95 quantity:200
11:36:09.620 [main] DEBUG c.service.MarketDataService - [ALGO] BID: price:91 quantity:300
11:36:09.620 [main] DEBUG c.service.MarketDataService - [ALGO] BID: price:90 quantity:10
11:36:09.620 [main] DEBUG c.service.MarketDataService - [ALGO] ASK: price:110 quantity:200
11:36:09.620 [main] DEBUG c.service.MarketDataService - [ALGO] ASK: price:115 quantity:5000
11:36:09.620 [main] DEBUG c.service.MarketDataService - [ALGO] ASK: price:119 quantity:5600
11:36:09.620 [main] INFO  c.gettingstarted.MyAlgoLogic - [MYALGO] In Algo Logic....
11:36:09.621 [main] INFO  c.gettingstarted.MyAlgoLogic - [MYALGO] Algo Sees Book as:
|----BID-----||----ASK----|
    100 @ 98   200 @ 110
    200 @ 95  5000 @ 115
    300 @ 91  5600 @ 119
     10 @ 90          - 
|------------||-----------|

11:36:09.621 [main] INFO  c.gettingstarted.MyAlgoLogic - [MYALGO] Selling opportunity detected. Price difference: -12.0
11:36:09.621 [main] INFO  c.container.Actioner - [ALGO] Actioner, sending action:CreateChildOrder(side=SELL,quantity=10,price=98)
11:36:09.621 [main] INFO  c.sequencer.consumer.LoggingConsumer - [16] [CreateOrder](sbeTemplateId=4|sbeSchemaId=2|sbeSchemaVersion=0|sbeBlockLength=33):instrumentId=0|price=98|quantity=10|side=SELL|orderId=9
11:36:09.621 [main] INFO  c.o.v.MutatingMatchOneOrderVisitor - [ORDERBOOK] visiting LevelOrderBookLevel(price=98,quantity=100)
11:36:09.621 [main] INFO  c.o.v.MutatingMatchOneOrderVisitor - [ORDERBOOK] visiting LevelOrderBookLevel(price=95,quantity=200)
11:36:09.621 [main] INFO  c.o.v.MutatingMatchOneOrderVisitor - [ORDERBOOK] Can't match order:MktData(price=95,quantity=199)(Limit(side=SELL,orderId=9,price=98,quantity=10))
11:36:09.621 [main] INFO  c.o.v.MutatingMatchOneOrderVisitor - [ORDERBOOK] visiting LevelOrderBookLevel(price=91,quantity=300)
11:36:09.621 [main] INFO  c.o.v.MutatingMatchOneOrderVisitor - [ORDERBOOK] Can't match order:MktData(price=91,quantity=300)(Limit(side=SELL,orderId=9,price=98,quantity=10))
11:36:09.621 [main] INFO  c.o.v.MutatingMatchOneOrderVisitor - [ORDERBOOK] visiting LevelOrderBookLevel(price=90,quantity=10)
11:36:09.621 [main] INFO  c.o.v.MutatingMatchOneOrderVisitor - [ORDERBOOK] Can't match order:Limit(side=BUY,orderId=2,price=90,quantity=10)(Limit(side=SELL,orderId=9,price=98,quantity=10))
11:36:09.621 [main] DEBUG c.o.v.ReadOnlyMarketDataChannelPublishVisitor - Bid Side Size: 4
11:36:09.621 [main] DEBUG c.o.v.ReadOnlyMarketDataChannelPublishVisitor - Adding Mkt Data Msg BID: Price=98 Qty=100
11:36:09.621 [main] DEBUG c.o.v.ReadOnlyMarketDataChannelPublishVisitor - Adding Mkt Data Msg BID: Price=95 Qty=200
11:36:09.621 [main] DEBUG c.o.v.ReadOnlyMarketDataChannelPublishVisitor - Adding Mkt Data Msg BID: Price=91 Qty=300
11:36:09.621 [main] DEBUG c.o.v.ReadOnlyMarketDataChannelPublishVisitor - Adding Mkt Data Msg BID: Price=90 Qty=10
11:36:09.621 [main] DEBUG c.o.v.ReadOnlyMarketDataChannelPublishVisitor - Ask Side Size: 3
11:36:09.621 [main] DEBUG c.o.v.ReadOnlyMarketDataChannelPublishVisitor - Adding Mkt Data Msg ASK: Price=110 Qty=200
11:36:09.621 [main] DEBUG c.o.v.ReadOnlyMarketDataChannelPublishVisitor - Adding Mkt Data Msg ASK: Price=115 Qty=5000
11:36:09.621 [main] DEBUG c.o.v.ReadOnlyMarketDataChannelPublishVisitor - Adding Mkt Data Msg ASK: Price=119 Qty=5600
11:36:09.621 [main] INFO  c.o.channel.MarketDataChannel - [ORDERBOOK] Sending market data update...
11:36:09.622 [main] INFO  c.sequencer.consumer.LoggingConsumer - [17] 
|----BID-----|
    100 @ 98
    200 @ 95
    300 @ 91
     10 @ 90
|----ASK-----|
   200 @ 110
  5000 @ 115
  5600 @ 119

11:36:09.622 [main] DEBUG c.service.MarketDataService - [ALGO] BID: price:98 quantity:100
11:36:09.622 [main] DEBUG c.service.MarketDataService - [ALGO] BID: price:95 quantity:200
11:36:09.622 [main] DEBUG c.service.MarketDataService - [ALGO] BID: price:91 quantity:300
11:36:09.622 [main] DEBUG c.service.MarketDataService - [ALGO] BID: price:90 quantity:10
11:36:09.622 [main] DEBUG c.service.MarketDataService - [ALGO] ASK: price:110 quantity:200
11:36:09.622 [main] DEBUG c.service.MarketDataService - [ALGO] ASK: price:115 quantity:5000
11:36:09.622 [main] DEBUG c.service.MarketDataService - [ALGO] ASK: price:119 quantity:5600
11:36:09.622 [main] INFO  c.gettingstarted.MyAlgoLogic - [MYALGO] In Algo Logic....
11:36:09.622 [main] INFO  c.gettingstarted.MyAlgoLogic - [MYALGO] Algo Sees Book as:
|----BID-----||----ASK----|
    100 @ 98   200 @ 110
    200 @ 95  5000 @ 115
    300 @ 91  5600 @ 119
     10 @ 90          - 
|------------||-----------|

11:36:09.622 [main] INFO  c.gettingstarted.MyAlgoLogic - [MYALGO] Selling opportunity detected. Price difference: -12.0
11:36:09.622 [main] INFO  c.container.Actioner - [ALGO] Actioner, sending action:CreateChildOrder(side=SELL,quantity=10,price=98)
11:36:09.622 [main] INFO  c.sequencer.consumer.LoggingConsumer - [18] [CreateOrder](sbeTemplateId=4|sbeSchemaId=2|sbeSchemaVersion=0|sbeBlockLength=33):instrumentId=0|price=98|quantity=10|side=SELL|orderId=10
11:36:09.622 [main] INFO  c.o.v.MutatingMatchOneOrderVisitor - [ORDERBOOK] visiting LevelOrderBookLevel(price=98,quantity=100)
11:36:09.622 [main] INFO  c.o.v.MutatingMatchOneOrderVisitor - [ORDERBOOK] visiting LevelOrderBookLevel(price=95,quantity=200)
11:36:09.622 [main] INFO  c.o.v.MutatingMatchOneOrderVisitor - [ORDERBOOK] Can't match order:MktData(price=95,quantity=199)(Limit(side=SELL,orderId=10,price=98,quantity=10))
11:36:09.622 [main] INFO  c.o.v.MutatingMatchOneOrderVisitor - [ORDERBOOK] visiting LevelOrderBookLevel(price=91,quantity=300)
11:36:09.622 [main] INFO  c.o.v.MutatingMatchOneOrderVisitor - [ORDERBOOK] Can't match order:MktData(price=91,quantity=300)(Limit(side=SELL,orderId=10,price=98,quantity=10))
11:36:09.622 [main] INFO  c.o.v.MutatingMatchOneOrderVisitor - [ORDERBOOK] visiting LevelOrderBookLevel(price=90,quantity=10)
11:36:09.622 [main] INFO  c.o.v.MutatingMatchOneOrderVisitor - [ORDERBOOK] Can't match order:Limit(side=BUY,orderId=2,price=90,quantity=10)(Limit(side=SELL,orderId=10,price=98,quantity=10))
11:36:09.622 [main] DEBUG c.o.v.ReadOnlyMarketDataChannelPublishVisitor - Bid Side Size: 4
11:36:09.623 [main] DEBUG c.o.v.ReadOnlyMarketDataChannelPublishVisitor - Adding Mkt Data Msg BID: Price=98 Qty=100
11:36:09.623 [main] DEBUG c.o.v.ReadOnlyMarketDataChannelPublishVisitor - Adding Mkt Data Msg BID: Price=95 Qty=200
11:36:09.623 [main] DEBUG c.o.v.ReadOnlyMarketDataChannelPublishVisitor - Adding Mkt Data Msg BID: Price=91 Qty=300
11:36:09.623 [main] DEBUG c.o.v.ReadOnlyMarketDataChannelPublishVisitor - Adding Mkt Data Msg BID: Price=90 Qty=10
11:36:09.623 [main] DEBUG c.o.v.ReadOnlyMarketDataChannelPublishVisitor - Ask Side Size: 3
11:36:09.623 [main] DEBUG c.o.v.ReadOnlyMarketDataChannelPublishVisitor - Adding Mkt Data Msg ASK: Price=110 Qty=200
11:36:09.623 [main] DEBUG c.o.v.ReadOnlyMarketDataChannelPublishVisitor - Adding Mkt Data Msg ASK: Price=115 Qty=5000
11:36:09.623 [main] DEBUG c.o.v.ReadOnlyMarketDataChannelPublishVisitor - Adding Mkt Data Msg ASK: Price=119 Qty=5600
11:36:09.623 [main] INFO  c.o.channel.MarketDataChannel - [ORDERBOOK] Sending market data update...
11:36:09.623 [main] INFO  c.sequencer.consumer.LoggingConsumer - [19] 
|----BID-----|
    100 @ 98
    200 @ 95
    300 @ 91
     10 @ 90
|----ASK-----|
   200 @ 110
  5000 @ 115
  5600 @ 119

11:36:09.623 [main] DEBUG c.service.MarketDataService - [ALGO] BID: price:98 quantity:100
11:36:09.623 [main] DEBUG c.service.MarketDataService - [ALGO] BID: price:95 quantity:200
11:36:09.623 [main] DEBUG c.service.MarketDataService - [ALGO] BID: price:91 quantity:300
11:36:09.623 [main] DEBUG c.service.MarketDataService - [ALGO] BID: price:90 quantity:10
11:36:09.623 [main] DEBUG c.service.MarketDataService - [ALGO] ASK: price:110 quantity:200
11:36:09.623 [main] DEBUG c.service.MarketDataService - [ALGO] ASK: price:115 quantity:5000
11:36:09.623 [main] DEBUG c.service.MarketDataService - [ALGO] ASK: price:119 quantity:5600
11:36:09.623 [main] INFO  c.gettingstarted.MyAlgoLogic - [MYALGO] In Algo Logic....
11:36:09.623 [main] INFO  c.gettingstarted.MyAlgoLogic - [MYALGO] Algo Sees Book as:
|----BID-----||----ASK----|
    100 @ 98   200 @ 110
    200 @ 95  5000 @ 115
    300 @ 91  5600 @ 119
     10 @ 90          - 
|------------||-----------|

11:36:09.623 [main] INFO  c.gettingstarted.MyAlgoLogic - [MYALGO] Selling opportunity detected. Price difference: -12.0
11:36:09.623 [main] INFO  c.container.Actioner - [ALGO] Actioner, sending action:CreateChildOrder(side=SELL,quantity=10,price=98)
11:36:09.623 [main] INFO  c.sequencer.consumer.LoggingConsumer - [20] [CreateOrder](sbeTemplateId=4|sbeSchemaId=2|sbeSchemaVersion=0|sbeBlockLength=33):instrumentId=0|price=98|quantity=10|side=SELL|orderId=11
11:36:09.623 [main] INFO  c.o.v.MutatingMatchOneOrderVisitor - [ORDERBOOK] visiting LevelOrderBookLevel(price=98,quantity=100)
11:36:09.623 [main] INFO  c.o.v.MutatingMatchOneOrderVisitor - [ORDERBOOK] visiting LevelOrderBookLevel(price=95,quantity=200)
11:36:09.624 [main] INFO  c.o.v.MutatingMatchOneOrderVisitor - [ORDERBOOK] Can't match order:MktData(price=95,quantity=199)(Limit(side=SELL,orderId=11,price=98,quantity=10))
11:36:09.624 [main] INFO  c.o.v.MutatingMatchOneOrderVisitor - [ORDERBOOK] visiting LevelOrderBookLevel(price=91,quantity=300)
11:36:09.624 [main] INFO  c.o.v.MutatingMatchOneOrderVisitor - [ORDERBOOK] Can't match order:MktData(price=91,quantity=300)(Limit(side=SELL,orderId=11,price=98,quantity=10))
11:36:09.624 [main] INFO  c.o.v.MutatingMatchOneOrderVisitor - [ORDERBOOK] visiting LevelOrderBookLevel(price=90,quantity=10)
11:36:09.624 [main] INFO  c.o.v.MutatingMatchOneOrderVisitor - [ORDERBOOK] Can't match order:Limit(side=BUY,orderId=2,price=90,quantity=10)(Limit(side=SELL,orderId=11,price=98,quantity=10))
11:36:09.624 [main] DEBUG c.o.v.ReadOnlyMarketDataChannelPublishVisitor - Bid Side Size: 4
11:36:09.624 [main] DEBUG c.o.v.ReadOnlyMarketDataChannelPublishVisitor - Adding Mkt Data Msg BID: Price=98 Qty=100
11:36:09.624 [main] DEBUG c.o.v.ReadOnlyMarketDataChannelPublishVisitor - Adding Mkt Data Msg BID: Price=95 Qty=200
11:36:09.624 [main] DEBUG c.o.v.ReadOnlyMarketDataChannelPublishVisitor - Adding Mkt Data Msg BID: Price=91 Qty=300
11:36:09.624 [main] DEBUG c.o.v.ReadOnlyMarketDataChannelPublishVisitor - Adding Mkt Data Msg BID: Price=90 Qty=10
11:36:09.624 [main] DEBUG c.o.v.ReadOnlyMarketDataChannelPublishVisitor - Ask Side Size: 3
11:36:09.624 [main] DEBUG c.o.v.ReadOnlyMarketDataChannelPublishVisitor - Adding Mkt Data Msg ASK: Price=110 Qty=200
11:36:09.624 [main] DEBUG c.o.v.ReadOnlyMarketDataChannelPublishVisitor - Adding Mkt Data Msg ASK: Price=115 Qty=5000
11:36:09.624 [main] DEBUG c.o.v.ReadOnlyMarketDataChannelPublishVisitor - Adding Mkt Data Msg ASK: Price=119 Qty=5600
11:36:09.624 [main] INFO  c.o.channel.MarketDataChannel - [ORDERBOOK] Sending market data update...
11:36:09.624 [main] INFO  c.sequencer.consumer.LoggingConsumer - [21] 
|----BID-----|
    100 @ 98
    200 @ 95
    300 @ 91
     10 @ 90
|----ASK-----|
   200 @ 110
  5000 @ 115
  5600 @ 119

11:36:09.624 [main] DEBUG c.service.MarketDataService - [ALGO] BID: price:98 quantity:100
11:36:09.624 [main] DEBUG c.service.MarketDataService - [ALGO] BID: price:95 quantity:200
11:36:09.624 [main] DEBUG c.service.MarketDataService - [ALGO] BID: price:91 quantity:300
11:36:09.624 [main] DEBUG c.service.MarketDataService - [ALGO] BID: price:90 quantity:10
11:36:09.624 [main] DEBUG c.service.MarketDataService - [ALGO] ASK: price:110 quantity:200
11:36:09.624 [main] DEBUG c.service.MarketDataService - [ALGO] ASK: price:115 quantity:5000
11:36:09.624 [main] DEBUG c.service.MarketDataService - [ALGO] ASK: price:119 quantity:5600
11:36:09.624 [main] INFO  c.gettingstarted.MyAlgoLogic - [MYALGO] In Algo Logic....
11:36:09.624 [main] INFO  c.gettingstarted.MyAlgoLogic - [MYALGO] Algo Sees Book as:
|----BID-----||----ASK----|
    100 @ 98   200 @ 110
    200 @ 95  5000 @ 115
    300 @ 91  5600 @ 119
     10 @ 90          - 
|------------||-----------|

11:36:09.624 [main] INFO  c.gettingstarted.MyAlgoLogic - [MYALGO] Selling opportunity detected. Price difference: -12.0
11:36:09.625 [main] INFO  c.container.Actioner - [ALGO] Actioner, sending action:CreateChildOrder(side=SELL,quantity=10,price=98)
11:36:09.625 [main] INFO  c.sequencer.consumer.LoggingConsumer - [22] [CreateOrder](sbeTemplateId=4|sbeSchemaId=2|sbeSchemaVersion=0|sbeBlockLength=33):instrumentId=0|price=98|quantity=10|side=SELL|orderId=12
11:36:09.625 [main] INFO  c.o.v.MutatingMatchOneOrderVisitor - [ORDERBOOK] visiting LevelOrderBookLevel(price=98,quantity=100)
11:36:09.625 [main] INFO  c.o.v.MutatingMatchOneOrderVisitor - [ORDERBOOK] visiting LevelOrderBookLevel(price=95,quantity=200)
11:36:09.625 [main] INFO  c.o.v.MutatingMatchOneOrderVisitor - [ORDERBOOK] Can't match order:MktData(price=95,quantity=199)(Limit(side=SELL,orderId=12,price=98,quantity=10))
11:36:09.625 [main] INFO  c.o.v.MutatingMatchOneOrderVisitor - [ORDERBOOK] visiting LevelOrderBookLevel(price=91,quantity=300)
11:36:09.625 [main] INFO  c.o.v.MutatingMatchOneOrderVisitor - [ORDERBOOK] Can't match order:MktData(price=91,quantity=300)(Limit(side=SELL,orderId=12,price=98,quantity=10))
11:36:09.625 [main] INFO  c.o.v.MutatingMatchOneOrderVisitor - [ORDERBOOK] visiting LevelOrderBookLevel(price=90,quantity=10)
11:36:09.625 [main] INFO  c.o.v.MutatingMatchOneOrderVisitor - [ORDERBOOK] Can't match order:Limit(side=BUY,orderId=2,price=90,quantity=10)(Limit(side=SELL,orderId=12,price=98,quantity=10))
11:36:09.625 [main] DEBUG c.o.v.ReadOnlyMarketDataChannelPublishVisitor - Bid Side Size: 4
11:36:09.625 [main] DEBUG c.o.v.ReadOnlyMarketDataChannelPublishVisitor - Adding Mkt Data Msg BID: Price=98 Qty=100
11:36:09.625 [main] DEBUG c.o.v.ReadOnlyMarketDataChannelPublishVisitor - Adding Mkt Data Msg BID: Price=95 Qty=200
11:36:09.625 [main] DEBUG c.o.v.ReadOnlyMarketDataChannelPublishVisitor - Adding Mkt Data Msg BID: Price=91 Qty=300
11:36:09.625 [main] DEBUG c.o.v.ReadOnlyMarketDataChannelPublishVisitor - Adding Mkt Data Msg BID: Price=90 Qty=10
11:36:09.625 [main] DEBUG c.o.v.ReadOnlyMarketDataChannelPublishVisitor - Ask Side Size: 3
11:36:09.625 [main] DEBUG c.o.v.ReadOnlyMarketDataChannelPublishVisitor - Adding Mkt Data Msg ASK: Price=110 Qty=200
11:36:09.625 [main] DEBUG c.o.v.ReadOnlyMarketDataChannelPublishVisitor - Adding Mkt Data Msg ASK: Price=115 Qty=5000
11:36:09.625 [main] DEBUG c.o.v.ReadOnlyMarketDataChannelPublishVisitor - Adding Mkt Data Msg ASK: Price=119 Qty=5600
11:36:09.625 [main] INFO  c.o.channel.MarketDataChannel - [ORDERBOOK] Sending market data update...
11:36:09.626 [main] INFO  c.sequencer.consumer.LoggingConsumer - [23] 
|----BID-----|
    100 @ 98
    200 @ 95
    300 @ 91
     10 @ 90
|----ASK-----|
   200 @ 110
  5000 @ 115
  5600 @ 119

11:36:09.626 [main] DEBUG c.service.MarketDataService - [ALGO] BID: price:98 quantity:100
11:36:09.626 [main] DEBUG c.service.MarketDataService - [ALGO] BID: price:95 quantity:200
11:36:09.626 [main] DEBUG c.service.MarketDataService - [ALGO] BID: price:91 quantity:300
11:36:09.626 [main] DEBUG c.service.MarketDataService - [ALGO] BID: price:90 quantity:10
11:36:09.626 [main] DEBUG c.service.MarketDataService - [ALGO] ASK: price:110 quantity:200
11:36:09.626 [main] DEBUG c.service.MarketDataService - [ALGO] ASK: price:115 quantity:5000
11:36:09.626 [main] DEBUG c.service.MarketDataService - [ALGO] ASK: price:119 quantity:5600
11:36:09.626 [main] INFO  c.gettingstarted.MyAlgoLogic - [MYALGO] In Algo Logic....
11:36:09.626 [main] INFO  c.gettingstarted.MyAlgoLogic - [MYALGO] Algo Sees Book as:
|----BID-----||----ASK----|
    100 @ 98   200 @ 110
    200 @ 95  5000 @ 115
    300 @ 91  5600 @ 119
     10 @ 90          - 
|------------||-----------|

11:36:09.626 [main] INFO  c.gettingstarted.MyAlgoLogic - [MYALGO] Selling opportunity detected. Price difference: -12.0
11:36:09.626 [main] INFO  c.container.Actioner - [ALGO] Actioner, sending action:CreateChildOrder(side=SELL,quantity=10,price=98)
11:36:09.626 [main] INFO  c.sequencer.consumer.LoggingConsumer - [24] [CreateOrder](sbeTemplateId=4|sbeSchemaId=2|sbeSchemaVersion=0|sbeBlockLength=33):instrumentId=0|price=98|quantity=10|side=SELL|orderId=13
11:36:09.626 [main] INFO  c.o.v.MutatingMatchOneOrderVisitor - [ORDERBOOK] visiting LevelOrderBookLevel(price=98,quantity=100)
11:36:09.626 [main] INFO  c.o.v.MutatingMatchOneOrderVisitor - [ORDERBOOK] visiting LevelOrderBookLevel(price=95,quantity=200)
11:36:09.626 [main] INFO  c.o.v.MutatingMatchOneOrderVisitor - [ORDERBOOK] Can't match order:MktData(price=95,quantity=199)(Limit(side=SELL,orderId=13,price=98,quantity=10))
11:36:09.626 [main] INFO  c.o.v.MutatingMatchOneOrderVisitor - [ORDERBOOK] visiting LevelOrderBookLevel(price=91,quantity=300)
11:36:09.626 [main] INFO  c.o.v.MutatingMatchOneOrderVisitor - [ORDERBOOK] Can't match order:MktData(price=91,quantity=300)(Limit(side=SELL,orderId=13,price=98,quantity=10))
11:36:09.626 [main] INFO  c.o.v.MutatingMatchOneOrderVisitor - [ORDERBOOK] visiting LevelOrderBookLevel(price=90,quantity=10)
11:36:09.626 [main] INFO  c.o.v.MutatingMatchOneOrderVisitor - [ORDERBOOK] Can't match order:Limit(side=BUY,orderId=2,price=90,quantity=10)(Limit(side=SELL,orderId=13,price=98,quantity=10))
11:36:09.626 [main] DEBUG c.o.v.ReadOnlyMarketDataChannelPublishVisitor - Bid Side Size: 4
11:36:09.626 [main] DEBUG c.o.v.ReadOnlyMarketDataChannelPublishVisitor - Adding Mkt Data Msg BID: Price=98 Qty=100
11:36:09.626 [main] DEBUG c.o.v.ReadOnlyMarketDataChannelPublishVisitor - Adding Mkt Data Msg BID: Price=95 Qty=200
11:36:09.626 [main] DEBUG c.o.v.ReadOnlyMarketDataChannelPublishVisitor - Adding Mkt Data Msg BID: Price=91 Qty=300
11:36:09.626 [main] DEBUG c.o.v.ReadOnlyMarketDataChannelPublishVisitor - Adding Mkt Data Msg BID: Price=90 Qty=10
11:36:09.626 [main] DEBUG c.o.v.ReadOnlyMarketDataChannelPublishVisitor - Ask Side Size: 3
11:36:09.627 [main] DEBUG c.o.v.ReadOnlyMarketDataChannelPublishVisitor - Adding Mkt Data Msg ASK: Price=110 Qty=200
11:36:09.627 [main] DEBUG c.o.v.ReadOnlyMarketDataChannelPublishVisitor - Adding Mkt Data Msg ASK: Price=115 Qty=5000
11:36:09.627 [main] DEBUG c.o.v.ReadOnlyMarketDataChannelPublishVisitor - Adding Mkt Data Msg ASK: Price=119 Qty=5600
11:36:09.627 [main] INFO  c.o.channel.MarketDataChannel - [ORDERBOOK] Sending market data update...
11:36:09.627 [main] INFO  c.sequencer.consumer.LoggingConsumer - [25] 
|----BID-----|
    100 @ 98
    200 @ 95
    300 @ 91
     10 @ 90
|----ASK-----|
   200 @ 110
  5000 @ 115
  5600 @ 119

11:36:09.627 [main] DEBUG c.service.MarketDataService - [ALGO] BID: price:98 quantity:100
11:36:09.627 [main] DEBUG c.service.MarketDataService - [ALGO] BID: price:95 quantity:200
11:36:09.627 [main] DEBUG c.service.MarketDataService - [ALGO] BID: price:91 quantity:300
11:36:09.627 [main] DEBUG c.service.MarketDataService - [ALGO] BID: price:90 quantity:10
11:36:09.627 [main] DEBUG c.service.MarketDataService - [ALGO] ASK: price:110 quantity:200
11:36:09.627 [main] DEBUG c.service.MarketDataService - [ALGO] ASK: price:115 quantity:5000
11:36:09.627 [main] DEBUG c.service.MarketDataService - [ALGO] ASK: price:119 quantity:5600
11:36:09.627 [main] INFO  c.gettingstarted.MyAlgoLogic - [MYALGO] In Algo Logic....
11:36:09.627 [main] INFO  c.gettingstarted.MyAlgoLogic - [MYALGO] Algo Sees Book as:
|----BID-----||----ASK----|
    100 @ 98   200 @ 110
    200 @ 95  5000 @ 115
    300 @ 91  5600 @ 119
     10 @ 90          - 
|------------||-----------|

11:36:09.627 [main] INFO  c.gettingstarted.MyAlgoLogic - [MYALGO] Selling opportunity detected. Price difference: -12.0
11:36:09.627 [main] INFO  c.container.Actioner - [ALGO] Actioner, sending action:CreateChildOrder(side=SELL,quantity=10,price=98)
11:36:09.627 [main] INFO  c.sequencer.consumer.LoggingConsumer - [26] [CreateOrder](sbeTemplateId=4|sbeSchemaId=2|sbeSchemaVersion=0|sbeBlockLength=33):instrumentId=0|price=98|quantity=10|side=SELL|orderId=14
11:36:09.627 [main] INFO  c.o.v.MutatingMatchOneOrderVisitor - [ORDERBOOK] visiting LevelOrderBookLevel(price=98,quantity=100)
11:36:09.628 [main] INFO  c.o.v.MutatingMatchOneOrderVisitor - [ORDERBOOK] visiting LevelOrderBookLevel(price=95,quantity=200)
11:36:09.628 [main] INFO  c.o.v.MutatingMatchOneOrderVisitor - [ORDERBOOK] Can't match order:MktData(price=95,quantity=199)(Limit(side=SELL,orderId=14,price=98,quantity=10))
11:36:09.628 [main] INFO  c.o.v.MutatingMatchOneOrderVisitor - [ORDERBOOK] visiting LevelOrderBookLevel(price=91,quantity=300)
11:36:09.628 [main] INFO  c.o.v.MutatingMatchOneOrderVisitor - [ORDERBOOK] Can't match order:MktData(price=91,quantity=300)(Limit(side=SELL,orderId=14,price=98,quantity=10))
11:36:09.628 [main] INFO  c.o.v.MutatingMatchOneOrderVisitor - [ORDERBOOK] visiting LevelOrderBookLevel(price=90,quantity=10)
11:36:09.628 [main] INFO  c.o.v.MutatingMatchOneOrderVisitor - [ORDERBOOK] Can't match order:Limit(side=BUY,orderId=2,price=90,quantity=10)(Limit(side=SELL,orderId=14,price=98,quantity=10))
11:36:09.628 [main] DEBUG c.o.v.ReadOnlyMarketDataChannelPublishVisitor - Bid Side Size: 4
11:36:09.628 [main] DEBUG c.o.v.ReadOnlyMarketDataChannelPublishVisitor - Adding Mkt Data Msg BID: Price=98 Qty=100
11:36:09.628 [main] DEBUG c.o.v.ReadOnlyMarketDataChannelPublishVisitor - Adding Mkt Data Msg BID: Price=95 Qty=200
11:36:09.628 [main] DEBUG c.o.v.ReadOnlyMarketDataChannelPublishVisitor - Adding Mkt Data Msg BID: Price=91 Qty=300
11:36:09.628 [main] DEBUG c.o.v.ReadOnlyMarketDataChannelPublishVisitor - Adding Mkt Data Msg BID: Price=90 Qty=10
11:36:09.628 [main] DEBUG c.o.v.ReadOnlyMarketDataChannelPublishVisitor - Ask Side Size: 3
11:36:09.628 [main] DEBUG c.o.v.ReadOnlyMarketDataChannelPublishVisitor - Adding Mkt Data Msg ASK: Price=110 Qty=200
11:36:09.628 [main] DEBUG c.o.v.ReadOnlyMarketDataChannelPublishVisitor - Adding Mkt Data Msg ASK: Price=115 Qty=5000
11:36:09.628 [main] DEBUG c.o.v.ReadOnlyMarketDataChannelPublishVisitor - Adding Mkt Data Msg ASK: Price=119 Qty=5600
11:36:09.628 [main] INFO  c.o.channel.MarketDataChannel - [ORDERBOOK] Sending market data update...
11:36:09.628 [main] INFO  c.sequencer.consumer.LoggingConsumer - [27] 
|----BID-----|
    100 @ 98
    200 @ 95
    300 @ 91
     10 @ 90
|----ASK-----|
   200 @ 110
  5000 @ 115
  5600 @ 119

11:36:09.628 [main] DEBUG c.service.MarketDataService - [ALGO] BID: price:98 quantity:100
11:36:09.628 [main] DEBUG c.service.MarketDataService - [ALGO] BID: price:95 quantity:200
11:36:09.628 [main] DEBUG c.service.MarketDataService - [ALGO] BID: price:91 quantity:300
11:36:09.628 [main] DEBUG c.service.MarketDataService - [ALGO] BID: price:90 quantity:10
11:36:09.628 [main] DEBUG c.service.MarketDataService - [ALGO] ASK: price:110 quantity:200
11:36:09.629 [main] DEBUG c.service.MarketDataService - [ALGO] ASK: price:115 quantity:5000
11:36:09.629 [main] DEBUG c.service.MarketDataService - [ALGO] ASK: price:119 quantity:5600
11:36:09.629 [main] INFO  c.gettingstarted.MyAlgoLogic - [MYALGO] In Algo Logic....
11:36:09.629 [main] INFO  c.gettingstarted.MyAlgoLogic - [MYALGO] Algo Sees Book as:
|----BID-----||----ASK----|
    100 @ 98   200 @ 110
    200 @ 95  5000 @ 115
    300 @ 91  5600 @ 119
     10 @ 90          - 
|------------||-----------|

11:36:09.629 [main] INFO  c.gettingstarted.MyAlgoLogic - [MYALGO] Selling opportunity detected. Price difference: -12.0
11:36:09.629 [main] INFO  c.container.Actioner - [ALGO] Actioner, sending action:CreateChildOrder(side=SELL,quantity=10,price=98)
11:36:09.629 [main] INFO  c.sequencer.consumer.LoggingConsumer - [28] [CreateOrder](sbeTemplateId=4|sbeSchemaId=2|sbeSchemaVersion=0|sbeBlockLength=33):instrumentId=0|price=98|quantity=10|side=SELL|orderId=15
11:36:09.629 [main] INFO  c.o.v.MutatingMatchOneOrderVisitor - [ORDERBOOK] visiting LevelOrderBookLevel(price=98,quantity=100)
11:36:09.629 [main] INFO  c.o.v.MutatingMatchOneOrderVisitor - [ORDERBOOK] visiting LevelOrderBookLevel(price=95,quantity=200)
11:36:09.629 [main] INFO  c.o.v.MutatingMatchOneOrderVisitor - [ORDERBOOK] Can't match order:MktData(price=95,quantity=199)(Limit(side=SELL,orderId=15,price=98,quantity=10))
11:36:09.629 [main] INFO  c.o.v.MutatingMatchOneOrderVisitor - [ORDERBOOK] visiting LevelOrderBookLevel(price=91,quantity=300)
11:36:09.629 [main] INFO  c.o.v.MutatingMatchOneOrderVisitor - [ORDERBOOK] Can't match order:MktData(price=91,quantity=300)(Limit(side=SELL,orderId=15,price=98,quantity=10))
11:36:09.629 [main] INFO  c.o.v.MutatingMatchOneOrderVisitor - [ORDERBOOK] visiting LevelOrderBookLevel(price=90,quantity=10)
11:36:09.629 [main] INFO  c.o.v.MutatingMatchOneOrderVisitor - [ORDERBOOK] Can't match order:Limit(side=BUY,orderId=2,price=90,quantity=10)(Limit(side=SELL,orderId=15,price=98,quantity=10))
11:36:09.629 [main] DEBUG c.o.v.ReadOnlyMarketDataChannelPublishVisitor - Bid Side Size: 4
11:36:09.629 [main] DEBUG c.o.v.ReadOnlyMarketDataChannelPublishVisitor - Adding Mkt Data Msg BID: Price=98 Qty=100
11:36:09.629 [main] DEBUG c.o.v.ReadOnlyMarketDataChannelPublishVisitor - Adding Mkt Data Msg BID: Price=95 Qty=200
11:36:09.629 [main] DEBUG c.o.v.ReadOnlyMarketDataChannelPublishVisitor - Adding Mkt Data Msg BID: Price=91 Qty=300
11:36:09.629 [main] DEBUG c.o.v.ReadOnlyMarketDataChannelPublishVisitor - Adding Mkt Data Msg BID: Price=90 Qty=10
11:36:09.629 [main] DEBUG c.o.v.ReadOnlyMarketDataChannelPublishVisitor - Ask Side Size: 3
11:36:09.629 [main] DEBUG c.o.v.ReadOnlyMarketDataChannelPublishVisitor - Adding Mkt Data Msg ASK: Price=110 Qty=200
11:36:09.629 [main] DEBUG c.o.v.ReadOnlyMarketDataChannelPublishVisitor - Adding Mkt Data Msg ASK: Price=115 Qty=5000
11:36:09.629 [main] DEBUG c.o.v.ReadOnlyMarketDataChannelPublishVisitor - Adding Mkt Data Msg ASK: Price=119 Qty=5600
11:36:09.629 [main] INFO  c.o.channel.MarketDataChannel - [ORDERBOOK] Sending market data update...
11:36:09.629 [main] INFO  c.sequencer.consumer.LoggingConsumer - [29] 
|----BID-----|
    100 @ 98
    200 @ 95
    300 @ 91
     10 @ 90
|----ASK-----|
   200 @ 110
  5000 @ 115
  5600 @ 119

11:36:09.630 [main] DEBUG c.service.MarketDataService - [ALGO] BID: price:98 quantity:100
11:36:09.630 [main] DEBUG c.service.MarketDataService - [ALGO] BID: price:95 quantity:200
11:36:09.630 [main] DEBUG c.service.MarketDataService - [ALGO] BID: price:91 quantity:300
11:36:09.630 [main] DEBUG c.service.MarketDataService - [ALGO] BID: price:90 quantity:10
11:36:09.630 [main] DEBUG c.service.MarketDataService - [ALGO] ASK: price:110 quantity:200
11:36:09.630 [main] DEBUG c.service.MarketDataService - [ALGO] ASK: price:115 quantity:5000
11:36:09.630 [main] DEBUG c.service.MarketDataService - [ALGO] ASK: price:119 quantity:5600
11:36:09.630 [main] INFO  c.gettingstarted.MyAlgoLogic - [MYALGO] In Algo Logic....
11:36:09.630 [main] INFO  c.gettingstarted.MyAlgoLogic - [MYALGO] Algo Sees Book as:
|----BID-----||----ASK----|
    100 @ 98   200 @ 110
    200 @ 95  5000 @ 115
    300 @ 91  5600 @ 119
     10 @ 90          - 
|------------||-----------|

11:36:09.630 [main] INFO  c.gettingstarted.MyAlgoLogic - [MYALGO] Selling opportunity detected. Price difference: -12.0
11:36:09.630 [main] INFO  c.container.Actioner - [ALGO] Actioner, sending action:CreateChildOrder(side=SELL,quantity=10,price=98)
11:36:09.630 [main] INFO  c.sequencer.consumer.LoggingConsumer - [30] [CreateOrder](sbeTemplateId=4|sbeSchemaId=2|sbeSchemaVersion=0|sbeBlockLength=33):instrumentId=0|price=98|quantity=10|side=SELL|orderId=16
11:36:09.630 [main] INFO  c.o.v.MutatingMatchOneOrderVisitor - [ORDERBOOK] visiting LevelOrderBookLevel(price=98,quantity=100)
11:36:09.630 [main] INFO  c.o.v.MutatingMatchOneOrderVisitor - [ORDERBOOK] visiting LevelOrderBookLevel(price=95,quantity=200)
11:36:09.630 [main] INFO  c.o.v.MutatingMatchOneOrderVisitor - [ORDERBOOK] Can't match order:MktData(price=95,quantity=199)(Limit(side=SELL,orderId=16,price=98,quantity=10))
11:36:09.630 [main] INFO  c.o.v.MutatingMatchOneOrderVisitor - [ORDERBOOK] visiting LevelOrderBookLevel(price=91,quantity=300)
11:36:09.630 [main] INFO  c.o.v.MutatingMatchOneOrderVisitor - [ORDERBOOK] Can't match order:MktData(price=91,quantity=300)(Limit(side=SELL,orderId=16,price=98,quantity=10))
11:36:09.630 [main] INFO  c.o.v.MutatingMatchOneOrderVisitor - [ORDERBOOK] visiting LevelOrderBookLevel(price=90,quantity=10)
11:36:09.630 [main] INFO  c.o.v.MutatingMatchOneOrderVisitor - [ORDERBOOK] Can't match order:Limit(side=BUY,orderId=2,price=90,quantity=10)(Limit(side=SELL,orderId=16,price=98,quantity=10))
11:36:09.630 [main] DEBUG c.o.v.ReadOnlyMarketDataChannelPublishVisitor - Bid Side Size: 4
11:36:09.630 [main] DEBUG c.o.v.ReadOnlyMarketDataChannelPublishVisitor - Adding Mkt Data Msg BID: Price=98 Qty=100
11:36:09.630 [main] DEBUG c.o.v.ReadOnlyMarketDataChannelPublishVisitor - Adding Mkt Data Msg BID: Price=95 Qty=200
11:36:09.630 [main] DEBUG c.o.v.ReadOnlyMarketDataChannelPublishVisitor - Adding Mkt Data Msg BID: Price=91 Qty=300
11:36:09.630 [main] DEBUG c.o.v.ReadOnlyMarketDataChannelPublishVisitor - Adding Mkt Data Msg BID: Price=90 Qty=10
11:36:09.630 [main] DEBUG c.o.v.ReadOnlyMarketDataChannelPublishVisitor - Ask Side Size: 3
11:36:09.630 [main] DEBUG c.o.v.ReadOnlyMarketDataChannelPublishVisitor - Adding Mkt Data Msg ASK: Price=110 Qty=200
11:36:09.630 [main] DEBUG c.o.v.ReadOnlyMarketDataChannelPublishVisitor - Adding Mkt Data Msg ASK: Price=115 Qty=5000
11:36:09.630 [main] DEBUG c.o.v.ReadOnlyMarketDataChannelPublishVisitor - Adding Mkt Data Msg ASK: Price=119 Qty=5600
11:36:09.630 [main] INFO  c.o.channel.MarketDataChannel - [ORDERBOOK] Sending market data update...
11:36:09.631 [main] INFO  c.sequencer.consumer.LoggingConsumer - [31] 
|----BID-----|
    100 @ 98
    200 @ 95
    300 @ 91
     10 @ 90
|----ASK-----|
   200 @ 110
  5000 @ 115
  5600 @ 119

11:36:09.631 [main] DEBUG c.service.MarketDataService - [ALGO] BID: price:98 quantity:100
11:36:09.631 [main] DEBUG c.service.MarketDataService - [ALGO] BID: price:95 quantity:200
11:36:09.631 [main] DEBUG c.service.MarketDataService - [ALGO] BID: price:91 quantity:300
11:36:09.631 [main] DEBUG c.service.MarketDataService - [ALGO] BID: price:90 quantity:10
11:36:09.631 [main] DEBUG c.service.MarketDataService - [ALGO] ASK: price:110 quantity:200
11:36:09.631 [main] DEBUG c.service.MarketDataService - [ALGO] ASK: price:115 quantity:5000
11:36:09.631 [main] DEBUG c.service.MarketDataService - [ALGO] ASK: price:119 quantity:5600
11:36:09.631 [main] INFO  c.gettingstarted.MyAlgoLogic - [MYALGO] In Algo Logic....
11:36:09.631 [main] INFO  c.gettingstarted.MyAlgoLogic - [MYALGO] Algo Sees Book as:
|----BID-----||----ASK----|
    100 @ 98   200 @ 110
    200 @ 95  5000 @ 115
    300 @ 91  5600 @ 119
     10 @ 90          - 
|------------||-----------|

11:36:09.631 [main] INFO  c.gettingstarted.MyAlgoLogic - [MYALGO] Selling opportunity detected. Price difference: -12.0
11:36:09.631 [main] INFO  c.container.Actioner - [ALGO] Actioner, sending action:CreateChildOrder(side=SELL,quantity=10,price=98)
11:36:09.631 [main] INFO  c.sequencer.consumer.LoggingConsumer - [32] [CreateOrder](sbeTemplateId=4|sbeSchemaId=2|sbeSchemaVersion=0|sbeBlockLength=33):instrumentId=0|price=98|quantity=10|side=SELL|orderId=17
11:36:09.631 [main] INFO  c.o.v.MutatingMatchOneOrderVisitor - [ORDERBOOK] visiting LevelOrderBookLevel(price=98,quantity=100)
11:36:09.631 [main] INFO  c.o.v.MutatingMatchOneOrderVisitor - [ORDERBOOK] visiting LevelOrderBookLevel(price=95,quantity=200)
11:36:09.631 [main] INFO  c.o.v.MutatingMatchOneOrderVisitor - [ORDERBOOK] Can't match order:MktData(price=95,quantity=199)(Limit(side=SELL,orderId=17,price=98,quantity=10))
11:36:09.631 [main] INFO  c.o.v.MutatingMatchOneOrderVisitor - [ORDERBOOK] visiting LevelOrderBookLevel(price=91,quantity=300)
11:36:09.631 [main] INFO  c.o.v.MutatingMatchOneOrderVisitor - [ORDERBOOK] Can't match order:MktData(price=91,quantity=300)(Limit(side=SELL,orderId=17,price=98,quantity=10))
11:36:09.631 [main] INFO  c.o.v.MutatingMatchOneOrderVisitor - [ORDERBOOK] visiting LevelOrderBookLevel(price=90,quantity=10)
11:36:09.631 [main] INFO  c.o.v.MutatingMatchOneOrderVisitor - [ORDERBOOK] Can't match order:Limit(side=BUY,orderId=2,price=90,quantity=10)(Limit(side=SELL,orderId=17,price=98,quantity=10))
11:36:09.631 [main] DEBUG c.o.v.ReadOnlyMarketDataChannelPublishVisitor - Bid Side Size: 4
11:36:09.631 [main] DEBUG c.o.v.ReadOnlyMarketDataChannelPublishVisitor - Adding Mkt Data Msg BID: Price=98 Qty=100
11:36:09.631 [main] DEBUG c.o.v.ReadOnlyMarketDataChannelPublishVisitor - Adding Mkt Data Msg BID: Price=95 Qty=200
11:36:09.631 [main] DEBUG c.o.v.ReadOnlyMarketDataChannelPublishVisitor - Adding Mkt Data Msg BID: Price=91 Qty=300
11:36:09.631 [main] DEBUG c.o.v.ReadOnlyMarketDataChannelPublishVisitor - Adding Mkt Data Msg BID: Price=90 Qty=10
11:36:09.631 [main] DEBUG c.o.v.ReadOnlyMarketDataChannelPublishVisitor - Ask Side Size: 3
11:36:09.631 [main] DEBUG c.o.v.ReadOnlyMarketDataChannelPublishVisitor - Adding Mkt Data Msg ASK: Price=110 Qty=200
11:36:09.631 [main] DEBUG c.o.v.ReadOnlyMarketDataChannelPublishVisitor - Adding Mkt Data Msg ASK: Price=115 Qty=5000
11:36:09.631 [main] DEBUG c.o.v.ReadOnlyMarketDataChannelPublishVisitor - Adding Mkt Data Msg ASK: Price=119 Qty=5600
11:36:09.631 [main] INFO  c.o.channel.MarketDataChannel - [ORDERBOOK] Sending market data update...
11:36:09.632 [main] INFO  c.sequencer.consumer.LoggingConsumer - [33] 
|----BID-----|
    100 @ 98
    200 @ 95
    300 @ 91
     10 @ 90
|----ASK-----|
   200 @ 110
  5000 @ 115
  5600 @ 119

11:36:09.632 [main] DEBUG c.service.MarketDataService - [ALGO] BID: price:98 quantity:100
11:36:09.632 [main] DEBUG c.service.MarketDataService - [ALGO] BID: price:95 quantity:200
11:36:09.632 [main] DEBUG c.service.MarketDataService - [ALGO] BID: price:91 quantity:300
11:36:09.632 [main] DEBUG c.service.MarketDataService - [ALGO] BID: price:90 quantity:10
11:36:09.632 [main] DEBUG c.service.MarketDataService - [ALGO] ASK: price:110 quantity:200
11:36:09.632 [main] DEBUG c.service.MarketDataService - [ALGO] ASK: price:115 quantity:5000
11:36:09.632 [main] DEBUG c.service.MarketDataService - [ALGO] ASK: price:119 quantity:5600
11:36:09.632 [main] INFO  c.gettingstarted.MyAlgoLogic - [MYALGO] In Algo Logic....
11:36:09.632 [main] INFO  c.gettingstarted.MyAlgoLogic - [MYALGO] Algo Sees Book as:
|----BID-----||----ASK----|
    100 @ 98   200 @ 110
    200 @ 95  5000 @ 115
    300 @ 91  5600 @ 119
     10 @ 90          - 
|------------||-----------|

11:36:09.632 [main] INFO  c.gettingstarted.MyAlgoLogic - [MYALGO] Selling opportunity detected. Price difference: -12.0
11:36:09.632 [main] INFO  c.container.Actioner - [ALGO] Actioner, sending action:CreateChildOrder(side=SELL,quantity=10,price=98)
11:36:09.632 [main] INFO  c.sequencer.consumer.LoggingConsumer - [34] [CreateOrder](sbeTemplateId=4|sbeSchemaId=2|sbeSchemaVersion=0|sbeBlockLength=33):instrumentId=0|price=98|quantity=10|side=SELL|orderId=18
11:36:09.632 [main] INFO  c.o.v.MutatingMatchOneOrderVisitor - [ORDERBOOK] visiting LevelOrderBookLevel(price=98,quantity=100)
11:36:09.632 [main] INFO  c.o.v.MutatingMatchOneOrderVisitor - [ORDERBOOK] visiting LevelOrderBookLevel(price=95,quantity=200)
11:36:09.632 [main] INFO  c.o.v.MutatingMatchOneOrderVisitor - [ORDERBOOK] Can't match order:MktData(price=95,quantity=199)(Limit(side=SELL,orderId=18,price=98,quantity=10))
11:36:09.632 [main] INFO  c.o.v.MutatingMatchOneOrderVisitor - [ORDERBOOK] visiting LevelOrderBookLevel(price=91,quantity=300)
11:36:09.632 [main] INFO  c.o.v.MutatingMatchOneOrderVisitor - [ORDERBOOK] Can't match order:MktData(price=91,quantity=300)(Limit(side=SELL,orderId=18,price=98,quantity=10))
11:36:09.632 [main] INFO  c.o.v.MutatingMatchOneOrderVisitor - [ORDERBOOK] visiting LevelOrderBookLevel(price=90,quantity=10)
11:36:09.632 [main] INFO  c.o.v.MutatingMatchOneOrderVisitor - [ORDERBOOK] Can't match order:Limit(side=BUY,orderId=2,price=90,quantity=10)(Limit(side=SELL,orderId=18,price=98,quantity=10))
11:36:09.632 [main] DEBUG c.o.v.ReadOnlyMarketDataChannelPublishVisitor - Bid Side Size: 4
11:36:09.632 [main] DEBUG c.o.v.ReadOnlyMarketDataChannelPublishVisitor - Adding Mkt Data Msg BID: Price=98 Qty=100
11:36:09.632 [main] DEBUG c.o.v.ReadOnlyMarketDataChannelPublishVisitor - Adding Mkt Data Msg BID: Price=95 Qty=200
11:36:09.632 [main] DEBUG c.o.v.ReadOnlyMarketDataChannelPublishVisitor - Adding Mkt Data Msg BID: Price=91 Qty=300
11:36:09.632 [main] DEBUG c.o.v.ReadOnlyMarketDataChannelPublishVisitor - Adding Mkt Data Msg BID: Price=90 Qty=10
11:36:09.632 [main] DEBUG c.o.v.ReadOnlyMarketDataChannelPublishVisitor - Ask Side Size: 3
11:36:09.632 [main] DEBUG c.o.v.ReadOnlyMarketDataChannelPublishVisitor - Adding Mkt Data Msg ASK: Price=110 Qty=200
11:36:09.632 [main] DEBUG c.o.v.ReadOnlyMarketDataChannelPublishVisitor - Adding Mkt Data Msg ASK: Price=115 Qty=5000
11:36:09.632 [main] DEBUG c.o.v.ReadOnlyMarketDataChannelPublishVisitor - Adding Mkt Data Msg ASK: Price=119 Qty=5600
11:36:09.632 [main] INFO  c.o.channel.MarketDataChannel - [ORDERBOOK] Sending market data update...
11:36:09.632 [main] INFO  c.sequencer.consumer.LoggingConsumer - [35] 
|----BID-----|
    100 @ 98
    200 @ 95
    300 @ 91
     10 @ 90
|----ASK-----|
   200 @ 110
  5000 @ 115
  5600 @ 119

11:36:09.632 [main] DEBUG c.service.MarketDataService - [ALGO] BID: price:98 quantity:100
11:36:09.632 [main] DEBUG c.service.MarketDataService - [ALGO] BID: price:95 quantity:200
11:36:09.632 [main] DEBUG c.service.MarketDataService - [ALGO] BID: price:91 quantity:300
11:36:09.632 [main] DEBUG c.service.MarketDataService - [ALGO] BID: price:90 quantity:10
11:36:09.633 [main] DEBUG c.service.MarketDataService - [ALGO] ASK: price:110 quantity:200
11:36:09.633 [main] DEBUG c.service.MarketDataService - [ALGO] ASK: price:115 quantity:5000
11:36:09.633 [main] DEBUG c.service.MarketDataService - [ALGO] ASK: price:119 quantity:5600
11:36:09.633 [main] INFO  c.gettingstarted.MyAlgoLogic - [MYALGO] In Algo Logic....
11:36:09.633 [main] INFO  c.gettingstarted.MyAlgoLogic - [MYALGO] Algo Sees Book as:
|----BID-----||----ASK----|
    100 @ 98   200 @ 110
    200 @ 95  5000 @ 115
    300 @ 91  5600 @ 119
     10 @ 90          - 
|------------||-----------|

11:36:09.633 [main] INFO  c.gettingstarted.MyAlgoLogic - [MYALGO] Selling opportunity detected. Price difference: -12.0
11:36:09.633 [main] INFO  c.container.Actioner - [ALGO] Actioner, sending action:CreateChildOrder(side=SELL,quantity=10,price=98)
11:36:09.633 [main] INFO  c.sequencer.consumer.LoggingConsumer - [36] [CreateOrder](sbeTemplateId=4|sbeSchemaId=2|sbeSchemaVersion=0|sbeBlockLength=33):instrumentId=0|price=98|quantity=10|side=SELL|orderId=19
11:36:09.633 [main] INFO  c.o.v.MutatingMatchOneOrderVisitor - [ORDERBOOK] visiting LevelOrderBookLevel(price=98,quantity=100)
11:36:09.633 [main] INFO  c.o.v.MutatingMatchOneOrderVisitor - [ORDERBOOK] visiting LevelOrderBookLevel(price=95,quantity=200)
11:36:09.633 [main] INFO  c.o.v.MutatingMatchOneOrderVisitor - [ORDERBOOK] Can't match order:MktData(price=95,quantity=199)(Limit(side=SELL,orderId=19,price=98,quantity=10))
11:36:09.633 [main] INFO  c.o.v.MutatingMatchOneOrderVisitor - [ORDERBOOK] visiting LevelOrderBookLevel(price=91,quantity=300)
11:36:09.633 [main] INFO  c.o.v.MutatingMatchOneOrderVisitor - [ORDERBOOK] Can't match order:MktData(price=91,quantity=300)(Limit(side=SELL,orderId=19,price=98,quantity=10))
11:36:09.633 [main] INFO  c.o.v.MutatingMatchOneOrderVisitor - [ORDERBOOK] visiting LevelOrderBookLevel(price=90,quantity=10)
11:36:09.633 [main] INFO  c.o.v.MutatingMatchOneOrderVisitor - [ORDERBOOK] Can't match order:Limit(side=BUY,orderId=2,price=90,quantity=10)(Limit(side=SELL,orderId=19,price=98,quantity=10))
11:36:09.633 [main] DEBUG c.o.v.ReadOnlyMarketDataChannelPublishVisitor - Bid Side Size: 4
11:36:09.633 [main] DEBUG c.o.v.ReadOnlyMarketDataChannelPublishVisitor - Adding Mkt Data Msg BID: Price=98 Qty=100
11:36:09.633 [main] DEBUG c.o.v.ReadOnlyMarketDataChannelPublishVisitor - Adding Mkt Data Msg BID: Price=95 Qty=200
11:36:09.633 [main] DEBUG c.o.v.ReadOnlyMarketDataChannelPublishVisitor - Adding Mkt Data Msg BID: Price=91 Qty=300
11:36:09.633 [main] DEBUG c.o.v.ReadOnlyMarketDataChannelPublishVisitor - Adding Mkt Data Msg BID: Price=90 Qty=10
11:36:09.633 [main] DEBUG c.o.v.ReadOnlyMarketDataChannelPublishVisitor - Ask Side Size: 3
11:36:09.633 [main] DEBUG c.o.v.ReadOnlyMarketDataChannelPublishVisitor - Adding Mkt Data Msg ASK: Price=110 Qty=200
11:36:09.633 [main] DEBUG c.o.v.ReadOnlyMarketDataChannelPublishVisitor - Adding Mkt Data Msg ASK: Price=115 Qty=5000
11:36:09.633 [main] DEBUG c.o.v.ReadOnlyMarketDataChannelPublishVisitor - Adding Mkt Data Msg ASK: Price=119 Qty=5600
11:36:09.633 [main] INFO  c.o.channel.MarketDataChannel - [ORDERBOOK] Sending market data update...
11:36:09.633 [main] INFO  c.sequencer.consumer.LoggingConsumer - [37] 
|----BID-----|
    100 @ 98
    200 @ 95
    300 @ 91
     10 @ 90
|----ASK-----|
   200 @ 110
  5000 @ 115
  5600 @ 119

11:36:09.633 [main] DEBUG c.service.MarketDataService - [ALGO] BID: price:98 quantity:100
11:36:09.633 [main] DEBUG c.service.MarketDataService - [ALGO] BID: price:95 quantity:200
11:36:09.633 [main] DEBUG c.service.MarketDataService - [ALGO] BID: price:91 quantity:300
11:36:09.633 [main] DEBUG c.service.MarketDataService - [ALGO] BID: price:90 quantity:10
11:36:09.633 [main] DEBUG c.service.MarketDataService - [ALGO] ASK: price:110 quantity:200
11:36:09.633 [main] DEBUG c.service.MarketDataService - [ALGO] ASK: price:115 quantity:5000
11:36:09.633 [main] DEBUG c.service.MarketDataService - [ALGO] ASK: price:119 quantity:5600
11:36:09.633 [main] INFO  c.gettingstarted.MyAlgoLogic - [MYALGO] In Algo Logic....
11:36:09.633 [main] INFO  c.gettingstarted.MyAlgoLogic - [MYALGO] Algo Sees Book as:
|----BID-----||----ASK----|
    100 @ 98   200 @ 110
    200 @ 95  5000 @ 115
    300 @ 91  5600 @ 119
     10 @ 90          - 
|------------||-----------|

11:36:09.634 [main] INFO  c.gettingstarted.MyAlgoLogic - [MYALGO] Selling opportunity detected. Price difference: -12.0
11:36:09.634 [main] INFO  c.container.Actioner - [ALGO] Actioner, sending action:CreateChildOrder(side=SELL,quantity=10,price=98)
11:36:09.634 [main] INFO  c.sequencer.consumer.LoggingConsumer - [38] [CreateOrder](sbeTemplateId=4|sbeSchemaId=2|sbeSchemaVersion=0|sbeBlockLength=33):instrumentId=0|price=98|quantity=10|side=SELL|orderId=20
11:36:09.634 [main] INFO  c.o.v.MutatingMatchOneOrderVisitor - [ORDERBOOK] visiting LevelOrderBookLevel(price=98,quantity=100)
11:36:09.634 [main] INFO  c.o.v.MutatingMatchOneOrderVisitor - [ORDERBOOK] visiting LevelOrderBookLevel(price=95,quantity=200)
11:36:09.634 [main] INFO  c.o.v.MutatingMatchOneOrderVisitor - [ORDERBOOK] Can't match order:MktData(price=95,quantity=199)(Limit(side=SELL,orderId=20,price=98,quantity=10))
11:36:09.634 [main] INFO  c.o.v.MutatingMatchOneOrderVisitor - [ORDERBOOK] visiting LevelOrderBookLevel(price=91,quantity=300)
11:36:09.634 [main] INFO  c.o.v.MutatingMatchOneOrderVisitor - [ORDERBOOK] Can't match order:MktData(price=91,quantity=300)(Limit(side=SELL,orderId=20,price=98,quantity=10))
11:36:09.634 [main] INFO  c.o.v.MutatingMatchOneOrderVisitor - [ORDERBOOK] visiting LevelOrderBookLevel(price=90,quantity=10)
11:36:09.634 [main] INFO  c.o.v.MutatingMatchOneOrderVisitor - [ORDERBOOK] Can't match order:Limit(side=BUY,orderId=2,price=90,quantity=10)(Limit(side=SELL,orderId=20,price=98,quantity=10))
11:36:09.634 [main] DEBUG c.o.v.ReadOnlyMarketDataChannelPublishVisitor - Bid Side Size: 4
11:36:09.634 [main] DEBUG c.o.v.ReadOnlyMarketDataChannelPublishVisitor - Adding Mkt Data Msg BID: Price=98 Qty=100
11:36:09.634 [main] DEBUG c.o.v.ReadOnlyMarketDataChannelPublishVisitor - Adding Mkt Data Msg BID: Price=95 Qty=200
11:36:09.634 [main] DEBUG c.o.v.ReadOnlyMarketDataChannelPublishVisitor - Adding Mkt Data Msg BID: Price=91 Qty=300
11:36:09.634 [main] DEBUG c.o.v.ReadOnlyMarketDataChannelPublishVisitor - Adding Mkt Data Msg BID: Price=90 Qty=10
11:36:09.634 [main] DEBUG c.o.v.ReadOnlyMarketDataChannelPublishVisitor - Ask Side Size: 3
11:36:09.634 [main] DEBUG c.o.v.ReadOnlyMarketDataChannelPublishVisitor - Adding Mkt Data Msg ASK: Price=110 Qty=200
11:36:09.634 [main] DEBUG c.o.v.ReadOnlyMarketDataChannelPublishVisitor - Adding Mkt Data Msg ASK: Price=115 Qty=5000
11:36:09.634 [main] DEBUG c.o.v.ReadOnlyMarketDataChannelPublishVisitor - Adding Mkt Data Msg ASK: Price=119 Qty=5600
11:36:09.634 [main] INFO  c.o.channel.MarketDataChannel - [ORDERBOOK] Sending market data update...
11:36:09.634 [main] INFO  c.sequencer.consumer.LoggingConsumer - [39] 
|----BID-----|
    100 @ 98
    200 @ 95
    300 @ 91
     10 @ 90
|----ASK-----|
   200 @ 110
  5000 @ 115
  5600 @ 119

11:36:09.634 [main] DEBUG c.service.MarketDataService - [ALGO] BID: price:98 quantity:100
11:36:09.634 [main] DEBUG c.service.MarketDataService - [ALGO] BID: price:95 quantity:200
11:36:09.635 [main] DEBUG c.service.MarketDataService - [ALGO] BID: price:91 quantity:300
11:36:09.635 [main] DEBUG c.service.MarketDataService - [ALGO] BID: price:90 quantity:10
11:36:09.635 [main] DEBUG c.service.MarketDataService - [ALGO] ASK: price:110 quantity:200
11:36:09.635 [main] DEBUG c.service.MarketDataService - [ALGO] ASK: price:115 quantity:5000
11:36:09.635 [main] DEBUG c.service.MarketDataService - [ALGO] ASK: price:119 quantity:5600
11:36:09.635 [main] INFO  c.gettingstarted.MyAlgoLogic - [MYALGO] In Algo Logic....
11:36:09.635 [main] INFO  c.gettingstarted.MyAlgoLogic - [MYALGO] Algo Sees Book as:
|----BID-----||----ASK----|
    100 @ 98   200 @ 110
    200 @ 95  5000 @ 115
    300 @ 91  5600 @ 119
     10 @ 90          - 
|------------||-----------|

11:36:09.635 [main] INFO  c.gettingstarted.MyAlgoLogic - [MYALGO] Selling opportunity detected. Price difference: -12.0
11:36:09.635 [main] INFO  c.container.Actioner - [ALGO] Actioner, sending action:CreateChildOrder(side=SELL,quantity=10,price=98)
11:36:09.635 [main] INFO  c.sequencer.consumer.LoggingConsumer - [40] [CreateOrder](sbeTemplateId=4|sbeSchemaId=2|sbeSchemaVersion=0|sbeBlockLength=33):instrumentId=0|price=98|quantity=10|side=SELL|orderId=21
11:36:09.635 [main] INFO  c.o.v.MutatingMatchOneOrderVisitor - [ORDERBOOK] visiting LevelOrderBookLevel(price=98,quantity=100)
11:36:09.635 [main] INFO  c.o.v.MutatingMatchOneOrderVisitor - [ORDERBOOK] visiting LevelOrderBookLevel(price=95,quantity=200)
11:36:09.635 [main] INFO  c.o.v.MutatingMatchOneOrderVisitor - [ORDERBOOK] Can't match order:MktData(price=95,quantity=199)(Limit(side=SELL,orderId=21,price=98,quantity=10))
11:36:09.635 [main] INFO  c.o.v.MutatingMatchOneOrderVisitor - [ORDERBOOK] visiting LevelOrderBookLevel(price=91,quantity=300)
11:36:09.635 [main] INFO  c.o.v.MutatingMatchOneOrderVisitor - [ORDERBOOK] Can't match order:MktData(price=91,quantity=300)(Limit(side=SELL,orderId=21,price=98,quantity=10))
11:36:09.635 [main] INFO  c.o.v.MutatingMatchOneOrderVisitor - [ORDERBOOK] visiting LevelOrderBookLevel(price=90,quantity=10)
11:36:09.635 [main] INFO  c.o.v.MutatingMatchOneOrderVisitor - [ORDERBOOK] Can't match order:Limit(side=BUY,orderId=2,price=90,quantity=10)(Limit(side=SELL,orderId=21,price=98,quantity=10))
11:36:09.635 [main] DEBUG c.o.v.ReadOnlyMarketDataChannelPublishVisitor - Bid Side Size: 4
11:36:09.635 [main] DEBUG c.o.v.ReadOnlyMarketDataChannelPublishVisitor - Adding Mkt Data Msg BID: Price=98 Qty=100
11:36:09.635 [main] DEBUG c.o.v.ReadOnlyMarketDataChannelPublishVisitor - Adding Mkt Data Msg BID: Price=95 Qty=200
11:36:09.635 [main] DEBUG c.o.v.ReadOnlyMarketDataChannelPublishVisitor - Adding Mkt Data Msg BID: Price=91 Qty=300
11:36:09.635 [main] DEBUG c.o.v.ReadOnlyMarketDataChannelPublishVisitor - Adding Mkt Data Msg BID: Price=90 Qty=10
11:36:09.635 [main] DEBUG c.o.v.ReadOnlyMarketDataChannelPublishVisitor - Ask Side Size: 3
11:36:09.635 [main] DEBUG c.o.v.ReadOnlyMarketDataChannelPublishVisitor - Adding Mkt Data Msg ASK: Price=110 Qty=200
11:36:09.635 [main] DEBUG c.o.v.ReadOnlyMarketDataChannelPublishVisitor - Adding Mkt Data Msg ASK: Price=115 Qty=5000
11:36:09.635 [main] DEBUG c.o.v.ReadOnlyMarketDataChannelPublishVisitor - Adding Mkt Data Msg ASK: Price=119 Qty=5600
11:36:09.635 [main] INFO  c.o.channel.MarketDataChannel - [ORDERBOOK] Sending market data update...
11:36:09.635 [main] INFO  c.sequencer.consumer.LoggingConsumer - [41] 
|----BID-----|
    100 @ 98
    200 @ 95
    300 @ 91
     10 @ 90
|----ASK-----|
   200 @ 110
  5000 @ 115
  5600 @ 119

11:36:09.635 [main] DEBUG c.service.MarketDataService - [ALGO] BID: price:98 quantity:100
11:36:09.635 [main] DEBUG c.service.MarketDataService - [ALGO] BID: price:95 quantity:200
11:36:09.636 [main] DEBUG c.service.MarketDataService - [ALGO] BID: price:91 quantity:300
11:36:09.636 [main] DEBUG c.service.MarketDataService - [ALGO] BID: price:90 quantity:10
11:36:09.636 [main] DEBUG c.service.MarketDataService - [ALGO] ASK: price:110 quantity:200
11:36:09.636 [main] DEBUG c.service.MarketDataService - [ALGO] ASK: price:115 quantity:5000
11:36:09.636 [main] DEBUG c.service.MarketDataService - [ALGO] ASK: price:119 quantity:5600
11:36:09.636 [main] INFO  c.gettingstarted.MyAlgoLogic - [MYALGO] In Algo Logic....
11:36:09.636 [main] INFO  c.gettingstarted.MyAlgoLogic - [MYALGO] Algo Sees Book as:
|----BID-----||----ASK----|
    100 @ 98   200 @ 110
    200 @ 95  5000 @ 115
    300 @ 91  5600 @ 119
     10 @ 90          - 
|------------||-----------|

11:36:09.636 [main] INFO  c.gettingstarted.MyAlgoLogic - [MYALGO] Selling opportunity detected. Price difference: -12.0
11:36:09.636 [main] INFO  c.container.Actioner - [ALGO] Actioner, sending action:CreateChildOrder(side=SELL,quantity=10,price=98)
11:36:09.636 [main] INFO  c.sequencer.consumer.LoggingConsumer - [42] [CreateOrder](sbeTemplateId=4|sbeSchemaId=2|sbeSchemaVersion=0|sbeBlockLength=33):instrumentId=0|price=98|quantity=10|side=SELL|orderId=22
11:36:09.636 [main] INFO  c.o.v.MutatingMatchOneOrderVisitor - [ORDERBOOK] visiting LevelOrderBookLevel(price=98,quantity=100)
11:36:09.636 [main] INFO  c.o.v.MutatingMatchOneOrderVisitor - [ORDERBOOK] visiting LevelOrderBookLevel(price=95,quantity=200)
11:36:09.636 [main] INFO  c.o.v.MutatingMatchOneOrderVisitor - [ORDERBOOK] Can't match order:MktData(price=95,quantity=199)(Limit(side=SELL,orderId=22,price=98,quantity=10))
11:36:09.636 [main] INFO  c.o.v.MutatingMatchOneOrderVisitor - [ORDERBOOK] visiting LevelOrderBookLevel(price=91,quantity=300)
11:36:09.636 [main] INFO  c.o.v.MutatingMatchOneOrderVisitor - [ORDERBOOK] Can't match order:MktData(price=91,quantity=300)(Limit(side=SELL,orderId=22,price=98,quantity=10))
11:36:09.636 [main] INFO  c.o.v.MutatingMatchOneOrderVisitor - [ORDERBOOK] visiting LevelOrderBookLevel(price=90,quantity=10)
11:36:09.636 [main] INFO  c.o.v.MutatingMatchOneOrderVisitor - [ORDERBOOK] Can't match order:Limit(side=BUY,orderId=2,price=90,quantity=10)(Limit(side=SELL,orderId=22,price=98,quantity=10))
11:36:09.636 [main] DEBUG c.o.v.ReadOnlyMarketDataChannelPublishVisitor - Bid Side Size: 4
11:36:09.636 [main] DEBUG c.o.v.ReadOnlyMarketDataChannelPublishVisitor - Adding Mkt Data Msg BID: Price=98 Qty=100
11:36:09.636 [main] DEBUG c.o.v.ReadOnlyMarketDataChannelPublishVisitor - Adding Mkt Data Msg BID: Price=95 Qty=200
11:36:09.636 [main] DEBUG c.o.v.ReadOnlyMarketDataChannelPublishVisitor - Adding Mkt Data Msg BID: Price=91 Qty=300
11:36:09.636 [main] DEBUG c.o.v.ReadOnlyMarketDataChannelPublishVisitor - Adding Mkt Data Msg BID: Price=90 Qty=10
11:36:09.636 [main] DEBUG c.o.v.ReadOnlyMarketDataChannelPublishVisitor - Ask Side Size: 3
11:36:09.636 [main] DEBUG c.o.v.ReadOnlyMarketDataChannelPublishVisitor - Adding Mkt Data Msg ASK: Price=110 Qty=200
11:36:09.636 [main] DEBUG c.o.v.ReadOnlyMarketDataChannelPublishVisitor - Adding Mkt Data Msg ASK: Price=115 Qty=5000
11:36:09.636 [main] DEBUG c.o.v.ReadOnlyMarketDataChannelPublishVisitor - Adding Mkt Data Msg ASK: Price=119 Qty=5600
11:36:09.636 [main] INFO  c.o.channel.MarketDataChannel - [ORDERBOOK] Sending market data update...
11:36:09.636 [main] INFO  c.sequencer.consumer.LoggingConsumer - [43] 
|----BID-----|
    100 @ 98
    200 @ 95
    300 @ 91
     10 @ 90
|----ASK-----|
   200 @ 110
  5000 @ 115
  5600 @ 119

11:36:09.636 [main] DEBUG c.service.MarketDataService - [ALGO] BID: price:98 quantity:100
11:36:09.636 [main] DEBUG c.service.MarketDataService - [ALGO] BID: price:95 quantity:200
11:36:09.636 [main] DEBUG c.service.MarketDataService - [ALGO] BID: price:91 quantity:300
11:36:09.636 [main] DEBUG c.service.MarketDataService - [ALGO] BID: price:90 quantity:10
11:36:09.636 [main] DEBUG c.service.MarketDataService - [ALGO] ASK: price:110 quantity:200
11:36:09.636 [main] DEBUG c.service.MarketDataService - [ALGO] ASK: price:115 quantity:5000
11:36:09.636 [main] DEBUG c.service.MarketDataService - [ALGO] ASK: price:119 quantity:5600
11:36:09.636 [main] INFO  c.gettingstarted.MyAlgoLogic - [MYALGO] In Algo Logic....
11:36:09.636 [main] INFO  c.gettingstarted.MyAlgoLogic - [MYALGO] Algo Sees Book as:
|----BID-----||----ASK----|
    100 @ 98   200 @ 110
    200 @ 95  5000 @ 115
    300 @ 91  5600 @ 119
     10 @ 90          - 
|------------||-----------|

11:36:09.637 [main] INFO  c.sequencer.consumer.LoggingConsumer - [44] 
|----BID-----|
    100 @ 95
    200 @ 93
    300 @ 91
|----ASK-----|
    501 @ 98
   200 @ 101
  5000 @ 110
  5600 @ 119

11:36:09.637 [main] INFO  c.orderbook.OrderBook - [ORDERBOOK] Processing Mkt Data Update
11:36:09.637 [main] INFO  c.o.v.MutatingRemoveAllMarketDataOrdersVisitor - [ORDERBOOK] Removing market data order:MktData(price=95,quantity=199)
11:36:09.637 [main] INFO  c.o.v.MutatingRemoveAllMarketDataOrdersVisitor - [ORDERBOOK] Removing market data order:MktData(price=91,quantity=300)
11:36:09.638 [main] INFO  c.o.v.MutatingRemoveAllMarketDataOrdersVisitor - [ORDERBOOK] Removing level:91
11:36:09.638 [main] DEBUG c.orderbook.OrderBook - [ORDERBOOK] ASK: Adding orderMktData(price=95,quantity=100)
11:36:09.638 [main] DEBUG c.orderbook.OrderBook - [ORDERBOOK] ASK: Adding orderMktData(price=93,quantity=200)
11:36:09.638 [main] DEBUG c.orderbook.OrderBook - [ORDERBOOK] ASK: Adding orderMktData(price=91,quantity=300)
11:36:09.638 [main] INFO  c.o.v.MutatingRemoveAllMarketDataOrdersVisitor - [ORDERBOOK] Removing market data order:MktData(price=110,quantity=200)
11:36:09.638 [main] INFO  c.o.v.MutatingRemoveAllMarketDataOrdersVisitor - [ORDERBOOK] Removing level:110
11:36:09.638 [main] INFO  c.o.v.MutatingRemoveAllMarketDataOrdersVisitor - [ORDERBOOK] Removing market data order:MktData(price=115,quantity=5000)
11:36:09.638 [main] INFO  c.o.v.MutatingRemoveAllMarketDataOrdersVisitor - [ORDERBOOK] Removing level:115
11:36:09.638 [main] INFO  c.o.v.MutatingRemoveAllMarketDataOrdersVisitor - [ORDERBOOK] Removing market data order:MktData(price=119,quantity=5600)
11:36:09.638 [main] INFO  c.o.v.MutatingRemoveAllMarketDataOrdersVisitor - [ORDERBOOK] Removing level:119
11:36:09.638 [main] DEBUG c.orderbook.OrderBook - [ORDERBOOK] ASK: Adding orderMktData(price=98,quantity=501)
11:36:09.638 [main] INFO  c.o.v.MutatingMatchOneMarketDataOrderVisitor - [ORDERBOOK] visiting LevelOrderBookLevel(price=98,quantity=100)
11:36:09.638 [main] INFO  c.o.v.MutatingMatchOneMarketDataOrderVisitor - [ORDERBOOK] visiting LevelOrderBookLevel(price=95,quantity=300)
11:36:09.639 [main] INFO  c.o.v.MutatingMatchOneMarketDataOrderVisitor - [ORDERBOOK] Can't match order:MktData(price=95,quantity=100)(MktData(price=98,quantity=501))
11:36:09.639 [main] INFO  c.o.v.MutatingMatchOneMarketDataOrderVisitor - [ORDERBOOK] visiting LevelOrderBookLevel(price=90,quantity=10)
11:36:09.639 [main] INFO  c.o.v.MutatingMatchOneMarketDataOrderVisitor - [ORDERBOOK] Can't match order:Limit(side=BUY,orderId=2,price=90,quantity=10)(MktData(price=98,quantity=501))
11:36:09.639 [main] DEBUG c.orderbook.OrderBook - [ORDERBOOK] ASK: Adding orderMktData(price=101,quantity=200)
11:36:09.639 [main] DEBUG c.orderbook.OrderBook - [ORDERBOOK] ASK: Adding orderMktData(price=110,quantity=5000)
11:36:09.639 [main] DEBUG c.orderbook.OrderBook - [ORDERBOOK] ASK: Adding orderMktData(price=119,quantity=5600)
11:36:09.639 [main] DEBUG c.service.MarketDataService - [ALGO] BID: price:95 quantity:100
11:36:09.639 [main] DEBUG c.service.MarketDataService - [ALGO] BID: price:93 quantity:200
11:36:09.639 [main] DEBUG c.service.MarketDataService - [ALGO] BID: price:91 quantity:300
11:36:09.639 [main] DEBUG c.service.MarketDataService - [ALGO] ASK: price:98 quantity:501
11:36:09.639 [main] DEBUG c.service.MarketDataService - [ALGO] ASK: price:101 quantity:200
11:36:09.639 [main] DEBUG c.service.MarketDataService - [ALGO] ASK: price:110 quantity:5000
11:36:09.639 [main] DEBUG c.service.MarketDataService - [ALGO] ASK: price:119 quantity:5600
11:36:09.639 [main] INFO  c.gettingstarted.MyAlgoLogic - [MYALGO] In Algo Logic....
11:36:09.639 [main] INFO  c.gettingstarted.MyAlgoLogic - [MYALGO] Algo Sees Book as:
|----BID-----||----ASK----|
    100 @ 95    501 @ 98
    200 @ 93   200 @ 101
    300 @ 91  5000 @ 110
          -   5600 @ 119
|------------||-----------|

]]></system-out>
  </testcase>
</testsuite>