<?xml version="1.0" encoding="UTF-8"?>
<testsuite xmlns:xsi="http://www.w3.org/2001/XMLSchema-instance" xsi:noNamespaceSchemaLocation="https://maven.apache.org/surefire/maven-surefire-plugin/xsd/surefire-test-report-3.0.xsd" version="3.0" name="codingblackfemales.gettingstarted.MyAlgoTest" time="0.287" tests="1" errors="0" skipped="0" failures="0">
  <properties>
[...]
</properties>
  <testcase name="testDispatchThroughSequencer" classname="codingblackfemales.gettingstarted.MyAlgoTest" time="0.04">
    <system-out><![CDATA[11:36:09.568 [main] INFO  c.sequencer.consumer.LoggingConsumer - [1] 
|----BID-----|
   100 @ 100
   200 @ 110
  5000 @ 115
|----ASK-----|
   100 @ 110
    200 @ 95
   5000 @ 91

11:36:09.571 [main] DEBUG c.service.MarketDataService - [ALGO] BID: price:100 quantity:100
11:36:09.571 [main] DEBUG c.service.MarketDataService - [ALGO] BID: price:110 quantity:200
11:36:09.571 [main] DEBUG c.service.MarketDataService - [ALGO] BID: price:115 quantity:5000
11:36:09.571 [main] DEBUG c.service.MarketDataService - [ALGO] ASK: price:110 quantity:100
11:36:09.571 [main] DEBUG c.service.MarketDataService - [ALGO] ASK: price:95 quantity:200
11:36:09.571 [main] DEBUG c.service.MarketDataService - [ALGO] ASK: price:91 quantity:5000
11:36:09.571 [main] INFO  c.gettingstarted.MyAlgoLogic - [MYALGO] In Algo Logic....
11:36:09.574 [main] INFO  c.gettingstarted.MyAlgoLogic - [MYALGO] Algo Sees Book as:
|----BID-----||----ASK----|
   100 @ 100   100 @ 110
   200 @ 110    200 @ 95
  5000 @ 115   5000 @ 91
|------------||-----------|

11:36:09.576 [main] INFO  c.gettingstarted.MyAlgoLogic - [MYALGO] Selling opportunity detected. Price difference: -10.0
11:36:09.581 [main] INFO  c.container.Actioner - [ALGO] Actioner, sending action:CreateChildOrder(side=SELL,quantity=10,price=100)
11:36:09.581 [main] INFO  c.sequencer.consumer.LoggingConsumer - [2] [CreateOrder](sbeTemplateId=4|sbeSchemaId=2|sbeSchemaVersion=0|sbeBlockLength=33):instrumentId=0|price=100|quantity=10|side=SELL|orderId=2
11:36:09.582 [main] INFO  c.gettingstarted.MyAlgoLogic - [MYALGO] In Algo Logic....
11:36:09.582 [main] INFO  c.gettingstarted.MyAlgoLogic - [MYALGO] Algo Sees Book as:
|----BID-----||----ASK----|
   100 @ 100   100 @ 110
   200 @ 110    200 @ 95
  5000 @ 115   5000 @ 91
|------------||-----------|

11:36:09.582 [main] INFO  c.gettingstarted.MyAlgoLogic - [MYALGO] Selling opportunity detected. Price difference: -10.0
11:36:09.582 [main] INFO  c.container.Actioner - [ALGO] Actioner, sending action:CreateChildOrder(side=SELL,quantity=10,price=100)
11:36:09.582 [main] INFO  c.sequencer.consumer.LoggingConsumer - [3] [CreateOrder](sbeTemplateId=4|sbeSchemaId=2|sbeSchemaVersion=0|sbeBlockLength=33):instrumentId=0|price=100|quantity=10|side=SELL|orderId=3
11:36:09.582 [main] INFO  c.gettingstarted.MyAlgoLogic - [MYALGO] In Algo Logic....
11:36:09.583 [main] INFO  c.gettingstarted.MyAlgoLogic - [MYALGO] Algo Sees Book as:
|----BID-----||----ASK----|
   100 @ 100   100 @ 110
   200 @ 110    200 @ 95
  5000 @ 115   5000 @ 91
|------------||-----------|

11:36:09.583 [main] INFO  c.gettingstarted.MyAlgoLogic - [MYALGO] Selling opportunity detected. Price difference: -10.0
11:36:09.583 [main] INFO  c.container.Actioner - [ALGO] Actioner, sending action:CreateChildOrder(side=SELL,quantity=10,price=100)
11:36:09.583 [main] INFO  c.sequencer.consumer.LoggingConsumer - [4] [CreateOrder](sbeTemplateId=4|sbeSchemaId=2|sbeSchemaVersion=0|sbeBlockLength=33):instrumentId=0|price=100|quantity=10|side=SELL|orderId=4
11:36:09.583 [main] INFO  c.gettingstarted.MyAlgoLogic - [MYALGO] In Algo Logic....
11:36:09.583 [main] INFO  c.gettingstarted.MyAlgoLogic - [MYALGO] Algo Sees Book as:
|----BID-----||----ASK----|
   100 @ 100   100 @ 110
   200 @ 110    200 @ 95
  5000 @ 115   5000 @ 91
|------------||-----------|

11:36:09.584 [main] INFO  c.gettingstarted.MyAlgoLogic - [MYALGO] Selling opportunity detected. Price difference: -10.0
11:36:09.584 [main] INFO  c.container.Actioner - [ALGO] Actioner, sending action:CreateChildOrder(side=SELL,quantity=10,price=100)
11:36:09.584 [main] INFO  c.sequencer.consumer.LoggingConsumer - [5] [CreateOrder](sbeTemplateId=4|sbeSchemaId=2|sbeSchemaVersion=0|sbeBlockLength=33):instrumentId=0|price=100|quantity=10|side=SELL|orderId=5
11:36:09.584 [main] INFO  c.gettingstarted.MyAlgoLogic - [MYALGO] In Algo Logic....
11:36:09.584 [main] INFO  c.gettingstarted.MyAlgoLogic - [MYALGO] Algo Sees Book as:
|----BID-----||----ASK----|
   100 @ 100   100 @ 110
   200 @ 110    200 @ 95
  5000 @ 115   5000 @ 91
|------------||-----------|

11:36:09.584 [main] INFO  c.gettingstarted.MyAlgoLogic - [MYALGO] Selling opportunity detected. Price difference: -10.0
11:36:09.584 [main] INFO  c.container.Actioner - [ALGO] Actioner, sending action:CreateChildOrder(side=SELL,quantity=10,price=100)
11:36:09.584 [main] INFO  c.sequencer.consumer.LoggingConsumer - [6] [CreateOrder](sbeTemplateId=4|sbeSchemaId=2|sbeSchemaVersion=0|sbeBlockLength=33):instrumentId=0|price=100|quantity=10|side=SELL|orderId=6
11:36:09.584 [main] INFO  c.gettingstarted.MyAlgoLogic - [MYALGO] In Algo Logic....
11:36:09.585 [main] INFO  c.gettingstarted.MyAlgoLogic - [MYALGO] Algo Sees Book as:
|----BID-----||----ASK----|
   100 @ 100   100 @ 110
   200 @ 110    200 @ 95
  5000 @ 115   5000 @ 91
|------------||-----------|

11:36:09.585 [main] INFO  c.gettingstarted.MyAlgoLogic - [MYALGO] Selling opportunity detected. Price difference: -10.0
11:36:09.585 [main] INFO  c.container.Actioner - [ALGO] Actioner, sending action:CreateChildOrder(side=SELL,quantity=10,price=100)
11:36:09.585 [main] INFO  c.sequencer.consumer.LoggingConsumer - [7] [CreateOrder](sbeTemplateId=4|sbeSchemaId=2|sbeSchemaVersion=0|sbeBlockLength=33):instrumentId=0|price=100|quantity=10|side=SELL|orderId=7
11:36:09.585 [main] INFO  c.gettingstarted.MyAlgoLogic - [MYALGO] In Algo Logic....
11:36:09.586 [main] INFO  c.gettingstarted.MyAlgoLogic - [MYALGO] Algo Sees Book as:
|----BID-----||----ASK----|
   100 @ 100   100 @ 110
   200 @ 110    200 @ 95
  5000 @ 115   5000 @ 91
|------------||-----------|

11:36:09.586 [main] INFO  c.gettingstarted.MyAlgoLogic - [MYALGO] Selling opportunity detected. Price difference: -10.0
11:36:09.586 [main] INFO  c.container.Actioner - [ALGO] Actioner, sending action:CreateChildOrder(side=SELL,quantity=10,price=100)
11:36:09.586 [main] INFO  c.sequencer.consumer.LoggingConsumer - [8] [CreateOrder](sbeTemplateId=4|sbeSchemaId=2|sbeSchemaVersion=0|sbeBlockLength=33):instrumentId=0|price=100|quantity=10|side=SELL|orderId=8
11:36:09.586 [main] INFO  c.gettingstarted.MyAlgoLogic - [MYALGO] In Algo Logic....
11:36:09.586 [main] INFO  c.gettingstarted.MyAlgoLogic - [MYALGO] Algo Sees Book as:
|----BID-----||----ASK----|
   100 @ 100   100 @ 110
   200 @ 110    200 @ 95
  5000 @ 115   5000 @ 91
|------------||-----------|

11:36:09.587 [main] INFO  c.gettingstarted.MyAlgoLogic - [MYALGO] Selling opportunity detected. Price difference: -10.0
11:36:09.587 [main] INFO  c.container.Actioner - [ALGO] Actioner, sending action:CreateChildOrder(side=SELL,quantity=10,price=100)
11:36:09.587 [main] INFO  c.sequencer.consumer.LoggingConsumer - [9] [CreateOrder](sbeTemplateId=4|sbeSchemaId=2|sbeSchemaVersion=0|sbeBlockLength=33):instrumentId=0|price=100|quantity=10|side=SELL|orderId=9
11:36:09.587 [main] INFO  c.gettingstarted.MyAlgoLogic - [MYALGO] In Algo Logic....
11:36:09.587 [main] INFO  c.gettingstarted.MyAlgoLogic - [MYALGO] Algo Sees Book as:
|----BID-----||----ASK----|
   100 @ 100   100 @ 110
   200 @ 110    200 @ 95
  5000 @ 115   5000 @ 91
|------------||-----------|

11:36:09.587 [main] INFO  c.gettingstarted.MyAlgoLogic - [MYALGO] Selling opportunity detected. Price difference: -10.0
11:36:09.587 [main] INFO  c.container.Actioner - [ALGO] Actioner, sending action:CreateChildOrder(side=SELL,quantity=10,price=100)
11:36:09.587 [main] INFO  c.sequencer.consumer.LoggingConsumer - [10] [CreateOrder](sbeTemplateId=4|sbeSchemaId=2|sbeSchemaVersion=0|sbeBlockLength=33):instrumentId=0|price=100|quantity=10|side=SELL|orderId=10
11:36:09.588 [main] INFO  c.gettingstarted.MyAlgoLogic - [MYALGO] In Algo Logic....
11:36:09.588 [main] INFO  c.gettingstarted.MyAlgoLogic - [MYALGO] Algo Sees Book as:
|----BID-----||----ASK----|
   100 @ 100   100 @ 110
   200 @ 110    200 @ 95
  5000 @ 115   5000 @ 91
|------------||-----------|

11:36:09.588 [main] INFO  c.gettingstarted.MyAlgoLogic - [MYALGO] Selling opportunity detected. Price difference: -10.0
11:36:09.588 [main] INFO  c.container.Actioner - [ALGO] Actioner, sending action:CreateChildOrder(side=SELL,quantity=10,price=100)
11:36:09.588 [main] INFO  c.sequencer.consumer.LoggingConsumer - [11] [CreateOrder](sbeTemplateId=4|sbeSchemaId=2|sbeSchemaVersion=0|sbeBlockLength=33):instrumentId=0|price=100|quantity=10|side=SELL|orderId=11
11:36:09.588 [main] INFO  c.gettingstarted.MyAlgoLogic - [MYALGO] In Algo Logic....
11:36:09.588 [main] INFO  c.gettingstarted.MyAlgoLogic - [MYALGO] Algo Sees Book as:
|----BID-----||----ASK----|
   100 @ 100   100 @ 110
   200 @ 110    200 @ 95
  5000 @ 115   5000 @ 91
|------------||-----------|

11:36:09.589 [main] INFO  c.gettingstarted.MyAlgoLogic - [MYALGO] Selling opportunity detected. Price difference: -10.0
11:36:09.589 [main] INFO  c.container.Actioner - [ALGO] Actioner, sending action:CreateChildOrder(side=SELL,quantity=10,price=100)
11:36:09.589 [main] INFO  c.sequencer.consumer.LoggingConsumer - [12] [CreateOrder](sbeTemplateId=4|sbeSchemaId=2|sbeSchemaVersion=0|sbeBlockLength=33):instrumentId=0|price=100|quantity=10|side=SELL|orderId=12
11:36:09.589 [main] INFO  c.gettingstarted.MyAlgoLogic - [MYALGO] In Algo Logic....
11:36:09.589 [main] INFO  c.gettingstarted.MyAlgoLogic - [MYALGO] Algo Sees Book as:
|----BID-----||----ASK----|
   100 @ 100   100 @ 110
   200 @ 110    200 @ 95
  5000 @ 115   5000 @ 91
|------------||-----------|

11:36:09.589 [main] INFO  c.gettingstarted.MyAlgoLogic - [MYALGO] Selling opportunity detected. Price difference: -10.0
11:36:09.589 [main] INFO  c.container.Actioner - [ALGO] Actioner, sending action:CreateChildOrder(side=SELL,quantity=10,price=100)
11:36:09.589 [main] INFO  c.sequencer.consumer.LoggingConsumer - [13] [CreateOrder](sbeTemplateId=4|sbeSchemaId=2|sbeSchemaVersion=0|sbeBlockLength=33):instrumentId=0|price=100|quantity=10|side=SELL|orderId=13
11:36:09.589 [main] INFO  c.gettingstarted.MyAlgoLogic - [MYALGO] In Algo Logic....
11:36:09.590 [main] INFO  c.gettingstarted.MyAlgoLogic - [MYALGO] Algo Sees Book as:
|----BID-----||----ASK----|
   100 @ 100   100 @ 110
   200 @ 110    200 @ 95
  5000 @ 115   5000 @ 91
|------------||-----------|

11:36:09.590 [main] INFO  c.gettingstarted.MyAlgoLogic - [MYALGO] Selling opportunity detected. Price difference: -10.0
11:36:09.590 [main] INFO  c.container.Actioner - [ALGO] Actioner, sending action:CreateChildOrder(side=SELL,quantity=10,price=100)
11:36:09.590 [main] INFO  c.sequencer.consumer.LoggingConsumer - [14] [CreateOrder](sbeTemplateId=4|sbeSchemaId=2|sbeSchemaVersion=0|sbeBlockLength=33):instrumentId=0|price=100|quantity=10|side=SELL|orderId=14
11:36:09.590 [main] INFO  c.gettingstarted.MyAlgoLogic - [MYALGO] In Algo Logic....
11:36:09.590 [main] INFO  c.gettingstarted.MyAlgoLogic - [MYALGO] Algo Sees Book as:
|----BID-----||----ASK----|
   100 @ 100   100 @ 110
   200 @ 110    200 @ 95
  5000 @ 115   5000 @ 91
|------------||-----------|

11:36:09.590 [main] INFO  c.gettingstarted.MyAlgoLogic - [MYALGO] Selling opportunity detected. Price difference: -10.0
11:36:09.590 [main] INFO  c.container.Actioner - [ALGO] Actioner, sending action:CreateChildOrder(side=SELL,quantity=10,price=100)
11:36:09.591 [main] INFO  c.sequencer.consumer.LoggingConsumer - [15] [CreateOrder](sbeTemplateId=4|sbeSchemaId=2|sbeSchemaVersion=0|sbeBlockLength=33):instrumentId=0|price=100|quantity=10|side=SELL|orderId=15
11:36:09.591 [main] INFO  c.gettingstarted.MyAlgoLogic - [MYALGO] In Algo Logic....
11:36:09.591 [main] INFO  c.gettingstarted.MyAlgoLogic - [MYALGO] Algo Sees Book as:
|----BID-----||----ASK----|
   100 @ 100   100 @ 110
   200 @ 110    200 @ 95
  5000 @ 115   5000 @ 91
|------------||-----------|

11:36:09.591 [main] INFO  c.gettingstarted.MyAlgoLogic - [MYALGO] Selling opportunity detected. Price difference: -10.0
11:36:09.591 [main] INFO  c.container.Actioner - [ALGO] Actioner, sending action:CreateChildOrder(side=SELL,quantity=10,price=100)
11:36:09.591 [main] INFO  c.sequencer.consumer.LoggingConsumer - [16] [CreateOrder](sbeTemplateId=4|sbeSchemaId=2|sbeSchemaVersion=0|sbeBlockLength=33):instrumentId=0|price=100|quantity=10|side=SELL|orderId=16
11:36:09.591 [main] INFO  c.gettingstarted.MyAlgoLogic - [MYALGO] In Algo Logic....
11:36:09.591 [main] INFO  c.gettingstarted.MyAlgoLogic - [MYALGO] Algo Sees Book as:
|----BID-----||----ASK----|
   100 @ 100   100 @ 110
   200 @ 110    200 @ 95
  5000 @ 115   5000 @ 91
|------------||-----------|

11:36:09.592 [main] INFO  c.gettingstarted.MyAlgoLogic - [MYALGO] Selling opportunity detected. Price difference: -10.0
11:36:09.592 [main] INFO  c.container.Actioner - [ALGO] Actioner, sending action:CreateChildOrder(side=SELL,quantity=10,price=100)
11:36:09.592 [main] INFO  c.sequencer.consumer.LoggingConsumer - [17] [CreateOrder](sbeTemplateId=4|sbeSchemaId=2|sbeSchemaVersion=0|sbeBlockLength=33):instrumentId=0|price=100|quantity=10|side=SELL|orderId=17
11:36:09.592 [main] INFO  c.gettingstarted.MyAlgoLogic - [MYALGO] In Algo Logic....
11:36:09.592 [main] INFO  c.gettingstarted.MyAlgoLogic - [MYALGO] Algo Sees Book as:
|----BID-----||----ASK----|
   100 @ 100   100 @ 110
   200 @ 110    200 @ 95
  5000 @ 115   5000 @ 91
|------------||-----------|

11:36:09.592 [main] INFO  c.gettingstarted.MyAlgoLogic - [MYALGO] Selling opportunity detected. Price difference: -10.0
11:36:09.593 [main] INFO  c.container.Actioner - [ALGO] Actioner, sending action:CreateChildOrder(side=SELL,quantity=10,price=100)
11:36:09.593 [main] INFO  c.sequencer.consumer.LoggingConsumer - [18] [CreateOrder](sbeTemplateId=4|sbeSchemaId=2|sbeSchemaVersion=0|sbeBlockLength=33):instrumentId=0|price=100|quantity=10|side=SELL|orderId=18
11:36:09.593 [main] INFO  c.gettingstarted.MyAlgoLogic - [MYALGO] In Algo Logic....
11:36:09.593 [main] INFO  c.gettingstarted.MyAlgoLogic - [MYALGO] Algo Sees Book as:
|----BID-----||----ASK----|
   100 @ 100   100 @ 110
   200 @ 110    200 @ 95
  5000 @ 115   5000 @ 91
|------------||-----------|

11:36:09.593 [main] INFO  c.gettingstarted.MyAlgoLogic - [MYALGO] Selling opportunity detected. Price difference: -10.0
11:36:09.593 [main] INFO  c.container.Actioner - [ALGO] Actioner, sending action:CreateChildOrder(side=SELL,quantity=10,price=100)
11:36:09.593 [main] INFO  c.sequencer.consumer.LoggingConsumer - [19] [CreateOrder](sbeTemplateId=4|sbeSchemaId=2|sbeSchemaVersion=0|sbeBlockLength=33):instrumentId=0|price=100|quantity=10|side=SELL|orderId=19
11:36:09.593 [main] INFO  c.gettingstarted.MyAlgoLogic - [MYALGO] In Algo Logic....
11:36:09.593 [main] INFO  c.gettingstarted.MyAlgoLogic - [MYALGO] Algo Sees Book as:
|----BID-----||----ASK----|
   100 @ 100   100 @ 110
   200 @ 110    200 @ 95
  5000 @ 115   5000 @ 91
|------------||-----------|

11:36:09.593 [main] INFO  c.gettingstarted.MyAlgoLogic - [MYALGO] Selling opportunity detected. Price difference: -10.0
11:36:09.594 [main] INFO  c.container.Actioner - [ALGO] Actioner, sending action:CreateChildOrder(side=SELL,quantity=10,price=100)
11:36:09.594 [main] INFO  c.sequencer.consumer.LoggingConsumer - [20] [CreateOrder](sbeTemplateId=4|sbeSchemaId=2|sbeSchemaVersion=0|sbeBlockLength=33):instrumentId=0|price=100|quantity=10|side=SELL|orderId=20
11:36:09.594 [main] INFO  c.gettingstarted.MyAlgoLogic - [MYALGO] In Algo Logic....
11:36:09.594 [main] INFO  c.gettingstarted.MyAlgoLogic - [MYALGO] Algo Sees Book as:
|----BID-----||----ASK----|
   100 @ 100   100 @ 110
   200 @ 110    200 @ 95
  5000 @ 115   5000 @ 91
|------------||-----------|

11:36:09.594 [main] INFO  c.gettingstarted.MyAlgoLogic - [MYALGO] Selling opportunity detected. Price difference: -10.0
11:36:09.594 [main] INFO  c.container.Actioner - [ALGO] Actioner, sending action:CreateChildOrder(side=SELL,quantity=10,price=100)
11:36:09.594 [main] INFO  c.sequencer.consumer.LoggingConsumer - [21] [CreateOrder](sbeTemplateId=4|sbeSchemaId=2|sbeSchemaVersion=0|sbeBlockLength=33):instrumentId=0|price=100|quantity=10|side=SELL|orderId=21
11:36:09.594 [main] INFO  c.gettingstarted.MyAlgoLogic - [MYALGO] In Algo Logic....
11:36:09.594 [main] INFO  c.gettingstarted.MyAlgoLogic - [MYALGO] Algo Sees Book as:
|----BID-----||----ASK----|
   100 @ 100   100 @ 110
   200 @ 110    200 @ 95
  5000 @ 115   5000 @ 91
|------------||-----------|

11:36:09.594 [main] INFO  c.gettingstarted.MyAlgoLogic - [MYALGO] Selling opportunity detected. Price difference: -10.0
11:36:09.595 [main] INFO  c.container.Actioner - [ALGO] Actioner, sending action:CreateChildOrder(side=SELL,quantity=10,price=100)
11:36:09.595 [main] INFO  c.sequencer.consumer.LoggingConsumer - [22] [CreateOrder](sbeTemplateId=4|sbeSchemaId=2|sbeSchemaVersion=0|sbeBlockLength=33):instrumentId=0|price=100|quantity=10|side=SELL|orderId=22
11:36:09.595 [main] INFO  c.gettingstarted.MyAlgoLogic - [MYALGO] In Algo Logic....
11:36:09.595 [main] INFO  c.gettingstarted.MyAlgoLogic - [MYALGO] Algo Sees Book as:
|----BID-----||----ASK----|
   100 @ 100   100 @ 110
   200 @ 110    200 @ 95
  5000 @ 115   5000 @ 91
|------------||-----------|

]]></system-out>
  </testcase>
</testsuite>