<?xml version="1.0" encoding="UTF-8"?>
<testsuite xmlns:xsi="http://www.w3.org/2001/XMLSchema-instance" xsi:noNamespaceSchemaLocation="https://maven.apache.org/surefire/maven-surefire-plugin/xsd/surefire-test-report-3.0.xsd" version="3.0" name="codingblackfemales.gettingstarted.MyAlgoBackTest" time="0.447" tests="1" errors="0" skipped="0" failures="0">
  <properties>
[...]
</properties>
  <testcase name="testExampleBackTest" classname="codingblackfemales.gettingstarted.MyAlgoBackTest" time="0.086">
    <system-out><![CDATA[21:53:12.138 [main] INFO  c.sequencer.consumer.LoggingConsumer - [1] 
|----BID-----|
    100 @ 98
    200 @ 95
    300 @ 91
|----ASK-----|
   101 @ 100
   200 @ 110
  5000 @ 115
  5600 @ 119

21:53:12.142 [main] INFO  c.orderbook.OrderBook - [ORDERBOOK] Processing Mkt Data Update
21:53:12.143 [main] DEBUG c.orderbook.OrderBook - [ORDERBOOK] ASK: Adding orderMktData(price=98,quantity=100)
21:53:12.143 [main] DEBUG c.orderbook.OrderBook - [ORDERBOOK] ASK: Adding orderMktData(price=95,quantity=200)
21:53:12.143 [main] DEBUG c.orderbook.OrderBook - [ORDERBOOK] ASK: Adding orderMktData(price=91,quantity=300)
21:53:12.143 [main] DEBUG c.orderbook.OrderBook - [ORDERBOOK] ASK: Adding orderMktData(price=100,quantity=101)
21:53:12.144 [main] DEBUG c.orderbook.OrderBook - [ORDERBOOK] ASK: Adding orderMktData(price=110,quantity=200)
21:53:12.144 [main] DEBUG c.orderbook.OrderBook - [ORDERBOOK] ASK: Adding orderMktData(price=115,quantity=5000)
21:53:12.144 [main] DEBUG c.orderbook.OrderBook - [ORDERBOOK] ASK: Adding orderMktData(price=119,quantity=5600)
21:53:12.144 [main] DEBUG c.service.MarketDataService - [ALGO] BID: price:98 quantity:100
21:53:12.144 [main] DEBUG c.service.MarketDataService - [ALGO] BID: price:95 quantity:200
21:53:12.144 [main] DEBUG c.service.MarketDataService - [ALGO] BID: price:91 quantity:300
21:53:12.144 [main] DEBUG c.service.MarketDataService - [ALGO] ASK: price:100 quantity:101
21:53:12.144 [main] DEBUG c.service.MarketDataService - [ALGO] ASK: price:110 quantity:200
21:53:12.144 [main] DEBUG c.service.MarketDataService - [ALGO] ASK: price:115 quantity:5000
21:53:12.144 [main] DEBUG c.service.MarketDataService - [ALGO] ASK: price:119 quantity:5600
21:53:12.145 [main] INFO  c.gettingstarted.MyAlgoLogic - [MYALGO_ADDCANCELALGO] In Algo Logic....
21:53:12.148 [main] INFO  c.gettingstarted.MyAlgoLogic - [MYALGO_ADDCANCELALGO] Algo Sees Book as:
|----BID-----||----ASK----|
    100 @ 98   101 @ 100
    200 @ 95   200 @ 110
    300 @ 91  5000 @ 115
          -   5600 @ 119
|------------||-----------|

21:53:12.149 [main] INFO  c.gettingstarted.MyAlgoLogic - [ADDCANCELALGO] Adding order for100@98
21:53:12.154 [main] INFO  c.container.Actioner - [ALGO] Actioner, sending action:CreateChildOrder(side=BUY,quantity=100,price=98)
21:53:12.155 [main] INFO  c.sequencer.consumer.LoggingConsumer - [2] [CreateOrder](sbeTemplateId=4|sbeSchemaId=2|sbeSchemaVersion=0|sbeBlockLength=33):instrumentId=0|price=98|quantity=100|side=BUY|orderId=2
21:53:12.159 [main] INFO  c.orderbook.OrderBook - [ORDERBOOK] Adding passive limit order to BID bookLimit(side=BUY,orderId=2,price=98,quantity=100)
21:53:12.159 [main] INFO  c.o.visitor.MutatingAddOrderVisitor - [ORDERBOOK] + MktData(price=98,quantity=100)
21:53:12.159 [main] DEBUG c.o.v.ReadOnlyMarketDataChannelPublishVisitor - Bid Side Size: 3
21:53:12.159 [main] DEBUG c.o.v.ReadOnlyMarketDataChannelPublishVisitor - Adding Mkt Data Msg BID: Price=98 Qty=200
21:53:12.159 [main] DEBUG c.o.v.ReadOnlyMarketDataChannelPublishVisitor - Adding Mkt Data Msg BID: Price=95 Qty=200
21:53:12.159 [main] DEBUG c.o.v.ReadOnlyMarketDataChannelPublishVisitor - Adding Mkt Data Msg BID: Price=91 Qty=300
21:53:12.160 [main] DEBUG c.o.v.ReadOnlyMarketDataChannelPublishVisitor - Ask Side Size: 4
21:53:12.160 [main] DEBUG c.o.v.ReadOnlyMarketDataChannelPublishVisitor - Adding Mkt Data Msg ASK: Price=100 Qty=101
21:53:12.160 [main] DEBUG c.o.v.ReadOnlyMarketDataChannelPublishVisitor - Adding Mkt Data Msg ASK: Price=110 Qty=200
21:53:12.160 [main] DEBUG c.o.v.ReadOnlyMarketDataChannelPublishVisitor - Adding Mkt Data Msg ASK: Price=115 Qty=5000
21:53:12.160 [main] DEBUG c.o.v.ReadOnlyMarketDataChannelPublishVisitor - Adding Mkt Data Msg ASK: Price=119 Qty=5600
21:53:12.160 [main] INFO  c.o.channel.MarketDataChannel - [ORDERBOOK] Sending market data update...
21:53:12.160 [main] INFO  c.sequencer.consumer.LoggingConsumer - [3] 
|----BID-----|
    200 @ 98
    200 @ 95
    300 @ 91
|----ASK-----|
   101 @ 100
   200 @ 110
  5000 @ 115
  5600 @ 119

21:53:12.160 [main] DEBUG c.service.MarketDataService - [ALGO] BID: price:98 quantity:200
21:53:12.160 [main] DEBUG c.service.MarketDataService - [ALGO] BID: price:95 quantity:200
21:53:12.161 [main] DEBUG c.service.MarketDataService - [ALGO] BID: price:91 quantity:300
21:53:12.161 [main] DEBUG c.service.MarketDataService - [ALGO] ASK: price:100 quantity:101
21:53:12.161 [main] DEBUG c.service.MarketDataService - [ALGO] ASK: price:110 quantity:200
21:53:12.161 [main] DEBUG c.service.MarketDataService - [ALGO] ASK: price:115 quantity:5000
21:53:12.161 [main] DEBUG c.service.MarketDataService - [ALGO] ASK: price:119 quantity:5600
21:53:12.161 [main] INFO  c.gettingstarted.MyAlgoLogic - [MYALGO_ADDCANCELALGO] In Algo Logic....
21:53:12.161 [main] INFO  c.gettingstarted.MyAlgoLogic - [MYALGO_ADDCANCELALGO] Algo Sees Book as:
|----BID-----||----ASK----|
    200 @ 98   101 @ 100
    200 @ 95   200 @ 110
    300 @ 91  5000 @ 115
          -   5600 @ 119
|------------||-----------|

21:53:12.163 [main] INFO  c.gettingstarted.MyAlgoLogic - [ADDCANCELALGO] Cancelling order:codingblackfemales.sotw.ChildOrder@3a6bb9bf
21:53:12.165 [main] INFO  c.container.Actioner - [ALGO] Actioner, sending action:CancelChildOrder(codingblackfemales.sotw.ChildOrder@3a6bb9bf)
21:53:12.165 [main] INFO  c.sequencer.consumer.LoggingConsumer - [4] [CancelOrder](sbeTemplateId=5|sbeSchemaId=2|sbeSchemaVersion=0|sbeBlockLength=8):orderId=2
21:53:12.167 [main] INFO  c.orderbook.OrderBook - [ORDERBOOK] Cancelling order (id=:2)
21:53:12.168 [main] INFO  c.o.visitor.CancelOrderVisitor - [ORDERBOOK] Cancelling order: Limit(side=BUY,orderId=2,price=98,quantity=100)
21:53:12.168 [main] DEBUG c.o.v.ReadOnlyMarketDataChannelPublishVisitor - Bid Side Size: 3
21:53:12.168 [main] DEBUG c.o.v.ReadOnlyMarketDataChannelPublishVisitor - Adding Mkt Data Msg BID: Price=98 Qty=100
21:53:12.168 [main] DEBUG c.o.v.ReadOnlyMarketDataChannelPublishVisitor - Adding Mkt Data Msg BID: Price=95 Qty=200
21:53:12.168 [main] DEBUG c.o.v.ReadOnlyMarketDataChannelPublishVisitor - Adding Mkt Data Msg BID: Price=91 Qty=300
21:53:12.168 [main] DEBUG c.o.v.ReadOnlyMarketDataChannelPublishVisitor - Ask Side Size: 4
21:53:12.168 [main] DEBUG c.o.v.ReadOnlyMarketDataChannelPublishVisitor - Adding Mkt Data Msg ASK: Price=100 Qty=101
21:53:12.168 [main] DEBUG c.o.v.ReadOnlyMarketDataChannelPublishVisitor - Adding Mkt Data Msg ASK: Price=110 Qty=200
21:53:12.168 [main] DEBUG c.o.v.ReadOnlyMarketDataChannelPublishVisitor - Adding Mkt Data Msg ASK: Price=115 Qty=5000
21:53:12.168 [main] DEBUG c.o.v.ReadOnlyMarketDataChannelPublishVisitor - Adding Mkt Data Msg ASK: Price=119 Qty=5600
21:53:12.168 [main] INFO  c.o.channel.MarketDataChannel - [ORDERBOOK] Sending market data update...
21:53:12.169 [main] INFO  c.sequencer.consumer.LoggingConsumer - [5] 
|----BID-----|
    100 @ 98
    200 @ 95
    300 @ 91
|----ASK-----|
   101 @ 100
   200 @ 110
  5000 @ 115
  5600 @ 119

21:53:12.169 [main] DEBUG c.service.MarketDataService - [ALGO] BID: price:98 quantity:100
21:53:12.169 [main] DEBUG c.service.MarketDataService - [ALGO] BID: price:95 quantity:200
21:53:12.169 [main] DEBUG c.service.MarketDataService - [ALGO] BID: price:91 quantity:300
21:53:12.169 [main] DEBUG c.service.MarketDataService - [ALGO] ASK: price:100 quantity:101
21:53:12.169 [main] DEBUG c.service.MarketDataService - [ALGO] ASK: price:110 quantity:200
21:53:12.169 [main] DEBUG c.service.MarketDataService - [ALGO] ASK: price:115 quantity:5000
21:53:12.169 [main] DEBUG c.service.MarketDataService - [ALGO] ASK: price:119 quantity:5600
21:53:12.169 [main] INFO  c.gettingstarted.MyAlgoLogic - [MYALGO_ADDCANCELALGO] In Algo Logic....
21:53:12.169 [main] INFO  c.gettingstarted.MyAlgoLogic - [MYALGO_ADDCANCELALGO] Algo Sees Book as:
|----BID-----||----ASK----|
    100 @ 98   101 @ 100
    200 @ 95   200 @ 110
    300 @ 91  5000 @ 115
          -   5600 @ 119
|------------||-----------|

21:53:12.169 [main] INFO  c.gettingstarted.MyAlgoLogic - [ADDCANCELALGO] Adding order for100@98
21:53:12.169 [main] INFO  c.container.Actioner - [ALGO] Actioner, sending action:CreateChildOrder(side=BUY,quantity=100,price=98)
21:53:12.169 [main] INFO  c.sequencer.consumer.LoggingConsumer - [6] [CreateOrder](sbeTemplateId=4|sbeSchemaId=2|sbeSchemaVersion=0|sbeBlockLength=33):instrumentId=0|price=98|quantity=100|side=BUY|orderId=3
21:53:12.170 [main] INFO  c.orderbook.OrderBook - [ORDERBOOK] Adding passive limit order to BID bookLimit(side=BUY,orderId=3,price=98,quantity=100)
21:53:12.170 [main] INFO  c.o.visitor.MutatingAddOrderVisitor - [ORDERBOOK] + MktData(price=98,quantity=100)
21:53:12.170 [main] DEBUG c.o.v.ReadOnlyMarketDataChannelPublishVisitor - Bid Side Size: 3
21:53:12.170 [main] DEBUG c.o.v.ReadOnlyMarketDataChannelPublishVisitor - Adding Mkt Data Msg BID: Price=98 Qty=200
21:53:12.170 [main] DEBUG c.o.v.ReadOnlyMarketDataChannelPublishVisitor - Adding Mkt Data Msg BID: Price=95 Qty=200
21:53:12.170 [main] DEBUG c.o.v.ReadOnlyMarketDataChannelPublishVisitor - Adding Mkt Data Msg BID: Price=91 Qty=300
21:53:12.170 [main] DEBUG c.o.v.ReadOnlyMarketDataChannelPublishVisitor - Ask Side Size: 4
21:53:12.170 [main] DEBUG c.o.v.ReadOnlyMarketDataChannelPublishVisitor - Adding Mkt Data Msg ASK: Price=100 Qty=101
21:53:12.170 [main] DEBUG c.o.v.ReadOnlyMarketDataChannelPublishVisitor - Adding Mkt Data Msg ASK: Price=110 Qty=200
21:53:12.170 [main] DEBUG c.o.v.ReadOnlyMarketDataChannelPublishVisitor - Adding Mkt Data Msg ASK: Price=115 Qty=5000
21:53:12.171 [main] DEBUG c.o.v.ReadOnlyMarketDataChannelPublishVisitor - Adding Mkt Data Msg ASK: Price=119 Qty=5600
21:53:12.171 [main] INFO  c.o.channel.MarketDataChannel - [ORDERBOOK] Sending market data update...
21:53:12.171 [main] INFO  c.sequencer.consumer.LoggingConsumer - [7] 
|----BID-----|
    200 @ 98
    200 @ 95
    300 @ 91
|----ASK-----|
   101 @ 100
   200 @ 110
  5000 @ 115
  5600 @ 119

21:53:12.171 [main] DEBUG c.service.MarketDataService - [ALGO] BID: price:98 quantity:200
21:53:12.171 [main] DEBUG c.service.MarketDataService - [ALGO] BID: price:95 quantity:200
21:53:12.172 [main] DEBUG c.service.MarketDataService - [ALGO] BID: price:91 quantity:300
21:53:12.172 [main] DEBUG c.service.MarketDataService - [ALGO] ASK: price:100 quantity:101
21:53:12.172 [main] DEBUG c.service.MarketDataService - [ALGO] ASK: price:110 quantity:200
21:53:12.172 [main] DEBUG c.service.MarketDataService - [ALGO] ASK: price:115 quantity:5000
21:53:12.172 [main] DEBUG c.service.MarketDataService - [ALGO] ASK: price:119 quantity:5600
21:53:12.172 [main] INFO  c.gettingstarted.MyAlgoLogic - [MYALGO_ADDCANCELALGO] In Algo Logic....
21:53:12.173 [main] INFO  c.gettingstarted.MyAlgoLogic - [MYALGO_ADDCANCELALGO] Algo Sees Book as:
|----BID-----||----ASK----|
    200 @ 98   101 @ 100
    200 @ 95   200 @ 110
    300 @ 91  5000 @ 115
          -   5600 @ 119
|------------||-----------|

21:53:12.173 [main] INFO  c.gettingstarted.MyAlgoLogic - [ADDCANCELALGO] Cancelling order:codingblackfemales.sotw.ChildOrder@5fd4f8f5
21:53:12.173 [main] INFO  c.container.Actioner - [ALGO] Actioner, sending action:CancelChildOrder(codingblackfemales.sotw.ChildOrder@5fd4f8f5)
21:53:12.173 [main] INFO  c.sequencer.consumer.LoggingConsumer - [8] [CancelOrder](sbeTemplateId=5|sbeSchemaId=2|sbeSchemaVersion=0|sbeBlockLength=8):orderId=3
21:53:12.173 [main] INFO  c.orderbook.OrderBook - [ORDERBOOK] Cancelling order (id=:3)
21:53:12.173 [main] INFO  c.o.visitor.CancelOrderVisitor - [ORDERBOOK] Cancelling order: Limit(side=BUY,orderId=3,price=98,quantity=100)
21:53:12.173 [main] DEBUG c.o.v.ReadOnlyMarketDataChannelPublishVisitor - Bid Side Size: 3
21:53:12.173 [main] DEBUG c.o.v.ReadOnlyMarketDataChannelPublishVisitor - Adding Mkt Data Msg BID: Price=98 Qty=100
21:53:12.174 [main] DEBUG c.o.v.ReadOnlyMarketDataChannelPublishVisitor - Adding Mkt Data Msg BID: Price=95 Qty=200
21:53:12.174 [main] DEBUG c.o.v.ReadOnlyMarketDataChannelPublishVisitor - Adding Mkt Data Msg BID: Price=91 Qty=300
21:53:12.174 [main] DEBUG c.o.v.ReadOnlyMarketDataChannelPublishVisitor - Ask Side Size: 4
21:53:12.174 [main] DEBUG c.o.v.ReadOnlyMarketDataChannelPublishVisitor - Adding Mkt Data Msg ASK: Price=100 Qty=101
21:53:12.174 [main] DEBUG c.o.v.ReadOnlyMarketDataChannelPublishVisitor - Adding Mkt Data Msg ASK: Price=110 Qty=200
21:53:12.174 [main] DEBUG c.o.v.ReadOnlyMarketDataChannelPublishVisitor - Adding Mkt Data Msg ASK: Price=115 Qty=5000
21:53:12.174 [main] DEBUG c.o.v.ReadOnlyMarketDataChannelPublishVisitor - Adding Mkt Data Msg ASK: Price=119 Qty=5600
21:53:12.174 [main] INFO  c.o.channel.MarketDataChannel - [ORDERBOOK] Sending market data update...
21:53:12.174 [main] INFO  c.sequencer.consumer.LoggingConsumer - [9] 
|----BID-----|
    100 @ 98
    200 @ 95
    300 @ 91
|----ASK-----|
   101 @ 100
   200 @ 110
  5000 @ 115
  5600 @ 119

21:53:12.175 [main] DEBUG c.service.MarketDataService - [ALGO] BID: price:98 quantity:100
21:53:12.175 [main] DEBUG c.service.MarketDataService - [ALGO] BID: price:95 quantity:200
21:53:12.175 [main] DEBUG c.service.MarketDataService - [ALGO] BID: price:91 quantity:300
21:53:12.175 [main] DEBUG c.service.MarketDataService - [ALGO] ASK: price:100 quantity:101
21:53:12.175 [main] DEBUG c.service.MarketDataService - [ALGO] ASK: price:110 quantity:200
21:53:12.175 [main] DEBUG c.service.MarketDataService - [ALGO] ASK: price:115 quantity:5000
21:53:12.175 [main] DEBUG c.service.MarketDataService - [ALGO] ASK: price:119 quantity:5600
21:53:12.175 [main] INFO  c.gettingstarted.MyAlgoLogic - [MYALGO_ADDCANCELALGO] In Algo Logic....
21:53:12.176 [main] INFO  c.gettingstarted.MyAlgoLogic - [MYALGO_ADDCANCELALGO] Algo Sees Book as:
|----BID-----||----ASK----|
    100 @ 98   101 @ 100
    200 @ 95   200 @ 110
    300 @ 91  5000 @ 115
          -   5600 @ 119
|------------||-----------|

21:53:12.176 [main] INFO  c.gettingstarted.MyAlgoLogic - [ADDCANCELALGO] Adding order for100@98
21:53:12.176 [main] INFO  c.container.Actioner - [ALGO] Actioner, sending action:CreateChildOrder(side=BUY,quantity=100,price=98)
21:53:12.176 [main] INFO  c.sequencer.consumer.LoggingConsumer - [10] [CreateOrder](sbeTemplateId=4|sbeSchemaId=2|sbeSchemaVersion=0|sbeBlockLength=33):instrumentId=0|price=98|quantity=100|side=BUY|orderId=4
21:53:12.176 [main] INFO  c.orderbook.OrderBook - [ORDERBOOK] Adding passive limit order to BID bookLimit(side=BUY,orderId=4,price=98,quantity=100)
21:53:12.176 [main] INFO  c.o.visitor.MutatingAddOrderVisitor - [ORDERBOOK] + MktData(price=98,quantity=100)
21:53:12.176 [main] DEBUG c.o.v.ReadOnlyMarketDataChannelPublishVisitor - Bid Side Size: 3
21:53:12.176 [main] DEBUG c.o.v.ReadOnlyMarketDataChannelPublishVisitor - Adding Mkt Data Msg BID: Price=98 Qty=200
21:53:12.176 [main] DEBUG c.o.v.ReadOnlyMarketDataChannelPublishVisitor - Adding Mkt Data Msg BID: Price=95 Qty=200
21:53:12.176 [main] DEBUG c.o.v.ReadOnlyMarketDataChannelPublishVisitor - Adding Mkt Data Msg BID: Price=91 Qty=300
21:53:12.176 [main] DEBUG c.o.v.ReadOnlyMarketDataChannelPublishVisitor - Ask Side Size: 4
21:53:12.177 [main] DEBUG c.o.v.ReadOnlyMarketDataChannelPublishVisitor - Adding Mkt Data Msg ASK: Price=100 Qty=101
21:53:12.177 [main] DEBUG c.o.v.ReadOnlyMarketDataChannelPublishVisitor - Adding Mkt Data Msg ASK: Price=110 Qty=200
21:53:12.177 [main] DEBUG c.o.v.ReadOnlyMarketDataChannelPublishVisitor - Adding Mkt Data Msg ASK: Price=115 Qty=5000
21:53:12.177 [main] DEBUG c.o.v.ReadOnlyMarketDataChannelPublishVisitor - Adding Mkt Data Msg ASK: Price=119 Qty=5600
21:53:12.177 [main] INFO  c.o.channel.MarketDataChannel - [ORDERBOOK] Sending market data update...
21:53:12.177 [main] INFO  c.sequencer.consumer.LoggingConsumer - [11] 
|----BID-----|
    200 @ 98
    200 @ 95
    300 @ 91
|----ASK-----|
   101 @ 100
   200 @ 110
  5000 @ 115
  5600 @ 119

21:53:12.177 [main] DEBUG c.service.MarketDataService - [ALGO] BID: price:98 quantity:200
21:53:12.177 [main] DEBUG c.service.MarketDataService - [ALGO] BID: price:95 quantity:200
21:53:12.177 [main] DEBUG c.service.MarketDataService - [ALGO] BID: price:91 quantity:300
21:53:12.177 [main] DEBUG c.service.MarketDataService - [ALGO] ASK: price:100 quantity:101
21:53:12.177 [main] DEBUG c.service.MarketDataService - [ALGO] ASK: price:110 quantity:200
21:53:12.177 [main] DEBUG c.service.MarketDataService - [ALGO] ASK: price:115 quantity:5000
21:53:12.178 [main] DEBUG c.service.MarketDataService - [ALGO] ASK: price:119 quantity:5600
21:53:12.178 [main] INFO  c.gettingstarted.MyAlgoLogic - [MYALGO_ADDCANCELALGO] In Algo Logic....
21:53:12.178 [main] INFO  c.gettingstarted.MyAlgoLogic - [MYALGO_ADDCANCELALGO] Algo Sees Book as:
|----BID-----||----ASK----|
    200 @ 98   101 @ 100
    200 @ 95   200 @ 110
    300 @ 91  5000 @ 115
          -   5600 @ 119
|------------||-----------|

21:53:12.178 [main] INFO  c.gettingstarted.MyAlgoLogic - [ADDCANCELALGO] Cancelling order:codingblackfemales.sotw.ChildOrder@696da30b
21:53:12.178 [main] INFO  c.container.Actioner - [ALGO] Actioner, sending action:CancelChildOrder(codingblackfemales.sotw.ChildOrder@696da30b)
21:53:12.178 [main] INFO  c.sequencer.consumer.LoggingConsumer - [12] [CancelOrder](sbeTemplateId=5|sbeSchemaId=2|sbeSchemaVersion=0|sbeBlockLength=8):orderId=4
21:53:12.178 [main] INFO  c.orderbook.OrderBook - [ORDERBOOK] Cancelling order (id=:4)
21:53:12.178 [main] INFO  c.o.visitor.CancelOrderVisitor - [ORDERBOOK] Cancelling order: Limit(side=BUY,orderId=4,price=98,quantity=100)
21:53:12.179 [main] DEBUG c.o.v.ReadOnlyMarketDataChannelPublishVisitor - Bid Side Size: 3
21:53:12.179 [main] DEBUG c.o.v.ReadOnlyMarketDataChannelPublishVisitor - Adding Mkt Data Msg BID: Price=98 Qty=100
21:53:12.179 [main] DEBUG c.o.v.ReadOnlyMarketDataChannelPublishVisitor - Adding Mkt Data Msg BID: Price=95 Qty=200
21:53:12.179 [main] DEBUG c.o.v.ReadOnlyMarketDataChannelPublishVisitor - Adding Mkt Data Msg BID: Price=91 Qty=300
21:53:12.179 [main] DEBUG c.o.v.ReadOnlyMarketDataChannelPublishVisitor - Ask Side Size: 4
21:53:12.179 [main] DEBUG c.o.v.ReadOnlyMarketDataChannelPublishVisitor - Adding Mkt Data Msg ASK: Price=100 Qty=101
21:53:12.179 [main] DEBUG c.o.v.ReadOnlyMarketDataChannelPublishVisitor - Adding Mkt Data Msg ASK: Price=110 Qty=200
21:53:12.179 [main] DEBUG c.o.v.ReadOnlyMarketDataChannelPublishVisitor - Adding Mkt Data Msg ASK: Price=115 Qty=5000
21:53:12.179 [main] DEBUG c.o.v.ReadOnlyMarketDataChannelPublishVisitor - Adding Mkt Data Msg ASK: Price=119 Qty=5600
21:53:12.179 [main] INFO  c.o.channel.MarketDataChannel - [ORDERBOOK] Sending market data update...
21:53:12.179 [main] INFO  c.sequencer.consumer.LoggingConsumer - [13] 
|----BID-----|
    100 @ 98
    200 @ 95
    300 @ 91
|----ASK-----|
   101 @ 100
   200 @ 110
  5000 @ 115
  5600 @ 119

21:53:12.180 [main] DEBUG c.service.MarketDataService - [ALGO] BID: price:98 quantity:100
21:53:12.180 [main] DEBUG c.service.MarketDataService - [ALGO] BID: price:95 quantity:200
21:53:12.180 [main] DEBUG c.service.MarketDataService - [ALGO] BID: price:91 quantity:300
21:53:12.180 [main] DEBUG c.service.MarketDataService - [ALGO] ASK: price:100 quantity:101
21:53:12.180 [main] DEBUG c.service.MarketDataService - [ALGO] ASK: price:110 quantity:200
21:53:12.180 [main] DEBUG c.service.MarketDataService - [ALGO] ASK: price:115 quantity:5000
21:53:12.180 [main] DEBUG c.service.MarketDataService - [ALGO] ASK: price:119 quantity:5600
21:53:12.180 [main] INFO  c.gettingstarted.MyAlgoLogic - [MYALGO_ADDCANCELALGO] In Algo Logic....
21:53:12.180 [main] INFO  c.gettingstarted.MyAlgoLogic - [MYALGO_ADDCANCELALGO] Algo Sees Book as:
|----BID-----||----ASK----|
    100 @ 98   101 @ 100
    200 @ 95   200 @ 110
    300 @ 91  5000 @ 115
          -   5600 @ 119
|------------||-----------|

21:53:12.180 [main] INFO  c.gettingstarted.MyAlgoLogic - [ADDCANCELALGO] Adding order for100@98
21:53:12.180 [main] INFO  c.container.Actioner - [ALGO] Actioner, sending action:CreateChildOrder(side=BUY,quantity=100,price=98)
21:53:12.181 [main] INFO  c.sequencer.consumer.LoggingConsumer - [14] [CreateOrder](sbeTemplateId=4|sbeSchemaId=2|sbeSchemaVersion=0|sbeBlockLength=33):instrumentId=0|price=98|quantity=100|side=BUY|orderId=5
21:53:12.181 [main] INFO  c.orderbook.OrderBook - [ORDERBOOK] Adding passive limit order to BID bookLimit(side=BUY,orderId=5,price=98,quantity=100)
21:53:12.181 [main] INFO  c.o.visitor.MutatingAddOrderVisitor - [ORDERBOOK] + MktData(price=98,quantity=100)
21:53:12.181 [main] DEBUG c.o.v.ReadOnlyMarketDataChannelPublishVisitor - Bid Side Size: 3
21:53:12.181 [main] DEBUG c.o.v.ReadOnlyMarketDataChannelPublishVisitor - Adding Mkt Data Msg BID: Price=98 Qty=200
21:53:12.181 [main] DEBUG c.o.v.ReadOnlyMarketDataChannelPublishVisitor - Adding Mkt Data Msg BID: Price=95 Qty=200
21:53:12.181 [main] DEBUG c.o.v.ReadOnlyMarketDataChannelPublishVisitor - Adding Mkt Data Msg BID: Price=91 Qty=300
21:53:12.181 [main] DEBUG c.o.v.ReadOnlyMarketDataChannelPublishVisitor - Ask Side Size: 4
21:53:12.181 [main] DEBUG c.o.v.ReadOnlyMarketDataChannelPublishVisitor - Adding Mkt Data Msg ASK: Price=100 Qty=101
21:53:12.181 [main] DEBUG c.o.v.ReadOnlyMarketDataChannelPublishVisitor - Adding Mkt Data Msg ASK: Price=110 Qty=200
21:53:12.181 [main] DEBUG c.o.v.ReadOnlyMarketDataChannelPublishVisitor - Adding Mkt Data Msg ASK: Price=115 Qty=5000
21:53:12.181 [main] DEBUG c.o.v.ReadOnlyMarketDataChannelPublishVisitor - Adding Mkt Data Msg ASK: Price=119 Qty=5600
21:53:12.181 [main] INFO  c.o.channel.MarketDataChannel - [ORDERBOOK] Sending market data update...
21:53:12.182 [main] INFO  c.sequencer.consumer.LoggingConsumer - [15] 
|----BID-----|
    200 @ 98
    200 @ 95
    300 @ 91
|----ASK-----|
   101 @ 100
   200 @ 110
  5000 @ 115
  5600 @ 119

21:53:12.182 [main] DEBUG c.service.MarketDataService - [ALGO] BID: price:98 quantity:200
21:53:12.182 [main] DEBUG c.service.MarketDataService - [ALGO] BID: price:95 quantity:200
21:53:12.182 [main] DEBUG c.service.MarketDataService - [ALGO] BID: price:91 quantity:300
21:53:12.182 [main] DEBUG c.service.MarketDataService - [ALGO] ASK: price:100 quantity:101
21:53:12.182 [main] DEBUG c.service.MarketDataService - [ALGO] ASK: price:110 quantity:200
21:53:12.183 [main] DEBUG c.service.MarketDataService - [ALGO] ASK: price:115 quantity:5000
21:53:12.183 [main] DEBUG c.service.MarketDataService - [ALGO] ASK: price:119 quantity:5600
21:53:12.183 [main] INFO  c.gettingstarted.MyAlgoLogic - [MYALGO_ADDCANCELALGO] In Algo Logic....
21:53:12.183 [main] INFO  c.gettingstarted.MyAlgoLogic - [MYALGO_ADDCANCELALGO] Algo Sees Book as:
|----BID-----||----ASK----|
    200 @ 98   101 @ 100
    200 @ 95   200 @ 110
    300 @ 91  5000 @ 115
          -   5600 @ 119
|------------||-----------|

21:53:12.183 [main] INFO  c.sequencer.consumer.LoggingConsumer - [16] 
|----BID-----|
    100 @ 95
    200 @ 93
    300 @ 91
|----ASK-----|
    501 @ 98
   200 @ 101
  5000 @ 110
  5600 @ 119

21:53:12.183 [main] INFO  c.orderbook.OrderBook - [ORDERBOOK] Processing Mkt Data Update
21:53:12.184 [main] INFO  c.o.v.MutatingRemoveAllMarketDataOrdersVisitor - [ORDERBOOK] Removing market data order:MktData(price=98,quantity=100)
21:53:12.184 [main] INFO  c.o.v.MutatingRemoveAllMarketDataOrdersVisitor - [ORDERBOOK] Removing market data order:MktData(price=95,quantity=200)
21:53:12.184 [main] INFO  c.o.v.MutatingRemoveAllMarketDataOrdersVisitor - [ORDERBOOK] Removing level:95
21:53:12.184 [main] INFO  c.o.v.MutatingRemoveAllMarketDataOrdersVisitor - [ORDERBOOK] Removing market data order:MktData(price=91,quantity=300)
21:53:12.184 [main] INFO  c.o.v.MutatingRemoveAllMarketDataOrdersVisitor - [ORDERBOOK] Removing level:91
21:53:12.184 [main] DEBUG c.orderbook.OrderBook - [ORDERBOOK] ASK: Adding orderMktData(price=95,quantity=100)
21:53:12.184 [main] DEBUG c.orderbook.OrderBook - [ORDERBOOK] ASK: Adding orderMktData(price=93,quantity=200)
21:53:12.184 [main] DEBUG c.orderbook.OrderBook - [ORDERBOOK] ASK: Adding orderMktData(price=91,quantity=300)
21:53:12.184 [main] INFO  c.o.v.MutatingRemoveAllMarketDataOrdersVisitor - [ORDERBOOK] Removing market data order:MktData(price=100,quantity=101)
21:53:12.184 [main] INFO  c.o.v.MutatingRemoveAllMarketDataOrdersVisitor - [ORDERBOOK] Removing level:100
21:53:12.184 [main] INFO  c.o.v.MutatingRemoveAllMarketDataOrdersVisitor - [ORDERBOOK] Removing market data order:MktData(price=110,quantity=200)
21:53:12.184 [main] INFO  c.o.v.MutatingRemoveAllMarketDataOrdersVisitor - [ORDERBOOK] Removing level:110
21:53:12.184 [main] INFO  c.o.v.MutatingRemoveAllMarketDataOrdersVisitor - [ORDERBOOK] Removing market data order:MktData(price=115,quantity=5000)
21:53:12.184 [main] INFO  c.o.v.MutatingRemoveAllMarketDataOrdersVisitor - [ORDERBOOK] Removing level:115
21:53:12.184 [main] INFO  c.o.v.MutatingRemoveAllMarketDataOrdersVisitor - [ORDERBOOK] Removing market data order:MktData(price=119,quantity=5600)
21:53:12.184 [main] INFO  c.o.v.MutatingRemoveAllMarketDataOrdersVisitor - [ORDERBOOK] Removing level:119
21:53:12.184 [main] DEBUG c.orderbook.OrderBook - [ORDERBOOK] ASK: Adding orderMktData(price=98,quantity=501)
21:53:12.185 [main] INFO  c.o.v.MutatingMatchOneMarketDataOrderVisitor - [ORDERBOOK] visiting LevelOrderBookLevel(price=98,quantity=200)
21:53:12.186 [main] INFO  c.o.v.MutatingMatchOneMarketDataOrderVisitor - [ORDERBOOK] Have found order we can match:Limit(side=BUY,orderId=5,price=98,quantity=100)(MktData(price=98,quantity=501))
21:53:12.186 [main] INFO  c.o.v.MutatingMatchOneMarketDataOrderVisitor - Filled:100@98
21:53:12.188 [main] INFO  c.o.v.MutatingMatchOneMarketDataOrderVisitor - [ORDERBOOK] Filled 100@98 for order:Limit(side=BUY,orderId=5,price=98,quantity=100)
21:53:12.189 [main] INFO  c.orderbook.channel.OrderChannel - [ORDERBOOK] publishing fill to stream: [FillOrder](sbeTemplateId=10|sbeSchemaId=2|sbeSchemaVersion=0|sbeBlockLength=24):orderId=5|quantity=100|price=98
21:53:12.189 [main] INFO  c.sequencer.consumer.LoggingConsumer - [17] [FillOrder](sbeTemplateId=10|sbeSchemaId=2|sbeSchemaVersion=0|sbeBlockLength=24):orderId=5|quantity=100|price=98
21:53:12.190 [main] INFO  c.gettingstarted.MyAlgoLogic - [MYALGO_ADDCANCELALGO] In Algo Logic....
21:53:12.190 [main] INFO  c.gettingstarted.MyAlgoLogic - [MYALGO_ADDCANCELALGO] Algo Sees Book as:
|----BID-----||----ASK----|
    200 @ 98   101 @ 100
    200 @ 95   200 @ 110
    300 @ 91  5000 @ 115
          -   5600 @ 119
|------------||-----------|

21:53:12.190 [main] INFO  c.o.v.MutatingMatchOneMarketDataOrderVisitor - [ORDERBOOK] visiting LevelOrderBookLevel(price=91,quantity=600)
21:53:12.190 [main] INFO  c.o.v.MutatingMatchOneMarketDataOrderVisitor - [ORDERBOOK] Can't match order:MktData(price=91,quantity=300)(MktData(price=98,quantity=501))
21:53:12.190 [main] DEBUG c.orderbook.OrderBook - [ORDERBOOK] ASK: Adding orderMktData(price=101,quantity=200)
21:53:12.190 [main] DEBUG c.orderbook.OrderBook - [ORDERBOOK] ASK: Adding orderMktData(price=110,quantity=5000)
21:53:12.190 [main] DEBUG c.orderbook.OrderBook - [ORDERBOOK] ASK: Adding orderMktData(price=119,quantity=5600)
21:53:12.190 [main] DEBUG c.service.MarketDataService - [ALGO] BID: price:95 quantity:100
21:53:12.190 [main] DEBUG c.service.MarketDataService - [ALGO] BID: price:93 quantity:200
21:53:12.190 [main] DEBUG c.service.MarketDataService - [ALGO] BID: price:91 quantity:300
21:53:12.190 [main] DEBUG c.service.MarketDataService - [ALGO] ASK: price:98 quantity:501
21:53:12.190 [main] DEBUG c.service.MarketDataService - [ALGO] ASK: price:101 quantity:200
21:53:12.190 [main] DEBUG c.service.MarketDataService - [ALGO] ASK: price:110 quantity:5000
21:53:12.190 [main] DEBUG c.service.MarketDataService - [ALGO] ASK: price:119 quantity:5600
21:53:12.190 [main] INFO  c.gettingstarted.MyAlgoLogic - [MYALGO_ADDCANCELALGO] In Algo Logic....
21:53:12.191 [main] INFO  c.gettingstarted.MyAlgoLogic - [MYALGO_ADDCANCELALGO] Algo Sees Book as:
|----BID-----||----ASK----|
    100 @ 95    501 @ 98
    200 @ 93   200 @ 101
    300 @ 91  5000 @ 110
          -   5600 @ 119
|------------||-----------|

]]></system-out>
  </testcase>
</testsuite>