<?xml version="1.0" encoding="UTF-8"?>
<testsuite xmlns:xsi="http://www.w3.org/2001/XMLSchema-instance" xsi:noNamespaceSchemaLocation="https://maven.apache.org/surefire/maven-surefire-plugin/xsd/surefire-test-report-3.0.xsd" version="3.0" name="codingblackfemales.gettingstarted.MyAlgoBackTest" time="1.49" tests="1" errors="0" skipped="0" failures="0">
  <properties>
[...]
</properties>
  <testcase name="testExampleBackTest" classname="codingblackfemales.gettingstarted.MyAlgoBackTest" time="0.132">
    <system-out><![CDATA[14:05:38.889 [main] INFO  c.sequencer.consumer.LoggingConsumer - [1] 
|----BID-----|
    100 @ 98
    200 @ 95
    300 @ 91
|----ASK-----|
   101 @ 100
   200 @ 110
  5000 @ 115
  5600 @ 119

14:05:38.904 [main] INFO  c.orderbook.OrderBook - [ORDERBOOK] Processing Mkt Data Update
14:05:38.921 [main] DEBUG c.orderbook.OrderBook - [ORDERBOOK] ASK: Adding orderMktData(price=98,quantity=100)
14:05:38.922 [main] DEBUG c.orderbook.OrderBook - [ORDERBOOK] ASK: Adding orderMktData(price=95,quantity=200)
14:05:38.922 [main] DEBUG c.orderbook.OrderBook - [ORDERBOOK] ASK: Adding orderMktData(price=91,quantity=300)
14:05:38.923 [main] DEBUG c.orderbook.OrderBook - [ORDERBOOK] ASK: Adding orderMktData(price=100,quantity=101)
14:05:38.923 [main] DEBUG c.orderbook.OrderBook - [ORDERBOOK] ASK: Adding orderMktData(price=110,quantity=200)
14:05:38.923 [main] DEBUG c.orderbook.OrderBook - [ORDERBOOK] ASK: Adding orderMktData(price=115,quantity=5000)
14:05:38.924 [main] DEBUG c.orderbook.OrderBook - [ORDERBOOK] ASK: Adding orderMktData(price=119,quantity=5600)
14:05:38.925 [main] DEBUG c.service.MarketDataService - [ALGO] BID: price:98 quantity:100
14:05:38.925 [main] DEBUG c.service.MarketDataService - [ALGO] BID: price:95 quantity:200
14:05:38.926 [main] DEBUG c.service.MarketDataService - [ALGO] BID: price:91 quantity:300
14:05:38.927 [main] DEBUG c.service.MarketDataService - [ALGO] ASK: price:100 quantity:101
14:05:38.927 [main] DEBUG c.service.MarketDataService - [ALGO] ASK: price:110 quantity:200
14:05:38.927 [main] DEBUG c.service.MarketDataService - [ALGO] ASK: price:115 quantity:5000
14:05:38.928 [main] DEBUG c.service.MarketDataService - [ALGO] ASK: price:119 quantity:5600
14:05:38.942 [main] INFO  c.gettingstarted.MyAlgoLogic - [MYALGO] The state of the order book is:
|----BID-----||----ASK----|
    100 @ 98   101 @ 100
    200 @ 95   200 @ 110
    300 @ 91  5000 @ 115
          -   5600 @ 119
|------------||-----------|

14:05:38.945 [main] INFO  c.sequencer.consumer.LoggingConsumer - [2] 
|----BID-----|
    100 @ 95
    200 @ 93
    300 @ 91
|----ASK-----|
    501 @ 98
   200 @ 101
  5000 @ 110
  5600 @ 119

14:05:38.945 [main] INFO  c.orderbook.OrderBook - [ORDERBOOK] Processing Mkt Data Update
14:05:38.946 [main] INFO  c.o.v.MutatingRemoveAllMarketDataOrdersVisitor - [ORDERBOOK] Removing market data order:MktData(price=98,quantity=100)
14:05:38.949 [main] INFO  c.o.v.MutatingRemoveAllMarketDataOrdersVisitor - [ORDERBOOK] Removing level:98
14:05:38.950 [main] INFO  c.o.v.MutatingRemoveAllMarketDataOrdersVisitor - [ORDERBOOK] Removing market data order:MktData(price=95,quantity=200)
14:05:38.950 [main] INFO  c.o.v.MutatingRemoveAllMarketDataOrdersVisitor - [ORDERBOOK] Removing level:95
14:05:38.951 [main] INFO  c.o.v.MutatingRemoveAllMarketDataOrdersVisitor - [ORDERBOOK] Removing market data order:MktData(price=91,quantity=300)
14:05:38.951 [main] INFO  c.o.v.MutatingRemoveAllMarketDataOrdersVisitor - [ORDERBOOK] Removing level:91
14:05:38.952 [main] DEBUG c.orderbook.OrderBook - [ORDERBOOK] ASK: Adding orderMktData(price=95,quantity=100)
14:05:38.952 [main] DEBUG c.orderbook.OrderBook - [ORDERBOOK] ASK: Adding orderMktData(price=93,quantity=200)
14:05:38.952 [main] DEBUG c.orderbook.OrderBook - [ORDERBOOK] ASK: Adding orderMktData(price=91,quantity=300)
14:05:38.953 [main] INFO  c.o.v.MutatingRemoveAllMarketDataOrdersVisitor - [ORDERBOOK] Removing market data order:MktData(price=100,quantity=101)
14:05:38.953 [main] INFO  c.o.v.MutatingRemoveAllMarketDataOrdersVisitor - [ORDERBOOK] Removing level:100
14:05:38.953 [main] INFO  c.o.v.MutatingRemoveAllMarketDataOrdersVisitor - [ORDERBOOK] Removing market data order:MktData(price=110,quantity=200)
14:05:38.954 [main] INFO  c.o.v.MutatingRemoveAllMarketDataOrdersVisitor - [ORDERBOOK] Removing level:110
14:05:38.954 [main] INFO  c.o.v.MutatingRemoveAllMarketDataOrdersVisitor - [ORDERBOOK] Removing market data order:MktData(price=115,quantity=5000)
14:05:38.954 [main] INFO  c.o.v.MutatingRemoveAllMarketDataOrdersVisitor - [ORDERBOOK] Removing level:115
14:05:38.955 [main] INFO  c.o.v.MutatingRemoveAllMarketDataOrdersVisitor - [ORDERBOOK] Removing market data order:MktData(price=119,quantity=5600)
14:05:38.955 [main] INFO  c.o.v.MutatingRemoveAllMarketDataOrdersVisitor - [ORDERBOOK] Removing level:119
14:05:38.955 [main] DEBUG c.orderbook.OrderBook - [ORDERBOOK] ASK: Adding orderMktData(price=98,quantity=501)
14:05:38.956 [main] DEBUG c.orderbook.OrderBook - [ORDERBOOK] ASK: Adding orderMktData(price=101,quantity=200)
14:05:38.956 [main] DEBUG c.orderbook.OrderBook - [ORDERBOOK] ASK: Adding orderMktData(price=110,quantity=5000)
14:05:38.957 [main] DEBUG c.orderbook.OrderBook - [ORDERBOOK] ASK: Adding orderMktData(price=119,quantity=5600)
14:05:38.957 [main] DEBUG c.service.MarketDataService - [ALGO] BID: price:95 quantity:100
14:05:38.957 [main] DEBUG c.service.MarketDataService - [ALGO] BID: price:93 quantity:200
14:05:38.957 [main] DEBUG c.service.MarketDataService - [ALGO] BID: price:91 quantity:300
14:05:38.958 [main] DEBUG c.service.MarketDataService - [ALGO] ASK: price:98 quantity:501
14:05:38.958 [main] DEBUG c.service.MarketDataService - [ALGO] ASK: price:101 quantity:200
14:05:38.958 [main] DEBUG c.service.MarketDataService - [ALGO] ASK: price:110 quantity:5000
14:05:38.958 [main] DEBUG c.service.MarketDataService - [ALGO] ASK: price:119 quantity:5600
14:05:38.960 [main] INFO  c.gettingstarted.MyAlgoLogic - [MYALGO] The state of the order book is:
|----BID-----||----ASK----|
    100 @ 95    501 @ 98
    200 @ 93   200 @ 101
    300 @ 91  5000 @ 110
          -   5600 @ 119
|------------||-----------|

]]></system-out>
  </testcase>
</testsuite>